#
# A fatal error has been detected by the Java Runtime Environment:
#
#  SIGSEGV (0xb) at pc=0x00007fff994694dd, pid=22290, tid=0x0000000000000a0b
#
# JRE version: Java(TM) SE Runtime Environment (8.0_101-b13) (build 1.8.0_101-b13)
# Java VM: Java HotSpot(TM) 64-Bit Server VM (25.101-b13 mixed mode bsd-amd64 compressed oops)
# Problematic frame:
# C  [libobjc.A.dylib+0x14dd]  objc_msgSend+0x1d
#
# Failed to write core dump. Core dumps have been disabled. To enable core dumping, try "ulimit -c unlimited" before starting Java again
#
# If you would like to submit a bug report, please visit:
#   http://bugreport.java.com/bugreport/crash.jsp
# The crash happened outside the Java Virtual Machine in native code.
# See problematic frame for where to report the bug.
#

---------------  T H R E A D  ---------------

Current thread (0x00007f855c067000):  JavaThread "AppKit Thread" daemon [_thread_in_native, id=2571, stack(0x00007fff534e7000,0x00007fff53ce7000)]

siginfo: si_signo: 11 (SIGSEGV), si_code: 1 (SEGV_MAPERR), si_addr: 0x000007f855bd4990

Registers:
RAX=0x00007f855bd4fb30, RBX=0x00007fff53ce20c8, RCX=0x00007f855bd57028, RDX=0x00007f855bd47390
RSP=0x00007fff53ce2088, RBP=0x00007fff53ce2090, RSI=0x00007fff9be1584a, RDI=0x00007f855bd4fb30
R8 =0x000000000000001f, R9 =0x00007f855bda17e0, R10=0x00007fff9be1584a, R11=0x000007f855bd4978
R12=0x00007f855bd47390, R13=0x00007f855bda17e0, R14=0x00007f855bd57020, R15=0x0000000000000000
RIP=0x00007fff994694dd, EFLAGS=0x0000000000010206, ERR=0x0000000000000004
  TRAPNO=0x000000000000000e

Top of Stack: (sp=0x00007fff53ce2088)
0x00007fff53ce2088:   00007fff8a924bbc 00007fff53ce20b0
0x00007fff53ce2098:   00007fff8a924b4f 0000000000000000
0x00007fff53ce20a8:   0000000000000000 00007fff53ce2120
0x00007fff53ce20b8:   00007fff8a924ac7 00007fff53ce20f0
0x00007fff53ce20c8:   00007fff769410a0 0000000042000000
0x00007fff53ce20d8:   00007fff8a924b10 00007fff766ca720
0x00007fff53ce20e8:   00007f855bda17e0 00007f855bd47390
0x00007fff53ce20f8:   00007fff53ce28c8 00007fff767f7780
0x00007fff53ce2108:   00007fff53ce28c8 00007f855bda17e0
0x00007fff53ce2118:   00007fff8ace49e2 00007fff53ce2160
0x00007fff53ce2128:   00007fff8a924832 00007fff53ce2740
0x00007fff53ce2138:   0000000000000001 00007fff767f7780
0x00007fff53ce2148:   00007fff53ce28c8 00007fff994694c0
0x00007fff53ce2158:   00007fff8ace49e2 00007fff53ce2870
0x00007fff53ce2168:   00007fff8a8e15e2 00007f855bf44300
0x00007fff53ce2178:   ffff807aa40bbd00 00007fff7961bd00
0x00007fff53ce2188:   00007f855bd0b2b0 00007f855c0070b8
0x00007fff53ce2198:   00007f855be7f9e0 0000000000000000
0x00007fff53ce21a8:   0000000000000000 0000000000000000
0x00007fff53ce21b8:   00007f855bf79e90 00007fff76707bc0
0x00007fff53ce21c8:   00007fff53ce2740 0000000000000002
0x00007fff53ce21d8:   0000000000000100 00007fff53ce2200
0x00007fff53ce21e8:   00007fff53ce2640 0000000000000000
0x00007fff53ce21f8:   0000000000000100 00007fff53ce2200
0x00007fff53ce2208:   00007fff767f7780 0000000000000000
0x00007fff53ce2218:   00007fff766cb500 00007fff767f7780
0x00007fff53ce2228:   0000000000000000 00007fff766cb500
0x00007fff53ce2238:   00007fff7961bd00 00007fff53ce22b0
0x00007fff53ce2248:   00007fff994702a4 0000000000000000
0x00007fff53ce2258:   00007fff7961c290 0000000100000000
0x00007fff53ce2268:   0000000000000000 ffff807aa41c4ed0
0x00007fff53ce2278:   00007f855bf59ac0 00007f855bf59c00 

Instructions: (pc=0x00007fff994694dd)
0x00007fff994694bd:   44 00 00 48 85 ff 2e 74 62 40 f6 c7 01 2e 75 66
0x00007fff994694cd:   49 bb f8 ff ff ff ff 7f 00 00 4c 23 1f 49 89 f2
0x00007fff994694dd:   45 23 53 18 49 c1 e2 04 4d 03 53 10 49 3b 32 75
0x00007fff994694ed:   04 41 ff 62 08 49 83 3a 01 76 0d 49 83 c2 10 49 

Register to memory mapping:

RAX=0x00007f855bd4fb30 is an unknown value
RBX=0x00007fff53ce20c8 is pointing into the stack for thread: 0x00007f855c067000
RCX=0x00007f855bd57028 is an unknown value
RDX=0x00007f855bd47390 is an unknown value
RSP=0x00007fff53ce2088 is pointing into the stack for thread: 0x00007f855c067000
RBP=0x00007fff53ce2090 is pointing into the stack for thread: 0x00007f855c067000
RSI=0x00007fff9be1584a: -[NSTitlebarContainerView transparent]+0x63088 in /System/Library/Frameworks/AppKit.framework/Versions/C/AppKit at 0x00007fff9b388000
RDI=0x00007f855bd4fb30 is an unknown value
R8 =0x000000000000001f is an unknown value
R9 =0x00007f855bda17e0 is an unknown value
R10=0x00007fff9be1584a: -[NSTitlebarContainerView transparent]+0x63088 in /System/Library/Frameworks/AppKit.framework/Versions/C/AppKit at 0x00007fff9b388000
R11=0x000007f855bd4978 is an unknown value
R12=0x00007f855bd47390 is an unknown value
R13=0x00007f855bda17e0 is an unknown value
R14=0x00007f855bd57020 is an unknown value
R15=0x0000000000000000 is an unknown value


Stack: [0x00007fff534e7000,0x00007fff53ce7000],  sp=0x00007fff53ce2088,  free space=8172k
Native frames: (J=compiled Java code, j=interpreted, Vv=VM code, C=native code)
C  [libobjc.A.dylib+0x14dd]  objc_msgSend+0x1d
C  [CoreFoundation+0xa0b4f]  ___CFXRegistrationPost_block_invoke+0x3f
C  [CoreFoundation+0xa0ac7]  _CFXRegistrationPost+0x197
C  [CoreFoundation+0xa0832]  ___CFXNotificationPost_block_invoke+0x32
C  [CoreFoundation+0x5d5e2]  -[_CFXNotificationRegistrar find:object:observer:enumerator:]+0x782
C  [CoreFoundation+0x5c835]  _CFXNotificationPost+0x2b5
C  [Foundation+0x717a]  -[NSNotificationCenter postNotificationName:object:userInfo:]+0x42
C  [AppKit+0x26526e]  -[NSSurface _disposeSurface]+0xa9
C  [AppKit+0x264cc7]  -[NSSurface setWindow:]+0x42
C  [AppKit+0x28ba7]  -[NSView _setWindow:]+0x9be
C  [AppKit+0x2b993]  -[NSView removeFromSuperview]+0x1d7
C  [AppKit+0x155c7b]  -[NSView removeFromSuperviewWithoutNeedingDisplay]+0x26
C  [liblwjgl.dylib+0xa205]  +[MacOSXKeyableWindow destroyWindow]+0xb5
C  [Foundation+0x76fde]  __NSThreadPerformPerform+0x117
C  [CoreFoundation+0xaa881]  __CFRUNLOOP_IS_CALLING_OUT_TO_A_SOURCE0_PERFORM_FUNCTION__+0x11
C  [CoreFoundation+0x89fbc]  __CFRunLoopDoSources0+0x22c
C  [CoreFoundation+0x894df]  __CFRunLoopRun+0x39f
C  [CoreFoundation+0x88ed8]  CFRunLoopRunSpecific+0x128
C  [HIToolbox+0x30935]  RunCurrentEventLoopInMode+0xeb
C  [HIToolbox+0x3076f]  ReceiveNextEventCommon+0x1b0
C  [HIToolbox+0x305af]  _BlockUntilNextEventMatchingListInModeWithFilter+0x47
C  [AppKit+0x48df6]  _DPSNextEvent+0x42b
C  [AppKit+0x48226]  -[NSApplication _nextEventMatchingEventMask:untilDate:inMode:dequeue:]+0x1c6
C  [libosxapp.dylib+0x23aa]  -[NSApplicationAWT nextEventMatchingMask:untilDate:inMode:dequeue:]+0x7c
C  [AppKit+0x3cd80]  -[NSApplication run]+0x2aa
C  [libosxapp.dylib+0x214d]  +[NSApplicationAWT runAWTLoopWithApp:]+0x9c
C  [libawt_lwawt.dylib+0x444b3]  -[AWTStarter starter:]+0x389
C  [Foundation+0x76fde]  __NSThreadPerformPerform+0x117
C  [CoreFoundation+0xaa881]  __CFRUNLOOP_IS_CALLING_OUT_TO_A_SOURCE0_PERFORM_FUNCTION__+0x11
C  [CoreFoundation+0x89fbc]  __CFRunLoopDoSources0+0x22c
C  [CoreFoundation+0x894df]  __CFRunLoopRun+0x39f
C  [CoreFoundation+0x88ed8]  CFRunLoopRunSpecific+0x128
C  [java+0x6465]  CreateExecutionEnvironment+0x367
C  [java+0x218c]  JLI_Launch+0x7a0
C  [java+0x84c2]  main+0x65
C  [java+0x19e4]  start+0x34
C  0x0000000000000006


---------------  P R O C E S S  ---------------

Java Threads: ( => current thread )
  0x00007f855d8dd000 JavaThread "AWT-Shutdown" [_thread_blocked, id=57227, stack(0x0000700000932000,0x0000700000a32000)]
  0x00007f855da29000 JavaThread "Java2D Queue Flusher" daemon [_thread_blocked, id=55303, stack(0x00007000013d9000,0x00007000014d9000)]
  0x00007f855d9e5000 JavaThread "Java2D Disposer" daemon [_thread_blocked, id=52811, stack(0x00007000012d6000,0x00007000013d6000)]
=>0x00007f855c067000 JavaThread "AppKit Thread" daemon [_thread_in_native, id=2571, stack(0x00007fff534e7000,0x00007fff53ce7000)]
  0x00007f855c831000 JavaThread "Service Thread" daemon [_thread_blocked, id=18947, stack(0x0000700000ec7000,0x0000700000fc7000)]
  0x00007f855d816000 JavaThread "C1 CompilerThread2" daemon [_thread_blocked, id=18435, stack(0x0000700000dc4000,0x0000700000ec4000)]
  0x00007f855d815000 JavaThread "C2 CompilerThread1" daemon [_thread_blocked, id=17923, stack(0x0000700000cc1000,0x0000700000dc1000)]
  0x00007f855d800800 JavaThread "C2 CompilerThread0" daemon [_thread_blocked, id=17411, stack(0x0000700000bbe000,0x0000700000cbe000)]
  0x00007f855c003000 JavaThread "Signal Dispatcher" daemon [_thread_blocked, id=16663, stack(0x0000700000abb000,0x0000700000bbb000)]
  0x00007f855d042800 JavaThread "Finalizer" daemon [_thread_blocked, id=12291, stack(0x000070000082f000,0x000070000092f000)]
  0x00007f855d041800 JavaThread "Reference Handler" daemon [_thread_blocked, id=11779, stack(0x000070000072c000,0x000070000082c000)]
  0x00007f855d003800 JavaThread "main" [_thread_in_native, id=5891, stack(0x000070000011a000,0x000070000021a000)]

Other Threads:
  0x00007f855c809800 VMThread [stack: 0x0000700000629000,0x0000700000729000] [id=11267]
  0x00007f855c816800 WatcherThread [stack: 0x0000700000fca000,0x00007000010ca000] [id=19459]

VM state:not at safepoint (normal execution)

VM Mutex/Monitor currently owned by a thread: None

Heap:
 PSYoungGen      total 18944K, used 2898K [0x00000007aab00000, 0x00000007ac000000, 0x00000007c0000000)
  eden space 16384K, 6% used [0x00000007aab00000,0x00000007aac0afa0,0x00000007abb00000)
  from space 2560K, 71% used [0x00000007abd80000,0x00000007abf49888,0x00000007ac000000)
  to   space 2560K, 0% used [0x00000007abb00000,0x00000007abb00000,0x00000007abd80000)
 ParOldGen       total 44032K, used 5512K [0x0000000780000000, 0x0000000782b00000, 0x00000007aab00000)
  object space 44032K, 12% used [0x0000000780000000,0x0000000780562250,0x0000000782b00000)
 Metaspace       used 10914K, capacity 11105K, committed 11264K, reserved 1058816K
  class space    used 1147K, capacity 1215K, committed 1280K, reserved 1048576K

Card table byte_map: [0x000000011cdc0000,0x000000011cfc1000] byte_map_base: 0x00000001191c0000

Marking Bits: (ParMarkBitMap*) 0x000000010ca82d20
 Begin Bits: [0x000000011d117000, 0x000000011e117000)
 End Bits:   [0x000000011e117000, 0x000000011f117000)

Polling page: 0x000000010d179000

CodeCache: size=245760Kb used=4648Kb max_used=4648Kb free=241111Kb
 bounds [0x000000010da00000, 0x000000010de90000, 0x000000011ca00000]
 total_blobs=1670 nmethods=1148 adapters=436
 compilation: enabled

Compilation events (10 events):
Event: 59.199 Thread 0x00007f855d816000 1145   !   3       org.lwjgl.input.Mouse::next (235 bytes)
Event: 59.202 Thread 0x00007f855d816000 nmethod 1145 0x000000010de6e290 code [0x000000010de6e5a0, 0x000000010de6fde8]
Event: 59.302 Thread 0x00007f855d815000 1146       4       org.lwjgl.opengl.MacOSXDisplay::wasResized (9 bytes)
Event: 59.303 Thread 0x00007f855d815000 nmethod 1146 0x000000010de3f250 code [0x000000010de3f3a0, 0x000000010de3f428]
Event: 59.303 Thread 0x00007f855d816000 1147   !   3       org.lwjgl.opengl.Display::update (154 bytes)
Event: 59.305 Thread 0x00007f855d816000 nmethod 1147 0x000000010de883d0 code [0x000000010de88680, 0x000000010de897f8]
Event: 59.579 Thread 0x00007f855d816000 1148   !   3       org.lwjgl.opengl.Display::processMessages (44 bytes)
Event: 59.580 Thread 0x00007f855d816000 nmethod 1148 0x000000010de8a150 code [0x000000010de8a3e0, 0x000000010de8b3e8]
Event: 59.624 Thread 0x00007f855d816000 1149   !   3       org.lwjgl.opengl.MacOSXDisplay::update (114 bytes)
Event: 59.628 Thread 0x00007f855d816000 nmethod 1149 0x000000010de8bbd0 code [0x000000010de8bfc0, 0x000000010de8e1f8]

GC Heap History (4 events):
Event: 2.584 GC heap before
{Heap before GC invocations=1 (full 0):
 PSYoungGen      total 18944K, used 16384K [0x00000007aab00000, 0x00000007ac000000, 0x00000007c0000000)
  eden space 16384K, 100% used [0x00000007aab00000,0x00000007abb00000,0x00000007abb00000)
  from space 2560K, 0% used [0x00000007abd80000,0x00000007abd80000,0x00000007ac000000)
  to   space 2560K, 0% used [0x00000007abb00000,0x00000007abb00000,0x00000007abd80000)
 ParOldGen       total 44032K, used 0K [0x0000000780000000, 0x0000000782b00000, 0x00000007aab00000)
  object space 44032K, 0% used [0x0000000780000000,0x0000000780000000,0x0000000782b00000)
 Metaspace       used 10601K, capacity 10785K, committed 11008K, reserved 1058816K
  class space    used 1131K, capacity 1215K, committed 1280K, reserved 1048576K
Event: 2.602 GC heap after
Heap after GC invocations=1 (full 0):
 PSYoungGen      total 18944K, used 2548K [0x00000007aab00000, 0x00000007ac000000, 0x00000007c0000000)
  eden space 16384K, 0% used [0x00000007aab00000,0x00000007aab00000,0x00000007abb00000)
  from space 2560K, 99% used [0x00000007abb00000,0x00000007abd7d3f0,0x00000007abd80000)
  to   space 2560K, 0% used [0x00000007abd80000,0x00000007abd80000,0x00000007ac000000)
 ParOldGen       total 44032K, used 5504K [0x0000000780000000, 0x0000000782b00000, 0x00000007aab00000)
  object space 44032K, 12% used [0x0000000780000000,0x0000000780560250,0x0000000782b00000)
 Metaspace       used 10601K, capacity 10785K, committed 11008K, reserved 1058816K
  class space    used 1131K, capacity 1215K, committed 1280K, reserved 1048576K
}
Event: 56.567 GC heap before
{Heap before GC invocations=2 (full 0):
 PSYoungGen      total 18944K, used 18932K [0x00000007aab00000, 0x00000007ac000000, 0x00000007c0000000)
  eden space 16384K, 100% used [0x00000007aab00000,0x00000007abb00000,0x00000007abb00000)
  from space 2560K, 99% used [0x00000007abb00000,0x00000007abd7d3f0,0x00000007abd80000)
  to   space 2560K, 0% used [0x00000007abd80000,0x00000007abd80000,0x00000007ac000000)
 ParOldGen       total 44032K, used 5504K [0x0000000780000000, 0x0000000782b00000, 0x00000007aab00000)
  object space 44032K, 12% used [0x0000000780000000,0x0000000780560250,0x0000000782b00000)
 Metaspace       used 10905K, capacity 11041K, committed 11264K, reserved 1058816K
  class space    used 1146K, capacity 1215K, committed 1280K, reserved 1048576K
Event: 56.573 GC heap after
Heap after GC invocations=2 (full 0):
 PSYoungGen      total 18944K, used 1830K [0x00000007aab00000, 0x00000007ac000000, 0x00000007c0000000)
  eden space 16384K, 0% used [0x00000007aab00000,0x00000007aab00000,0x00000007abb00000)
  from space 2560K, 71% used [0x00000007abd80000,0x00000007abf49888,0x00000007ac000000)
  to   space 2560K, 0% used [0x00000007abb00000,0x00000007abb00000,0x00000007abd80000)
 ParOldGen       total 44032K, used 5512K [0x0000000780000000, 0x0000000782b00000, 0x00000007aab00000)
  object space 44032K, 12% used [0x0000000780000000,0x0000000780562250,0x0000000782b00000)
 Metaspace       used 10905K, capacity 11041K, committed 11264K, reserved 1058816K
  class space    used 1146K, capacity 1215K, committed 1280K, reserved 1048576K
}

Deoptimization events (10 events):
Event: 45.069 Thread 0x00007f855d003800 Uncommon trap: reason=unstable_if action=reinterpret pc=0x000000010dd6958c method=java.util.HashMap.putVal(ILjava/lang/Object;Ljava/lang/Object;ZZ)Ljava/lang/Object; @ 162
Event: 46.602 Thread 0x00007f855d003800 Uncommon trap: reason=unstable_if action=reinterpret pc=0x000000010de13b60 method=Player.isMoving(DD)Z @ 43
Event: 52.036 Thread 0x00007f855d003800 Uncommon trap: reason=unstable_if action=reinterpret pc=0x000000010de60750 method=World.update(DDI)V @ 86
Event: 52.039 Thread 0x00007f855d003800 Uncommon trap: reason=unstable_if action=reinterpret pc=0x000000010de5d31c method=World.update(DDI)V @ 86
Event: 58.781 Thread 0x00007f855d003800 Uncommon trap: reason=unstable_if action=reinterpret pc=0x000000010de32138 method=org.lwjgl.input.Mouse.next()Z @ 28
Event: 58.802 Thread 0x00007f855d003800 Uncommon trap: reason=unstable_if action=reinterpret pc=0x000000010de1478c method=org.lwjgl.input.Mouse.next()Z @ 28
Event: 58.915 Thread 0x00007f855d003800 Uncommon trap: reason=unstable_if action=reinterpret pc=0x000000010de28ffc method=org.lwjgl.opengl.MacOSXDisplay.update()V @ 86
Event: 59.186 Thread 0x00007f855d003800 Uncommon trap: reason=unstable_if action=reinterpret pc=0x000000010de21e8c method=org.lwjgl.opengl.MacOSXDisplay.update()V @ 86
Event: 59.225 Thread 0x00007f855d003800 Uncommon trap: reason=unstable_if action=reinterpret pc=0x000000010de0ed8c method=org.lwjgl.opengl.MacOSXDisplay.update()V @ 86
Event: 59.882 Thread 0x00007f855d003800 Uncommon trap: reason=unstable_if action=reinterpret pc=0x000000010de19ee0 method=org.newdawn.slick.AppGameContainer.gameLoop()V @ 60

Internal exceptions (10 events):
Event: 0.169 Thread 0x00007f855d003800 Exception <a 'java/security/PrivilegedActionException'> (0x00000007aac0bdb8) thrown at [/HUDSON3/workspace/8-2-build-macosx-x86_64/jdk8u101/7261/hotspot/src/share/vm/prims/jvm.cpp, line 1386]
Event: 0.263 Thread 0x00007f855d003800 Exception <a 'java/security/PrivilegedActionException'> (0x00000007aad4b660) thrown at [/HUDSON3/workspace/8-2-build-macosx-x86_64/jdk8u101/7261/hotspot/src/share/vm/prims/jvm.cpp, line 1386]
Event: 0.263 Thread 0x00007f855d003800 Exception <a 'java/security/PrivilegedActionException'> (0x00000007aad4b870) thrown at [/HUDSON3/workspace/8-2-build-macosx-x86_64/jdk8u101/7261/hotspot/src/share/vm/prims/jvm.cpp, line 1386]
Event: 0.263 Thread 0x00007f855d003800 Exception <a 'java/security/PrivilegedActionException'> (0x00000007aad4edf0) thrown at [/HUDSON3/workspace/8-2-build-macosx-x86_64/jdk8u101/7261/hotspot/src/share/vm/prims/jvm.cpp, line 1386]
Event: 0.263 Thread 0x00007f855d003800 Exception <a 'java/security/PrivilegedActionException'> (0x00000007aad4f000) thrown at [/HUDSON3/workspace/8-2-build-macosx-x86_64/jdk8u101/7261/hotspot/src/share/vm/prims/jvm.cpp, line 1386]
Event: 0.340 Thread 0x00007f855d003800 Exception <a 'java/lang/NoSuchFieldError': method resolution failed> (0x00000007aae1d340) thrown at [/HUDSON3/workspace/8-2-build-macosx-x86_64/jdk8u101/7261/hotspot/src/share/vm/prims/methodHandles.cpp, line 1146]
Event: 0.346 Thread 0x00007f855d003800 Exception <a 'java/lang/NoSuchFieldError': method resolution failed> (0x00000007aae2aa90) thrown at [/HUDSON3/workspace/8-2-build-macosx-x86_64/jdk8u101/7261/hotspot/src/share/vm/prims/methodHandles.cpp, line 1146]
Event: 0.559 Thread 0x00007f855d003800 Exception <a 'java/io/FileNotFoundException'> (0x00000007aaea56b8) thrown at [/HUDSON3/workspace/8-2-build-macosx-x86_64/jdk8u101/7261/hotspot/src/share/vm/prims/jni.cpp, line 709]
Event: 0.559 Thread 0x00007f855d003800 Exception <a 'java/io/FileNotFoundException'> (0x00000007aaea6220) thrown at [/HUDSON3/workspace/8-2-build-macosx-x86_64/jdk8u101/7261/hotspot/src/share/vm/prims/jni.cpp, line 709]
Event: 2.765 Thread 0x00007f855d003800 Implicit null exception at 0x000000010dcf06f6 to 0x000000010dcf0cf1

Events (10 events):
Event: 59.186 Thread 0x00007f855d003800 DEOPT PACKING pc=0x000000010de21e8c sp=0x0000700000219750
Event: 59.186 Thread 0x00007f855d003800 DEOPT UNPACKING pc=0x000000010da05229 sp=0x00007000002196b8 mode 2
Event: 59.225 Thread 0x00007f855d003800 Uncommon trap: trap_request=0xffffff65 fr.pc=0x000000010de0ed8c
Event: 59.225 Thread 0x00007f855d003800 DEOPT PACKING pc=0x000000010de0ed8c sp=0x0000700000219700
Event: 59.225 Thread 0x00007f855d003800 DEOPT UNPACKING pc=0x000000010da05229 sp=0x00007000002196c0 mode 2
Event: 59.882 Thread 0x00007f855d003800 Uncommon trap: trap_request=0xffffff65 fr.pc=0x000000010de19ee0
Event: 59.882 Thread 0x00007f855d003800 DEOPT PACKING pc=0x000000010de19ee0 sp=0x0000700000219840
Event: 59.882 Thread 0x00007f855d003800 DEOPT UNPACKING pc=0x000000010da05229 sp=0x0000700000219808 mode 2
Event: 59.886 loading class org/lwjgl/opengl/CallbackUtil
Event: 59.886 loading class org/lwjgl/opengl/CallbackUtil done


Dynamic libraries:
0x00000000059f6000 	/System/Library/Frameworks/Cocoa.framework/Versions/A/Cocoa
0x00000000059f6000 	/System/Library/Frameworks/Security.framework/Versions/A/Security
0x00000000059f6000 	/System/Library/Frameworks/ApplicationServices.framework/Versions/A/ApplicationServices
0x00000000059f6000 	/usr/lib/libz.1.dylib
0x00000000059f6000 	/usr/lib/libSystem.B.dylib
0x00000000059f6000 	/usr/lib/libobjc.A.dylib
0x00000000059f6000 	/System/Library/Frameworks/CoreFoundation.framework/Versions/A/CoreFoundation
0x00000000059f6000 	/System/Library/Frameworks/Foundation.framework/Versions/C/Foundation
0x00000000059f6000 	/System/Library/Frameworks/AppKit.framework/Versions/C/AppKit
0x00000000059f6000 	/System/Library/Frameworks/CoreData.framework/Versions/A/CoreData
0x00000000059f6000 	/System/Library/PrivateFrameworks/RemoteViewServices.framework/Versions/A/RemoteViewServices
0x00000000059f6000 	/System/Library/PrivateFrameworks/UIFoundation.framework/Versions/A/UIFoundation
0x00000000059f6000 	/usr/lib/libScreenReader.dylib
0x00000000059f6000 	/System/Library/Frameworks/Accelerate.framework/Versions/A/Accelerate
0x00000000059f6000 	/System/Library/Frameworks/IOSurface.framework/Versions/A/IOSurface
0x00000000059f6000 	/System/Library/Frameworks/AudioToolbox.framework/Versions/A/AudioToolbox
0x00000000059f6000 	/System/Library/Frameworks/AudioUnit.framework/Versions/A/AudioUnit
0x00000000059f6000 	/System/Library/PrivateFrameworks/DataDetectorsCore.framework/Versions/A/DataDetectorsCore
0x00000000059f6000 	/System/Library/PrivateFrameworks/DesktopServicesPriv.framework/Versions/A/DesktopServicesPriv
0x00000000059f6000 	/System/Library/Frameworks/Carbon.framework/Versions/A/Frameworks/HIToolbox.framework/Versions/A/HIToolbox
0x00000000059f6000 	/System/Library/Frameworks/QuartzCore.framework/Versions/A/QuartzCore
0x00000000059f6000 	/System/Library/Frameworks/Carbon.framework/Versions/A/Frameworks/SpeechRecognition.framework/Versions/A/SpeechRecognition
0x00000000059f6000 	/usr/lib/libauto.dylib
0x00000000059f6000 	/usr/lib/libicucore.A.dylib
0x00000000059f6000 	/usr/lib/libxml2.2.dylib
0x00000000059f6000 	/System/Library/PrivateFrameworks/CoreUI.framework/Versions/A/CoreUI
0x00000000059f6000 	/System/Library/Frameworks/CoreAudio.framework/Versions/A/CoreAudio
0x00000000059f6000 	/System/Library/Frameworks/DiskArbitration.framework/Versions/A/DiskArbitration
0x00000000059f6000 	/usr/lib/liblangid.dylib
0x00000000059f6000 	/System/Library/PrivateFrameworks/MultitouchSupport.framework/Versions/A/MultitouchSupport
0x00000000059f6000 	/System/Library/Frameworks/IOKit.framework/Versions/A/IOKit
0x00000000059f6000 	/usr/lib/libDiagnosticMessagesClient.dylib
0x00000000059f6000 	/System/Library/Frameworks/CoreServices.framework/Versions/A/CoreServices
0x00000000059f6000 	/System/Library/PrivateFrameworks/PerformanceAnalysis.framework/Versions/A/PerformanceAnalysis
0x00000000059f6000 	/System/Library/PrivateFrameworks/GenerationalStorage.framework/Versions/A/GenerationalStorage
0x00000000059f6000 	/System/Library/Frameworks/OpenGL.framework/Versions/A/OpenGL
0x00000000059f6000 	/System/Library/PrivateFrameworks/Sharing.framework/Versions/A/Sharing
0x00000000059f6000 	/System/Library/Frameworks/CoreGraphics.framework/Versions/A/CoreGraphics
0x00000000059f6000 	/System/Library/Frameworks/CoreImage.framework/Versions/A/CoreImage
0x00000000059f6000 	/System/Library/Frameworks/CoreText.framework/Versions/A/CoreText
0x00000000059f6000 	/System/Library/Frameworks/ImageIO.framework/Versions/A/ImageIO
0x00000000059f6000 	/System/Library/PrivateFrameworks/Backup.framework/Versions/A/Backup
0x00000000059f6000 	/usr/lib/libextension.dylib
0x00000000059f6000 	/usr/lib/libarchive.2.dylib
0x00000000059f6000 	/System/Library/Frameworks/CFNetwork.framework/Versions/A/CFNetwork
0x00000000059f6000 	/System/Library/Frameworks/SystemConfiguration.framework/Versions/A/SystemConfiguration
0x00000000059f6000 	/usr/lib/libCRFSuite.dylib
0x00000000059f6000 	/usr/lib/libc++.1.dylib
0x00000000059f6000 	/usr/lib/libc++abi.dylib
0x00000000059f6000 	/usr/lib/system/libcache.dylib
0x00000000059f6000 	/usr/lib/system/libcommonCrypto.dylib
0x00000000059f6000 	/usr/lib/system/libcompiler_rt.dylib
0x00000000059f6000 	/usr/lib/system/libcopyfile.dylib
0x00000000059f6000 	/usr/lib/system/libcorecrypto.dylib
0x00000000059f6000 	/usr/lib/system/libdispatch.dylib
0x00000000059f6000 	/usr/lib/system/libdyld.dylib
0x00000000059f6000 	/usr/lib/system/libkeymgr.dylib
0x00000000059f6000 	/usr/lib/system/liblaunch.dylib
0x00000000059f6000 	/usr/lib/system/libmacho.dylib
0x00000000059f6000 	/usr/lib/system/libquarantine.dylib
0x00000000059f6000 	/usr/lib/system/libremovefile.dylib
0x00000000059f6000 	/usr/lib/system/libsystem_asl.dylib
0x00000000059f6000 	/usr/lib/system/libsystem_blocks.dylib
0x00000000059f6000 	/usr/lib/system/libsystem_c.dylib
0x00000000059f6000 	/usr/lib/system/libsystem_configuration.dylib
0x00000000059f6000 	/usr/lib/system/libsystem_coreservices.dylib
0x00000000059f6000 	/usr/lib/system/libsystem_coretls.dylib
0x00000000059f6000 	/usr/lib/system/libsystem_dnssd.dylib
0x00000000059f6000 	/usr/lib/system/libsystem_info.dylib
0x00000000059f6000 	/usr/lib/system/libsystem_kernel.dylib
0x00000000059f6000 	/usr/lib/system/libsystem_m.dylib
0x00000000059f6000 	/usr/lib/system/libsystem_malloc.dylib
0x00000000059f6000 	/usr/lib/system/libsystem_network.dylib
0x00000000059f6000 	/usr/lib/system/libsystem_networkextension.dylib
0x00000000059f6000 	/usr/lib/system/libsystem_notify.dylib
0x00000000059f6000 	/usr/lib/system/libsystem_platform.dylib
0x00000000059f6000 	/usr/lib/system/libsystem_pthread.dylib
0x00000000059f6000 	/usr/lib/system/libsystem_sandbox.dylib
0x00000000059f6000 	/usr/lib/system/libsystem_secinit.dylib
0x00000000059f6000 	/usr/lib/system/libsystem_trace.dylib
0x00000000059f6000 	/usr/lib/system/libunc.dylib
0x00000000059f6000 	/usr/lib/system/libunwind.dylib
0x00000000059f6000 	/usr/lib/system/libxpc.dylib
0x00000000059f6000 	/usr/lib/libenergytrace.dylib
0x00000000059f6000 	/usr/lib/libbsm.0.dylib
0x00000000059f6000 	/usr/lib/system/libkxld.dylib
0x00000000059f6000 	/usr/lib/libxar.1.dylib
0x00000000059f6000 	/usr/lib/libsqlite3.dylib
0x00000000059f6000 	/usr/lib/libpam.2.dylib
0x00000000059f6000 	/usr/lib/libOpenScriptingUtil.dylib
0x00000000059f6000 	/usr/lib/libbz2.1.0.dylib
0x00000000059f6000 	/usr/lib/liblzma.5.dylib
0x00000000059f6000 	/System/Library/Frameworks/CoreServices.framework/Versions/A/Frameworks/FSEvents.framework/Versions/A/FSEvents
0x00000000059f6000 	/System/Library/Frameworks/CoreServices.framework/Versions/A/Frameworks/CarbonCore.framework/Versions/A/CarbonCore
0x00000000059f6000 	/System/Library/Frameworks/CoreServices.framework/Versions/A/Frameworks/Metadata.framework/Versions/A/Metadata
0x00000000059f6000 	/System/Library/Frameworks/CoreServices.framework/Versions/A/Frameworks/OSServices.framework/Versions/A/OSServices
0x00000000059f6000 	/System/Library/Frameworks/CoreServices.framework/Versions/A/Frameworks/SearchKit.framework/Versions/A/SearchKit
0x00000000059f6000 	/System/Library/Frameworks/CoreServices.framework/Versions/A/Frameworks/AE.framework/Versions/A/AE
0x00000000059f6000 	/System/Library/Frameworks/CoreServices.framework/Versions/A/Frameworks/LaunchServices.framework/Versions/A/LaunchServices
0x00000000059f6000 	/System/Library/Frameworks/CoreServices.framework/Versions/A/Frameworks/DictionaryServices.framework/Versions/A/DictionaryServices
0x00000000059f6000 	/System/Library/Frameworks/CoreServices.framework/Versions/A/Frameworks/SharedFileList.framework/Versions/A/SharedFileList
0x00000000059f6000 	/System/Library/Frameworks/NetFS.framework/Versions/A/NetFS
0x00000000059f6000 	/System/Library/PrivateFrameworks/NetAuth.framework/Versions/A/NetAuth
0x00000000059f6000 	/System/Library/PrivateFrameworks/login.framework/Versions/A/Frameworks/loginsupport.framework/Versions/A/loginsupport
0x00000000059f6000 	/System/Library/PrivateFrameworks/TCC.framework/Versions/A/TCC
0x00000000059f6000 	/usr/lib/libmecabra.dylib
0x00000000059f6000 	/System/Library/Frameworks/ApplicationServices.framework/Versions/A/Frameworks/ATS.framework/Versions/A/ATS
0x00000000059f6000 	/System/Library/Frameworks/ApplicationServices.framework/Versions/A/Frameworks/ColorSync.framework/Versions/A/ColorSync
0x00000000059f6000 	/System/Library/Frameworks/ApplicationServices.framework/Versions/A/Frameworks/HIServices.framework/Versions/A/HIServices
0x00000000059f6000 	/System/Library/Frameworks/ApplicationServices.framework/Versions/A/Frameworks/LangAnalysis.framework/Versions/A/LangAnalysis
0x00000000059f6000 	/System/Library/Frameworks/ApplicationServices.framework/Versions/A/Frameworks/PrintCore.framework/Versions/A/PrintCore
0x00000000059f6000 	/System/Library/Frameworks/ApplicationServices.framework/Versions/A/Frameworks/QD.framework/Versions/A/QD
0x00000000059f6000 	/System/Library/Frameworks/ApplicationServices.framework/Versions/A/Frameworks/SpeechSynthesis.framework/Versions/A/SpeechSynthesis
0x00000000059f6000 	/System/Library/Frameworks/Metal.framework/Versions/A/Metal
0x00000000059f6000 	/System/Library/Frameworks/Accelerate.framework/Versions/A/Frameworks/vImage.framework/Versions/A/vImage
0x00000000059f6000 	/System/Library/Frameworks/Accelerate.framework/Versions/A/Frameworks/vecLib.framework/Versions/A/vecLib
0x00000000059f6000 	/System/Library/Frameworks/Accelerate.framework/Versions/A/Frameworks/vecLib.framework/Versions/A/libvDSP.dylib
0x00000000059f6000 	/System/Library/Frameworks/Accelerate.framework/Versions/A/Frameworks/vecLib.framework/Versions/A/libvMisc.dylib
0x00000000059f6000 	/System/Library/Frameworks/Accelerate.framework/Versions/A/Frameworks/vecLib.framework/Versions/A/libLAPACK.dylib
0x00000000059f6000 	/System/Library/Frameworks/Accelerate.framework/Versions/A/Frameworks/vecLib.framework/Versions/A/libBLAS.dylib
0x00000000059f6000 	/System/Library/Frameworks/Accelerate.framework/Versions/A/Frameworks/vecLib.framework/Versions/A/libLinearAlgebra.dylib
0x00000000059f6000 	/System/Library/Frameworks/Accelerate.framework/Versions/A/Frameworks/vecLib.framework/Versions/A/libSparseBLAS.dylib
0x00000000059f6000 	/System/Library/PrivateFrameworks/GPUCompiler.framework/libmetal_timestamp.dylib
0x00000000059f6000 	/System/Library/Frameworks/OpenGL.framework/Versions/A/Libraries/libCoreFSCache.dylib
0x00000000059f6000 	/System/Library/PrivateFrameworks/IOAccelerator.framework/Versions/A/IOAccelerator
0x00000000059f6000 	/System/Library/Frameworks/ApplicationServices.framework/Versions/A/Frameworks/ATS.framework/Versions/A/Resources/libFontParser.dylib
0x00000000059f6000 	/System/Library/Frameworks/ApplicationServices.framework/Versions/A/Frameworks/ATS.framework/Versions/A/Resources/libFontRegistry.dylib
0x00000000059f6000 	/System/Library/PrivateFrameworks/AppleVPA.framework/Versions/A/AppleVPA
0x00000000059f6000 	/System/Library/PrivateFrameworks/AppleJPEG.framework/Versions/A/AppleJPEG
0x00000000059f6000 	/System/Library/Frameworks/ImageIO.framework/Versions/A/Resources/libJPEG.dylib
0x00000000059f6000 	/System/Library/Frameworks/ImageIO.framework/Versions/A/Resources/libTIFF.dylib
0x00000000059f6000 	/System/Library/Frameworks/ImageIO.framework/Versions/A/Resources/libPng.dylib
0x00000000059f6000 	/System/Library/Frameworks/ImageIO.framework/Versions/A/Resources/libGIF.dylib
0x00000000059f6000 	/System/Library/Frameworks/ImageIO.framework/Versions/A/Resources/libJP2.dylib
0x00000000059f6000 	/System/Library/Frameworks/ImageIO.framework/Versions/A/Resources/libRadiance.dylib
0x00000000059f6000 	/System/Library/Frameworks/CoreVideo.framework/Versions/A/CoreVideo
0x00000000059f6000 	/System/Library/Frameworks/OpenGL.framework/Versions/A/Libraries/libGLU.dylib
0x00000000059f6000 	/System/Library/Frameworks/OpenGL.framework/Versions/A/Libraries/libGFXShared.dylib
0x00000000059f6000 	/System/Library/Frameworks/OpenGL.framework/Versions/A/Libraries/libGL.dylib
0x00000000059f6000 	/System/Library/Frameworks/OpenGL.framework/Versions/A/Libraries/libGLImage.dylib
0x00000000059f6000 	/System/Library/Frameworks/OpenGL.framework/Versions/A/Libraries/libCVMSPluginSupport.dylib
0x00000000059f6000 	/System/Library/Frameworks/OpenGL.framework/Versions/A/Libraries/libCoreVMClient.dylib
0x00000000059f6000 	/usr/lib/libcompression.dylib
0x00000000059f6000 	/usr/lib/libcups.2.dylib
0x00000000059f6000 	/System/Library/Frameworks/Kerberos.framework/Versions/A/Kerberos
0x00000000059f6000 	/System/Library/Frameworks/GSS.framework/Versions/A/GSS
0x00000000059f6000 	/usr/lib/libresolv.9.dylib
0x00000000059f6000 	/usr/lib/libiconv.2.dylib
0x00000000059f6000 	/System/Library/PrivateFrameworks/Heimdal.framework/Versions/A/Heimdal
0x00000000059f6000 	/usr/lib/libheimdal-asn1.dylib
0x00000000059f6000 	/System/Library/Frameworks/OpenDirectory.framework/Versions/A/OpenDirectory
0x00000000059f6000 	/System/Library/PrivateFrameworks/CommonAuth.framework/Versions/A/CommonAuth
0x00000000059f6000 	/System/Library/Frameworks/OpenDirectory.framework/Versions/A/Frameworks/CFOpenDirectory.framework/Versions/A/CFOpenDirectory
0x00000000059f6000 	/System/Library/Frameworks/SecurityFoundation.framework/Versions/A/SecurityFoundation
0x00000000059f6000 	/System/Library/PrivateFrameworks/LanguageModeling.framework/Versions/A/LanguageModeling
0x00000000059f6000 	/usr/lib/libmarisa.dylib
0x00000000059f6000 	/usr/lib/libChineseTokenizer.dylib
0x00000000059f6000 	/usr/lib/libcmph.dylib
0x00000000059f6000 	/System/Library/Frameworks/ServiceManagement.framework/Versions/A/ServiceManagement
0x00000000059f6000 	/usr/lib/libxslt.1.dylib
0x00000000059f6000 	/System/Library/Frameworks/Carbon.framework/Versions/A/Frameworks/Ink.framework/Versions/A/Ink
0x00000000059f6000 	/usr/lib/libFosl_dynamic.dylib
0x00000000059f6000 	/System/Library/PrivateFrameworks/FaceCore.framework/Versions/A/FaceCore
0x00000000059f6000 	/System/Library/Frameworks/OpenCL.framework/Versions/A/OpenCL
0x00000000059f6000 	/System/Library/PrivateFrameworks/CrashReporterSupport.framework/Versions/A/CrashReporterSupport
0x00000000059f6000 	/System/Library/PrivateFrameworks/IconServices.framework/Versions/A/IconServices
0x00000000059f6000 	/System/Library/PrivateFrameworks/Apple80211.framework/Versions/A/Apple80211
0x00000000059f6000 	/System/Library/Frameworks/CoreWLAN.framework/Versions/A/CoreWLAN
0x00000000059f6000 	/System/Library/Frameworks/IOBluetooth.framework/Versions/A/IOBluetooth
0x00000000059f6000 	/System/Library/PrivateFrameworks/CoreWiFi.framework/Versions/A/CoreWiFi
0x00000000059f6000 	/System/Library/Frameworks/CoreBluetooth.framework/Versions/A/CoreBluetooth
0x00000000059f6000 	/System/Library/PrivateFrameworks/ChunkingLibrary.framework/Versions/A/ChunkingLibrary
0x00000000059f6000 	/System/Library/PrivateFrameworks/DebugSymbols.framework/Versions/A/DebugSymbols
0x00000000059f6000 	/System/Library/PrivateFrameworks/CoreSymbolication.framework/Versions/A/CoreSymbolication
0x00000000059f6000 	/System/Library/PrivateFrameworks/Symbolication.framework/Versions/A/Symbolication
0x00000000059f6000 	/System/Library/PrivateFrameworks/SpeechRecognitionCore.framework/Versions/A/SpeechRecognitionCore
0x000000010c195000 	/Library/Java/JavaVirtualMachines/jdk1.8.0_101.jdk/Contents/Home/jre/lib/server/libjvm.dylib
0x00000000059f6000 	/usr/lib/libstdc++.6.dylib
0x000000010d136000 	/Library/Java/JavaVirtualMachines/jdk1.8.0_101.jdk/Contents/Home/jre/lib/libverify.dylib
0x000000010d144000 	/Library/Java/JavaVirtualMachines/jdk1.8.0_101.jdk/Contents/Home/jre/lib/libjava.dylib
0x000000010d183000 	/Library/Java/JavaVirtualMachines/jdk1.8.0_101.jdk/Contents/Home/jre/lib/libzip.dylib
0x0000000120d9e000 	/System/Library/Frameworks/JavaVM.framework/Frameworks/JavaRuntimeSupport.framework/JavaRuntimeSupport
0x000000010d1e9000 	/System/Library/Frameworks/JavaVM.framework/Versions/A/Frameworks/JavaNativeFoundation.framework/Versions/A/JavaNativeFoundation
0x0000000120db9000 	/System/Library/Frameworks/JavaVM.framework/Versions/A/JavaVM
0x00000000059f6000 	/System/Library/Frameworks/Carbon.framework/Versions/A/Carbon
0x0000000120dc6000 	/System/Library/PrivateFrameworks/JavaLaunching.framework/Versions/A/JavaLaunching
0x00000000059f6000 	/System/Library/Frameworks/Carbon.framework/Versions/A/Frameworks/CommonPanels.framework/Versions/A/CommonPanels
0x00000000059f6000 	/System/Library/Frameworks/Carbon.framework/Versions/A/Frameworks/Help.framework/Versions/A/Help
0x00000000059f6000 	/System/Library/Frameworks/Carbon.framework/Versions/A/Frameworks/ImageCapture.framework/Versions/A/ImageCapture
0x00000000059f6000 	/System/Library/Frameworks/Carbon.framework/Versions/A/Frameworks/OpenScripting.framework/Versions/A/OpenScripting
0x00000000059f6000 	/System/Library/Frameworks/Carbon.framework/Versions/A/Frameworks/Print.framework/Versions/A/Print
0x00000000059f6000 	/System/Library/Frameworks/Carbon.framework/Versions/A/Frameworks/SecurityHI.framework/Versions/A/SecurityHI
0x0000000122741000 	/Library/Java/JavaVirtualMachines/jdk1.8.0_101.jdk/Contents/Home/jre/lib/libawt.dylib
0x00000001227e9000 	/Library/Java/JavaVirtualMachines/jdk1.8.0_101.jdk/Contents/Home/jre/lib/./libmlib_image.dylib
0x00000001228b5000 	/Library/Java/JavaVirtualMachines/jdk1.8.0_101.jdk/Contents/Home/jre/lib/libawt_lwawt.dylib
0x000000012296a000 	/Library/Java/JavaVirtualMachines/jdk1.8.0_101.jdk/Contents/Home/jre/lib/./libosxapp.dylib
0x00000000059f6000 	/System/Library/Frameworks/ExceptionHandling.framework/Versions/A/ExceptionHandling
0x00000000059f6000 	/System/Library/PrivateFrameworks/CoreServicesInternal.framework/Versions/A/CoreServicesInternal
0x00000000059f6000 	/System/Library/Frameworks/CoreGraphics.framework/Versions/A/Resources/libRIP.A.dylib
0x00000000059f6000 	/System/Library/Frameworks/Accelerate.framework/Versions/A/Frameworks/vImage.framework/Versions/A/Libraries/libCGInterfaces.dylib
0x00000000059f6000 	/System/Library/Frameworks/CoreGraphics.framework/Versions/A/Resources/libCGXType.A.dylib
0x00000000059f6000 	/System/Library/Frameworks/OpenCL.framework/Versions/A/Libraries/libcldcpuengine.dylib
0x00000000059f6000 	/System/Library/PrivateFrameworks/DiskImages.framework/Versions/A/DiskImages
0x00000000059f6000 	/System/Library/Frameworks/DiscRecording.framework/Versions/A/DiscRecording
0x00000000059f6000 	/usr/lib/libcsfde.dylib
0x00000000059f6000 	/usr/lib/libcurl.4.dylib
0x00000000059f6000 	/System/Library/PrivateFrameworks/MediaKit.framework/Versions/A/MediaKit
0x00000000059f6000 	/System/Library/PrivateFrameworks/ProtectedCloudStorage.framework/Versions/A/ProtectedCloudStorage
0x00000000059f6000 	/usr/lib/libCoreStorage.dylib
0x00000000059f6000 	/System/Library/PrivateFrameworks/EFILogin.framework/Versions/A/EFILogin
0x00000000059f6000 	/usr/lib/libutil.dylib
0x00000000059f6000 	/System/Library/PrivateFrameworks/FindMyDevice.framework/Versions/A/FindMyDevice
0x00000000059f6000 	/System/Library/Frameworks/LDAP.framework/Versions/A/LDAP
0x00000000059f6000 	/usr/lib/libsasl2.2.dylib
0x00000000059f6000 	/System/Library/PrivateFrameworks/CoreDaemon.framework/Versions/B/CoreDaemon
0x00000000059f6000 	/usr/lib/libcrypto.0.9.8.dylib
0x00000000059f6000 	/System/Library/PrivateFrameworks/AppleSRP.framework/Versions/A/AppleSRP
0x00000000059f6000 	/System/Library/PrivateFrameworks/TrustEvaluationAgent.framework/Versions/A/TrustEvaluationAgent
0x0000000124182000 	cl_kernels
0x00000000059f6000 	/System/Library/Frameworks/OpenCL.framework/Versions/A/Libraries/ImageFormats/unorm8_bgra.dylib
0x00000000059f6000 	/System/Library/Frameworks/OpenCL.framework/Versions/A/Libraries/ImageFormats/unorm8_rgba.dylib
0x00000000059f6000 	/System/Library/PrivateFrameworks/FamilyControls.framework/Versions/A/FamilyControls
0x00000000059f6000 	/System/Library/PrivateFrameworks/CommerceKit.framework/Versions/A/Frameworks/CommerceCore.framework/Versions/A/CommerceCore
0x00000000059f6000 	/System/Library/PrivateFrameworks/SystemAdministration.framework/Versions/A/SystemAdministration
0x00000000059f6000 	/System/Library/PrivateFrameworks/AppContainer.framework/Versions/A/AppContainer
0x00000000059f6000 	/System/Library/PrivateFrameworks/SecCodeWrapper.framework/Versions/A/SecCodeWrapper
0x00000000059f6000 	/System/Library/Frameworks/DirectoryService.framework/Versions/A/DirectoryService
0x00000000059f6000 	/System/Library/PrivateFrameworks/LoginUIKit.framework/Versions/A/Frameworks/LoginUICore.framework/Versions/A/LoginUICore
0x00000000059f6000 	/usr/lib/libodfde.dylib
0x000000012519f000 	/Library/Java/JavaVirtualMachines/jdk1.8.0_101.jdk/Contents/Home/jre/lib/libfontmanager.dylib
0x0000000125206000 	/Users/justin/Documents/SWEN/SLICK_HOME/liblwjgl.dylib
0x000000012365a000 	/Library/Java/JavaVirtualMachines/jdk1.8.0_101.jdk/Contents/Home/jre/lib/libjawt.dylib
0x00000000059f6000 	/System/Library/Frameworks/OpenGL.framework/Versions/A/Resources/GLEngine.bundle/GLEngine
0x00000000059f6000 	/System/Library/Frameworks/OpenGL.framework/Versions/A/Libraries/libGLProgrammability.dylib
0x0000000125288000 	/System/Library/Extensions/AppleIntelHD5000GraphicsGLDriver.bundle/Contents/MacOS/AppleIntelHD5000GraphicsGLDriver
0x00000000059f6000 	/System/Library/PrivateFrameworks/GPUSupport.framework/Versions/A/Libraries/libGPUSupportMercury.dylib
0x00000000059f6000 	/System/Library/Frameworks/OpenGL.framework/Versions/A/Resources/GLRendererFloat.bundle/GLRendererFloat
0x0000000123670000 	/Users/justin/Documents/SWEN/SLICK_HOME/libjinput-osx.dylib
0x000000012671d000 	/System/Library/Extensions/IOHIDFamily.kext/Contents/PlugIns/IOHIDLib.plugin/Contents/MacOS/IOHIDLib
0x000000012675a000 	/Library/Java/JavaVirtualMachines/jdk1.8.0_101.jdk/Contents/Home/jre/lib/libnio.dylib
0x000000012676a000 	/Library/Java/JavaVirtualMachines/jdk1.8.0_101.jdk/Contents/Home/jre/lib/./libnet.dylib

VM Arguments:
jvm_args: -Djava.library.path=/Users/justin/Documents/SWEN/SLICK_HOME -Dfile.encoding=UTF-8 
java_command: RPG
java_class_path (initial): /Users/justin/Documents/SWEN/workspace/Workshop4/bin:/Users/justin/Documents/SWEN/workspace/Workshop4/lib/jinput.jar:/Users/justin/Documents/SWEN/workspace/Workshop4/lib/lwjgl.jar:/Users/justin/Documents/SWEN/workspace/Workshop4/lib/slick.jar
Launcher Type: SUN_STANDARD

Environment Variables:
PATH=/usr/bin:/bin:/usr/sbin:/sbin
SHELL=/bin/bash

Signal Handlers:
SIGSEGV: [libjvm.dylib+0x5af145], sa_mask[0]=11111111011111110111111111111111, sa_flags=SA_ONSTACK|SA_RESTART|SA_SIGINFO
SIGBUS: [libjvm.dylib+0x5af145], sa_mask[0]=11111111011111110111111111111111, sa_flags=SA_RESTART|SA_SIGINFO
SIGFPE: [libjvm.dylib+0x48694c], sa_mask[0]=11111111011111110111111111111111, sa_flags=SA_RESTART|SA_SIGINFO
SIGPIPE: [libjvm.dylib+0x48694c], sa_mask[0]=11111111011111110111111111111111, sa_flags=SA_RESTART|SA_SIGINFO
SIGXFSZ: [libjvm.dylib+0x48694c], sa_mask[0]=11111111011111110111111111111111, sa_flags=SA_RESTART|SA_SIGINFO
SIGILL: [libjvm.dylib+0x48694c], sa_mask[0]=11111111011111110111111111111111, sa_flags=SA_RESTART|SA_SIGINFO
SIGUSR1: SIG_DFL, sa_mask[0]=00000000000000000000000000000000, sa_flags=none
SIGUSR2: [libjvm.dylib+0x48646a], sa_mask[0]=00100000000000000000000000000000, sa_flags=SA_RESTART|SA_SIGINFO
SIGHUP: [libjvm.dylib+0x484a41], sa_mask[0]=11111111011111110111111111111111, sa_flags=SA_RESTART|SA_SIGINFO
SIGINT: [libjvm.dylib+0x484a41], sa_mask[0]=11111111011111110111111111111111, sa_flags=SA_RESTART|SA_SIGINFO
SIGTERM: [libjvm.dylib+0x484a41], sa_mask[0]=11111111011111110111111111111111, sa_flags=SA_RESTART|SA_SIGINFO
SIGQUIT: [libjvm.dylib+0x484a41], sa_mask[0]=11111111011111110111111111111111, sa_flags=SA_RESTART|SA_SIGINFO


---------------  S Y S T E M  ---------------

OS:Bsduname:Darwin 15.6.0 Darwin Kernel Version 15.6.0: Thu Jun 23 18:25:34 PDT 2016; root:xnu-3248.60.10~1/RELEASE_X86_64 x86_64
rlimit: STACK 8192k, CORE 0k, NPROC 709, NOFILE 10240, AS infinity
load average:2.32 1.99 2.00

CPU:total 4 (2 cores per cpu, 2 threads per core) family 6 model 69 stepping 1, cmov, cx8, fxsr, mmx, sse, sse2, sse3, ssse3, sse4.1, sse4.2, popcnt, avx, avx2, aes, clmul, erms, lzcnt, ht, tsc, tscinvbit, bmi1, bmi2

Memory: 4k page, physical 4194304k(30904k free)

/proc/meminfo:


vm_info: Java HotSpot(TM) 64-Bit Server VM (25.101-b13) for bsd-amd64 JRE (1.8.0_101-b13), built on Jun 22 2016 02:42:15 by "java_re" with gcc 4.2.1 (Based on Apple Inc. build 5658) (LLVM build 2336.11.00)

time: Fri Sep  2 12:21:37 2016
elapsed time: 59 seconds (0d 0h 0m 59s)

