#
# A fatal error has been detected by the Java Runtime Environment:
#
#  SIGSEGV (0xb) at pc=0x00007fff97a528e2, pid=16171, tid=0x0000000000000a0b
#
# JRE version: Java(TM) SE Runtime Environment (8.0_101-b13) (build 1.8.0_101-b13)
# Java VM: Java HotSpot(TM) 64-Bit Server VM (25.101-b13 mixed mode bsd-amd64 compressed oops)
# Problematic frame:
# C  [libGPUSupportMercury.dylib+0xa8e2]  gldAttachDrawable+0x60
#
# Failed to write core dump. Core dumps have been disabled. To enable core dumping, try "ulimit -c unlimited" before starting Java again
#
# If you would like to submit a bug report, please visit:
#   http://bugreport.java.com/bugreport/crash.jsp
# The crash happened outside the Java Virtual Machine in native code.
# See problematic frame for where to report the bug.
#

---------------  T H R E A D  ---------------

Current thread (0x00007f9bc4890800):  JavaThread "AppKit Thread" daemon [_thread_in_native, id=2571, stack(0x00007fff54ce3000,0x00007fff554e3000)]

siginfo: si_signo: 11 (SIGSEGV), si_code: 0 (unknown), si_addr: 0x0000000000000000

Registers:
RAX=0x9000000000000000, RBX=0x000000000000271e, RCX=0x0000000000000000, RDX=0x00007f9bc3745958
RSP=0x00007fff554de280, RBP=0x00007fff554de380, RSI=0x0000000000000050, RDI=0x1b00b0e5eaa6f5a1
R8 =0x00007f9bc6809e60, R9 =0x00007f9bc6000000, R10=0x000000000000003c, R11=0x0000000000000206
R12=0x0000000000002718, R13=0x00007f9bc4192000, R14=0x0000000000000050, R15=0x0000000000000000
RIP=0x00007fff97a528e2, EFLAGS=0x0000000000010212, ERR=0x0000000000000000
  TRAPNO=0x000000000000000d

Top of Stack: (sp=0x00007fff554de280)
0x00007fff554de280:   000000000002ee17 0000000000001ecc
0x00007fff554de290:   00007fff554de2d0 00007fff8c2d6633
0x00007fff554de2a0:   0000000000000000 4036000000000000
0x00007fff554de2b0:   4089000000000000 9000000000000000
0x00007fff554de2c0:   2782f0730002ee17 000000002782f073
0x00007fff554de2d0:   00007fff554de3c0 00007fff8c2e59af
0x00007fff554de2e0:   0000000000000000 4036000000000000
0x00007fff554de2f0:   4089000000000000 4082c00000000000
0x00007fff554de300:   7ff0000000000000 7ff0000000000000
0x00007fff554de310:   0000000000000000 0000000000000000
0x00007fff554de320:   0000000000001ecc 00007f9bc3590ee0
0x00007fff554de330:   7ff0000000000000 7ff0000000000000
0x00007fff554de340:   00007fff554de370 00007fff8c243ae2
0x00007fff554de350:   1b00b0e5eaa6f5a1 00007f9bc6800000
0x00007fff554de360:   0000000000002718 0000000000000000
0x00007fff554de370:   0000000000000050 0000000000000000
0x00007fff554de380:   00007fff554de3e0 00007fff8bca8553
0x00007fff554de390:   4096800000000000 0000000000000000
0x00007fff554de3a0:   00007f9bc6809e60 000000000002ee17
0x00007fff554de3b0:   00007f9bc3745958 00007f9bc3586980
0x00007fff554de3c0:   0000000000000000 00007f9bc418ff50
0x00007fff554de3d0:   00007f9bc418e000 1b00b0e5eaa6f5a1
0x00007fff554de3e0:   00007fff554de4d0 00007fff9063a84c
0x00007fff554de3f0:   408c200000000000 4074000000000000
0x00007fff554de400:   4060000000000000 4089000000000000
0x00007fff554de410:   4083700000000000 0000000000000000
0x00007fff554de420:   4036000000000000 4089000000000000
0x00007fff554de430:   4082c00000000000 0000000000000000
0x00007fff554de440:   0000000000000000 0000000000000001
0x00007fff554de450:   00007f9bc3745958 0000000000000001
0x00007fff554de460:   00007fff554de4d0 00007fff9063f5e2
0x00007fff554de470:   0000000000000003 0000000100000001 

Instructions: (pc=0x00007fff97a528e2)
0x00007fff97a528c2:   48 85 d2 b8 01 00 00 00 bb 15 27 00 00 0f 44 d8
0x00007fff97a528d2:   e9 29 03 00 00 49 8b 45 08 48 89 85 38 ff ff ff
0x00007fff97a528e2:   48 8b 00 48 89 85 30 ff ff ff 83 fe 4f 0f 8f 03
0x00007fff97a528f2:   01 00 00 48 89 d0 bb 15 27 00 00 83 fe 35 0f 84 

Register to memory mapping:

RAX=0x9000000000000000 is an unknown value
RBX=0x000000000000271e is an unknown value
RCX=0x0000000000000000 is an unknown value
RDX=0x00007f9bc3745958 is an unknown value
RSP=0x00007fff554de280 is pointing into the stack for thread: 0x00007f9bc4890800
RBP=0x00007fff554de380 is pointing into the stack for thread: 0x00007f9bc4890800
RSI=0x0000000000000050 is an unknown value
RDI=0x1b00b0e5eaa6f5a1 is an unknown value
R8 =0x00007f9bc6809e60 is an unknown value
R9 =0x00007f9bc6000000 is an unknown value
R10=0x000000000000003c is an unknown value
R11=0x0000000000000206 is an unknown value
R12=0x0000000000002718 is an unknown value
R13=0x00007f9bc4192000 is an unknown value
R14=0x0000000000000050 is an unknown value
R15=0x0000000000000000 is an unknown value


Stack: [0x00007fff54ce3000,0x00007fff554e3000],  sp=0x00007fff554de280,  free space=8172k
Native frames: (J=compiled Java code, j=interpreted, Vv=VM code, C=native code)
C  [libGPUSupportMercury.dylib+0xa8e2]  gldAttachDrawable+0x60
C  [GLEngine+0x16553]  gliAttachDrawableWithOptions+0x108
C  [OpenGL+0x384c]  glcGetIOAccelService+0xe35
C  [OpenGL+0x7378]  CGLSetPBuffer+0xb38
C  [OpenGL+0x769d]  CGLSetSurface+0x124
C  [AppKit+0x358ea8]  NSOpenGLContextAttachOnScreenViewSurface+0x109
C  [AppKit+0x6856c7]  __27-[NSOpenGLContext setView:]_block_invoke+0xc0
C  [AppKit+0x183325]  NSPerformVisuallyAtomicChange+0x93
C  [AppKit+0x345c0d]  -[NSOpenGLContext setView:]+0x77
C  [liblwjgl.dylib+0xa586]  -[MacOSXOpenGLView lockFocus]+0x76
C  [AppKit+0x1a8797]  -[NSView _recursiveDisplayRectIfNeededIgnoringOpacity:isVisibleRect:rectIsVisibleRectForView:topView:]+0x6e2
C  [AppKit+0x1a9785]  -[NSView _recursiveDisplayRectIfNeededIgnoringOpacity:isVisibleRect:rectIsVisibleRectForView:topView:]+0x16d0
C  [AppKit+0x1a7be0]  -[NSThemeFrame _recursiveDisplayRectIfNeededIgnoringOpacity:isVisibleRect:rectIsVisibleRectForView:topView:]+0x14e
C  [AppKit+0x1a5feb]  -[NSView _displayRectIgnoringOpacity:isVisibleRect:rectIsVisibleRectForView:]+0x991
C  [AppKit+0x1a13f5]  -[NSView displayIfNeeded]+0x79e
C  [AppKit+0x1a0c3c]  -[NSWindow displayIfNeeded]+0xe8
C  [AppKit+0x82541b]  ___NSWindowGetDisplayCycleObserver_block_invoke6365+0x1dc
C  [AppKit+0x1a05d6]  __37+[NSDisplayCycle currentDisplayCycle]_block_invoke+0x3ad
C  [QuartzCore+0x10f71]  CA::Transaction::run_commit_handlers(CATransactionPhase)+0x55
C  [QuartzCore+0x1042c]  CA::Context::commit_transaction(CA::Transaction*)+0xa0
C  [QuartzCore+0x100ec]  CA::Transaction::commit()+0x1fc
C  [QuartzCore+0x1b977]  CA::Transaction::observer_callback(__CFRunLoopObserver*, unsigned long, void*)+0x47
C  [CoreFoundation+0xaa067]  __CFRUNLOOP_IS_CALLING_OUT_TO_AN_OBSERVER_CALLBACK_FUNCTION__+0x17
C  [CoreFoundation+0xa9fd7]  __CFRunLoopDoObservers+0x187
C  [CoreFoundation+0x88ef8]  CFRunLoopRunSpecific+0x148
C  [HIToolbox+0x30935]  RunCurrentEventLoopInMode+0xeb
C  [HIToolbox+0x30677]  ReceiveNextEventCommon+0xb8
C  [HIToolbox+0x305af]  _BlockUntilNextEventMatchingListInModeWithFilter+0x47
C  [AppKit+0x48df6]  _DPSNextEvent+0x42b
C  [AppKit+0x48226]  -[NSApplication _nextEventMatchingEventMask:untilDate:inMode:dequeue:]+0x1c6
C  [libosxapp.dylib+0x23aa]  -[NSApplicationAWT nextEventMatchingMask:untilDate:inMode:dequeue:]+0x7c
C  [AppKit+0x3cd80]  -[NSApplication run]+0x2aa
C  [libosxapp.dylib+0x214d]  +[NSApplicationAWT runAWTLoopWithApp:]+0x9c
C  [libawt_lwawt.dylib+0x444b3]  -[AWTStarter starter:]+0x389
C  [Foundation+0x76fde]  __NSThreadPerformPerform+0x117
C  [CoreFoundation+0xaa881]  __CFRUNLOOP_IS_CALLING_OUT_TO_A_SOURCE0_PERFORM_FUNCTION__+0x11
C  [CoreFoundation+0x89fbc]  __CFRunLoopDoSources0+0x22c
C  [CoreFoundation+0x894df]  __CFRunLoopRun+0x39f
C  [CoreFoundation+0x88ed8]  CFRunLoopRunSpecific+0x128
C  [java+0x6465]  CreateExecutionEnvironment+0x367
C  [java+0x218c]  JLI_Launch+0x7a0
C  [java+0x84c2]  main+0x65
C  [java+0x19e4]  start+0x34
C  0x0000000000000006


---------------  P R O C E S S  ---------------

Java Threads: ( => current thread )
  0x00007f9bc39d4000 JavaThread "AWT-Shutdown" [_thread_blocked, id=29715, stack(0x0000700001150000,0x0000700001250000)]
  0x00007f9bc41db800 JavaThread "Java2D Queue Flusher" daemon [_thread_blocked, id=56839, stack(0x00007000013d9000,0x00007000014d9000)]
  0x00007f9bc5135000 JavaThread "Java2D Disposer" daemon [_thread_blocked, id=51783, stack(0x00007000012d6000,0x00007000013d6000)]
=>0x00007f9bc4890800 JavaThread "AppKit Thread" daemon [_thread_in_native, id=2571, stack(0x00007fff54ce3000,0x00007fff554e3000)]
  0x00007f9bc4815800 JavaThread "Service Thread" daemon [_thread_blocked, id=18691, stack(0x0000700000e44000,0x0000700000f44000)]
  0x00007f9bc4820000 JavaThread "C1 CompilerThread2" daemon [_thread_blocked, id=18179, stack(0x0000700000d41000,0x0000700000e41000)]
  0x00007f9bc4817800 JavaThread "C2 CompilerThread1" daemon [_thread_blocked, id=17667, stack(0x0000700000c3e000,0x0000700000d3e000)]
  0x00007f9bc4815000 JavaThread "C2 CompilerThread0" daemon [_thread_blocked, id=17155, stack(0x0000700000b3b000,0x0000700000c3b000)]
  0x00007f9bc4021800 JavaThread "Signal Dispatcher" daemon [_thread_blocked, id=12815, stack(0x0000700000a38000,0x0000700000b38000)]
  0x00007f9bc5015800 JavaThread "Finalizer" daemon [_thread_blocked, id=12291, stack(0x000070000082f000,0x000070000092f000)]
  0x00007f9bc5013000 JavaThread "Reference Handler" daemon [_thread_blocked, id=11779, stack(0x000070000072c000,0x000070000082c000)]
  0x00007f9bc3808800 JavaThread "main" [_thread_in_native, id=5891, stack(0x000070000011a000,0x000070000021a000)]

Other Threads:
  0x00007f9bc480c800 VMThread [stack: 0x0000700000629000,0x0000700000729000] [id=11267]
  0x00007f9bc5019800 WatcherThread [stack: 0x0000700000f47000,0x0000700001047000] [id=19203]

VM state:not at safepoint (normal execution)

VM Mutex/Monitor currently owned by a thread: None

Heap:
 PSYoungGen      total 18944K, used 8126K [0x00000007aab00000, 0x00000007ac000000, 0x00000007c0000000)
  eden space 16384K, 34% used [0x00000007aab00000,0x00000007ab073458,0x00000007abb00000)
  from space 2560K, 99% used [0x00000007abb00000,0x00000007abd7c488,0x00000007abd80000)
  to   space 2560K, 0% used [0x00000007abd80000,0x00000007abd80000,0x00000007ac000000)
 ParOldGen       total 44032K, used 5964K [0x0000000780000000, 0x0000000782b00000, 0x00000007aab00000)
  object space 44032K, 13% used [0x0000000780000000,0x00000007805d30b0,0x0000000782b00000)
 Metaspace       used 10838K, capacity 11041K, committed 11264K, reserved 1058816K
  class space    used 1145K, capacity 1215K, committed 1280K, reserved 1048576K

Card table byte_map: [0x000000011b55d000,0x000000011b75e000] byte_map_base: 0x000000011795d000

Marking Bits: (ParMarkBitMap*) 0x000000010baedd20
 Begin Bits: [0x000000011b8b4000, 0x000000011c8b4000)
 End Bits:   [0x000000011c8b4000, 0x000000011d8b4000)

Polling page: 0x000000010a9e0000

CodeCache: size=245760Kb used=3846Kb max_used=3846Kb free=241913Kb
 bounds [0x000000010c19d000, 0x000000010c56d000, 0x000000011b19d000]
 total_blobs=1475 nmethods=953 adapters=436
 compilation: enabled

Compilation events (10 events):
Event: 12.309 Thread 0x00007f9bc4820000  949   !   3       sun.awt.AWTAutoShutdown::setToolkitBusy (124 bytes)
Event: 12.309 Thread 0x00007f9bc4820000 nmethod 949 0x000000010c55e890 code [0x000000010c55ea60, 0x000000010c55f308]
Event: 12.345 Thread 0x00007f9bc4820000  950       3       java.nio.HeapByteBuffer::putInt (20 bytes)
Event: 12.346 Thread 0x00007f9bc4820000 nmethod 950 0x000000010c55cc90 code [0x000000010c55ce20, 0x000000010c55d1e8]
Event: 12.346 Thread 0x00007f9bc4820000  951       3       java.nio.Bits::putInt (20 bytes)
Event: 12.346 Thread 0x00007f9bc4820000 nmethod 951 0x000000010c55e450 code [0x000000010c55e5c0, 0x000000010c55e7b8]
Event: 12.375 Thread 0x00007f9bc4820000  952       3       java.nio.HeapByteBuffer::getInt (18 bytes)
Event: 12.376 Thread 0x00007f9bc4820000 nmethod 952 0x000000010c55b950 code [0x000000010c55bb60, 0x000000010c55c4c8]
Event: 12.376 Thread 0x00007f9bc4820000  953       3       java.nio.Bits::getInt (18 bytes)
Event: 12.377 Thread 0x00007f9bc4820000 nmethod 953 0x000000010c55f9d0 code [0x000000010c55fbe0, 0x000000010c560598]

GC Heap History (2 events):
Event: 1.471 GC heap before
{Heap before GC invocations=1 (full 0):
 PSYoungGen      total 18944K, used 16384K [0x00000007aab00000, 0x00000007ac000000, 0x00000007c0000000)
  eden space 16384K, 100% used [0x00000007aab00000,0x00000007abb00000,0x00000007abb00000)
  from space 2560K, 0% used [0x00000007abd80000,0x00000007abd80000,0x00000007ac000000)
  to   space 2560K, 0% used [0x00000007abb00000,0x00000007abb00000,0x00000007abd80000)
 ParOldGen       total 44032K, used 0K [0x0000000780000000, 0x0000000782b00000, 0x00000007aab00000)
  object space 44032K, 0% used [0x0000000780000000,0x0000000780000000,0x0000000782b00000)
 Metaspace       used 10579K, capacity 10785K, committed 11008K, reserved 1058816K
  class space    used 1131K, capacity 1215K, committed 1280K, reserved 1048576K
Event: 1.484 GC heap after
Heap after GC invocations=1 (full 0):
 PSYoungGen      total 18944K, used 2545K [0x00000007aab00000, 0x00000007ac000000, 0x00000007c0000000)
  eden space 16384K, 0% used [0x00000007aab00000,0x00000007aab00000,0x00000007abb00000)
  from space 2560K, 99% used [0x00000007abb00000,0x00000007abd7c488,0x00000007abd80000)
  to   space 2560K, 0% used [0x00000007abd80000,0x00000007abd80000,0x00000007ac000000)
 ParOldGen       total 44032K, used 5964K [0x0000000780000000, 0x0000000782b00000, 0x00000007aab00000)
  object space 44032K, 13% used [0x0000000780000000,0x00000007805d30b0,0x0000000782b00000)
 Metaspace       used 10579K, capacity 10785K, committed 11008K, reserved 1058816K
  class space    used 1131K, capacity 1215K, committed 1280K, reserved 1048576K
}

Deoptimization events (10 events):
Event: 0.640 Thread 0x00007f9bc3808800 Uncommon trap: reason=unstable_if action=reinterpret pc=0x000000010c33e85c method=java.lang.String.replace(CC)Ljava/lang/String; @ 26
Event: 1.297 Thread 0x00007f9bc3808800 Uncommon trap: reason=unstable_if action=reinterpret pc=0x000000010c340894 method=java.lang.String.indexOf([CII[CIII)I @ 3
Event: 1.303 Thread 0x00007f9bc3808800 Uncommon trap: reason=class_check action=maybe_recompile pc=0x000000010c3d79b0 method=java.util.HashMap.putVal(ILjava/lang/Object;Ljava/lang/Object;ZZ)Ljava/lang/Object; @ 253
Event: 1.303 Thread 0x00007f9bc3808800 Uncommon trap: reason=class_check action=maybe_recompile pc=0x000000010c3d79b0 method=java.util.HashMap.putVal(ILjava/lang/Object;Ljava/lang/Object;ZZ)Ljava/lang/Object; @ 253
Event: 1.303 Thread 0x00007f9bc3808800 Uncommon trap: reason=class_check action=maybe_recompile pc=0x000000010c3d79b0 method=java.util.HashMap.putVal(ILjava/lang/Object;Ljava/lang/Object;ZZ)Ljava/lang/Object; @ 253
Event: 1.303 Thread 0x00007f9bc3808800 Uncommon trap: reason=class_check action=maybe_recompile pc=0x000000010c3d79b0 method=java.util.HashMap.putVal(ILjava/lang/Object;Ljava/lang/Object;ZZ)Ljava/lang/Object; @ 253
Event: 1.515 Thread 0x00007f9bc3808800 Uncommon trap: reason=unstable_if action=reinterpret pc=0x000000010c463398 method=java.awt.image.ComponentColorModel.extractComponent(Ljava/lang/Object;II)I @ 497
Event: 1.568 Thread 0x00007f9bc3808800 Uncommon trap: reason=unstable_if action=reinterpret pc=0x000000010c47096c method=sun.awt.image.ByteInterleavedRaster.getDataElements(IILjava/lang/Object;)Ljava/lang/Object; @ 43
Event: 1.571 Thread 0x00007f9bc3808800 Uncommon trap: reason=unstable_if action=reinterpret pc=0x000000010c47ec0c method=java.awt.image.ComponentColorModel.getDataElements(ILjava/lang/Object;)Ljava/lang/Object; @ 2993
Event: 1.653 Thread 0x00007f9bc3808800 Uncommon trap: reason=unstable_if action=reinterpret pc=0x000000010c495d74 method=org.newdawn.slick.Image.init()V @ 4

Internal exceptions (10 events):
Event: 0.173 Thread 0x00007f9bc3808800 Exception <a 'java/security/PrivilegedActionException'> (0x00000007aad4b660) thrown at [/HUDSON3/workspace/8-2-build-macosx-x86_64/jdk8u101/7261/hotspot/src/share/vm/prims/jvm.cpp, line 1386]
Event: 0.173 Thread 0x00007f9bc3808800 Exception <a 'java/security/PrivilegedActionException'> (0x00000007aad4b870) thrown at [/HUDSON3/workspace/8-2-build-macosx-x86_64/jdk8u101/7261/hotspot/src/share/vm/prims/jvm.cpp, line 1386]
Event: 0.173 Thread 0x00007f9bc3808800 Exception <a 'java/security/PrivilegedActionException'> (0x00000007aad4edf0) thrown at [/HUDSON3/workspace/8-2-build-macosx-x86_64/jdk8u101/7261/hotspot/src/share/vm/prims/jvm.cpp, line 1386]
Event: 0.173 Thread 0x00007f9bc3808800 Exception <a 'java/security/PrivilegedActionException'> (0x00000007aad4f000) thrown at [/HUDSON3/workspace/8-2-build-macosx-x86_64/jdk8u101/7261/hotspot/src/share/vm/prims/jvm.cpp, line 1386]
Event: 0.217 Thread 0x00007f9bc3808800 Exception <a 'java/lang/NoSuchFieldError': method resolution failed> (0x00000007aae1d340) thrown at [/HUDSON3/workspace/8-2-build-macosx-x86_64/jdk8u101/7261/hotspot/src/share/vm/prims/methodHandles.cpp, line 1146]
Event: 0.220 Thread 0x00007f9bc3808800 Exception <a 'java/lang/NoSuchFieldError': method resolution failed> (0x00000007aae2aa90) thrown at [/HUDSON3/workspace/8-2-build-macosx-x86_64/jdk8u101/7261/hotspot/src/share/vm/prims/methodHandles.cpp, line 1146]
Event: 0.370 Thread 0x00007f9bc3808800 Exception <a 'java/io/FileNotFoundException'> (0x00000007aaea56b8) thrown at [/HUDSON3/workspace/8-2-build-macosx-x86_64/jdk8u101/7261/hotspot/src/share/vm/prims/jni.cpp, line 709]
Event: 0.370 Thread 0x00007f9bc3808800 Exception <a 'java/io/FileNotFoundException'> (0x00000007aaea6220) thrown at [/HUDSON3/workspace/8-2-build-macosx-x86_64/jdk8u101/7261/hotspot/src/share/vm/prims/jni.cpp, line 709]
Event: 1.568 Thread 0x00007f9bc3808800 Implicit null exception at 0x000000010c470724 to 0x000000010c470951
Event: 1.571 Thread 0x00007f9bc3808800 Implicit null exception at 0x000000010c47e5f6 to 0x000000010c47ebf1

Events (10 events):
Event: 2.659 loading class sun/awt/AWTAutoShutdown$1
Event: 2.659 loading class sun/awt/AWTAutoShutdown$1 done
Event: 2.659 Thread 0x00007f9bc40eb800 Thread exited: 0x00007f9bc40eb800
Event: 2.681 Thread 0x00007f9bc3808800 DEOPT PACKING pc=0x000000010c4cef7c sp=0x0000700000219510
Event: 2.681 Thread 0x00007f9bc3808800 DEOPT UNPACKING pc=0x000000010c1e4633 sp=0x00007000002192f8 mode 0
Event: 3.055 Thread 0x00007f9bc39d4000 Thread added: 0x00007f9bc39d4000
Event: 4.122 Executing VM operation: EnableBiasedLocking
Event: 4.122 Executing VM operation: EnableBiasedLocking done
Event: 12.683 loading class org/lwjgl/opengl/CallbackUtil
Event: 12.683 loading class org/lwjgl/opengl/CallbackUtil done


Dynamic libraries:
0x00000000059f6000 	/System/Library/Frameworks/Cocoa.framework/Versions/A/Cocoa
0x00000000059f6000 	/System/Library/Frameworks/Security.framework/Versions/A/Security
0x00000000059f6000 	/System/Library/Frameworks/ApplicationServices.framework/Versions/A/ApplicationServices
0x00000000059f6000 	/usr/lib/libz.1.dylib
0x00000000059f6000 	/usr/lib/libSystem.B.dylib
0x00000000059f6000 	/usr/lib/libobjc.A.dylib
0x00000000059f6000 	/System/Library/Frameworks/CoreFoundation.framework/Versions/A/CoreFoundation
0x00000000059f6000 	/System/Library/Frameworks/Foundation.framework/Versions/C/Foundation
0x00000000059f6000 	/System/Library/Frameworks/AppKit.framework/Versions/C/AppKit
0x00000000059f6000 	/System/Library/Frameworks/CoreData.framework/Versions/A/CoreData
0x00000000059f6000 	/System/Library/PrivateFrameworks/RemoteViewServices.framework/Versions/A/RemoteViewServices
0x00000000059f6000 	/System/Library/PrivateFrameworks/UIFoundation.framework/Versions/A/UIFoundation
0x00000000059f6000 	/usr/lib/libScreenReader.dylib
0x00000000059f6000 	/System/Library/Frameworks/Accelerate.framework/Versions/A/Accelerate
0x00000000059f6000 	/System/Library/Frameworks/IOSurface.framework/Versions/A/IOSurface
0x00000000059f6000 	/System/Library/Frameworks/AudioToolbox.framework/Versions/A/AudioToolbox
0x00000000059f6000 	/System/Library/Frameworks/AudioUnit.framework/Versions/A/AudioUnit
0x00000000059f6000 	/System/Library/PrivateFrameworks/DataDetectorsCore.framework/Versions/A/DataDetectorsCore
0x00000000059f6000 	/System/Library/PrivateFrameworks/DesktopServicesPriv.framework/Versions/A/DesktopServicesPriv
0x00000000059f6000 	/System/Library/Frameworks/Carbon.framework/Versions/A/Frameworks/HIToolbox.framework/Versions/A/HIToolbox
0x00000000059f6000 	/System/Library/Frameworks/QuartzCore.framework/Versions/A/QuartzCore
0x00000000059f6000 	/System/Library/Frameworks/Carbon.framework/Versions/A/Frameworks/SpeechRecognition.framework/Versions/A/SpeechRecognition
0x00000000059f6000 	/usr/lib/libauto.dylib
0x00000000059f6000 	/usr/lib/libicucore.A.dylib
0x00000000059f6000 	/usr/lib/libxml2.2.dylib
0x00000000059f6000 	/System/Library/PrivateFrameworks/CoreUI.framework/Versions/A/CoreUI
0x00000000059f6000 	/System/Library/Frameworks/CoreAudio.framework/Versions/A/CoreAudio
0x00000000059f6000 	/System/Library/Frameworks/DiskArbitration.framework/Versions/A/DiskArbitration
0x00000000059f6000 	/usr/lib/liblangid.dylib
0x00000000059f6000 	/System/Library/PrivateFrameworks/MultitouchSupport.framework/Versions/A/MultitouchSupport
0x00000000059f6000 	/System/Library/Frameworks/IOKit.framework/Versions/A/IOKit
0x00000000059f6000 	/usr/lib/libDiagnosticMessagesClient.dylib
0x00000000059f6000 	/System/Library/Frameworks/CoreServices.framework/Versions/A/CoreServices
0x00000000059f6000 	/System/Library/PrivateFrameworks/PerformanceAnalysis.framework/Versions/A/PerformanceAnalysis
0x00000000059f6000 	/System/Library/PrivateFrameworks/GenerationalStorage.framework/Versions/A/GenerationalStorage
0x00000000059f6000 	/System/Library/Frameworks/OpenGL.framework/Versions/A/OpenGL
0x00000000059f6000 	/System/Library/PrivateFrameworks/Sharing.framework/Versions/A/Sharing
0x00000000059f6000 	/System/Library/Frameworks/CoreGraphics.framework/Versions/A/CoreGraphics
0x00000000059f6000 	/System/Library/Frameworks/CoreImage.framework/Versions/A/CoreImage
0x00000000059f6000 	/System/Library/Frameworks/CoreText.framework/Versions/A/CoreText
0x00000000059f6000 	/System/Library/Frameworks/ImageIO.framework/Versions/A/ImageIO
0x00000000059f6000 	/System/Library/PrivateFrameworks/Backup.framework/Versions/A/Backup
0x00000000059f6000 	/usr/lib/libextension.dylib
0x00000000059f6000 	/usr/lib/libarchive.2.dylib
0x00000000059f6000 	/System/Library/Frameworks/CFNetwork.framework/Versions/A/CFNetwork
0x00000000059f6000 	/System/Library/Frameworks/SystemConfiguration.framework/Versions/A/SystemConfiguration
0x00000000059f6000 	/usr/lib/libCRFSuite.dylib
0x00000000059f6000 	/usr/lib/libc++.1.dylib
0x00000000059f6000 	/usr/lib/libc++abi.dylib
0x00000000059f6000 	/usr/lib/system/libcache.dylib
0x00000000059f6000 	/usr/lib/system/libcommonCrypto.dylib
0x00000000059f6000 	/usr/lib/system/libcompiler_rt.dylib
0x00000000059f6000 	/usr/lib/system/libcopyfile.dylib
0x00000000059f6000 	/usr/lib/system/libcorecrypto.dylib
0x00000000059f6000 	/usr/lib/system/libdispatch.dylib
0x00000000059f6000 	/usr/lib/system/libdyld.dylib
0x00000000059f6000 	/usr/lib/system/libkeymgr.dylib
0x00000000059f6000 	/usr/lib/system/liblaunch.dylib
0x00000000059f6000 	/usr/lib/system/libmacho.dylib
0x00000000059f6000 	/usr/lib/system/libquarantine.dylib
0x00000000059f6000 	/usr/lib/system/libremovefile.dylib
0x00000000059f6000 	/usr/lib/system/libsystem_asl.dylib
0x00000000059f6000 	/usr/lib/system/libsystem_blocks.dylib
0x00000000059f6000 	/usr/lib/system/libsystem_c.dylib
0x00000000059f6000 	/usr/lib/system/libsystem_configuration.dylib
0x00000000059f6000 	/usr/lib/system/libsystem_coreservices.dylib
0x00000000059f6000 	/usr/lib/system/libsystem_coretls.dylib
0x00000000059f6000 	/usr/lib/system/libsystem_dnssd.dylib
0x00000000059f6000 	/usr/lib/system/libsystem_info.dylib
0x00000000059f6000 	/usr/lib/system/libsystem_kernel.dylib
0x00000000059f6000 	/usr/lib/system/libsystem_m.dylib
0x00000000059f6000 	/usr/lib/system/libsystem_malloc.dylib
0x00000000059f6000 	/usr/lib/system/libsystem_network.dylib
0x00000000059f6000 	/usr/lib/system/libsystem_networkextension.dylib
0x00000000059f6000 	/usr/lib/system/libsystem_notify.dylib
0x00000000059f6000 	/usr/lib/system/libsystem_platform.dylib
0x00000000059f6000 	/usr/lib/system/libsystem_pthread.dylib
0x00000000059f6000 	/usr/lib/system/libsystem_sandbox.dylib
0x00000000059f6000 	/usr/lib/system/libsystem_secinit.dylib
0x00000000059f6000 	/usr/lib/system/libsystem_trace.dylib
0x00000000059f6000 	/usr/lib/system/libunc.dylib
0x00000000059f6000 	/usr/lib/system/libunwind.dylib
0x00000000059f6000 	/usr/lib/system/libxpc.dylib
0x00000000059f6000 	/usr/lib/libenergytrace.dylib
0x00000000059f6000 	/usr/lib/libbsm.0.dylib
0x00000000059f6000 	/usr/lib/system/libkxld.dylib
0x00000000059f6000 	/usr/lib/libxar.1.dylib
0x00000000059f6000 	/usr/lib/libsqlite3.dylib
0x00000000059f6000 	/usr/lib/libpam.2.dylib
0x00000000059f6000 	/usr/lib/libOpenScriptingUtil.dylib
0x00000000059f6000 	/usr/lib/libbz2.1.0.dylib
0x00000000059f6000 	/usr/lib/liblzma.5.dylib
0x00000000059f6000 	/System/Library/Frameworks/CoreServices.framework/Versions/A/Frameworks/FSEvents.framework/Versions/A/FSEvents
0x00000000059f6000 	/System/Library/Frameworks/CoreServices.framework/Versions/A/Frameworks/CarbonCore.framework/Versions/A/CarbonCore
0x00000000059f6000 	/System/Library/Frameworks/CoreServices.framework/Versions/A/Frameworks/Metadata.framework/Versions/A/Metadata
0x00000000059f6000 	/System/Library/Frameworks/CoreServices.framework/Versions/A/Frameworks/OSServices.framework/Versions/A/OSServices
0x00000000059f6000 	/System/Library/Frameworks/CoreServices.framework/Versions/A/Frameworks/SearchKit.framework/Versions/A/SearchKit
0x00000000059f6000 	/System/Library/Frameworks/CoreServices.framework/Versions/A/Frameworks/AE.framework/Versions/A/AE
0x00000000059f6000 	/System/Library/Frameworks/CoreServices.framework/Versions/A/Frameworks/LaunchServices.framework/Versions/A/LaunchServices
0x00000000059f6000 	/System/Library/Frameworks/CoreServices.framework/Versions/A/Frameworks/DictionaryServices.framework/Versions/A/DictionaryServices
0x00000000059f6000 	/System/Library/Frameworks/CoreServices.framework/Versions/A/Frameworks/SharedFileList.framework/Versions/A/SharedFileList
0x00000000059f6000 	/System/Library/Frameworks/NetFS.framework/Versions/A/NetFS
0x00000000059f6000 	/System/Library/PrivateFrameworks/NetAuth.framework/Versions/A/NetAuth
0x00000000059f6000 	/System/Library/PrivateFrameworks/login.framework/Versions/A/Frameworks/loginsupport.framework/Versions/A/loginsupport
0x00000000059f6000 	/System/Library/PrivateFrameworks/TCC.framework/Versions/A/TCC
0x00000000059f6000 	/usr/lib/libmecabra.dylib
0x00000000059f6000 	/System/Library/Frameworks/ApplicationServices.framework/Versions/A/Frameworks/ATS.framework/Versions/A/ATS
0x00000000059f6000 	/System/Library/Frameworks/ApplicationServices.framework/Versions/A/Frameworks/ColorSync.framework/Versions/A/ColorSync
0x00000000059f6000 	/System/Library/Frameworks/ApplicationServices.framework/Versions/A/Frameworks/HIServices.framework/Versions/A/HIServices
0x00000000059f6000 	/System/Library/Frameworks/ApplicationServices.framework/Versions/A/Frameworks/LangAnalysis.framework/Versions/A/LangAnalysis
0x00000000059f6000 	/System/Library/Frameworks/ApplicationServices.framework/Versions/A/Frameworks/PrintCore.framework/Versions/A/PrintCore
0x00000000059f6000 	/System/Library/Frameworks/ApplicationServices.framework/Versions/A/Frameworks/QD.framework/Versions/A/QD
0x00000000059f6000 	/System/Library/Frameworks/ApplicationServices.framework/Versions/A/Frameworks/SpeechSynthesis.framework/Versions/A/SpeechSynthesis
0x00000000059f6000 	/System/Library/Frameworks/Metal.framework/Versions/A/Metal
0x00000000059f6000 	/System/Library/Frameworks/Accelerate.framework/Versions/A/Frameworks/vImage.framework/Versions/A/vImage
0x00000000059f6000 	/System/Library/Frameworks/Accelerate.framework/Versions/A/Frameworks/vecLib.framework/Versions/A/vecLib
0x00000000059f6000 	/System/Library/Frameworks/Accelerate.framework/Versions/A/Frameworks/vecLib.framework/Versions/A/libvDSP.dylib
0x00000000059f6000 	/System/Library/Frameworks/Accelerate.framework/Versions/A/Frameworks/vecLib.framework/Versions/A/libvMisc.dylib
0x00000000059f6000 	/System/Library/Frameworks/Accelerate.framework/Versions/A/Frameworks/vecLib.framework/Versions/A/libLAPACK.dylib
0x00000000059f6000 	/System/Library/Frameworks/Accelerate.framework/Versions/A/Frameworks/vecLib.framework/Versions/A/libBLAS.dylib
0x00000000059f6000 	/System/Library/Frameworks/Accelerate.framework/Versions/A/Frameworks/vecLib.framework/Versions/A/libLinearAlgebra.dylib
0x00000000059f6000 	/System/Library/Frameworks/Accelerate.framework/Versions/A/Frameworks/vecLib.framework/Versions/A/libSparseBLAS.dylib
0x00000000059f6000 	/System/Library/PrivateFrameworks/GPUCompiler.framework/libmetal_timestamp.dylib
0x00000000059f6000 	/System/Library/Frameworks/OpenGL.framework/Versions/A/Libraries/libCoreFSCache.dylib
0x00000000059f6000 	/System/Library/PrivateFrameworks/IOAccelerator.framework/Versions/A/IOAccelerator
0x00000000059f6000 	/System/Library/Frameworks/ApplicationServices.framework/Versions/A/Frameworks/ATS.framework/Versions/A/Resources/libFontParser.dylib
0x00000000059f6000 	/System/Library/Frameworks/ApplicationServices.framework/Versions/A/Frameworks/ATS.framework/Versions/A/Resources/libFontRegistry.dylib
0x00000000059f6000 	/System/Library/PrivateFrameworks/AppleVPA.framework/Versions/A/AppleVPA
0x00000000059f6000 	/System/Library/PrivateFrameworks/AppleJPEG.framework/Versions/A/AppleJPEG
0x00000000059f6000 	/System/Library/Frameworks/ImageIO.framework/Versions/A/Resources/libJPEG.dylib
0x00000000059f6000 	/System/Library/Frameworks/ImageIO.framework/Versions/A/Resources/libTIFF.dylib
0x00000000059f6000 	/System/Library/Frameworks/ImageIO.framework/Versions/A/Resources/libPng.dylib
0x00000000059f6000 	/System/Library/Frameworks/ImageIO.framework/Versions/A/Resources/libGIF.dylib
0x00000000059f6000 	/System/Library/Frameworks/ImageIO.framework/Versions/A/Resources/libJP2.dylib
0x00000000059f6000 	/System/Library/Frameworks/ImageIO.framework/Versions/A/Resources/libRadiance.dylib
0x00000000059f6000 	/System/Library/Frameworks/CoreVideo.framework/Versions/A/CoreVideo
0x00000000059f6000 	/System/Library/Frameworks/OpenGL.framework/Versions/A/Libraries/libGLU.dylib
0x00000000059f6000 	/System/Library/Frameworks/OpenGL.framework/Versions/A/Libraries/libGFXShared.dylib
0x00000000059f6000 	/System/Library/Frameworks/OpenGL.framework/Versions/A/Libraries/libGL.dylib
0x00000000059f6000 	/System/Library/Frameworks/OpenGL.framework/Versions/A/Libraries/libGLImage.dylib
0x00000000059f6000 	/System/Library/Frameworks/OpenGL.framework/Versions/A/Libraries/libCVMSPluginSupport.dylib
0x00000000059f6000 	/System/Library/Frameworks/OpenGL.framework/Versions/A/Libraries/libCoreVMClient.dylib
0x00000000059f6000 	/usr/lib/libcompression.dylib
0x00000000059f6000 	/usr/lib/libcups.2.dylib
0x00000000059f6000 	/System/Library/Frameworks/Kerberos.framework/Versions/A/Kerberos
0x00000000059f6000 	/System/Library/Frameworks/GSS.framework/Versions/A/GSS
0x00000000059f6000 	/usr/lib/libresolv.9.dylib
0x00000000059f6000 	/usr/lib/libiconv.2.dylib
0x00000000059f6000 	/System/Library/PrivateFrameworks/Heimdal.framework/Versions/A/Heimdal
0x00000000059f6000 	/usr/lib/libheimdal-asn1.dylib
0x00000000059f6000 	/System/Library/Frameworks/OpenDirectory.framework/Versions/A/OpenDirectory
0x00000000059f6000 	/System/Library/PrivateFrameworks/CommonAuth.framework/Versions/A/CommonAuth
0x00000000059f6000 	/System/Library/Frameworks/OpenDirectory.framework/Versions/A/Frameworks/CFOpenDirectory.framework/Versions/A/CFOpenDirectory
0x00000000059f6000 	/System/Library/Frameworks/SecurityFoundation.framework/Versions/A/SecurityFoundation
0x00000000059f6000 	/System/Library/PrivateFrameworks/LanguageModeling.framework/Versions/A/LanguageModeling
0x00000000059f6000 	/usr/lib/libmarisa.dylib
0x00000000059f6000 	/usr/lib/libChineseTokenizer.dylib
0x00000000059f6000 	/usr/lib/libcmph.dylib
0x00000000059f6000 	/System/Library/Frameworks/ServiceManagement.framework/Versions/A/ServiceManagement
0x00000000059f6000 	/usr/lib/libxslt.1.dylib
0x00000000059f6000 	/System/Library/Frameworks/Carbon.framework/Versions/A/Frameworks/Ink.framework/Versions/A/Ink
0x00000000059f6000 	/usr/lib/libFosl_dynamic.dylib
0x00000000059f6000 	/System/Library/PrivateFrameworks/FaceCore.framework/Versions/A/FaceCore
0x00000000059f6000 	/System/Library/Frameworks/OpenCL.framework/Versions/A/OpenCL
0x00000000059f6000 	/System/Library/PrivateFrameworks/CrashReporterSupport.framework/Versions/A/CrashReporterSupport
0x00000000059f6000 	/System/Library/PrivateFrameworks/IconServices.framework/Versions/A/IconServices
0x00000000059f6000 	/System/Library/PrivateFrameworks/Apple80211.framework/Versions/A/Apple80211
0x00000000059f6000 	/System/Library/Frameworks/CoreWLAN.framework/Versions/A/CoreWLAN
0x00000000059f6000 	/System/Library/Frameworks/IOBluetooth.framework/Versions/A/IOBluetooth
0x00000000059f6000 	/System/Library/PrivateFrameworks/CoreWiFi.framework/Versions/A/CoreWiFi
0x00000000059f6000 	/System/Library/Frameworks/CoreBluetooth.framework/Versions/A/CoreBluetooth
0x00000000059f6000 	/System/Library/PrivateFrameworks/ChunkingLibrary.framework/Versions/A/ChunkingLibrary
0x00000000059f6000 	/System/Library/PrivateFrameworks/DebugSymbols.framework/Versions/A/DebugSymbols
0x00000000059f6000 	/System/Library/PrivateFrameworks/CoreSymbolication.framework/Versions/A/CoreSymbolication
0x00000000059f6000 	/System/Library/PrivateFrameworks/Symbolication.framework/Versions/A/Symbolication
0x00000000059f6000 	/System/Library/PrivateFrameworks/SpeechRecognitionCore.framework/Versions/A/SpeechRecognitionCore
0x000000010b200000 	/Library/Java/JavaVirtualMachines/jdk1.8.0_101.jdk/Contents/Home/jre/lib/server/libjvm.dylib
0x00000000059f6000 	/usr/lib/libstdc++.6.dylib
0x000000010a99d000 	/Library/Java/JavaVirtualMachines/jdk1.8.0_101.jdk/Contents/Home/jre/lib/libverify.dylib
0x000000010a9ab000 	/Library/Java/JavaVirtualMachines/jdk1.8.0_101.jdk/Contents/Home/jre/lib/libjava.dylib
0x000000010a9ea000 	/Library/Java/JavaVirtualMachines/jdk1.8.0_101.jdk/Contents/Home/jre/lib/libzip.dylib
0x000000011f597000 	/System/Library/Frameworks/JavaVM.framework/Frameworks/JavaRuntimeSupport.framework/JavaRuntimeSupport
0x000000011f5b2000 	/System/Library/Frameworks/JavaVM.framework/Versions/A/Frameworks/JavaNativeFoundation.framework/Versions/A/JavaNativeFoundation
0x000000011f5c7000 	/System/Library/Frameworks/JavaVM.framework/Versions/A/JavaVM
0x00000000059f6000 	/System/Library/Frameworks/Carbon.framework/Versions/A/Carbon
0x000000010a9f4000 	/System/Library/PrivateFrameworks/JavaLaunching.framework/Versions/A/JavaLaunching
0x00000000059f6000 	/System/Library/Frameworks/Carbon.framework/Versions/A/Frameworks/CommonPanels.framework/Versions/A/CommonPanels
0x00000000059f6000 	/System/Library/Frameworks/Carbon.framework/Versions/A/Frameworks/Help.framework/Versions/A/Help
0x00000000059f6000 	/System/Library/Frameworks/Carbon.framework/Versions/A/Frameworks/ImageCapture.framework/Versions/A/ImageCapture
0x00000000059f6000 	/System/Library/Frameworks/Carbon.framework/Versions/A/Frameworks/OpenScripting.framework/Versions/A/OpenScripting
0x00000000059f6000 	/System/Library/Frameworks/Carbon.framework/Versions/A/Frameworks/Print.framework/Versions/A/Print
0x00000000059f6000 	/System/Library/Frameworks/Carbon.framework/Versions/A/Frameworks/SecurityHI.framework/Versions/A/SecurityHI
0x0000000120f45000 	/Library/Java/JavaVirtualMachines/jdk1.8.0_101.jdk/Contents/Home/jre/lib/libawt.dylib
0x0000000120fed000 	/Library/Java/JavaVirtualMachines/jdk1.8.0_101.jdk/Contents/Home/jre/lib/./libmlib_image.dylib
0x00000001210b9000 	/Library/Java/JavaVirtualMachines/jdk1.8.0_101.jdk/Contents/Home/jre/lib/libawt_lwawt.dylib
0x000000012116e000 	/Library/Java/JavaVirtualMachines/jdk1.8.0_101.jdk/Contents/Home/jre/lib/./libosxapp.dylib
0x00000000059f6000 	/System/Library/Frameworks/ExceptionHandling.framework/Versions/A/ExceptionHandling
0x00000000059f6000 	/System/Library/PrivateFrameworks/CoreServicesInternal.framework/Versions/A/CoreServicesInternal
0x00000000059f6000 	/System/Library/Frameworks/CoreGraphics.framework/Versions/A/Resources/libRIP.A.dylib
0x00000000059f6000 	/System/Library/Frameworks/Accelerate.framework/Versions/A/Frameworks/vImage.framework/Versions/A/Libraries/libCGInterfaces.dylib
0x00000000059f6000 	/System/Library/Frameworks/CoreGraphics.framework/Versions/A/Resources/libCGXType.A.dylib
0x00000000059f6000 	/System/Library/Frameworks/OpenCL.framework/Versions/A/Libraries/libcldcpuengine.dylib
0x00000000059f6000 	/System/Library/PrivateFrameworks/DiskImages.framework/Versions/A/DiskImages
0x00000000059f6000 	/System/Library/Frameworks/DiscRecording.framework/Versions/A/DiscRecording
0x00000000059f6000 	/usr/lib/libcsfde.dylib
0x00000000059f6000 	/usr/lib/libcurl.4.dylib
0x00000000059f6000 	/System/Library/PrivateFrameworks/MediaKit.framework/Versions/A/MediaKit
0x00000000059f6000 	/System/Library/PrivateFrameworks/ProtectedCloudStorage.framework/Versions/A/ProtectedCloudStorage
0x00000000059f6000 	/usr/lib/libCoreStorage.dylib
0x00000000059f6000 	/System/Library/PrivateFrameworks/EFILogin.framework/Versions/A/EFILogin
0x00000000059f6000 	/usr/lib/libutil.dylib
0x00000000059f6000 	/System/Library/PrivateFrameworks/FindMyDevice.framework/Versions/A/FindMyDevice
0x00000000059f6000 	/System/Library/Frameworks/LDAP.framework/Versions/A/LDAP
0x00000000059f6000 	/usr/lib/libsasl2.2.dylib
0x00000000059f6000 	/System/Library/PrivateFrameworks/CoreDaemon.framework/Versions/B/CoreDaemon
0x00000000059f6000 	/usr/lib/libcrypto.0.9.8.dylib
0x00000000059f6000 	/System/Library/PrivateFrameworks/AppleSRP.framework/Versions/A/AppleSRP
0x00000000059f6000 	/System/Library/PrivateFrameworks/TrustEvaluationAgent.framework/Versions/A/TrustEvaluationAgent
0x0000000122986000 	cl_kernels
0x00000000059f6000 	/System/Library/Frameworks/OpenCL.framework/Versions/A/Libraries/ImageFormats/unorm8_bgra.dylib
0x00000000059f6000 	/System/Library/Frameworks/OpenCL.framework/Versions/A/Libraries/ImageFormats/unorm8_rgba.dylib
0x00000000059f6000 	/System/Library/PrivateFrameworks/FamilyControls.framework/Versions/A/FamilyControls
0x00000000059f6000 	/System/Library/PrivateFrameworks/CommerceKit.framework/Versions/A/Frameworks/CommerceCore.framework/Versions/A/CommerceCore
0x00000000059f6000 	/System/Library/PrivateFrameworks/SystemAdministration.framework/Versions/A/SystemAdministration
0x00000000059f6000 	/System/Library/PrivateFrameworks/AppContainer.framework/Versions/A/AppContainer
0x00000000059f6000 	/System/Library/PrivateFrameworks/SecCodeWrapper.framework/Versions/A/SecCodeWrapper
0x00000000059f6000 	/System/Library/Frameworks/DirectoryService.framework/Versions/A/DirectoryService
0x00000000059f6000 	/System/Library/PrivateFrameworks/LoginUIKit.framework/Versions/A/Frameworks/LoginUICore.framework/Versions/A/LoginUICore
0x00000000059f6000 	/usr/lib/libodfde.dylib
0x00000001239a3000 	/Library/Java/JavaVirtualMachines/jdk1.8.0_101.jdk/Contents/Home/jre/lib/libfontmanager.dylib
0x0000000123a0a000 	/Users/justin/Documents/SWEN/SLICK_HOME/liblwjgl.dylib
0x0000000121e5e000 	/Library/Java/JavaVirtualMachines/jdk1.8.0_101.jdk/Contents/Home/jre/lib/libjawt.dylib
0x00000000059f6000 	/System/Library/Frameworks/OpenGL.framework/Versions/A/Resources/GLEngine.bundle/GLEngine
0x00000000059f6000 	/System/Library/Frameworks/OpenGL.framework/Versions/A/Libraries/libGLProgrammability.dylib
0x0000000123a8c000 	/System/Library/Extensions/AppleIntelHD5000GraphicsGLDriver.bundle/Contents/MacOS/AppleIntelHD5000GraphicsGLDriver
0x00000000059f6000 	/System/Library/PrivateFrameworks/GPUSupport.framework/Versions/A/Libraries/libGPUSupportMercury.dylib
0x00000000059f6000 	/System/Library/Frameworks/OpenGL.framework/Versions/A/Resources/GLRendererFloat.bundle/GLRendererFloat
0x0000000121e74000 	/Users/justin/Documents/SWEN/SLICK_HOME/libjinput-osx.dylib
0x0000000124f0f000 	/System/Library/Extensions/IOHIDFamily.kext/Contents/PlugIns/IOHIDLib.plugin/Contents/MacOS/IOHIDLib
0x0000000124f4e000 	/Library/Java/JavaVirtualMachines/jdk1.8.0_101.jdk/Contents/Home/jre/lib/libnio.dylib
0x0000000124f5e000 	/Library/Java/JavaVirtualMachines/jdk1.8.0_101.jdk/Contents/Home/jre/lib/./libnet.dylib

VM Arguments:
jvm_args: -Djava.library.path=/Users/justin/Documents/SWEN/SLICK_HOME -Dfile.encoding=UTF-8 
java_command: RPG
java_class_path (initial): /Users/justin/Documents/SWEN/workspace/Workshop4/bin:/Users/justin/Documents/SWEN/workspace/Workshop4/lib/jinput.jar:/Users/justin/Documents/SWEN/workspace/Workshop4/lib/lwjgl.jar:/Users/justin/Documents/SWEN/workspace/Workshop4/lib/slick.jar
Launcher Type: SUN_STANDARD

Environment Variables:
PATH=/usr/bin:/bin:/usr/sbin:/sbin
SHELL=/bin/bash

Signal Handlers:
SIGSEGV: [libjvm.dylib+0x5af145], sa_mask[0]=11111111011111110111111111111111, sa_flags=SA_ONSTACK|SA_RESTART|SA_SIGINFO
SIGBUS: [libjvm.dylib+0x5af145], sa_mask[0]=11111111011111110111111111111111, sa_flags=SA_RESTART|SA_SIGINFO
SIGFPE: [libjvm.dylib+0x48694c], sa_mask[0]=11111111011111110111111111111111, sa_flags=SA_RESTART|SA_SIGINFO
SIGPIPE: [libjvm.dylib+0x48694c], sa_mask[0]=11111111011111110111111111111111, sa_flags=SA_RESTART|SA_SIGINFO
SIGXFSZ: [libjvm.dylib+0x48694c], sa_mask[0]=11111111011111110111111111111111, sa_flags=SA_RESTART|SA_SIGINFO
SIGILL: [libjvm.dylib+0x48694c], sa_mask[0]=11111111011111110111111111111111, sa_flags=SA_RESTART|SA_SIGINFO
SIGUSR1: SIG_DFL, sa_mask[0]=00000000000000000000000000000000, sa_flags=none
SIGUSR2: [libjvm.dylib+0x48646a], sa_mask[0]=00100000000000000000000000000000, sa_flags=SA_RESTART|SA_SIGINFO
SIGHUP: [libjvm.dylib+0x484a41], sa_mask[0]=11111111011111110111111111111111, sa_flags=SA_RESTART|SA_SIGINFO
SIGINT: [libjvm.dylib+0x484a41], sa_mask[0]=11111111011111110111111111111111, sa_flags=SA_RESTART|SA_SIGINFO
SIGTERM: [libjvm.dylib+0x484a41], sa_mask[0]=11111111011111110111111111111111, sa_flags=SA_RESTART|SA_SIGINFO
SIGQUIT: [libjvm.dylib+0x484a41], sa_mask[0]=11111111011111110111111111111111, sa_flags=SA_RESTART|SA_SIGINFO


---------------  S Y S T E M  ---------------

OS:Bsduname:Darwin 15.6.0 Darwin Kernel Version 15.6.0: Thu Jun 23 18:25:34 PDT 2016; root:xnu-3248.60.10~1/RELEASE_X86_64 x86_64
rlimit: STACK 8192k, CORE 0k, NPROC 709, NOFILE 10240, AS infinity
load average:1.85 1.71 1.70

CPU:total 4 (2 cores per cpu, 2 threads per core) family 6 model 69 stepping 1, cmov, cx8, fxsr, mmx, sse, sse2, sse3, ssse3, sse4.1, sse4.2, popcnt, avx, avx2, aes, clmul, erms, lzcnt, ht, tsc, tscinvbit, bmi1, bmi2

Memory: 4k page, physical 4194304k(27916k free)

/proc/meminfo:


vm_info: Java HotSpot(TM) 64-Bit Server VM (25.101-b13) for bsd-amd64 JRE (1.8.0_101-b13), built on Jun 22 2016 02:42:15 by "java_re" with gcc 4.2.1 (Based on Apple Inc. build 5658) (LLVM build 2336.11.00)

time: Tue Aug 30 21:25:40 2016
elapsed time: 12 seconds (0d 0h 0m 12s)

