#
# A fatal error has been detected by the Java Runtime Environment:
#
#  SIGSEGV (0xb) at pc=0x00007fff994694dd, pid=22273, tid=0x0000000000000a0b
#
# JRE version: Java(TM) SE Runtime Environment (8.0_101-b13) (build 1.8.0_101-b13)
# Java VM: Java HotSpot(TM) 64-Bit Server VM (25.101-b13 mixed mode bsd-amd64 compressed oops)
# Problematic frame:
# C  [libobjc.A.dylib+0x14dd]  objc_msgSend+0x1d
#
# Failed to write core dump. Core dumps have been disabled. To enable core dumping, try "ulimit -c unlimited" before starting Java again
#
# If you would like to submit a bug report, please visit:
#   http://bugreport.java.com/bugreport/crash.jsp
# The crash happened outside the Java Virtual Machine in native code.
# See problematic frame for where to report the bug.
#

---------------  T H R E A D  ---------------

Current thread (0x00007f9c7b89c000):  JavaThread "AppKit Thread" daemon [_thread_in_native, id=2571, stack(0x00007fff56568000,0x00007fff56d68000)]

siginfo: si_signo: 11 (SIGSEGV), si_code: 1 (SEGV_MAPERR), si_addr: 0x000007f9c79c60c0

Registers:
RAX=0x00007f9c79c68d20, RBX=0x00007fff56d630c8, RCX=0x00007f9c79f5a5a8, RDX=0x00007f9c79d7a290
RSP=0x00007fff56d63088, RBP=0x00007fff56d63090, RSI=0x00007fff9be1584a, RDI=0x00007f9c79c68d20
R8 =0x000000000000001f, R9 =0x00007f9c79fb7090, R10=0x00007fff9be1584a, R11=0x000007f9c79c60a8
R12=0x00007f9c79d7a290, R13=0x00007f9c79fb7090, R14=0x00007f9c79f5a5a0, R15=0x0000000000000000
RIP=0x00007fff994694dd, EFLAGS=0x0000000000010202, ERR=0x0000000000000004
  TRAPNO=0x000000000000000e

Top of Stack: (sp=0x00007fff56d63088)
0x00007fff56d63088:   00007fff8a924bbc 00007fff56d630b0
0x00007fff56d63098:   00007fff8a924b4f 0000000000000000
0x00007fff56d630a8:   0000000000000000 00007fff56d63120
0x00007fff56d630b8:   00007fff8a924ac7 00007fff56d630f0
0x00007fff56d630c8:   00007fff769410a0 0000000042000000
0x00007fff56d630d8:   00007fff8a924b10 00007fff766ca720
0x00007fff56d630e8:   00007f9c79fb7090 00007f9c79d7a290
0x00007fff56d630f8:   00007fff56d638c8 00007fff767f7780
0x00007fff56d63108:   00007fff56d638c8 00007f9c79fb7090
0x00007fff56d63118:   00007fff8ace49e2 00007fff56d63160
0x00007fff56d63128:   00007fff8a924832 00007fff56d63740
0x00007fff56d63138:   0000000000000001 00007fff767f7780
0x00007fff56d63148:   00007fff56d638c8 00007fff994694c0
0x00007fff56d63158:   00007fff8ace49e2 00007fff56d63870
0x00007fff56d63168:   00007fff8a8e15e2 00007f9c79c5f1e0
0x00007fff56d63178:   ffff8063863a0e20 00007fff7961bd00
0x00007fff56d63188:   00007f9c79c0d120 00007f9c7a8050b8
0x00007fff56d63198:   00007f9c79e6aec0 0000000000000000
0x00007fff56d631a8:   0000000000000000 0000000000000000
0x00007fff56d631b8:   00007f9c79e6be40 00007fff76707bc0
0x00007fff56d631c8:   00007fff56d63740 0000000000000002
0x00007fff56d631d8:   0000000000000100 00007fff56d63200
0x00007fff56d631e8:   00007fff56d63640 0000000000000000
0x00007fff56d631f8:   0000000000000100 00007fff56d63200
0x00007fff56d63208:   00007fff767f7780 0000000000000000
0x00007fff56d63218:   00007fff766cb500 00007fff767f7780
0x00007fff56d63228:   0000000000000000 00007fff766cb500
0x00007fff56d63238:   00007fff7961bd00 00007fff56d632b0
0x00007fff56d63248:   00007fff994702a4 0000000000000000
0x00007fff56d63258:   00007fff7961d590 0000000100000000
0x00007fff56d63268:   0000000000000000 ffff8063863cbef0
0x00007fff56d63278:   00007f9c79c552b0 00007f9c79c554a0 

Instructions: (pc=0x00007fff994694dd)
0x00007fff994694bd:   44 00 00 48 85 ff 2e 74 62 40 f6 c7 01 2e 75 66
0x00007fff994694cd:   49 bb f8 ff ff ff ff 7f 00 00 4c 23 1f 49 89 f2
0x00007fff994694dd:   45 23 53 18 49 c1 e2 04 4d 03 53 10 49 3b 32 75
0x00007fff994694ed:   04 41 ff 62 08 49 83 3a 01 76 0d 49 83 c2 10 49 

Register to memory mapping:

RAX=0x00007f9c79c68d20 is an unknown value
RBX=0x00007fff56d630c8 is pointing into the stack for thread: 0x00007f9c7b89c000
RCX=0x00007f9c79f5a5a8 is an unknown value
RDX=0x00007f9c79d7a290 is an unknown value
RSP=0x00007fff56d63088 is pointing into the stack for thread: 0x00007f9c7b89c000
RBP=0x00007fff56d63090 is pointing into the stack for thread: 0x00007f9c7b89c000
RSI=0x00007fff9be1584a: -[NSTitlebarContainerView transparent]+0x63088 in /System/Library/Frameworks/AppKit.framework/Versions/C/AppKit at 0x00007fff9b388000
RDI=0x00007f9c79c68d20 is an unknown value
R8 =0x000000000000001f is an unknown value
R9 =0x00007f9c79fb7090 is an unknown value
R10=0x00007fff9be1584a: -[NSTitlebarContainerView transparent]+0x63088 in /System/Library/Frameworks/AppKit.framework/Versions/C/AppKit at 0x00007fff9b388000
R11=0x000007f9c79c60a8 is an unknown value
R12=0x00007f9c79d7a290 is an unknown value
R13=0x00007f9c79fb7090 is an unknown value
R14=0x00007f9c79f5a5a0 is an unknown value
R15=0x0000000000000000 is an unknown value


Stack: [0x00007fff56568000,0x00007fff56d68000],  sp=0x00007fff56d63088,  free space=8172k
Native frames: (J=compiled Java code, j=interpreted, Vv=VM code, C=native code)
C  [libobjc.A.dylib+0x14dd]  objc_msgSend+0x1d
C  [CoreFoundation+0xa0b4f]  ___CFXRegistrationPost_block_invoke+0x3f
C  [CoreFoundation+0xa0ac7]  _CFXRegistrationPost+0x197
C  [CoreFoundation+0xa0832]  ___CFXNotificationPost_block_invoke+0x32
C  [CoreFoundation+0x5d5e2]  -[_CFXNotificationRegistrar find:object:observer:enumerator:]+0x782
C  [CoreFoundation+0x5c835]  _CFXNotificationPost+0x2b5
C  [Foundation+0x717a]  -[NSNotificationCenter postNotificationName:object:userInfo:]+0x42
C  [AppKit+0x26526e]  -[NSSurface _disposeSurface]+0xa9
C  [AppKit+0x264cc7]  -[NSSurface setWindow:]+0x42
C  [AppKit+0x28ba7]  -[NSView _setWindow:]+0x9be
C  [AppKit+0x2b993]  -[NSView removeFromSuperview]+0x1d7
C  [AppKit+0x155c7b]  -[NSView removeFromSuperviewWithoutNeedingDisplay]+0x26
C  [liblwjgl.dylib+0xa205]  +[MacOSXKeyableWindow destroyWindow]+0xb5
C  [Foundation+0x76fde]  __NSThreadPerformPerform+0x117
C  [CoreFoundation+0xaa881]  __CFRUNLOOP_IS_CALLING_OUT_TO_A_SOURCE0_PERFORM_FUNCTION__+0x11
C  [CoreFoundation+0x89fbc]  __CFRunLoopDoSources0+0x22c
C  [CoreFoundation+0x894df]  __CFRunLoopRun+0x39f
C  [CoreFoundation+0x88ed8]  CFRunLoopRunSpecific+0x128
C  [HIToolbox+0x30935]  RunCurrentEventLoopInMode+0xeb
C  [HIToolbox+0x30677]  ReceiveNextEventCommon+0xb8
C  [HIToolbox+0x305af]  _BlockUntilNextEventMatchingListInModeWithFilter+0x47
C  [AppKit+0x48df6]  _DPSNextEvent+0x42b
C  [AppKit+0x48226]  -[NSApplication _nextEventMatchingEventMask:untilDate:inMode:dequeue:]+0x1c6
C  [libosxapp.dylib+0x23aa]  -[NSApplicationAWT nextEventMatchingMask:untilDate:inMode:dequeue:]+0x7c
C  [AppKit+0x3cd80]  -[NSApplication run]+0x2aa
C  [libosxapp.dylib+0x214d]  +[NSApplicationAWT runAWTLoopWithApp:]+0x9c
C  [libawt_lwawt.dylib+0x444b3]  -[AWTStarter starter:]+0x389
C  [Foundation+0x76fde]  __NSThreadPerformPerform+0x117
C  [CoreFoundation+0xaa881]  __CFRUNLOOP_IS_CALLING_OUT_TO_A_SOURCE0_PERFORM_FUNCTION__+0x11
C  [CoreFoundation+0x89fbc]  __CFRunLoopDoSources0+0x22c
C  [CoreFoundation+0x894df]  __CFRunLoopRun+0x39f
C  [CoreFoundation+0x88ed8]  CFRunLoopRunSpecific+0x128
C  [java+0x6465]  CreateExecutionEnvironment+0x367
C  [java+0x218c]  JLI_Launch+0x7a0
C  [java+0x84c2]  main+0x65
C  [java+0x19e4]  start+0x34
C  0x0000000000000006


---------------  P R O C E S S  ---------------

Java Threads: ( => current thread )
  0x00007f9c7a1b7000 JavaThread "Java2D Queue Flusher" daemon [_thread_blocked, id=56839, stack(0x000070000145c000,0x000070000155c000)]
  0x00007f9c7b242000 JavaThread "Java2D Disposer" daemon [_thread_blocked, id=53271, stack(0x0000700001359000,0x0000700001459000)]
  0x00007f9c7b8c2000 JavaThread "AWT-Shutdown" [_thread_blocked, id=28439, stack(0x00007000011d3000,0x00007000012d3000)]
=>0x00007f9c7b89c000 JavaThread "AppKit Thread" daemon [_thread_in_native, id=2571, stack(0x00007fff56568000,0x00007fff56d68000)]
  0x00007f9c7a8ab000 JavaThread "Service Thread" daemon [_thread_blocked, id=18947, stack(0x0000700000ec7000,0x0000700000fc7000)]
  0x00007f9c7b802800 JavaThread "C1 CompilerThread2" daemon [_thread_blocked, id=18435, stack(0x0000700000dc4000,0x0000700000ec4000)]
  0x00007f9c7a8aa000 JavaThread "C2 CompilerThread1" daemon [_thread_blocked, id=17923, stack(0x0000700000cc1000,0x0000700000dc1000)]
  0x00007f9c7a02b000 JavaThread "C2 CompilerThread0" daemon [_thread_blocked, id=17411, stack(0x0000700000bbe000,0x0000700000cbe000)]
  0x00007f9c7a83c800 JavaThread "Signal Dispatcher" daemon [_thread_blocked, id=16899, stack(0x0000700000abb000,0x0000700000bbb000)]
  0x00007f9c7a017000 JavaThread "Finalizer" daemon [_thread_blocked, id=12291, stack(0x000070000082f000,0x000070000092f000)]
  0x00007f9c7b00f000 JavaThread "Reference Handler" daemon [_thread_blocked, id=11779, stack(0x000070000072c000,0x000070000082c000)]
  0x00007f9c7a808000 JavaThread "main" [_thread_in_native, id=5891, stack(0x000070000011a000,0x000070000021a000)]

Other Threads:
  0x00007f9c7b800000 VMThread [stack: 0x0000700000629000,0x0000700000729000] [id=11267]
  0x00007f9c7b018800 WatcherThread [stack: 0x0000700000fca000,0x00007000010ca000] [id=19459]

VM state:not at safepoint (normal execution)

VM Mutex/Monitor currently owned by a thread: None

Heap:
 PSYoungGen      total 18944K, used 8411K [0x00000007aab00000, 0x00000007ac000000, 0x00000007c0000000)
  eden space 16384K, 35% used [0x00000007aab00000,0x00000007ab0bd1c8,0x00000007abb00000)
  from space 2560K, 99% used [0x00000007abb00000,0x00000007abd79ae0,0x00000007abd80000)
  to   space 2560K, 0% used [0x00000007abd80000,0x00000007abd80000,0x00000007ac000000)
 ParOldGen       total 44032K, used 6287K [0x0000000780000000, 0x0000000782b00000, 0x00000007aab00000)
  object space 44032K, 14% used [0x0000000780000000,0x0000000780623e20,0x0000000782b00000)
 Metaspace       used 10859K, capacity 10977K, committed 11264K, reserved 1058816K
  class space    used 1144K, capacity 1215K, committed 1280K, reserved 1048576K

Card table byte_map: [0x0000000119dc0000,0x0000000119fc1000] byte_map_base: 0x00000001161c0000

Marking Bits: (ParMarkBitMap*) 0x0000000109a01d20
 Begin Bits: [0x000000011a117000, 0x000000011b117000)
 End Bits:   [0x000000011b117000, 0x000000011c117000)

Polling page: 0x000000010a0f8000

CodeCache: size=245760Kb used=3945Kb max_used=3957Kb free=241814Kb
 bounds [0x000000010aa00000, 0x000000010adf0000, 0x0000000119a00000]
 total_blobs=1528 nmethods=1006 adapters=436
 compilation: enabled

Compilation events (10 events):
Event: 5.835 Thread 0x00007f9c7a8aa000 1003       4       java.nio.DirectIntBufferU::get (16 bytes)
Event: 5.836 Thread 0x00007f9c7a8aa000 nmethod 1003 0x000000010adb87d0 code [0x000000010adb8920, 0x000000010adb89d8]
Event: 5.852 Thread 0x00007f9c7a02b000 1004       4       java.lang.AbstractStringBuilder::append (62 bytes)
Event: 5.865 Thread 0x00007f9c7a02b000 nmethod 1004 0x000000010addb350 code [0x000000010addb4c0, 0x000000010addbb78]
Event: 5.880 Thread 0x00007f9c7a8aa000 1005       4       org.newdawn.slick.tiled.TiledMap::render (130 bytes)
Event: 5.886 Thread 0x00007f9c7a8aa000 nmethod 1005 0x000000010addab50 code [0x000000010addacc0, 0x000000010addafb8]
Event: 6.191 Thread 0x00007f9c7a02b000 1006       4       org.newdawn.slick.opengl.TextureImpl::bind (39 bytes)
Event: 6.197 Thread 0x00007f9c7a02b000 nmethod 1006 0x000000010addfd50 code [0x000000010addfee0, 0x000000010ade01f8]
Event: 6.289 Thread 0x00007f9c7a8aa000 1007       4       java.nio.DirectByteBuffer::put (18 bytes)
Event: 6.290 Thread 0x00007f9c7a8aa000 nmethod 1007 0x000000010adda890 code [0x000000010adda9e0, 0x000000010addaa98]

GC Heap History (2 events):
Event: 2.023 GC heap before
{Heap before GC invocations=1 (full 0):
 PSYoungGen      total 18944K, used 16384K [0x00000007aab00000, 0x00000007ac000000, 0x00000007c0000000)
  eden space 16384K, 100% used [0x00000007aab00000,0x00000007abb00000,0x00000007abb00000)
  from space 2560K, 0% used [0x00000007abd80000,0x00000007abd80000,0x00000007ac000000)
  to   space 2560K, 0% used [0x00000007abb00000,0x00000007abb00000,0x00000007abd80000)
 ParOldGen       total 44032K, used 0K [0x0000000780000000, 0x0000000782b00000, 0x00000007aab00000)
  object space 44032K, 0% used [0x0000000780000000,0x0000000780000000,0x0000000782b00000)
 Metaspace       used 10592K, capacity 10785K, committed 11008K, reserved 1058816K
  class space    used 1131K, capacity 1215K, committed 1280K, reserved 1048576K
Event: 2.035 GC heap after
Heap after GC invocations=1 (full 0):
 PSYoungGen      total 18944K, used 2534K [0x00000007aab00000, 0x00000007ac000000, 0x00000007c0000000)
  eden space 16384K, 0% used [0x00000007aab00000,0x00000007aab00000,0x00000007abb00000)
  from space 2560K, 99% used [0x00000007abb00000,0x00000007abd79ae0,0x00000007abd80000)
  to   space 2560K, 0% used [0x00000007abd80000,0x00000007abd80000,0x00000007ac000000)
 ParOldGen       total 44032K, used 6287K [0x0000000780000000, 0x0000000782b00000, 0x00000007aab00000)
  object space 44032K, 14% used [0x0000000780000000,0x0000000780623e20,0x0000000782b00000)
 Metaspace       used 10592K, capacity 10785K, committed 11008K, reserved 1058816K
  class space    used 1131K, capacity 1215K, committed 1280K, reserved 1048576K
}

Deoptimization events (9 events):
Event: 0.307 Thread 0x00007f9c7a808000 Uncommon trap: reason=unstable_if action=reinterpret pc=0x000000010ab3f4c0 method=java.lang.String.indexOf(II)I @ 49
Event: 0.610 Thread 0x00007f9c7a808000 Uncommon trap: reason=unstable_if action=reinterpret pc=0x000000010ab9b7dc method=java.lang.String.replace(CC)Ljava/lang/String; @ 26
Event: 1.808 Thread 0x00007f9c7a808000 Uncommon trap: reason=unstable_if action=reinterpret pc=0x000000010abb0114 method=java.lang.String.indexOf([CII[CIII)I @ 3
Event: 1.816 Thread 0x00007f9c7a808000 Uncommon trap: reason=class_check action=maybe_recompile pc=0x000000010ac408b0 method=java.util.HashMap.putVal(ILjava/lang/Object;Ljava/lang/Object;ZZ)Ljava/lang/Object; @ 253
Event: 1.816 Thread 0x00007f9c7a808000 Uncommon trap: reason=class_check action=maybe_recompile pc=0x000000010ac408b0 method=java.util.HashMap.putVal(ILjava/lang/Object;Ljava/lang/Object;ZZ)Ljava/lang/Object; @ 253
Event: 1.817 Thread 0x00007f9c7a808000 Uncommon trap: reason=class_check action=maybe_recompile pc=0x000000010ac408b0 method=java.util.HashMap.putVal(ILjava/lang/Object;Ljava/lang/Object;ZZ)Ljava/lang/Object; @ 253
Event: 1.817 Thread 0x00007f9c7a808000 Uncommon trap: reason=class_check action=maybe_recompile pc=0x000000010ac408b0 method=java.util.HashMap.putVal(ILjava/lang/Object;Ljava/lang/Object;ZZ)Ljava/lang/Object; @ 253
Event: 2.073 Thread 0x00007f9c7a808000 Uncommon trap: reason=unstable_if action=reinterpret pc=0x000000010accea58 method=java.awt.image.ComponentColorModel.extractComponent(Ljava/lang/Object;II)I @ 497
Event: 2.132 Thread 0x00007f9c7a808000 Uncommon trap: reason=unstable_if action=reinterpret pc=0x000000010accf6ac method=sun.awt.image.ByteInterleavedRaster.getDataElements(IILjava/lang/Object;)Ljava/lang/Object; @ 43

Internal exceptions (10 events):
Event: 0.171 Thread 0x00007f9c7a808000 Exception <a 'java/security/PrivilegedActionException'> (0x00000007aac0bdb8) thrown at [/HUDSON3/workspace/8-2-build-macosx-x86_64/jdk8u101/7261/hotspot/src/share/vm/prims/jvm.cpp, line 1386]
Event: 0.284 Thread 0x00007f9c7a808000 Exception <a 'java/security/PrivilegedActionException'> (0x00000007aad4b660) thrown at [/HUDSON3/workspace/8-2-build-macosx-x86_64/jdk8u101/7261/hotspot/src/share/vm/prims/jvm.cpp, line 1386]
Event: 0.284 Thread 0x00007f9c7a808000 Exception <a 'java/security/PrivilegedActionException'> (0x00000007aad4b870) thrown at [/HUDSON3/workspace/8-2-build-macosx-x86_64/jdk8u101/7261/hotspot/src/share/vm/prims/jvm.cpp, line 1386]
Event: 0.284 Thread 0x00007f9c7a808000 Exception <a 'java/security/PrivilegedActionException'> (0x00000007aad4edf0) thrown at [/HUDSON3/workspace/8-2-build-macosx-x86_64/jdk8u101/7261/hotspot/src/share/vm/prims/jvm.cpp, line 1386]
Event: 0.284 Thread 0x00007f9c7a808000 Exception <a 'java/security/PrivilegedActionException'> (0x00000007aad4f000) thrown at [/HUDSON3/workspace/8-2-build-macosx-x86_64/jdk8u101/7261/hotspot/src/share/vm/prims/jvm.cpp, line 1386]
Event: 0.364 Thread 0x00007f9c7a808000 Exception <a 'java/lang/NoSuchFieldError': method resolution failed> (0x00000007aae1d340) thrown at [/HUDSON3/workspace/8-2-build-macosx-x86_64/jdk8u101/7261/hotspot/src/share/vm/prims/methodHandles.cpp, line 1146]
Event: 0.366 Thread 0x00007f9c7a808000 Exception <a 'java/lang/NoSuchFieldError': method resolution failed> (0x00000007aae2aa90) thrown at [/HUDSON3/workspace/8-2-build-macosx-x86_64/jdk8u101/7261/hotspot/src/share/vm/prims/methodHandles.cpp, line 1146]
Event: 0.578 Thread 0x00007f9c7a808000 Exception <a 'java/io/FileNotFoundException'> (0x00000007aaea56b8) thrown at [/HUDSON3/workspace/8-2-build-macosx-x86_64/jdk8u101/7261/hotspot/src/share/vm/prims/jni.cpp, line 709]
Event: 0.578 Thread 0x00007f9c7a808000 Exception <a 'java/io/FileNotFoundException'> (0x00000007aaea6220) thrown at [/HUDSON3/workspace/8-2-build-macosx-x86_64/jdk8u101/7261/hotspot/src/share/vm/prims/jni.cpp, line 709]
Event: 2.132 Thread 0x00007f9c7a808000 Implicit null exception at 0x000000010accf464 to 0x000000010accf691

Events (10 events):
Event: 2.180 loading class org/newdawn/slick/Music
Event: 2.180 loading class org/newdawn/slick/Music done
Event: 2.193 loading class org/newdawn/slick/AngelCodeFont$DisplayList
Event: 2.193 loading class org/newdawn/slick/AngelCodeFont$DisplayList done
Event: 2.196 loading class org/newdawn/slick/util/FastTrig
Event: 2.196 loading class org/newdawn/slick/util/FastTrig done
Event: 4.156 Executing VM operation: EnableBiasedLocking
Event: 4.156 Executing VM operation: EnableBiasedLocking done
Event: 6.288 loading class org/lwjgl/opengl/CallbackUtil
Event: 6.288 loading class org/lwjgl/opengl/CallbackUtil done


Dynamic libraries:
0x00000000059f6000 	/System/Library/Frameworks/Cocoa.framework/Versions/A/Cocoa
0x00000000059f6000 	/System/Library/Frameworks/Security.framework/Versions/A/Security
0x00000000059f6000 	/System/Library/Frameworks/ApplicationServices.framework/Versions/A/ApplicationServices
0x00000000059f6000 	/usr/lib/libz.1.dylib
0x00000000059f6000 	/usr/lib/libSystem.B.dylib
0x00000000059f6000 	/usr/lib/libobjc.A.dylib
0x00000000059f6000 	/System/Library/Frameworks/CoreFoundation.framework/Versions/A/CoreFoundation
0x00000000059f6000 	/System/Library/Frameworks/Foundation.framework/Versions/C/Foundation
0x00000000059f6000 	/System/Library/Frameworks/AppKit.framework/Versions/C/AppKit
0x00000000059f6000 	/System/Library/Frameworks/CoreData.framework/Versions/A/CoreData
0x00000000059f6000 	/System/Library/PrivateFrameworks/RemoteViewServices.framework/Versions/A/RemoteViewServices
0x00000000059f6000 	/System/Library/PrivateFrameworks/UIFoundation.framework/Versions/A/UIFoundation
0x00000000059f6000 	/usr/lib/libScreenReader.dylib
0x00000000059f6000 	/System/Library/Frameworks/Accelerate.framework/Versions/A/Accelerate
0x00000000059f6000 	/System/Library/Frameworks/IOSurface.framework/Versions/A/IOSurface
0x00000000059f6000 	/System/Library/Frameworks/AudioToolbox.framework/Versions/A/AudioToolbox
0x00000000059f6000 	/System/Library/Frameworks/AudioUnit.framework/Versions/A/AudioUnit
0x00000000059f6000 	/System/Library/PrivateFrameworks/DataDetectorsCore.framework/Versions/A/DataDetectorsCore
0x00000000059f6000 	/System/Library/PrivateFrameworks/DesktopServicesPriv.framework/Versions/A/DesktopServicesPriv
0x00000000059f6000 	/System/Library/Frameworks/Carbon.framework/Versions/A/Frameworks/HIToolbox.framework/Versions/A/HIToolbox
0x00000000059f6000 	/System/Library/Frameworks/QuartzCore.framework/Versions/A/QuartzCore
0x00000000059f6000 	/System/Library/Frameworks/Carbon.framework/Versions/A/Frameworks/SpeechRecognition.framework/Versions/A/SpeechRecognition
0x00000000059f6000 	/usr/lib/libauto.dylib
0x00000000059f6000 	/usr/lib/libicucore.A.dylib
0x00000000059f6000 	/usr/lib/libxml2.2.dylib
0x00000000059f6000 	/System/Library/PrivateFrameworks/CoreUI.framework/Versions/A/CoreUI
0x00000000059f6000 	/System/Library/Frameworks/CoreAudio.framework/Versions/A/CoreAudio
0x00000000059f6000 	/System/Library/Frameworks/DiskArbitration.framework/Versions/A/DiskArbitration
0x00000000059f6000 	/usr/lib/liblangid.dylib
0x00000000059f6000 	/System/Library/PrivateFrameworks/MultitouchSupport.framework/Versions/A/MultitouchSupport
0x00000000059f6000 	/System/Library/Frameworks/IOKit.framework/Versions/A/IOKit
0x00000000059f6000 	/usr/lib/libDiagnosticMessagesClient.dylib
0x00000000059f6000 	/System/Library/Frameworks/CoreServices.framework/Versions/A/CoreServices
0x00000000059f6000 	/System/Library/PrivateFrameworks/PerformanceAnalysis.framework/Versions/A/PerformanceAnalysis
0x00000000059f6000 	/System/Library/PrivateFrameworks/GenerationalStorage.framework/Versions/A/GenerationalStorage
0x00000000059f6000 	/System/Library/Frameworks/OpenGL.framework/Versions/A/OpenGL
0x00000000059f6000 	/System/Library/PrivateFrameworks/Sharing.framework/Versions/A/Sharing
0x00000000059f6000 	/System/Library/Frameworks/CoreGraphics.framework/Versions/A/CoreGraphics
0x00000000059f6000 	/System/Library/Frameworks/CoreImage.framework/Versions/A/CoreImage
0x00000000059f6000 	/System/Library/Frameworks/CoreText.framework/Versions/A/CoreText
0x00000000059f6000 	/System/Library/Frameworks/ImageIO.framework/Versions/A/ImageIO
0x00000000059f6000 	/System/Library/PrivateFrameworks/Backup.framework/Versions/A/Backup
0x00000000059f6000 	/usr/lib/libextension.dylib
0x00000000059f6000 	/usr/lib/libarchive.2.dylib
0x00000000059f6000 	/System/Library/Frameworks/CFNetwork.framework/Versions/A/CFNetwork
0x00000000059f6000 	/System/Library/Frameworks/SystemConfiguration.framework/Versions/A/SystemConfiguration
0x00000000059f6000 	/usr/lib/libCRFSuite.dylib
0x00000000059f6000 	/usr/lib/libc++.1.dylib
0x00000000059f6000 	/usr/lib/libc++abi.dylib
0x00000000059f6000 	/usr/lib/system/libcache.dylib
0x00000000059f6000 	/usr/lib/system/libcommonCrypto.dylib
0x00000000059f6000 	/usr/lib/system/libcompiler_rt.dylib
0x00000000059f6000 	/usr/lib/system/libcopyfile.dylib
0x00000000059f6000 	/usr/lib/system/libcorecrypto.dylib
0x00000000059f6000 	/usr/lib/system/libdispatch.dylib
0x00000000059f6000 	/usr/lib/system/libdyld.dylib
0x00000000059f6000 	/usr/lib/system/libkeymgr.dylib
0x00000000059f6000 	/usr/lib/system/liblaunch.dylib
0x00000000059f6000 	/usr/lib/system/libmacho.dylib
0x00000000059f6000 	/usr/lib/system/libquarantine.dylib
0x00000000059f6000 	/usr/lib/system/libremovefile.dylib
0x00000000059f6000 	/usr/lib/system/libsystem_asl.dylib
0x00000000059f6000 	/usr/lib/system/libsystem_blocks.dylib
0x00000000059f6000 	/usr/lib/system/libsystem_c.dylib
0x00000000059f6000 	/usr/lib/system/libsystem_configuration.dylib
0x00000000059f6000 	/usr/lib/system/libsystem_coreservices.dylib
0x00000000059f6000 	/usr/lib/system/libsystem_coretls.dylib
0x00000000059f6000 	/usr/lib/system/libsystem_dnssd.dylib
0x00000000059f6000 	/usr/lib/system/libsystem_info.dylib
0x00000000059f6000 	/usr/lib/system/libsystem_kernel.dylib
0x00000000059f6000 	/usr/lib/system/libsystem_m.dylib
0x00000000059f6000 	/usr/lib/system/libsystem_malloc.dylib
0x00000000059f6000 	/usr/lib/system/libsystem_network.dylib
0x00000000059f6000 	/usr/lib/system/libsystem_networkextension.dylib
0x00000000059f6000 	/usr/lib/system/libsystem_notify.dylib
0x00000000059f6000 	/usr/lib/system/libsystem_platform.dylib
0x00000000059f6000 	/usr/lib/system/libsystem_pthread.dylib
0x00000000059f6000 	/usr/lib/system/libsystem_sandbox.dylib
0x00000000059f6000 	/usr/lib/system/libsystem_secinit.dylib
0x00000000059f6000 	/usr/lib/system/libsystem_trace.dylib
0x00000000059f6000 	/usr/lib/system/libunc.dylib
0x00000000059f6000 	/usr/lib/system/libunwind.dylib
0x00000000059f6000 	/usr/lib/system/libxpc.dylib
0x00000000059f6000 	/usr/lib/libenergytrace.dylib
0x00000000059f6000 	/usr/lib/libbsm.0.dylib
0x00000000059f6000 	/usr/lib/system/libkxld.dylib
0x00000000059f6000 	/usr/lib/libxar.1.dylib
0x00000000059f6000 	/usr/lib/libsqlite3.dylib
0x00000000059f6000 	/usr/lib/libpam.2.dylib
0x00000000059f6000 	/usr/lib/libOpenScriptingUtil.dylib
0x00000000059f6000 	/usr/lib/libbz2.1.0.dylib
0x00000000059f6000 	/usr/lib/liblzma.5.dylib
0x00000000059f6000 	/System/Library/Frameworks/CoreServices.framework/Versions/A/Frameworks/FSEvents.framework/Versions/A/FSEvents
0x00000000059f6000 	/System/Library/Frameworks/CoreServices.framework/Versions/A/Frameworks/CarbonCore.framework/Versions/A/CarbonCore
0x00000000059f6000 	/System/Library/Frameworks/CoreServices.framework/Versions/A/Frameworks/Metadata.framework/Versions/A/Metadata
0x00000000059f6000 	/System/Library/Frameworks/CoreServices.framework/Versions/A/Frameworks/OSServices.framework/Versions/A/OSServices
0x00000000059f6000 	/System/Library/Frameworks/CoreServices.framework/Versions/A/Frameworks/SearchKit.framework/Versions/A/SearchKit
0x00000000059f6000 	/System/Library/Frameworks/CoreServices.framework/Versions/A/Frameworks/AE.framework/Versions/A/AE
0x00000000059f6000 	/System/Library/Frameworks/CoreServices.framework/Versions/A/Frameworks/LaunchServices.framework/Versions/A/LaunchServices
0x00000000059f6000 	/System/Library/Frameworks/CoreServices.framework/Versions/A/Frameworks/DictionaryServices.framework/Versions/A/DictionaryServices
0x00000000059f6000 	/System/Library/Frameworks/CoreServices.framework/Versions/A/Frameworks/SharedFileList.framework/Versions/A/SharedFileList
0x00000000059f6000 	/System/Library/Frameworks/NetFS.framework/Versions/A/NetFS
0x00000000059f6000 	/System/Library/PrivateFrameworks/NetAuth.framework/Versions/A/NetAuth
0x00000000059f6000 	/System/Library/PrivateFrameworks/login.framework/Versions/A/Frameworks/loginsupport.framework/Versions/A/loginsupport
0x00000000059f6000 	/System/Library/PrivateFrameworks/TCC.framework/Versions/A/TCC
0x00000000059f6000 	/usr/lib/libmecabra.dylib
0x00000000059f6000 	/System/Library/Frameworks/ApplicationServices.framework/Versions/A/Frameworks/ATS.framework/Versions/A/ATS
0x00000000059f6000 	/System/Library/Frameworks/ApplicationServices.framework/Versions/A/Frameworks/ColorSync.framework/Versions/A/ColorSync
0x00000000059f6000 	/System/Library/Frameworks/ApplicationServices.framework/Versions/A/Frameworks/HIServices.framework/Versions/A/HIServices
0x00000000059f6000 	/System/Library/Frameworks/ApplicationServices.framework/Versions/A/Frameworks/LangAnalysis.framework/Versions/A/LangAnalysis
0x00000000059f6000 	/System/Library/Frameworks/ApplicationServices.framework/Versions/A/Frameworks/PrintCore.framework/Versions/A/PrintCore
0x00000000059f6000 	/System/Library/Frameworks/ApplicationServices.framework/Versions/A/Frameworks/QD.framework/Versions/A/QD
0x00000000059f6000 	/System/Library/Frameworks/ApplicationServices.framework/Versions/A/Frameworks/SpeechSynthesis.framework/Versions/A/SpeechSynthesis
0x00000000059f6000 	/System/Library/Frameworks/Metal.framework/Versions/A/Metal
0x00000000059f6000 	/System/Library/Frameworks/Accelerate.framework/Versions/A/Frameworks/vImage.framework/Versions/A/vImage
0x00000000059f6000 	/System/Library/Frameworks/Accelerate.framework/Versions/A/Frameworks/vecLib.framework/Versions/A/vecLib
0x00000000059f6000 	/System/Library/Frameworks/Accelerate.framework/Versions/A/Frameworks/vecLib.framework/Versions/A/libvDSP.dylib
0x00000000059f6000 	/System/Library/Frameworks/Accelerate.framework/Versions/A/Frameworks/vecLib.framework/Versions/A/libvMisc.dylib
0x00000000059f6000 	/System/Library/Frameworks/Accelerate.framework/Versions/A/Frameworks/vecLib.framework/Versions/A/libLAPACK.dylib
0x00000000059f6000 	/System/Library/Frameworks/Accelerate.framework/Versions/A/Frameworks/vecLib.framework/Versions/A/libBLAS.dylib
0x00000000059f6000 	/System/Library/Frameworks/Accelerate.framework/Versions/A/Frameworks/vecLib.framework/Versions/A/libLinearAlgebra.dylib
0x00000000059f6000 	/System/Library/Frameworks/Accelerate.framework/Versions/A/Frameworks/vecLib.framework/Versions/A/libSparseBLAS.dylib
0x00000000059f6000 	/System/Library/PrivateFrameworks/GPUCompiler.framework/libmetal_timestamp.dylib
0x00000000059f6000 	/System/Library/Frameworks/OpenGL.framework/Versions/A/Libraries/libCoreFSCache.dylib
0x00000000059f6000 	/System/Library/PrivateFrameworks/IOAccelerator.framework/Versions/A/IOAccelerator
0x00000000059f6000 	/System/Library/Frameworks/ApplicationServices.framework/Versions/A/Frameworks/ATS.framework/Versions/A/Resources/libFontParser.dylib
0x00000000059f6000 	/System/Library/Frameworks/ApplicationServices.framework/Versions/A/Frameworks/ATS.framework/Versions/A/Resources/libFontRegistry.dylib
0x00000000059f6000 	/System/Library/PrivateFrameworks/AppleVPA.framework/Versions/A/AppleVPA
0x00000000059f6000 	/System/Library/PrivateFrameworks/AppleJPEG.framework/Versions/A/AppleJPEG
0x00000000059f6000 	/System/Library/Frameworks/ImageIO.framework/Versions/A/Resources/libJPEG.dylib
0x00000000059f6000 	/System/Library/Frameworks/ImageIO.framework/Versions/A/Resources/libTIFF.dylib
0x00000000059f6000 	/System/Library/Frameworks/ImageIO.framework/Versions/A/Resources/libPng.dylib
0x00000000059f6000 	/System/Library/Frameworks/ImageIO.framework/Versions/A/Resources/libGIF.dylib
0x00000000059f6000 	/System/Library/Frameworks/ImageIO.framework/Versions/A/Resources/libJP2.dylib
0x00000000059f6000 	/System/Library/Frameworks/ImageIO.framework/Versions/A/Resources/libRadiance.dylib
0x00000000059f6000 	/System/Library/Frameworks/CoreVideo.framework/Versions/A/CoreVideo
0x00000000059f6000 	/System/Library/Frameworks/OpenGL.framework/Versions/A/Libraries/libGLU.dylib
0x00000000059f6000 	/System/Library/Frameworks/OpenGL.framework/Versions/A/Libraries/libGFXShared.dylib
0x00000000059f6000 	/System/Library/Frameworks/OpenGL.framework/Versions/A/Libraries/libGL.dylib
0x00000000059f6000 	/System/Library/Frameworks/OpenGL.framework/Versions/A/Libraries/libGLImage.dylib
0x00000000059f6000 	/System/Library/Frameworks/OpenGL.framework/Versions/A/Libraries/libCVMSPluginSupport.dylib
0x00000000059f6000 	/System/Library/Frameworks/OpenGL.framework/Versions/A/Libraries/libCoreVMClient.dylib
0x00000000059f6000 	/usr/lib/libcompression.dylib
0x00000000059f6000 	/usr/lib/libcups.2.dylib
0x00000000059f6000 	/System/Library/Frameworks/Kerberos.framework/Versions/A/Kerberos
0x00000000059f6000 	/System/Library/Frameworks/GSS.framework/Versions/A/GSS
0x00000000059f6000 	/usr/lib/libresolv.9.dylib
0x00000000059f6000 	/usr/lib/libiconv.2.dylib
0x00000000059f6000 	/System/Library/PrivateFrameworks/Heimdal.framework/Versions/A/Heimdal
0x00000000059f6000 	/usr/lib/libheimdal-asn1.dylib
0x00000000059f6000 	/System/Library/Frameworks/OpenDirectory.framework/Versions/A/OpenDirectory
0x00000000059f6000 	/System/Library/PrivateFrameworks/CommonAuth.framework/Versions/A/CommonAuth
0x00000000059f6000 	/System/Library/Frameworks/OpenDirectory.framework/Versions/A/Frameworks/CFOpenDirectory.framework/Versions/A/CFOpenDirectory
0x00000000059f6000 	/System/Library/Frameworks/SecurityFoundation.framework/Versions/A/SecurityFoundation
0x00000000059f6000 	/System/Library/PrivateFrameworks/LanguageModeling.framework/Versions/A/LanguageModeling
0x00000000059f6000 	/usr/lib/libmarisa.dylib
0x00000000059f6000 	/usr/lib/libChineseTokenizer.dylib
0x00000000059f6000 	/usr/lib/libcmph.dylib
0x00000000059f6000 	/System/Library/Frameworks/ServiceManagement.framework/Versions/A/ServiceManagement
0x00000000059f6000 	/usr/lib/libxslt.1.dylib
0x00000000059f6000 	/System/Library/Frameworks/Carbon.framework/Versions/A/Frameworks/Ink.framework/Versions/A/Ink
0x00000000059f6000 	/usr/lib/libFosl_dynamic.dylib
0x00000000059f6000 	/System/Library/PrivateFrameworks/FaceCore.framework/Versions/A/FaceCore
0x00000000059f6000 	/System/Library/Frameworks/OpenCL.framework/Versions/A/OpenCL
0x00000000059f6000 	/System/Library/PrivateFrameworks/CrashReporterSupport.framework/Versions/A/CrashReporterSupport
0x00000000059f6000 	/System/Library/PrivateFrameworks/IconServices.framework/Versions/A/IconServices
0x00000000059f6000 	/System/Library/PrivateFrameworks/Apple80211.framework/Versions/A/Apple80211
0x00000000059f6000 	/System/Library/Frameworks/CoreWLAN.framework/Versions/A/CoreWLAN
0x00000000059f6000 	/System/Library/Frameworks/IOBluetooth.framework/Versions/A/IOBluetooth
0x00000000059f6000 	/System/Library/PrivateFrameworks/CoreWiFi.framework/Versions/A/CoreWiFi
0x00000000059f6000 	/System/Library/Frameworks/CoreBluetooth.framework/Versions/A/CoreBluetooth
0x00000000059f6000 	/System/Library/PrivateFrameworks/ChunkingLibrary.framework/Versions/A/ChunkingLibrary
0x00000000059f6000 	/System/Library/PrivateFrameworks/DebugSymbols.framework/Versions/A/DebugSymbols
0x00000000059f6000 	/System/Library/PrivateFrameworks/CoreSymbolication.framework/Versions/A/CoreSymbolication
0x00000000059f6000 	/System/Library/PrivateFrameworks/Symbolication.framework/Versions/A/Symbolication
0x00000000059f6000 	/System/Library/PrivateFrameworks/SpeechRecognitionCore.framework/Versions/A/SpeechRecognitionCore
0x0000000109114000 	/Library/Java/JavaVirtualMachines/jdk1.8.0_101.jdk/Contents/Home/jre/lib/server/libjvm.dylib
0x00000000059f6000 	/usr/lib/libstdc++.6.dylib
0x000000010a0b5000 	/Library/Java/JavaVirtualMachines/jdk1.8.0_101.jdk/Contents/Home/jre/lib/libverify.dylib
0x000000010a0c3000 	/Library/Java/JavaVirtualMachines/jdk1.8.0_101.jdk/Contents/Home/jre/lib/libjava.dylib
0x000000010a102000 	/Library/Java/JavaVirtualMachines/jdk1.8.0_101.jdk/Contents/Home/jre/lib/libzip.dylib
0x000000011dd12000 	/System/Library/Frameworks/JavaVM.framework/Frameworks/JavaRuntimeSupport.framework/JavaRuntimeSupport
0x000000011dd2d000 	/System/Library/Frameworks/JavaVM.framework/Versions/A/Frameworks/JavaNativeFoundation.framework/Versions/A/JavaNativeFoundation
0x000000011dd42000 	/System/Library/Frameworks/JavaVM.framework/Versions/A/JavaVM
0x00000000059f6000 	/System/Library/Frameworks/Carbon.framework/Versions/A/Carbon
0x000000010a1f4000 	/System/Library/PrivateFrameworks/JavaLaunching.framework/Versions/A/JavaLaunching
0x00000000059f6000 	/System/Library/Frameworks/Carbon.framework/Versions/A/Frameworks/CommonPanels.framework/Versions/A/CommonPanels
0x00000000059f6000 	/System/Library/Frameworks/Carbon.framework/Versions/A/Frameworks/Help.framework/Versions/A/Help
0x00000000059f6000 	/System/Library/Frameworks/Carbon.framework/Versions/A/Frameworks/ImageCapture.framework/Versions/A/ImageCapture
0x00000000059f6000 	/System/Library/Frameworks/Carbon.framework/Versions/A/Frameworks/OpenScripting.framework/Versions/A/OpenScripting
0x00000000059f6000 	/System/Library/Frameworks/Carbon.framework/Versions/A/Frameworks/Print.framework/Versions/A/Print
0x00000000059f6000 	/System/Library/Frameworks/Carbon.framework/Versions/A/Frameworks/SecurityHI.framework/Versions/A/SecurityHI
0x000000011f6c0000 	/Library/Java/JavaVirtualMachines/jdk1.8.0_101.jdk/Contents/Home/jre/lib/libawt.dylib
0x000000011f768000 	/Library/Java/JavaVirtualMachines/jdk1.8.0_101.jdk/Contents/Home/jre/lib/./libmlib_image.dylib
0x000000011f834000 	/Library/Java/JavaVirtualMachines/jdk1.8.0_101.jdk/Contents/Home/jre/lib/libawt_lwawt.dylib
0x000000011f8e9000 	/Library/Java/JavaVirtualMachines/jdk1.8.0_101.jdk/Contents/Home/jre/lib/./libosxapp.dylib
0x00000000059f6000 	/System/Library/Frameworks/ExceptionHandling.framework/Versions/A/ExceptionHandling
0x00000000059f6000 	/System/Library/PrivateFrameworks/CoreServicesInternal.framework/Versions/A/CoreServicesInternal
0x00000000059f6000 	/System/Library/Frameworks/CoreGraphics.framework/Versions/A/Resources/libRIP.A.dylib
0x00000000059f6000 	/System/Library/Frameworks/Accelerate.framework/Versions/A/Frameworks/vImage.framework/Versions/A/Libraries/libCGInterfaces.dylib
0x00000000059f6000 	/System/Library/Frameworks/CoreGraphics.framework/Versions/A/Resources/libCGXType.A.dylib
0x00000000059f6000 	/System/Library/Frameworks/OpenCL.framework/Versions/A/Libraries/libcldcpuengine.dylib
0x00000000059f6000 	/System/Library/PrivateFrameworks/DiskImages.framework/Versions/A/DiskImages
0x00000000059f6000 	/System/Library/Frameworks/DiscRecording.framework/Versions/A/DiscRecording
0x00000000059f6000 	/usr/lib/libcsfde.dylib
0x00000000059f6000 	/usr/lib/libcurl.4.dylib
0x00000000059f6000 	/System/Library/PrivateFrameworks/MediaKit.framework/Versions/A/MediaKit
0x00000000059f6000 	/System/Library/PrivateFrameworks/ProtectedCloudStorage.framework/Versions/A/ProtectedCloudStorage
0x00000000059f6000 	/usr/lib/libCoreStorage.dylib
0x00000000059f6000 	/System/Library/PrivateFrameworks/EFILogin.framework/Versions/A/EFILogin
0x00000000059f6000 	/usr/lib/libutil.dylib
0x00000000059f6000 	/System/Library/PrivateFrameworks/FindMyDevice.framework/Versions/A/FindMyDevice
0x00000000059f6000 	/System/Library/Frameworks/LDAP.framework/Versions/A/LDAP
0x00000000059f6000 	/usr/lib/libsasl2.2.dylib
0x00000000059f6000 	/System/Library/PrivateFrameworks/CoreDaemon.framework/Versions/B/CoreDaemon
0x00000000059f6000 	/usr/lib/libcrypto.0.9.8.dylib
0x00000000059f6000 	/System/Library/PrivateFrameworks/AppleSRP.framework/Versions/A/AppleSRP
0x00000000059f6000 	/System/Library/PrivateFrameworks/TrustEvaluationAgent.framework/Versions/A/TrustEvaluationAgent
0x0000000121101000 	cl_kernels
0x00000000059f6000 	/System/Library/Frameworks/OpenCL.framework/Versions/A/Libraries/ImageFormats/unorm8_bgra.dylib
0x00000000059f6000 	/System/Library/Frameworks/OpenCL.framework/Versions/A/Libraries/ImageFormats/unorm8_rgba.dylib
0x00000000059f6000 	/System/Library/PrivateFrameworks/FamilyControls.framework/Versions/A/FamilyControls
0x00000000059f6000 	/System/Library/PrivateFrameworks/CommerceKit.framework/Versions/A/Frameworks/CommerceCore.framework/Versions/A/CommerceCore
0x00000000059f6000 	/System/Library/PrivateFrameworks/SystemAdministration.framework/Versions/A/SystemAdministration
0x00000000059f6000 	/System/Library/PrivateFrameworks/AppContainer.framework/Versions/A/AppContainer
0x00000000059f6000 	/System/Library/PrivateFrameworks/SecCodeWrapper.framework/Versions/A/SecCodeWrapper
0x00000000059f6000 	/System/Library/Frameworks/DirectoryService.framework/Versions/A/DirectoryService
0x00000000059f6000 	/System/Library/PrivateFrameworks/LoginUIKit.framework/Versions/A/Frameworks/LoginUICore.framework/Versions/A/LoginUICore
0x00000000059f6000 	/usr/lib/libodfde.dylib
0x000000012211e000 	/Library/Java/JavaVirtualMachines/jdk1.8.0_101.jdk/Contents/Home/jre/lib/libfontmanager.dylib
0x0000000122185000 	/Users/justin/Documents/SWEN/SLICK_HOME/liblwjgl.dylib
0x00000001205d9000 	/Library/Java/JavaVirtualMachines/jdk1.8.0_101.jdk/Contents/Home/jre/lib/libjawt.dylib
0x00000000059f6000 	/System/Library/Frameworks/OpenGL.framework/Versions/A/Resources/GLEngine.bundle/GLEngine
0x00000000059f6000 	/System/Library/Frameworks/OpenGL.framework/Versions/A/Libraries/libGLProgrammability.dylib
0x0000000122207000 	/System/Library/Extensions/AppleIntelHD5000GraphicsGLDriver.bundle/Contents/MacOS/AppleIntelHD5000GraphicsGLDriver
0x00000000059f6000 	/System/Library/PrivateFrameworks/GPUSupport.framework/Versions/A/Libraries/libGPUSupportMercury.dylib
0x00000000059f6000 	/System/Library/Frameworks/OpenGL.framework/Versions/A/Resources/GLRendererFloat.bundle/GLRendererFloat
0x00000001205ef000 	/Users/justin/Documents/SWEN/SLICK_HOME/libjinput-osx.dylib
0x000000012368a000 	/System/Library/Extensions/IOHIDFamily.kext/Contents/PlugIns/IOHIDLib.plugin/Contents/MacOS/IOHIDLib
0x00000001236d9000 	/Library/Java/JavaVirtualMachines/jdk1.8.0_101.jdk/Contents/Home/jre/lib/libnio.dylib
0x00000001236e9000 	/Library/Java/JavaVirtualMachines/jdk1.8.0_101.jdk/Contents/Home/jre/lib/./libnet.dylib

VM Arguments:
jvm_args: -Djava.library.path=/Users/justin/Documents/SWEN/SLICK_HOME -Dfile.encoding=UTF-8 
java_command: RPG
java_class_path (initial): /Users/justin/Documents/SWEN/workspace/Workshop4/bin:/Users/justin/Documents/SWEN/workspace/Workshop4/lib/jinput.jar:/Users/justin/Documents/SWEN/workspace/Workshop4/lib/lwjgl.jar:/Users/justin/Documents/SWEN/workspace/Workshop4/lib/slick.jar
Launcher Type: SUN_STANDARD

Environment Variables:
PATH=/usr/bin:/bin:/usr/sbin:/sbin
SHELL=/bin/bash

Signal Handlers:
SIGSEGV: [libjvm.dylib+0x5af145], sa_mask[0]=11111111011111110111111111111111, sa_flags=SA_ONSTACK|SA_RESTART|SA_SIGINFO
SIGBUS: [libjvm.dylib+0x5af145], sa_mask[0]=11111111011111110111111111111111, sa_flags=SA_RESTART|SA_SIGINFO
SIGFPE: [libjvm.dylib+0x48694c], sa_mask[0]=11111111011111110111111111111111, sa_flags=SA_RESTART|SA_SIGINFO
SIGPIPE: [libjvm.dylib+0x48694c], sa_mask[0]=11111111011111110111111111111111, sa_flags=SA_RESTART|SA_SIGINFO
SIGXFSZ: [libjvm.dylib+0x48694c], sa_mask[0]=11111111011111110111111111111111, sa_flags=SA_RESTART|SA_SIGINFO
SIGILL: [libjvm.dylib+0x48694c], sa_mask[0]=11111111011111110111111111111111, sa_flags=SA_RESTART|SA_SIGINFO
SIGUSR1: SIG_DFL, sa_mask[0]=00000000000000000000000000000000, sa_flags=none
SIGUSR2: [libjvm.dylib+0x48646a], sa_mask[0]=00100000000000000000000000000000, sa_flags=SA_RESTART|SA_SIGINFO
SIGHUP: [libjvm.dylib+0x484a41], sa_mask[0]=11111111011111110111111111111111, sa_flags=SA_RESTART|SA_SIGINFO
SIGINT: [libjvm.dylib+0x484a41], sa_mask[0]=11111111011111110111111111111111, sa_flags=SA_RESTART|SA_SIGINFO
SIGTERM: [libjvm.dylib+0x484a41], sa_mask[0]=11111111011111110111111111111111, sa_flags=SA_RESTART|SA_SIGINFO
SIGQUIT: [libjvm.dylib+0x484a41], sa_mask[0]=11111111011111110111111111111111, sa_flags=SA_RESTART|SA_SIGINFO


---------------  S Y S T E M  ---------------

OS:Bsduname:Darwin 15.6.0 Darwin Kernel Version 15.6.0: Thu Jun 23 18:25:34 PDT 2016; root:xnu-3248.60.10~1/RELEASE_X86_64 x86_64
rlimit: STACK 8192k, CORE 0k, NPROC 709, NOFILE 10240, AS infinity
load average:2.43 2.21 2.11

CPU:total 4 (2 cores per cpu, 2 threads per core) family 6 model 69 stepping 1, cmov, cx8, fxsr, mmx, sse, sse2, sse3, ssse3, sse4.1, sse4.2, popcnt, avx, avx2, aes, clmul, erms, lzcnt, ht, tsc, tscinvbit, bmi1, bmi2

Memory: 4k page, physical 4194304k(84532k free)

/proc/meminfo:


vm_info: Java HotSpot(TM) 64-Bit Server VM (25.101-b13) for bsd-amd64 JRE (1.8.0_101-b13), built on Jun 22 2016 02:42:15 by "java_re" with gcc 4.2.1 (Based on Apple Inc. build 5658) (LLVM build 2336.11.00)

time: Fri Sep  2 12:09:23 2016
elapsed time: 6 seconds (0d 0h 0m 6s)

