#
# A fatal error has been detected by the Java Runtime Environment:
#
#  SIGILL (0x4) at pc=0x00007fff8ccc702f, pid=93034, tid=0x0000000000000a0b
#
# JRE version: Java(TM) SE Runtime Environment (8.0_101-b13) (build 1.8.0_101-b13)
# Java VM: Java HotSpot(TM) 64-Bit Server VM (25.101-b13 mixed mode bsd-amd64 compressed oops)
# Problematic frame:
# C  [libobjc.A.dylib+0x1302f]  _ZL10_objc_trapv+0x4
#
# Failed to write core dump. Core dumps have been disabled. To enable core dumping, try "ulimit -c unlimited" before starting Java again
#
# If you would like to submit a bug report, please visit:
#   http://bugreport.java.com/bugreport/crash.jsp
# The crash happened outside the Java Virtual Machine in native code.
# See problematic frame for where to report the bug.
#

---------------  T H R E A D  ---------------

Current thread (0x00007fa144112000):  JavaThread "AppKit Thread" daemon [_thread_in_native, id=2571, stack(0x00007fff59bf5000,0x00007fff5a3f5000)]

siginfo: si_signo: 4 (SIGILL), si_code: 1 (ILL_ILLOPC), si_addr: 0x00007fff8ccc702f

Registers:
RAX=0x0000000000000000, RBX=0x00007fa14257c280, RCX=0x0000000000000000, RDX=0x00007fff7a705b30
RSP=0x00007fff5a3f0390, RBP=0x00007fff5a3f0390, RSI=0x0000010000000100, RDI=0x00007fff7a705b10
R8 =0x00000000fffffffc, R9 =0x00007fff7a705b28, R10=0x00000000ffffffff, R11=0x00000000000ed880
R12=0x0000000000000001, R13=0x0000000000000000, R14=0x00007fff7a70a1a8, R15=0x00007fa142469f70
RIP=0x00007fff8ccc702f, EFLAGS=0x0000000000010206, ERR=0x0000000000000000
  TRAPNO=0x0000000000000006

Top of Stack: (sp=0x00007fff5a3f0390)
0x00007fff5a3f0390:   00007fff5a3f0480 00007fff8ccc717f
0x00007fff5a3f03a0:   00007fa14249ad50 00007fa14257c280
0x00007fff5a3f03b0:   00007fff8ddc0d9c 00007fff8ddc0d9c
0x00007fff5a3f03c0:   000000000000005f 00007fa14257c280
0x00007fff5a3f03d0:   00007fff5a3f0400 00007fff8ccbbe63
0x00007fff5a3f03e0:   00007fff5a3f0440 00007fff8ccbe8cd
0x00007fff5a3f03f0:   00007fff7a70a190 0000000000000001
0x00007fff5a3f0400:   00007fff5a3f0460 00007fa142469f70
0x00007fff5a3f0410:   00007fff5a3f0440 00007fff8ddc0d9c
0x00007fff5a3f0420:   00007fff8ddc0d9c 0000000000000000
0x00007fff5a3f0430:   00007fff7a9cfa38 00007fa142469f70
0x00007fff5a3f0440:   00007fff5a3f0480 00007fff8ccbe838
0x00007fff5a3f0450:   00007fa142449ea0 00007fa142499e10
0x00007fff5a3f0460:   0000003000000018 00007fff5a3f0490
0x00007fff5a3f0470:   00007fff5a3f03a0 00007fa142469f70
0x00007fff5a3f0480:   00007fff5a3f04e0 00007fff8ccbf61e
0x00007fff5a3f0490:   00007fff7a709d00 00007fff7a70b080
0x00007fff5a3f04a0:   00007fff5a3f0520 00007fff8ccbf431
0x00007fff5a3f04b0:   00007fff5a3f04d0 00007fff7a709d00
0x00007fff5a3f04c0:   00007fa142469f70 0000000000000000
0x00007fff5a3f04d0:   00007fff7a70a180 0000000000000000
0x00007fff5a3f04e0:   00007fff5a3f0560 00007fff8ccbf3a9
0x00007fff5a3f04f0:   ffff805ebdaad8c0 00007fa142469d80
0x00007fff5a3f0500:   0000000000000480 0000000000000000
0x00007fff5a3f0510:   0000000000000000 0000000000000000
0x00007fff5a3f0520:   00007fa14257c280 0000000000000009
0x00007fff5a3f0530:   0000000000000008 00007fa142552740
0x00007fff5a3f0540:   0000000000000000 00007fa142722710
0x00007fff5a3f0550:   00007fa142469d80 00007fa14257c280
0x00007fff5a3f0560:   00007fff5a3f05a0 00007fff9907c973
0x00007fff5a3f0570:   00007fa142552740 0000000000000000
0x00007fff5a3f0580:   00007fa14257c280 00007fff8ccb54c0 

Instructions: (pc=0x00007fff8ccc702f)
0x00007fff8ccc700f:   00 00 bf 02 00 00 00 48 89 de 48 89 c2 e8 a1 bf
0x00007fff8ccc701f:   00 00 48 81 c4 98 00 00 00 5b 5d c3 55 48 89 e5
0x00007fff8ccc702f:   0f 0b 55 48 89 e5 48 81 ec d0 00 00 00 84 c0 74
0x00007fff8ccc703f:   2e c5 f8 29 85 60 ff ff ff c5 f8 29 8d 70 ff ff 

Register to memory mapping:

RAX=0x0000000000000000 is an unknown value
RBX=0x00007fa14257c280 is an unknown value
RCX=0x0000000000000000 is an unknown value
RDX=0x00007fff7a705b30: _ZZL14_objc_crashlogPKcE13crashlog_lock+0x20 in /usr/lib/libobjc.A.dylib at 0x00007fff8ccb4000
RSP=0x00007fff5a3f0390 is pointing into the stack for thread: 0x00007fa144112000
RBP=0x00007fff5a3f0390 is pointing into the stack for thread: 0x00007fa144112000
RSI=0x0000010000000100 is an unknown value
RDI=0x00007fff7a705b10: _ZZL14_objc_crashlogPKcE13crashlog_lock+0 in /usr/lib/libobjc.A.dylib at 0x00007fff8ccb4000
R8 =0x00000000fffffffc is an unknown value
R9 =0x00007fff7a705b28: _ZZL14_objc_crashlogPKcE13crashlog_lock+0x18 in /usr/lib/libobjc.A.dylib at 0x00007fff8ccb4000
R10=0x00000000ffffffff is an unknown value
R11=0x00000000000ed880 is an unknown value
R12=0x0000000000000001 is an unknown value
R13=0x0000000000000000 is an unknown value
R14=0x00007fff7a70a1a8: _ZN12_GLOBAL__N_1L12SideTableBufE+0x4a8 in /usr/lib/libobjc.A.dylib at 0x00007fff8ccb4000
R15=0x00007fa142469f70 is an unknown value


Stack: [0x00007fff59bf5000,0x00007fff5a3f5000],  sp=0x00007fff5a3f0390,  free space=8172k
Native frames: (J=compiled Java code, j=interpreted, Vv=VM code, C=native code)
C  [libobjc.A.dylib+0x1302f]  _ZL10_objc_trapv+0x4
C  [libobjc.A.dylib+0x1317f]  _objc_inform+0x0
C  [libobjc.A.dylib+0xb61e]  weak_register_no_lock+0xde
C  [libobjc.A.dylib+0xb3a9]  objc_storeWeak+0x18b
C  [Foundation+0x19973]  -[NSConcreteMapTable setObject:forKey:]+0x6e
C  [AppKit+0x345f6a]  -[NSView(NSOpenGLContextAssociation) _setOpenGLContext:]+0xf2
C  [AppKit+0x6856dd]  __27-[NSOpenGLContext setView:]_block_invoke+0xd6
C  [AppKit+0x183325]  NSPerformVisuallyAtomicChange+0x93
C  [AppKit+0x345c0d]  -[NSOpenGLContext setView:]+0x77
C  [liblwjgl.dylib+0xa586]  -[MacOSXOpenGLView lockFocus]+0x76
C  [AppKit+0x1a8797]  -[NSView _recursiveDisplayRectIfNeededIgnoringOpacity:isVisibleRect:rectIsVisibleRectForView:topView:]+0x6e2
C  [AppKit+0x1a9785]  -[NSView _recursiveDisplayRectIfNeededIgnoringOpacity:isVisibleRect:rectIsVisibleRectForView:topView:]+0x16d0
C  [AppKit+0x1a7be0]  -[NSThemeFrame _recursiveDisplayRectIfNeededIgnoringOpacity:isVisibleRect:rectIsVisibleRectForView:topView:]+0x14e
C  [AppKit+0x1a5feb]  -[NSView _displayRectIgnoringOpacity:isVisibleRect:rectIsVisibleRectForView:]+0x991
C  [AppKit+0x1a13f5]  -[NSView displayIfNeeded]+0x79e
C  [AppKit+0x1a0c3c]  -[NSWindow displayIfNeeded]+0xe8
C  [AppKit+0x82541b]  ___NSWindowGetDisplayCycleObserver_block_invoke6365+0x1dc
C  [AppKit+0x1a05d6]  __37+[NSDisplayCycle currentDisplayCycle]_block_invoke+0x3ad
C  [QuartzCore+0x10f71]  _ZN2CA11Transaction19run_commit_handlersE18CATransactionPhase+0x55
C  [QuartzCore+0x1042c]  _ZN2CA7Context18commit_transactionEPNS_11TransactionE+0xa0
C  [QuartzCore+0x100ec]  _ZN2CA11Transaction6commitEv+0x1fc
C  [QuartzCore+0x1b977]  _ZN2CA11Transaction17observer_callbackEP19__CFRunLoopObservermPv+0x47
C  [CoreFoundation+0xaa067]  __CFRUNLOOP_IS_CALLING_OUT_TO_AN_OBSERVER_CALLBACK_FUNCTION__+0x17
C  [CoreFoundation+0xa9fd7]  __CFRunLoopDoObservers+0x187
C  [CoreFoundation+0x88ef8]  CFRunLoopRunSpecific+0x148
C  [HIToolbox+0x30935]  RunCurrentEventLoopInMode+0xeb
C  [HIToolbox+0x30677]  ReceiveNextEventCommon+0xb8
C  [HIToolbox+0x305af]  _BlockUntilNextEventMatchingListInModeWithFilter+0x47
C  [AppKit+0x48df6]  _DPSNextEvent+0x42b
C  [AppKit+0x48226]  -[NSApplication _nextEventMatchingEventMask:untilDate:inMode:dequeue:]+0x1c6
C  [libosxapp.dylib+0x23aa]  -[NSApplicationAWT nextEventMatchingMask:untilDate:inMode:dequeue:]+0x7c
C  [AppKit+0x3cd80]  -[NSApplication run]+0x2aa
C  [libosxapp.dylib+0x214d]  +[NSApplicationAWT runAWTLoopWithApp:]+0x9c
C  [libawt_lwawt.dylib+0x444b3]  -[AWTStarter starter:]+0x389
C  [Foundation+0x76fde]  __NSThreadPerformPerform+0x117
C  [CoreFoundation+0xaa881]  __CFRUNLOOP_IS_CALLING_OUT_TO_A_SOURCE0_PERFORM_FUNCTION__+0x11
C  [CoreFoundation+0x89fbc]  __CFRunLoopDoSources0+0x22c
C  [CoreFoundation+0x894df]  __CFRunLoopRun+0x39f
C  [CoreFoundation+0x88ed8]  CFRunLoopRunSpecific+0x128
C  [java+0x6465]  CreateExecutionEnvironment+0x367
C  [java+0x218c]  JLI_Launch+0x7a0
C  [java+0x84c2]  main+0x65
C  [java+0x19e4]  start+0x34
C  0x0000000000000006


---------------  P R O C E S S  ---------------

Java Threads: ( => current thread )
  0x00007fa14298c800 JavaThread "AWT-Shutdown" [_thread_blocked, id=30751, stack(0x0000700001150000,0x0000700001250000)]
  0x00007fa1429fd000 JavaThread "Java2D Queue Flusher" daemon [_thread_blocked, id=56583, stack(0x00007000013d9000,0x00007000014d9000)]
  0x00007fa1429e9800 JavaThread "Java2D Disposer" daemon [_thread_blocked, id=52251, stack(0x00007000012d6000,0x00007000013d6000)]
=>0x00007fa144112000 JavaThread "AppKit Thread" daemon [_thread_in_native, id=2571, stack(0x00007fff59bf5000,0x00007fff5a3f5000)]
  0x00007fa14382d000 JavaThread "Service Thread" daemon [_thread_blocked, id=18691, stack(0x0000700000e44000,0x0000700000f44000)]
  0x00007fa14302c000 JavaThread "C1 CompilerThread2" daemon [_thread_blocked, id=18179, stack(0x0000700000d41000,0x0000700000e41000)]
  0x00007fa14301d800 JavaThread "C2 CompilerThread1" daemon [_thread_blocked, id=17667, stack(0x0000700000c3e000,0x0000700000d3e000)]
  0x00007fa144013000 JavaThread "C2 CompilerThread0" daemon [_thread_blocked, id=17155, stack(0x0000700000b3b000,0x0000700000c3b000)]
  0x00007fa142842000 JavaThread "Signal Dispatcher" daemon [_thread_blocked, id=13839, stack(0x0000700000a38000,0x0000700000b38000)]
  0x00007fa14301a800 JavaThread "Finalizer" daemon [_thread_blocked, id=12291, stack(0x000070000082f000,0x000070000092f000)]
  0x00007fa142807000 JavaThread "Reference Handler" daemon [_thread_blocked, id=11779, stack(0x000070000072c000,0x000070000082c000)]
  0x00007fa143806000 JavaThread "main" [_thread_in_native, id=5891, stack(0x000070000011a000,0x000070000021a000)]

Other Threads:
  0x00007fa14380f000 VMThread [stack: 0x0000700000629000,0x0000700000729000] [id=11267]
  0x00007fa144012000 WatcherThread [stack: 0x0000700000f47000,0x0000700001047000] [id=19203]

VM state:not at safepoint (normal execution)

VM Mutex/Monitor currently owned by a thread: None

Heap:
 PSYoungGen      total 18944K, used 18002K [0x00000007aab00000, 0x00000007ac000000, 0x00000007c0000000)
  eden space 16384K, 94% used [0x00000007aab00000,0x00000007aba1c1a0,0x00000007abb00000)
  from space 2560K, 98% used [0x00000007abd80000,0x00000007abff8910,0x00000007ac000000)
  to   space 2560K, 0% used [0x00000007abb00000,0x00000007abb00000,0x00000007abd80000)
 ParOldGen       total 44032K, used 4718K [0x0000000780000000, 0x0000000782b00000, 0x00000007aab00000)
  object space 44032K, 10% used [0x0000000780000000,0x000000078049ba50,0x0000000782b00000)
 Metaspace       used 12226K, capacity 12385K, committed 12672K, reserved 1060864K
  class space    used 1279K, capacity 1345K, committed 1408K, reserved 1048576K

Card table byte_map: [0x0000000116fc0000,0x00000001171c1000] byte_map_base: 0x00000001133c0000

Marking Bits: (ParMarkBitMap*) 0x0000000106c02d20
 Begin Bits: [0x0000000117317000, 0x0000000118317000)
 End Bits:   [0x0000000118317000, 0x0000000119317000)

Polling page: 0x0000000105c45000

CodeCache: size=245760Kb used=5026Kb max_used=5037Kb free=240733Kb
 bounds [0x0000000107c00000, 0x0000000108100000, 0x0000000116c00000]
 total_blobs=1873 nmethods=1317 adapters=470
 compilation: enabled

Compilation events (10 events):
Event: 12.613 Thread 0x00007fa14302c000 1314       3       java.nio.Buffer::nextPutIndex (38 bytes)
Event: 12.613 Thread 0x00007fa14302c000 nmethod 1314 0x00000001080e54d0 code [0x00000001080e5640, 0x00000001080e5868]
Event: 12.631 Thread 0x00007fa14302c000 1315       1       org.newdawn.slick.BasicGame::inputStarted (1 bytes)
Event: 12.631 Thread 0x00007fa14302c000 nmethod 1315 0x00000001080dd710 code [0x00000001080dd860, 0x00000001080dd970]
Event: 12.631 Thread 0x00007fa14302c000 1316       1       org.newdawn.slick.BasicGame::inputEnded (1 bytes)
Event: 12.631 Thread 0x00007fa14302c000 nmethod 1316 0x00000001080df510 code [0x00000001080df660, 0x00000001080df770]
Event: 12.769 Thread 0x00007fa14301d800 1317       4       java.awt.geom.AffineTransform::equals (92 bytes)
Event: 12.771 Thread 0x00007fa14301d800 nmethod 1317 0x00000001080e4f50 code [0x00000001080e50c0, 0x00000001080e5338]
Event: 12.981 Thread 0x00007fa144013000 1318       4       java.util.HashMap$HashIterator::<init> (79 bytes)
Event: 12.988 Thread 0x00007fa144013000 nmethod 1318 0x00000001080e4990 code [0x00000001080e4ae0, 0x00000001080e4dd8]

GC Heap History (4 events):
Event: 2.958 GC heap before
{Heap before GC invocations=1 (full 0):
 PSYoungGen      total 18944K, used 16384K [0x00000007aab00000, 0x00000007ac000000, 0x00000007c0000000)
  eden space 16384K, 100% used [0x00000007aab00000,0x00000007abb00000,0x00000007abb00000)
  from space 2560K, 0% used [0x00000007abd80000,0x00000007abd80000,0x00000007ac000000)
  to   space 2560K, 0% used [0x00000007abb00000,0x00000007abb00000,0x00000007abd80000)
 ParOldGen       total 44032K, used 0K [0x0000000780000000, 0x0000000782b00000, 0x00000007aab00000)
  object space 44032K, 0% used [0x0000000780000000,0x0000000780000000,0x0000000782b00000)
 Metaspace       used 7658K, capacity 7779K, committed 8064K, reserved 1056768K
  class space    used 792K, capacity 858K, committed 896K, reserved 1048576K
Event: 2.968 GC heap after
Heap after GC invocations=1 (full 0):
 PSYoungGen      total 18944K, used 2530K [0x00000007aab00000, 0x00000007ac000000, 0x00000007c0000000)
  eden space 16384K, 0% used [0x00000007aab00000,0x00000007aab00000,0x00000007abb00000)
  from space 2560K, 98% used [0x00000007abb00000,0x00000007abd78900,0x00000007abd80000)
  to   space 2560K, 0% used [0x00000007abd80000,0x00000007abd80000,0x00000007ac000000)
 ParOldGen       total 44032K, used 2701K [0x0000000780000000, 0x0000000782b00000, 0x00000007aab00000)
  object space 44032K, 6% used [0x0000000780000000,0x00000007802a3698,0x0000000782b00000)
 Metaspace       used 7658K, capacity 7779K, committed 8064K, reserved 1056768K
  class space    used 792K, capacity 858K, committed 896K, reserved 1048576K
}
Event: 7.458 GC heap before
{Heap before GC invocations=2 (full 0):
 PSYoungGen      total 18944K, used 18914K [0x00000007aab00000, 0x00000007ac000000, 0x00000007c0000000)
  eden space 16384K, 100% used [0x00000007aab00000,0x00000007abb00000,0x00000007abb00000)
  from space 2560K, 98% used [0x00000007abb00000,0x00000007abd78900,0x00000007abd80000)
  to   space 2560K, 0% used [0x00000007abd80000,0x00000007abd80000,0x00000007ac000000)
 ParOldGen       total 44032K, used 2701K [0x0000000780000000, 0x0000000782b00000, 0x00000007aab00000)
  object space 44032K, 6% used [0x0000000780000000,0x00000007802a3698,0x0000000782b00000)
 Metaspace       used 12210K, capacity 12385K, committed 12672K, reserved 1060864K
  class space    used 1277K, capacity 1345K, committed 1408K, reserved 1048576K
Event: 7.470 GC heap after
Heap after GC invocations=2 (full 0):
 PSYoungGen      total 18944K, used 2530K [0x00000007aab00000, 0x00000007ac000000, 0x00000007c0000000)
  eden space 16384K, 0% used [0x00000007aab00000,0x00000007aab00000,0x00000007abb00000)
  from space 2560K, 98% used [0x00000007abd80000,0x00000007abff8910,0x00000007ac000000)
  to   space 2560K, 0% used [0x00000007abb00000,0x00000007abb00000,0x00000007abd80000)
 ParOldGen       total 44032K, used 4718K [0x0000000780000000, 0x0000000782b00000, 0x00000007aab00000)
  object space 44032K, 10% used [0x0000000780000000,0x000000078049ba50,0x0000000782b00000)
 Metaspace       used 12210K, capacity 12385K, committed 12672K, reserved 1060864K
  class space    used 1277K, capacity 1345K, committed 1408K, reserved 1048576K
}

Deoptimization events (10 events):
Event: 3.562 Thread 0x00007fa143806000 Uncommon trap: reason=class_check action=maybe_recompile pc=0x0000000107f20958 method=sun.java2d.loops.OpaqueCopyAnyToArgb.Blit(Lsun/java2d/SurfaceData;Lsun/java2d/SurfaceData;Ljava/awt/Composite;Lsun/java2d/pipe/Region;IIIIII)V @ 186
Event: 3.651 Thread 0x00007fa143806000 Uncommon trap: reason=unstable_if action=reinterpret pc=0x0000000107f300cc method=java.awt.image.ComponentColorModel.getDataElements(ILjava/lang/Object;)Ljava/lang/Object; @ 2993
Event: 3.651 Thread 0x00007fa143806000 Uncommon trap: reason=unstable_if action=reinterpret pc=0x0000000107f228c8 method=sun.awt.image.ByteInterleavedRaster.getDataElements(IILjava/lang/Object;)Ljava/lang/Object; @ 43
Event: 3.651 Thread 0x00007fa143806000 Uncommon trap: reason=unstable_if action=reinterpret pc=0x0000000107f0fb6c method=sun.awt.image.ByteInterleavedRaster.getDataElements(IILjava/lang/Object;)Ljava/lang/Object; @ 43
Event: 4.122 Thread 0x00007fa143806000 Uncommon trap: reason=class_check action=maybe_recompile pc=0x0000000107e55edc method=java.util.HashMap.putVal(ILjava/lang/Object;Ljava/lang/Object;ZZ)Ljava/lang/Object; @ 253
Event: 5.141 Thread 0x00007fa143806000 Uncommon trap: reason=null_check action=make_not_entrant pc=0x0000000107fce7fc method=org.newdawn.slick.AngelCodeFont.drawString(FFLjava/lang/String;Lorg/newdawn/slick/Color;II)V @ 54
Event: 5.143 Thread 0x00007fa143806000 Uncommon trap: reason=unstable_if action=reinterpret pc=0x0000000107fbefd0 method=java.util.LinkedHashMap.afterNodeAccess(Ljava/util/HashMap$Node;)V @ 41
Event: 6.391 Thread 0x00007fa143806000 Uncommon trap: reason=unstable_if action=reinterpret pc=0x0000000107fee21c method=AggressiveMonsters.update(LPlayer;)V @ 52
Event: 9.241 Thread 0x00007fa143806000 Uncommon trap: reason=unstable_if action=reinterpret pc=0x000000010808d55c method=World.update(DDIZZ)V @ 95
Event: 9.251 Thread 0x00007fa143806000 Uncommon trap: reason=unstable_if action=reinterpret pc=0x0000000108082428 method=World.update(DDIZZ)V @ 95

Internal exceptions (10 events):
Event: 0.335 Thread 0x00007fa143806000 Exception <a 'java/security/PrivilegedActionException'> (0x00000007aad4b5b0) thrown at [/HUDSON3/workspace/8-2-build-macosx-x86_64/jdk8u101/7261/hotspot/src/share/vm/prims/jvm.cpp, line 1386]
Event: 0.336 Thread 0x00007fa143806000 Exception <a 'java/security/PrivilegedActionException'> (0x00000007aad4eb30) thrown at [/HUDSON3/workspace/8-2-build-macosx-x86_64/jdk8u101/7261/hotspot/src/share/vm/prims/jvm.cpp, line 1386]
Event: 0.336 Thread 0x00007fa143806000 Exception <a 'java/security/PrivilegedActionException'> (0x00000007aad4ed40) thrown at [/HUDSON3/workspace/8-2-build-macosx-x86_64/jdk8u101/7261/hotspot/src/share/vm/prims/jvm.cpp, line 1386]
Event: 0.511 Thread 0x00007fa143806000 Exception <a 'java/lang/NoSuchFieldError': method resolution failed> (0x00000007aae1d068) thrown at [/HUDSON3/workspace/8-2-build-macosx-x86_64/jdk8u101/7261/hotspot/src/share/vm/prims/methodHandles.cpp, line 1146]
Event: 0.524 Thread 0x00007fa143806000 Exception <a 'java/lang/NoSuchFieldError': method resolution failed> (0x00000007aae2a788) thrown at [/HUDSON3/workspace/8-2-build-macosx-x86_64/jdk8u101/7261/hotspot/src/share/vm/prims/methodHandles.cpp, line 1146]
Event: 0.805 Thread 0x00007fa143806000 Exception <a 'java/io/FileNotFoundException'> (0x00000007aaea51d0) thrown at [/HUDSON3/workspace/8-2-build-macosx-x86_64/jdk8u101/7261/hotspot/src/share/vm/prims/jni.cpp, line 709]
Event: 0.805 Thread 0x00007fa143806000 Exception <a 'java/io/FileNotFoundException'> (0x00000007aaea5d38) thrown at [/HUDSON3/workspace/8-2-build-macosx-x86_64/jdk8u101/7261/hotspot/src/share/vm/prims/jni.cpp, line 709]
Event: 3.650 Thread 0x00007fa143806000 Implicit null exception at 0x0000000107f2fab6 to 0x0000000107f300b1
Event: 3.651 Thread 0x00007fa143806000 Implicit null exception at 0x0000000107f0f924 to 0x0000000107f0fb51
Event: 5.140 Thread 0x00007fa143806000 Implicit null exception at 0x0000000107fce3d4 to 0x0000000107fce7c2

Events (10 events):
Event: 9.241 Thread 0x00007fa143806000 DEOPT UNPACKING pc=0x0000000107c05229 sp=0x00007000002194f8 mode 2
Event: 9.251 Thread 0x00007fa143806000 Uncommon trap: trap_request=0xffffff65 fr.pc=0x0000000108082428
Event: 9.251 Thread 0x00007fa143806000 DEOPT PACKING pc=0x0000000108082428 sp=0x0000700000219550
Event: 9.251 Thread 0x00007fa143806000 DEOPT UNPACKING pc=0x0000000107c05229 sp=0x00007000002194f8 mode 2
Event: 11.452 loading class sun/awt/AppContext$PostShutdownEventRunnable
Event: 11.452 loading class sun/awt/AppContext$PostShutdownEventRunnable done
Event: 11.452 loading class sun/awt/AWTAutoShutdown$1
Event: 11.452 loading class sun/awt/AWTAutoShutdown$1 done
Event: 11.452 Thread 0x00007fa14298c800 Thread exited: 0x00007fa14298c800
Event: 12.129 Thread 0x00007fa14298c800 Thread added: 0x00007fa14298c800


Dynamic libraries:
0x0000000009fda000 	/System/Library/Frameworks/Cocoa.framework/Versions/A/Cocoa
0x0000000105827000 	/System/Library/Frameworks/Security.framework/Versions/A/Security
0x0000000009fda000 	/System/Library/Frameworks/ApplicationServices.framework/Versions/A/ApplicationServices
0x0000000009fda000 	/usr/lib/libz.1.dylib
0x0000000009fda000 	/usr/lib/libSystem.B.dylib
0x0000000009fda000 	/usr/lib/libobjc.A.dylib
0x0000000009fda000 	/System/Library/Frameworks/CoreFoundation.framework/Versions/A/CoreFoundation
0x0000000009fda000 	/System/Library/Frameworks/Foundation.framework/Versions/C/Foundation
0x0000000009fda000 	/System/Library/Frameworks/AppKit.framework/Versions/C/AppKit
0x0000000009fda000 	/System/Library/Frameworks/CoreData.framework/Versions/A/CoreData
0x0000000009fda000 	/System/Library/PrivateFrameworks/RemoteViewServices.framework/Versions/A/RemoteViewServices
0x0000000009fda000 	/System/Library/PrivateFrameworks/UIFoundation.framework/Versions/A/UIFoundation
0x0000000009fda000 	/usr/lib/libScreenReader.dylib
0x0000000009fda000 	/System/Library/Frameworks/Accelerate.framework/Versions/A/Accelerate
0x0000000009fda000 	/System/Library/Frameworks/IOSurface.framework/Versions/A/IOSurface
0x0000000009fda000 	/System/Library/Frameworks/AudioToolbox.framework/Versions/A/AudioToolbox
0x0000000009fda000 	/System/Library/Frameworks/AudioUnit.framework/Versions/A/AudioUnit
0x0000000009fda000 	/System/Library/PrivateFrameworks/DataDetectorsCore.framework/Versions/A/DataDetectorsCore
0x0000000009fda000 	/System/Library/PrivateFrameworks/DesktopServicesPriv.framework/Versions/A/DesktopServicesPriv
0x0000000009fda000 	/System/Library/Frameworks/Carbon.framework/Versions/A/Frameworks/HIToolbox.framework/Versions/A/HIToolbox
0x0000000009fda000 	/System/Library/Frameworks/QuartzCore.framework/Versions/A/QuartzCore
0x0000000009fda000 	/System/Library/Frameworks/Carbon.framework/Versions/A/Frameworks/SpeechRecognition.framework/Versions/A/SpeechRecognition
0x0000000009fda000 	/usr/lib/libauto.dylib
0x0000000009fda000 	/usr/lib/libicucore.A.dylib
0x0000000009fda000 	/usr/lib/libxml2.2.dylib
0x0000000009fda000 	/System/Library/PrivateFrameworks/CoreUI.framework/Versions/A/CoreUI
0x0000000009fda000 	/System/Library/Frameworks/CoreAudio.framework/Versions/A/CoreAudio
0x0000000009fda000 	/System/Library/Frameworks/DiskArbitration.framework/Versions/A/DiskArbitration
0x0000000009fda000 	/usr/lib/liblangid.dylib
0x0000000009fda000 	/System/Library/PrivateFrameworks/MultitouchSupport.framework/Versions/A/MultitouchSupport
0x0000000009fda000 	/System/Library/Frameworks/IOKit.framework/Versions/A/IOKit
0x0000000009fda000 	/usr/lib/libDiagnosticMessagesClient.dylib
0x0000000009fda000 	/System/Library/Frameworks/CoreServices.framework/Versions/A/CoreServices
0x0000000009fda000 	/System/Library/PrivateFrameworks/PerformanceAnalysis.framework/Versions/A/PerformanceAnalysis
0x0000000009fda000 	/System/Library/PrivateFrameworks/GenerationalStorage.framework/Versions/A/GenerationalStorage
0x0000000009fda000 	/System/Library/Frameworks/OpenGL.framework/Versions/A/OpenGL
0x0000000009fda000 	/System/Library/PrivateFrameworks/Sharing.framework/Versions/A/Sharing
0x0000000009fda000 	/System/Library/Frameworks/CoreGraphics.framework/Versions/A/CoreGraphics
0x0000000009fda000 	/System/Library/Frameworks/CoreImage.framework/Versions/A/CoreImage
0x0000000009fda000 	/System/Library/Frameworks/CoreText.framework/Versions/A/CoreText
0x0000000009fda000 	/System/Library/Frameworks/ImageIO.framework/Versions/A/ImageIO
0x0000000009fda000 	/System/Library/PrivateFrameworks/Backup.framework/Versions/A/Backup
0x0000000009fda000 	/usr/lib/libextension.dylib
0x0000000009fda000 	/usr/lib/libarchive.2.dylib
0x0000000105c47000 	/System/Library/Frameworks/CFNetwork.framework/Versions/A/CFNetwork
0x0000000009fda000 	/System/Library/Frameworks/SystemConfiguration.framework/Versions/A/SystemConfiguration
0x0000000009fda000 	/usr/lib/libCRFSuite.dylib
0x0000000009fda000 	/usr/lib/libc++.1.dylib
0x0000000009fda000 	/usr/lib/libc++abi.dylib
0x0000000009fda000 	/usr/lib/system/libcache.dylib
0x0000000009fda000 	/usr/lib/system/libcommonCrypto.dylib
0x0000000009fda000 	/usr/lib/system/libcompiler_rt.dylib
0x0000000009fda000 	/usr/lib/system/libcopyfile.dylib
0x0000000009fda000 	/usr/lib/system/libcorecrypto.dylib
0x0000000009fda000 	/usr/lib/system/libdispatch.dylib
0x0000000009fda000 	/usr/lib/system/libdyld.dylib
0x0000000009fda000 	/usr/lib/system/libkeymgr.dylib
0x0000000009fda000 	/usr/lib/system/liblaunch.dylib
0x0000000009fda000 	/usr/lib/system/libmacho.dylib
0x0000000009fda000 	/usr/lib/system/libquarantine.dylib
0x0000000009fda000 	/usr/lib/system/libremovefile.dylib
0x0000000009fda000 	/usr/lib/system/libsystem_asl.dylib
0x0000000009fda000 	/usr/lib/system/libsystem_blocks.dylib
0x0000000009fda000 	/usr/lib/system/libsystem_c.dylib
0x0000000009fda000 	/usr/lib/system/libsystem_configuration.dylib
0x0000000009fda000 	/usr/lib/system/libsystem_coreservices.dylib
0x0000000009fda000 	/usr/lib/system/libsystem_coretls.dylib
0x0000000009fda000 	/usr/lib/system/libsystem_dnssd.dylib
0x0000000009fda000 	/usr/lib/system/libsystem_info.dylib
0x0000000009fda000 	/usr/lib/system/libsystem_kernel.dylib
0x0000000009fda000 	/usr/lib/system/libsystem_m.dylib
0x0000000009fda000 	/usr/lib/system/libsystem_malloc.dylib
0x0000000009fda000 	/usr/lib/system/libsystem_network.dylib
0x0000000009fda000 	/usr/lib/system/libsystem_networkextension.dylib
0x0000000009fda000 	/usr/lib/system/libsystem_notify.dylib
0x0000000009fda000 	/usr/lib/system/libsystem_platform.dylib
0x0000000009fda000 	/usr/lib/system/libsystem_pthread.dylib
0x0000000009fda000 	/usr/lib/system/libsystem_sandbox.dylib
0x0000000009fda000 	/usr/lib/system/libsystem_secinit.dylib
0x0000000009fda000 	/usr/lib/system/libsystem_trace.dylib
0x0000000009fda000 	/usr/lib/system/libunc.dylib
0x0000000009fda000 	/usr/lib/system/libunwind.dylib
0x0000000009fda000 	/usr/lib/system/libxpc.dylib
0x0000000009fda000 	/usr/lib/libenergytrace.dylib
0x0000000009fda000 	/usr/lib/libbsm.0.dylib
0x0000000009fda000 	/usr/lib/system/libkxld.dylib
0x0000000009fda000 	/usr/lib/libxar.1.dylib
0x0000000009fda000 	/usr/lib/libsqlite3.dylib
0x0000000009fda000 	/usr/lib/libpam.2.dylib
0x0000000009fda000 	/usr/lib/libOpenScriptingUtil.dylib
0x0000000009fda000 	/usr/lib/libbz2.1.0.dylib
0x0000000009fda000 	/usr/lib/liblzma.5.dylib
0x0000000009fda000 	/System/Library/Frameworks/CoreServices.framework/Versions/A/Frameworks/FSEvents.framework/Versions/A/FSEvents
0x0000000009fda000 	/System/Library/Frameworks/CoreServices.framework/Versions/A/Frameworks/CarbonCore.framework/Versions/A/CarbonCore
0x0000000009fda000 	/System/Library/Frameworks/CoreServices.framework/Versions/A/Frameworks/Metadata.framework/Versions/A/Metadata
0x0000000009fda000 	/System/Library/Frameworks/CoreServices.framework/Versions/A/Frameworks/OSServices.framework/Versions/A/OSServices
0x0000000009fda000 	/System/Library/Frameworks/CoreServices.framework/Versions/A/Frameworks/SearchKit.framework/Versions/A/SearchKit
0x0000000009fda000 	/System/Library/Frameworks/CoreServices.framework/Versions/A/Frameworks/AE.framework/Versions/A/AE
0x0000000009fda000 	/System/Library/Frameworks/CoreServices.framework/Versions/A/Frameworks/LaunchServices.framework/Versions/A/LaunchServices
0x0000000009fda000 	/System/Library/Frameworks/CoreServices.framework/Versions/A/Frameworks/DictionaryServices.framework/Versions/A/DictionaryServices
0x0000000009fda000 	/System/Library/Frameworks/CoreServices.framework/Versions/A/Frameworks/SharedFileList.framework/Versions/A/SharedFileList
0x0000000009fda000 	/System/Library/Frameworks/NetFS.framework/Versions/A/NetFS
0x0000000009fda000 	/System/Library/PrivateFrameworks/NetAuth.framework/Versions/A/NetAuth
0x0000000009fda000 	/System/Library/PrivateFrameworks/login.framework/Versions/A/Frameworks/loginsupport.framework/Versions/A/loginsupport
0x0000000009fda000 	/System/Library/PrivateFrameworks/TCC.framework/Versions/A/TCC
0x0000000009fda000 	/usr/lib/libmecabra.dylib
0x0000000009fda000 	/System/Library/Frameworks/ApplicationServices.framework/Versions/A/Frameworks/ATS.framework/Versions/A/ATS
0x0000000009fda000 	/System/Library/Frameworks/ApplicationServices.framework/Versions/A/Frameworks/ColorSync.framework/Versions/A/ColorSync
0x0000000009fda000 	/System/Library/Frameworks/ApplicationServices.framework/Versions/A/Frameworks/HIServices.framework/Versions/A/HIServices
0x0000000009fda000 	/System/Library/Frameworks/ApplicationServices.framework/Versions/A/Frameworks/LangAnalysis.framework/Versions/A/LangAnalysis
0x0000000009fda000 	/System/Library/Frameworks/ApplicationServices.framework/Versions/A/Frameworks/PrintCore.framework/Versions/A/PrintCore
0x0000000009fda000 	/System/Library/Frameworks/ApplicationServices.framework/Versions/A/Frameworks/QD.framework/Versions/A/QD
0x0000000009fda000 	/System/Library/Frameworks/ApplicationServices.framework/Versions/A/Frameworks/SpeechSynthesis.framework/Versions/A/SpeechSynthesis
0x0000000009fda000 	/System/Library/Frameworks/Metal.framework/Versions/A/Metal
0x0000000009fda000 	/System/Library/Frameworks/Accelerate.framework/Versions/A/Frameworks/vImage.framework/Versions/A/vImage
0x0000000009fda000 	/System/Library/Frameworks/Accelerate.framework/Versions/A/Frameworks/vecLib.framework/Versions/A/vecLib
0x0000000009fda000 	/System/Library/Frameworks/Accelerate.framework/Versions/A/Frameworks/vecLib.framework/Versions/A/libvDSP.dylib
0x0000000009fda000 	/System/Library/Frameworks/Accelerate.framework/Versions/A/Frameworks/vecLib.framework/Versions/A/libvMisc.dylib
0x0000000009fda000 	/System/Library/Frameworks/Accelerate.framework/Versions/A/Frameworks/vecLib.framework/Versions/A/libLAPACK.dylib
0x0000000009fda000 	/System/Library/Frameworks/Accelerate.framework/Versions/A/Frameworks/vecLib.framework/Versions/A/libBLAS.dylib
0x0000000009fda000 	/System/Library/Frameworks/Accelerate.framework/Versions/A/Frameworks/vecLib.framework/Versions/A/libLinearAlgebra.dylib
0x0000000009fda000 	/System/Library/Frameworks/Accelerate.framework/Versions/A/Frameworks/vecLib.framework/Versions/A/libSparseBLAS.dylib
0x0000000009fda000 	/System/Library/PrivateFrameworks/GPUCompiler.framework/libmetal_timestamp.dylib
0x0000000009fda000 	/System/Library/Frameworks/OpenGL.framework/Versions/A/Libraries/libCoreFSCache.dylib
0x0000000009fda000 	/System/Library/PrivateFrameworks/IOAccelerator.framework/Versions/A/IOAccelerator
0x0000000009fda000 	/System/Library/Frameworks/ApplicationServices.framework/Versions/A/Frameworks/ATS.framework/Versions/A/Resources/libFontParser.dylib
0x0000000009fda000 	/System/Library/Frameworks/ApplicationServices.framework/Versions/A/Frameworks/ATS.framework/Versions/A/Resources/libFontRegistry.dylib
0x0000000009fda000 	/System/Library/PrivateFrameworks/AppleVPA.framework/Versions/A/AppleVPA
0x0000000009fda000 	/System/Library/PrivateFrameworks/AppleJPEG.framework/Versions/A/AppleJPEG
0x0000000009fda000 	/System/Library/Frameworks/ImageIO.framework/Versions/A/Resources/libJPEG.dylib
0x0000000009fda000 	/System/Library/Frameworks/ImageIO.framework/Versions/A/Resources/libTIFF.dylib
0x0000000009fda000 	/System/Library/Frameworks/ImageIO.framework/Versions/A/Resources/libPng.dylib
0x0000000009fda000 	/System/Library/Frameworks/ImageIO.framework/Versions/A/Resources/libGIF.dylib
0x0000000009fda000 	/System/Library/Frameworks/ImageIO.framework/Versions/A/Resources/libJP2.dylib
0x0000000009fda000 	/System/Library/Frameworks/ImageIO.framework/Versions/A/Resources/libRadiance.dylib
0x0000000009fda000 	/System/Library/Frameworks/CoreVideo.framework/Versions/A/CoreVideo
0x0000000009fda000 	/System/Library/Frameworks/OpenGL.framework/Versions/A/Libraries/libGLU.dylib
0x0000000009fda000 	/System/Library/Frameworks/OpenGL.framework/Versions/A/Libraries/libGFXShared.dylib
0x0000000009fda000 	/System/Library/Frameworks/OpenGL.framework/Versions/A/Libraries/libGL.dylib
0x0000000009fda000 	/System/Library/Frameworks/OpenGL.framework/Versions/A/Libraries/libGLImage.dylib
0x0000000009fda000 	/System/Library/Frameworks/OpenGL.framework/Versions/A/Libraries/libCVMSPluginSupport.dylib
0x0000000009fda000 	/System/Library/Frameworks/OpenGL.framework/Versions/A/Libraries/libCoreVMClient.dylib
0x0000000009fda000 	/usr/lib/libcompression.dylib
0x0000000009fda000 	/usr/lib/libcups.2.dylib
0x0000000009fda000 	/System/Library/Frameworks/Kerberos.framework/Versions/A/Kerberos
0x0000000009fda000 	/System/Library/Frameworks/GSS.framework/Versions/A/GSS
0x0000000009fda000 	/usr/lib/libresolv.9.dylib
0x0000000009fda000 	/usr/lib/libiconv.2.dylib
0x0000000009fda000 	/System/Library/PrivateFrameworks/Heimdal.framework/Versions/A/Heimdal
0x0000000009fda000 	/usr/lib/libheimdal-asn1.dylib
0x0000000009fda000 	/System/Library/Frameworks/OpenDirectory.framework/Versions/A/OpenDirectory
0x0000000009fda000 	/System/Library/PrivateFrameworks/CommonAuth.framework/Versions/A/CommonAuth
0x0000000009fda000 	/System/Library/Frameworks/OpenDirectory.framework/Versions/A/Frameworks/CFOpenDirectory.framework/Versions/A/CFOpenDirectory
0x0000000009fda000 	/System/Library/Frameworks/SecurityFoundation.framework/Versions/A/SecurityFoundation
0x0000000009fda000 	/System/Library/PrivateFrameworks/LanguageModeling.framework/Versions/A/LanguageModeling
0x0000000009fda000 	/usr/lib/libmarisa.dylib
0x0000000009fda000 	/usr/lib/libChineseTokenizer.dylib
0x0000000009fda000 	/usr/lib/libcmph.dylib
0x0000000009fda000 	/System/Library/Frameworks/ServiceManagement.framework/Versions/A/ServiceManagement
0x0000000009fda000 	/usr/lib/libxslt.1.dylib
0x0000000009fda000 	/System/Library/Frameworks/Carbon.framework/Versions/A/Frameworks/Ink.framework/Versions/A/Ink
0x0000000009fda000 	/usr/lib/libFosl_dynamic.dylib
0x0000000009fda000 	/System/Library/PrivateFrameworks/FaceCore.framework/Versions/A/FaceCore
0x0000000009fda000 	/System/Library/Frameworks/OpenCL.framework/Versions/A/OpenCL
0x0000000009fda000 	/System/Library/PrivateFrameworks/CrashReporterSupport.framework/Versions/A/CrashReporterSupport
0x0000000009fda000 	/System/Library/PrivateFrameworks/IconServices.framework/Versions/A/IconServices
0x0000000009fda000 	/System/Library/PrivateFrameworks/Apple80211.framework/Versions/A/Apple80211
0x0000000009fda000 	/System/Library/Frameworks/CoreWLAN.framework/Versions/A/CoreWLAN
0x0000000009fda000 	/System/Library/Frameworks/IOBluetooth.framework/Versions/A/IOBluetooth
0x0000000009fda000 	/System/Library/PrivateFrameworks/CoreWiFi.framework/Versions/A/CoreWiFi
0x0000000009fda000 	/System/Library/Frameworks/CoreBluetooth.framework/Versions/A/CoreBluetooth
0x0000000009fda000 	/System/Library/PrivateFrameworks/ChunkingLibrary.framework/Versions/A/ChunkingLibrary
0x0000000009fda000 	/System/Library/PrivateFrameworks/DebugSymbols.framework/Versions/A/DebugSymbols
0x0000000009fda000 	/System/Library/PrivateFrameworks/CoreSymbolication.framework/Versions/A/CoreSymbolication
0x0000000009fda000 	/System/Library/PrivateFrameworks/Symbolication.framework/Versions/A/Symbolication
0x0000000009fda000 	/System/Library/PrivateFrameworks/SpeechRecognitionCore.framework/Versions/A/SpeechRecognitionCore
0x0000000106315000 	/Library/Java/JavaVirtualMachines/jdk1.8.0_101.jdk/Contents/Home/jre/lib/server/libjvm.dylib
0x0000000009fda000 	/usr/lib/libstdc++.6.dylib
0x00000001072b6000 	/Library/Java/JavaVirtualMachines/jdk1.8.0_101.jdk/Contents/Home/jre/lib/libverify.dylib
0x00000001072c4000 	/Library/Java/JavaVirtualMachines/jdk1.8.0_101.jdk/Contents/Home/jre/lib/libjava.dylib
0x0000000107301000 	/Library/Java/JavaVirtualMachines/jdk1.8.0_101.jdk/Contents/Home/jre/lib/libzip.dylib
0x000000011af12000 	/System/Library/Frameworks/JavaVM.framework/Frameworks/JavaRuntimeSupport.framework/JavaRuntimeSupport
0x000000011af2d000 	/System/Library/Frameworks/JavaVM.framework/Versions/A/Frameworks/JavaNativeFoundation.framework/Versions/A/JavaNativeFoundation
0x00000001073f3000 	/System/Library/Frameworks/JavaVM.framework/Versions/A/JavaVM
0x0000000009fda000 	/System/Library/Frameworks/Carbon.framework/Versions/A/Carbon
0x000000011af42000 	/System/Library/PrivateFrameworks/JavaLaunching.framework/Versions/A/JavaLaunching
0x0000000009fda000 	/System/Library/Frameworks/Carbon.framework/Versions/A/Frameworks/CommonPanels.framework/Versions/A/CommonPanels
0x0000000009fda000 	/System/Library/Frameworks/Carbon.framework/Versions/A/Frameworks/Help.framework/Versions/A/Help
0x0000000009fda000 	/System/Library/Frameworks/Carbon.framework/Versions/A/Frameworks/ImageCapture.framework/Versions/A/ImageCapture
0x0000000009fda000 	/System/Library/Frameworks/Carbon.framework/Versions/A/Frameworks/OpenScripting.framework/Versions/A/OpenScripting
0x0000000009fda000 	/System/Library/Frameworks/Carbon.framework/Versions/A/Frameworks/Print.framework/Versions/A/Print
0x0000000009fda000 	/System/Library/Frameworks/Carbon.framework/Versions/A/Frameworks/SecurityHI.framework/Versions/A/SecurityHI
0x000000011c8bf000 	/Library/Java/JavaVirtualMachines/jdk1.8.0_101.jdk/Contents/Home/jre/lib/libawt.dylib
0x000000011c967000 	/Library/Java/JavaVirtualMachines/jdk1.8.0_101.jdk/Contents/Home/jre/lib/./libmlib_image.dylib
0x000000011ca33000 	/Library/Java/JavaVirtualMachines/jdk1.8.0_101.jdk/Contents/Home/jre/lib/libawt_lwawt.dylib
0x000000011cae8000 	/Library/Java/JavaVirtualMachines/jdk1.8.0_101.jdk/Contents/Home/jre/lib/./libosxapp.dylib
0x0000000009fda000 	/System/Library/Frameworks/ExceptionHandling.framework/Versions/A/ExceptionHandling
0x0000000009fda000 	/System/Library/PrivateFrameworks/CoreServicesInternal.framework/Versions/A/CoreServicesInternal
0x000000011d657000 	/System/Library/Frameworks/CoreGraphics.framework/Versions/A/Resources/libRIP.A.dylib
0x0000000009fda000 	/System/Library/Frameworks/Accelerate.framework/Versions/A/Frameworks/vImage.framework/Versions/A/Libraries/libCGInterfaces.dylib
0x000000011d8f3000 	/System/Library/Frameworks/CoreGraphics.framework/Versions/A/Resources/libCGXType.A.dylib
0x0000000009fda000 	/System/Library/Frameworks/OpenCL.framework/Versions/A/Libraries/libcldcpuengine.dylib
0x0000000009fda000 	/System/Library/PrivateFrameworks/DiskImages.framework/Versions/A/DiskImages
0x0000000009fda000 	/System/Library/Frameworks/DiscRecording.framework/Versions/A/DiscRecording
0x0000000009fda000 	/usr/lib/libcsfde.dylib
0x0000000009fda000 	/usr/lib/libcurl.4.dylib
0x0000000009fda000 	/System/Library/PrivateFrameworks/MediaKit.framework/Versions/A/MediaKit
0x0000000009fda000 	/System/Library/PrivateFrameworks/ProtectedCloudStorage.framework/Versions/A/ProtectedCloudStorage
0x0000000009fda000 	/usr/lib/libCoreStorage.dylib
0x0000000009fda000 	/System/Library/PrivateFrameworks/EFILogin.framework/Versions/A/EFILogin
0x0000000009fda000 	/usr/lib/libutil.dylib
0x0000000009fda000 	/System/Library/PrivateFrameworks/FindMyDevice.framework/Versions/A/FindMyDevice
0x0000000009fda000 	/System/Library/Frameworks/LDAP.framework/Versions/A/LDAP
0x0000000009fda000 	/usr/lib/libsasl2.2.dylib
0x0000000009fda000 	/System/Library/PrivateFrameworks/CoreDaemon.framework/Versions/B/CoreDaemon
0x0000000009fda000 	/usr/lib/libcrypto.0.9.8.dylib
0x0000000009fda000 	/System/Library/PrivateFrameworks/AppleSRP.framework/Versions/A/AppleSRP
0x0000000009fda000 	/System/Library/PrivateFrameworks/TrustEvaluationAgent.framework/Versions/A/TrustEvaluationAgent
0x000000011e3aa000 	cl_kernels
0x0000000009fda000 	/System/Library/Frameworks/OpenCL.framework/Versions/A/Libraries/ImageFormats/unorm8_bgra.dylib
0x0000000009fda000 	/System/Library/Frameworks/OpenCL.framework/Versions/A/Libraries/ImageFormats/unorm8_rgba.dylib
0x0000000009fda000 	/System/Library/PrivateFrameworks/FamilyControls.framework/Versions/A/FamilyControls
0x0000000009fda000 	/System/Library/PrivateFrameworks/CommerceKit.framework/Versions/A/Frameworks/CommerceCore.framework/Versions/A/CommerceCore
0x0000000009fda000 	/System/Library/PrivateFrameworks/SystemAdministration.framework/Versions/A/SystemAdministration
0x0000000009fda000 	/System/Library/PrivateFrameworks/AppContainer.framework/Versions/A/AppContainer
0x0000000009fda000 	/System/Library/PrivateFrameworks/SecCodeWrapper.framework/Versions/A/SecCodeWrapper
0x0000000009fda000 	/System/Library/Frameworks/DirectoryService.framework/Versions/A/DirectoryService
0x0000000009fda000 	/System/Library/PrivateFrameworks/LoginUIKit.framework/Versions/A/Frameworks/LoginUICore.framework/Versions/A/LoginUICore
0x0000000009fda000 	/usr/lib/libodfde.dylib
0x000000011f3c7000 	/Library/Java/JavaVirtualMachines/jdk1.8.0_101.jdk/Contents/Home/jre/lib/libfontmanager.dylib
0x000000011f42e000 	/Users/justin/Documents/SWEN/SLICK_HOME/liblwjgl.dylib
0x000000011d876000 	/Library/Java/JavaVirtualMachines/jdk1.8.0_101.jdk/Contents/Home/jre/lib/libjawt.dylib
0x0000000009fda000 	/System/Library/Frameworks/OpenGL.framework/Versions/A/Resources/GLEngine.bundle/GLEngine
0x0000000009fda000 	/System/Library/Frameworks/OpenGL.framework/Versions/A/Libraries/libGLProgrammability.dylib
0x000000011f4b0000 	/System/Library/Extensions/AppleIntelHD5000GraphicsGLDriver.bundle/Contents/MacOS/AppleIntelHD5000GraphicsGLDriver
0x0000000009fda000 	/System/Library/PrivateFrameworks/GPUSupport.framework/Versions/A/Libraries/libGPUSupportMercury.dylib
0x0000000009fda000 	/System/Library/Frameworks/OpenGL.framework/Versions/A/Resources/GLRendererFloat.bundle/GLRendererFloat
0x000000011d88c000 	/Users/justin/Documents/SWEN/SLICK_HOME/libjinput-osx.dylib
0x0000000120933000 	/System/Library/Extensions/IOHIDFamily.kext/Contents/PlugIns/IOHIDLib.plugin/Contents/MacOS/IOHIDLib
0x00000001209b2000 	/Library/Java/JavaVirtualMachines/jdk1.8.0_101.jdk/Contents/Home/jre/lib/libnet.dylib
0x00000001209c9000 	/Library/Java/JavaVirtualMachines/jdk1.8.0_101.jdk/Contents/Home/jre/lib/libnio.dylib
0x0000000121c2d000 	/Library/Java/JavaVirtualMachines/jdk1.8.0_101.jdk/Contents/Home/jre/lib/libt2k.dylib

VM Arguments:
jvm_args: -Djava.library.path=/Users/justin/Documents/SWEN/SLICK_HOME -Dfile.encoding=UTF-8 
java_command: RPG
java_class_path (initial): /Users/justin/Documents/SWEN/workspace/Project2/bin:/Users/justin/Documents/SWEN/workspace/Project2/lib/jinput.jar:/Users/justin/Documents/SWEN/workspace/Project2/lib/lwjgl.jar:/Users/justin/Documents/SWEN/workspace/Project2/lib/slick.jar
Launcher Type: SUN_STANDARD

Environment Variables:
PATH=/usr/bin:/bin:/usr/sbin:/sbin
SHELL=/bin/bash

Signal Handlers:
SIGSEGV: [libjvm.dylib+0x5af145], sa_mask[0]=11111111011111110111111111111111, sa_flags=SA_ONSTACK|SA_RESTART|SA_SIGINFO
SIGBUS: [libjvm.dylib+0x5af145], sa_mask[0]=11111111011111110111111111111111, sa_flags=SA_RESTART|SA_SIGINFO
SIGFPE: [libjvm.dylib+0x48694c], sa_mask[0]=11111111011111110111111111111111, sa_flags=SA_RESTART|SA_SIGINFO
SIGPIPE: [libjvm.dylib+0x48694c], sa_mask[0]=11111111011111110111111111111111, sa_flags=SA_RESTART|SA_SIGINFO
SIGXFSZ: [libjvm.dylib+0x48694c], sa_mask[0]=11111111011111110111111111111111, sa_flags=SA_RESTART|SA_SIGINFO
SIGILL: [libjvm.dylib+0x48694c], sa_mask[0]=11111111011111110111111111111111, sa_flags=SA_RESTART|SA_SIGINFO
SIGUSR1: SIG_DFL, sa_mask[0]=00000000000000000000000000000000, sa_flags=none
SIGUSR2: [libjvm.dylib+0x48646a], sa_mask[0]=00100000000000000000000000000000, sa_flags=SA_RESTART|SA_SIGINFO
SIGHUP: [libjvm.dylib+0x484a41], sa_mask[0]=11111111011111110111111111111111, sa_flags=SA_RESTART|SA_SIGINFO
SIGINT: [libjvm.dylib+0x484a41], sa_mask[0]=11111111011111110111111111111111, sa_flags=SA_RESTART|SA_SIGINFO
SIGTERM: [libjvm.dylib+0x484a41], sa_mask[0]=11111111011111110111111111111111, sa_flags=SA_RESTART|SA_SIGINFO
SIGQUIT: [libjvm.dylib+0x484a41], sa_mask[0]=11111111011111110111111111111111, sa_flags=SA_RESTART|SA_SIGINFO


---------------  S Y S T E M  ---------------

OS:Bsduname:Darwin 15.6.0 Darwin Kernel Version 15.6.0: Mon Aug 29 20:21:34 PDT 2016; root:xnu-3248.60.11~1/RELEASE_X86_64 x86_64
rlimit: STACK 8192k, CORE 0k, NPROC 709, NOFILE 10240, AS infinity
load average:3.04 2.47 2.33

CPU:total 4 (2 cores per cpu, 2 threads per core) family 6 model 69 stepping 1, cmov, cx8, fxsr, mmx, sse, sse2, sse3, ssse3, sse4.1, sse4.2, popcnt, avx, avx2, aes, clmul, erms, lzcnt, ht, tsc, tscinvbit, bmi1, bmi2

Memory: 4k page, physical 4194304k(34424k free)

/proc/meminfo:


vm_info: Java HotSpot(TM) 64-Bit Server VM (25.101-b13) for bsd-amd64 JRE (1.8.0_101-b13), built on Jun 22 2016 02:42:15 by "java_re" with gcc 4.2.1 (Based on Apple Inc. build 5658) (LLVM build 2336.11.00)

time: Thu Oct  6 23:01:58 2016
elapsed time: 13 seconds (0d 0h 0m 13s)

