#
# A fatal error has been detected by the Java Runtime Environment:
#
#  SIGILL (0x4) at pc=0x00007fff9947b02f, pid=7242, tid=0x0000000000000a0b
#
# JRE version: Java(TM) SE Runtime Environment (8.0_101-b13) (build 1.8.0_101-b13)
# Java VM: Java HotSpot(TM) 64-Bit Server VM (25.101-b13 mixed mode bsd-amd64 compressed oops)
# Problematic frame:
# C  [libobjc.A.dylib+0x1302f]  _objc_trap()+0x4
#
# Failed to write core dump. Core dumps have been disabled. To enable core dumping, try "ulimit -c unlimited" before starting Java again
#
# If you would like to submit a bug report, please visit:
#   http://bugreport.java.com/bugreport/crash.jsp
# The crash happened outside the Java Virtual Machine in native code.
# See problematic frame for where to report the bug.
#

---------------  T H R E A D  ---------------

Current thread (0x00007fcac5120800):  JavaThread "AppKit Thread" daemon [_thread_in_native, id=2571, stack(0x00007fff52118000,0x00007fff52918000)]

siginfo: si_signo: 4 (SIGILL), si_code: 1 (ILL_ILLOPC), si_addr: 0x00007fff9947b02f

Registers:
RAX=0x0000000000000000, RBX=0x00007fcac3c84ca0, RCX=0x0000000000000000, RDX=0x00007fff79617b30
RSP=0x00007fff52913380, RBP=0x00007fff52913380, RSI=0x0000010000000100, RDI=0x00007fff79617b10
R8 =0x00000000fffffffc, R9 =0x00007fff79617b28, R10=0x00000000ffffffff, R11=0x0000000000000140
R12=0x0000000000000001, R13=0x0000000000000000, R14=0x00007fff7961d328, R15=0x00007fcac3e98070
RIP=0x00007fff9947b02f, EFLAGS=0x0000000000010202, ERR=0x0000000000000000
  TRAPNO=0x0000000000000006

Top of Stack: (sp=0x00007fff52913380)
0x00007fff52913380:   00007fff52913470 00007fff9947b17f
0x00007fff52913390:   00007fcac3f33450 00007fcac3c84ca0
0x00007fff529133a0:   00007fff9bf21d9c 00007fff9bf21d9c
0x00007fff529133b0:   000000000000005f 00007fcac3c84ca0
0x00007fff529133c0:   00007fff529133f0 00007fff9946fe63
0x00007fff529133d0:   00007fff52913430 00007fff994728cd
0x00007fff529133e0:   00007fff7961d310 0000000000000001
0x00007fff529133f0:   00007fff52913450 00007fcac3e98070
0x00007fff52913400:   00007fff52913430 00007fff9bf21d9c
0x00007fff52913410:   00007fff9bf21d9c 0000000000000000
0x00007fff52913420:   00007fff79edaa38 00007fcac3e98070
0x00007fff52913430:   00007fff52913470 00007fff99472838
0x00007fff52913440:   00007fcac3f338c0 00007fcac3f33790
0x00007fff52913450:   0000003000000018 00007fff52913480
0x00007fff52913460:   00007fff52913390 00007fcac3e98070
0x00007fff52913470:   00007fff529134d0 00007fff9947361e
0x00007fff52913480:   00007fff7961bd00 00007fff7961c380
0x00007fff52913490:   00007fff52913510 00007fff99473431
0x00007fff529134a0:   00007fff529134e0 00007fff7961bd00
0x00007fff529134b0:   00007fcac3e98070 0000000000000000
0x00007fff529134c0:   00007fff7961d300 0000000000000000
0x00007fff529134d0:   00007fff52913550 00007fff994733a9
0x00007fff529134e0:   ffff80353c198cc0 00007fcac3e97e90
0x00007fff529134f0:   0000000000001600 0000000000000000
0x00007fff52913500:   0000000000000000 0000000000000000
0x00007fff52913510:   00007fcac3c84ca0 000000000000002c
0x00007fff52913520:   0000000000000006 00007fcac3e67340
0x00007fff52913530:   0000000000000000 00007fcac3e3ddd0
0x00007fff52913540:   00007fcac3e97e90 00007fcac3c84ca0
0x00007fff52913550:   00007fff52913590 00007fff95b0c973
0x00007fff52913560:   00007fcac3e67340 0000000000000000
0x00007fff52913570:   00007fcac3c84ca0 00007fff994694c0 

Instructions: (pc=0x00007fff9947b02f)
0x00007fff9947b00f:   00 00 bf 02 00 00 00 48 89 de 48 89 c2 e8 a1 bf
0x00007fff9947b01f:   00 00 48 81 c4 98 00 00 00 5b 5d c3 55 48 89 e5
0x00007fff9947b02f:   0f 0b 55 48 89 e5 48 81 ec d0 00 00 00 84 c0 74
0x00007fff9947b03f:   2e c5 f8 29 85 60 ff ff ff c5 f8 29 8d 70 ff ff 

Register to memory mapping:

RAX=0x0000000000000000 is an unknown value
RBX=0x00007fcac3c84ca0 is an unknown value
RCX=0x0000000000000000 is an unknown value
RDX=0x00007fff79617b30: _ZZL14_objc_crashlogPKcE13crashlog_lock+0x20 in /usr/lib/libobjc.A.dylib at 0x00007fff99468000
RSP=0x00007fff52913380 is pointing into the stack for thread: 0x00007fcac5120800
RBP=0x00007fff52913380 is pointing into the stack for thread: 0x00007fcac5120800
RSI=0x0000010000000100 is an unknown value
RDI=0x00007fff79617b10: _ZZL14_objc_crashlogPKcE13crashlog_lock+0 in /usr/lib/libobjc.A.dylib at 0x00007fff99468000
R8 =0x00000000fffffffc is an unknown value
R9 =0x00007fff79617b28: _ZZL14_objc_crashlogPKcE13crashlog_lock+0x18 in /usr/lib/libobjc.A.dylib at 0x00007fff99468000
R10=0x00000000ffffffff is an unknown value
R11=0x0000000000000140 is an unknown value
R12=0x0000000000000001 is an unknown value
R13=0x0000000000000000 is an unknown value
R14=0x00007fff7961d328: _ZN12_GLOBAL__N_1L12SideTableBufE+0x1628 in /usr/lib/libobjc.A.dylib at 0x00007fff99468000
R15=0x00007fcac3e98070 is an unknown value


Stack: [0x00007fff52118000,0x00007fff52918000],  sp=0x00007fff52913380,  free space=8172k
Native frames: (J=compiled Java code, j=interpreted, Vv=VM code, C=native code)
C  [libobjc.A.dylib+0x1302f]  _objc_trap()+0x4
C  [libobjc.A.dylib+0x1317f]  _objc_inform+0x0
C  [libobjc.A.dylib+0xb61e]  weak_register_no_lock+0xde
C  [libobjc.A.dylib+0xb3a9]  objc_storeWeak+0x18b
C  [Foundation+0x19973]  -[NSConcreteMapTable setObject:forKey:]+0x6e
C  [AppKit+0x345f6a]  -[NSView(NSOpenGLContextAssociation) _setOpenGLContext:]+0xf2
C  [AppKit+0x685667]  __27-[NSOpenGLContext setView:]_block_invoke+0x60
C  [AppKit+0x183325]  NSPerformVisuallyAtomicChange+0x93
C  [AppKit+0x345c0d]  -[NSOpenGLContext setView:]+0x77
C  [liblwjgl.dylib+0xa586]  -[MacOSXOpenGLView lockFocus]+0x76
C  [AppKit+0x1a8797]  -[NSView _recursiveDisplayRectIfNeededIgnoringOpacity:isVisibleRect:rectIsVisibleRectForView:topView:]+0x6e2
C  [AppKit+0x1a9785]  -[NSView _recursiveDisplayRectIfNeededIgnoringOpacity:isVisibleRect:rectIsVisibleRectForView:topView:]+0x16d0
C  [AppKit+0x1a7be0]  -[NSThemeFrame _recursiveDisplayRectIfNeededIgnoringOpacity:isVisibleRect:rectIsVisibleRectForView:topView:]+0x14e
C  [AppKit+0x1a5feb]  -[NSView _displayRectIgnoringOpacity:isVisibleRect:rectIsVisibleRectForView:]+0x991
C  [AppKit+0x1a13f5]  -[NSView displayIfNeeded]+0x79e
C  [AppKit+0x1a0c3c]  -[NSWindow displayIfNeeded]+0xe8
C  [AppKit+0x82541b]  ___NSWindowGetDisplayCycleObserver_block_invoke6365+0x1dc
C  [AppKit+0x1a05d6]  __37+[NSDisplayCycle currentDisplayCycle]_block_invoke+0x3ad
C  [QuartzCore+0x10f71]  CA::Transaction::run_commit_handlers(CATransactionPhase)+0x55
C  [QuartzCore+0x1042c]  CA::Context::commit_transaction(CA::Transaction*)+0xa0
C  [QuartzCore+0x100ec]  CA::Transaction::commit()+0x1fc
C  [QuartzCore+0x1b977]  CA::Transaction::observer_callback(__CFRunLoopObserver*, unsigned long, void*)+0x47
C  [CoreFoundation+0xaa067]  __CFRUNLOOP_IS_CALLING_OUT_TO_AN_OBSERVER_CALLBACK_FUNCTION__+0x17
C  [CoreFoundation+0xa9fd7]  __CFRunLoopDoObservers+0x187
C  [CoreFoundation+0x88ef8]  CFRunLoopRunSpecific+0x148
C  [HIToolbox+0x30935]  RunCurrentEventLoopInMode+0xeb
C  [HIToolbox+0x30677]  ReceiveNextEventCommon+0xb8
C  [HIToolbox+0x305af]  _BlockUntilNextEventMatchingListInModeWithFilter+0x47
C  [AppKit+0x48df6]  _DPSNextEvent+0x42b
C  [AppKit+0x48226]  -[NSApplication _nextEventMatchingEventMask:untilDate:inMode:dequeue:]+0x1c6
C  [libosxapp.dylib+0x23aa]  -[NSApplicationAWT nextEventMatchingMask:untilDate:inMode:dequeue:]+0x7c
C  [AppKit+0x3cd80]  -[NSApplication run]+0x2aa
C  [libosxapp.dylib+0x214d]  +[NSApplicationAWT runAWTLoopWithApp:]+0x9c
C  [libawt_lwawt.dylib+0x444b3]  -[AWTStarter starter:]+0x389
C  [Foundation+0x76fde]  __NSThreadPerformPerform+0x117
C  [CoreFoundation+0xaa881]  __CFRUNLOOP_IS_CALLING_OUT_TO_A_SOURCE0_PERFORM_FUNCTION__+0x11
C  [CoreFoundation+0x89fbc]  __CFRunLoopDoSources0+0x22c
C  [CoreFoundation+0x894df]  __CFRunLoopRun+0x39f
C  [CoreFoundation+0x88ed8]  CFRunLoopRunSpecific+0x128
C  [java+0x6465]  CreateExecutionEnvironment+0x367
C  [java+0x218c]  JLI_Launch+0x7a0
C  [java+0x84c2]  main+0x65
C  [java+0x19e4]  start+0x34
C  0x0000000000000006


---------------  P R O C E S S  ---------------

Java Threads: ( => current thread )
  0x00007fcac512e000 JavaThread "AWT-Shutdown" [_thread_blocked, id=29207, stack(0x000070000104a000,0x000070000114a000)]
  0x00007fcac48c7800 JavaThread "Java2D Queue Flusher" daemon [_thread_blocked, id=56839, stack(0x000070000145c000,0x000070000155c000)]
  0x00007fcac427b800 JavaThread "Java2D Disposer" daemon [_thread_blocked, id=53015, stack(0x0000700001359000,0x0000700001459000)]
=>0x00007fcac5120800 JavaThread "AppKit Thread" daemon [_thread_in_native, id=2571, stack(0x00007fff52118000,0x00007fff52918000)]
  0x00007fcac400c000 JavaThread "Service Thread" daemon [_thread_blocked, id=18435, stack(0x0000700000dc1000,0x0000700000ec1000)]
  0x00007fcac5091800 JavaThread "C1 CompilerThread2" daemon [_thread_blocked, id=17923, stack(0x0000700000cbe000,0x0000700000dbe000)]
  0x00007fcac5004800 JavaThread "C2 CompilerThread1" daemon [_thread_blocked, id=17411, stack(0x0000700000bbb000,0x0000700000cbb000)]
  0x00007fcac580a800 JavaThread "C2 CompilerThread0" daemon [_thread_blocked, id=16899, stack(0x0000700000ab8000,0x0000700000bb8000)]
  0x00007fcac4004000 JavaThread "Signal Dispatcher" daemon [_thread_blocked, id=12815, stack(0x00007000009b5000,0x0000700000ab5000)]
  0x00007fcac5008000 JavaThread "Finalizer" daemon [_thread_blocked, id=12291, stack(0x000070000082f000,0x000070000092f000)]
  0x00007fcac481f800 JavaThread "Reference Handler" daemon [_thread_blocked, id=11779, stack(0x000070000072c000,0x000070000082c000)]
  0x00007fcac5800800 JavaThread "main" [_thread_in_native, id=5891, stack(0x000070000011a000,0x000070000021a000)]

Other Threads:
  0x00007fcac481b000 VMThread [stack: 0x0000700000629000,0x0000700000729000] [id=11267]
  0x00007fcac580e000 WatcherThread [stack: 0x0000700000ec4000,0x0000700000fc4000] [id=18947]

VM state:not at safepoint (normal execution)

VM Mutex/Monitor currently owned by a thread: None

Heap:
 PSYoungGen      total 66048K, used 2702K [0x00000007aab00000, 0x00000007b4200000, 0x00000007c0000000)
  eden space 63488K, 4% used [0x00000007aab00000,0x00000007aad8b818,0x00000007ae900000)
  from space 2560K, 3% used [0x00000007ae900000,0x00000007ae918000,0x00000007aeb80000)
  to   space 30720K, 0% used [0x00000007b2400000,0x00000007b2400000,0x00000007b4200000)
 ParOldGen       total 125440K, used 39092K [0x0000000780000000, 0x0000000787a80000, 0x00000007aab00000)
  object space 125440K, 31% used [0x0000000780000000,0x000000078262d1e0,0x0000000787a80000)
 Metaspace       used 9518K, capacity 9697K, committed 9856K, reserved 1058816K
  class space    used 1004K, capacity 1087K, committed 1152K, reserved 1048576K

Card table byte_map: [0x000000011e15d000,0x000000011e35e000] byte_map_base: 0x000000011a55d000

Marking Bits: (ParMarkBitMap*) 0x000000010e6edd20
 Begin Bits: [0x000000011e4b4000, 0x000000011f4b4000)
 End Bits:   [0x000000011f4b4000, 0x00000001204b4000)

Polling page: 0x000000010d5ab000

CodeCache: size=245760Kb used=4013Kb max_used=4013Kb free=241746Kb
 bounds [0x000000010ed9d000, 0x000000010f18d000, 0x000000011dd9d000]
 total_blobs=1466 nmethods=956 adapters=424
 compilation: enabled

Compilation events (10 events):
Event: 20.982 Thread 0x00007fcac5091800  952       3       java.nio.HeapByteBuffer::getInt (18 bytes)
Event: 20.983 Thread 0x00007fcac5091800 nmethod 952 0x000000010f14be50 code [0x000000010f14c060, 0x000000010f14c9c8]
Event: 20.983 Thread 0x00007fcac5091800  953       3       java.nio.Bits::getInt (18 bytes)
Event: 20.984 Thread 0x00007fcac5091800 nmethod 953 0x000000010f15f5d0 code [0x000000010f15f7e0, 0x000000010f160198]
Event: 21.359 Thread 0x00007fcac5091800  954       3       java.nio.HeapByteBuffer::put (16 bytes)
Event: 21.360 Thread 0x00007fcac5091800 nmethod 954 0x000000010f187bd0 code [0x000000010f187d60, 0x000000010f188108]
Event: 21.378 Thread 0x00007fcac5091800  955       3       java.nio.HeapByteBuffer::get (14 bytes)
Event: 21.379 Thread 0x00007fcac5091800 nmethod 955 0x000000010f1882d0 code [0x000000010f188460, 0x000000010f188808]
Event: 21.841 Thread 0x00007fcac5091800  956   !   3       org.lwjgl.opengl.Display::update (154 bytes)
Event: 21.843 Thread 0x00007fcac5091800 nmethod 956 0x000000010f1889d0 code [0x000000010f188c80, 0x000000010f189df8]

GC Heap History (10 events):
Event: 5.552 GC heap before
{Heap before GC invocations=3 (full 0):
 PSYoungGen      total 35328K, used 23138K [0x00000007aab00000, 0x00000007ad000000, 0x00000007c0000000)
  eden space 32768K, 62% used [0x00000007aab00000,0x00000007abf1bfb8,0x00000007acb00000)
  from space 2560K, 99% used [0x00000007acd80000,0x00000007acffcc10,0x00000007ad000000)
  to   space 2560K, 0% used [0x00000007acb00000,0x00000007acb00000,0x00000007acd80000)
 ParOldGen       total 44032K, used 20914K [0x0000000780000000, 0x0000000782b00000, 0x00000007aab00000)
  object space 44032K, 47% used [0x0000000780000000,0x000000078146ca88,0x0000000782b00000)
 Metaspace       used 9504K, capacity 9697K, committed 9856K, reserved 1058816K
  class space    used 1004K, capacity 1087K, committed 1152K, reserved 1048576K
Event: 5.569 GC heap after
Heap after GC invocations=3 (full 0):
 PSYoungGen      total 35328K, used 2547K [0x00000007aab00000, 0x00000007af000000, 0x00000007c0000000)
  eden space 32768K, 0% used [0x00000007aab00000,0x00000007aab00000,0x00000007acb00000)
  from space 2560K, 99% used [0x00000007acb00000,0x00000007acd7cc10,0x00000007acd80000)
  to   space 2560K, 0% used [0x00000007aed80000,0x00000007aed80000,0x00000007af000000)
 ParOldGen       total 44032K, used 41125K [0x0000000780000000, 0x0000000782b00000, 0x00000007aab00000)
  object space 44032K, 93% used [0x0000000780000000,0x0000000782829560,0x0000000782b00000)
 Metaspace       used 9504K, capacity 9697K, committed 9856K, reserved 1058816K
  class space    used 1004K, capacity 1087K, committed 1152K, reserved 1048576K
}
Event: 5.569 GC heap before
{Heap before GC invocations=4 (full 1):
 PSYoungGen      total 35328K, used 2547K [0x00000007aab00000, 0x00000007af000000, 0x00000007c0000000)
  eden space 32768K, 0% used [0x00000007aab00000,0x00000007aab00000,0x00000007acb00000)
  from space 2560K, 99% used [0x00000007acb00000,0x00000007acd7cc10,0x00000007acd80000)
  to   space 2560K, 0% used [0x00000007aed80000,0x00000007aed80000,0x00000007af000000)
 ParOldGen       total 44032K, used 41125K [0x0000000780000000, 0x0000000782b00000, 0x00000007aab00000)
  object space 44032K, 93% used [0x0000000780000000,0x0000000782829560,0x0000000782b00000)
 Metaspace       used 9504K, capacity 9697K, committed 9856K, reserved 1058816K
  class space    used 1004K, capacity 1087K, committed 1152K, reserved 1048576K
Event: 5.614 GC heap after
Heap after GC invocations=4 (full 1):
 PSYoungGen      total 35328K, used 0K [0x00000007aab00000, 0x00000007af000000, 0x00000007c0000000)
  eden space 32768K, 0% used [0x00000007aab00000,0x00000007aab00000,0x00000007acb00000)
  from space 2560K, 0% used [0x00000007acb00000,0x00000007acb00000,0x00000007acd80000)
  to   space 2560K, 0% used [0x00000007aed80000,0x00000007aed80000,0x00000007af000000)
 ParOldGen       total 56320K, used 10601K [0x0000000780000000, 0x0000000783700000, 0x00000007aab00000)
  object space 56320K, 18% used [0x0000000780000000,0x0000000780a5a7f0,0x0000000783700000)
 Metaspace       used 9504K, capacity 9697K, committed 9856K, reserved 1058816K
  class space    used 1004K, capacity 1087K, committed 1152K, reserved 1048576K
}
Event: 5.727 GC heap before
{Heap before GC invocations=5 (full 1):
 PSYoungGen      total 35328K, used 32768K [0x00000007aab00000, 0x00000007af000000, 0x00000007c0000000)
  eden space 32768K, 100% used [0x00000007aab00000,0x00000007acb00000,0x00000007acb00000)
  from space 2560K, 0% used [0x00000007acb00000,0x00000007acb00000,0x00000007acd80000)
  to   space 2560K, 0% used [0x00000007aed80000,0x00000007aed80000,0x00000007af000000)
 ParOldGen       total 56320K, used 10601K [0x0000000780000000, 0x0000000783700000, 0x00000007aab00000)
  object space 56320K, 18% used [0x0000000780000000,0x0000000780a5a7f0,0x0000000783700000)
 Metaspace       used 9504K, capacity 9697K, committed 9856K, reserved 1058816K
  class space    used 1004K, capacity 1087K, committed 1152K, reserved 1048576K
Event: 5.754 GC heap after
Heap after GC invocations=5 (full 1):
 PSYoungGen      total 62976K, used 128K [0x00000007aab00000, 0x00000007aee00000, 0x00000007c0000000)
  eden space 62464K, 0% used [0x00000007aab00000,0x00000007aab00000,0x00000007ae800000)
  from space 512K, 25% used [0x00000007aed80000,0x00000007aeda0000,0x00000007aee00000)
  to   space 2560K, 0% used [0x00000007ae900000,0x00000007ae900000,0x00000007aeb80000)
 ParOldGen       total 72704K, used 67578K [0x0000000780000000, 0x0000000784700000, 0x00000007aab00000)
  object space 72704K, 92% used [0x0000000780000000,0x00000007841fe850,0x0000000784700000)
 Metaspace       used 9504K, capacity 9697K, committed 9856K, reserved 1058816K
  class space    used 1004K, capacity 1087K, committed 1152K, reserved 1048576K
}
Event: 5.754 GC heap before
{Heap before GC invocations=6 (full 2):
 PSYoungGen      total 62976K, used 128K [0x00000007aab00000, 0x00000007aee00000, 0x00000007c0000000)
  eden space 62464K, 0% used [0x00000007aab00000,0x00000007aab00000,0x00000007ae800000)
  from space 512K, 25% used [0x00000007aed80000,0x00000007aeda0000,0x00000007aee00000)
  to   space 2560K, 0% used [0x00000007ae900000,0x00000007ae900000,0x00000007aeb80000)
 ParOldGen       total 72704K, used 67578K [0x0000000780000000, 0x0000000784700000, 0x00000007aab00000)
  object space 72704K, 92% used [0x0000000780000000,0x00000007841fe850,0x0000000784700000)
 Metaspace       used 9504K, capacity 9697K, committed 9856K, reserved 1058816K
  class space    used 1004K, capacity 1087K, committed 1152K, reserved 1048576K
Event: 5.770 GC heap after
Heap after GC invocations=6 (full 2):
 PSYoungGen      total 62976K, used 0K [0x00000007aab00000, 0x00000007aee00000, 0x00000007c0000000)
  eden space 62464K, 0% used [0x00000007aab00000,0x00000007aab00000,0x00000007ae800000)
  from space 512K, 0% used [0x00000007aed80000,0x00000007aed80000,0x00000007aee00000)
  to   space 2560K, 0% used [0x00000007ae900000,0x00000007ae900000,0x00000007aeb80000)
 ParOldGen       total 125440K, used 39092K [0x0000000780000000, 0x0000000787a80000, 0x00000007aab00000)
  object space 125440K, 31% used [0x0000000780000000,0x000000078262d1e0,0x0000000787a80000)
 Metaspace       used 9504K, capacity 9697K, committed 9856K, reserved 1058816K
  class space    used 1004K, capacity 1087K, committed 1152K, reserved 1048576K
}
Event: 8.420 GC heap before
{Heap before GC invocations=7 (full 2):
 PSYoungGen      total 62976K, used 62464K [0x00000007aab00000, 0x00000007aee00000, 0x00000007c0000000)
  eden space 62464K, 100% used [0x00000007aab00000,0x00000007ae800000,0x00000007ae800000)
  from space 512K, 0% used [0x00000007aed80000,0x00000007aed80000,0x00000007aee00000)
  to   space 2560K, 0% used [0x00000007ae900000,0x00000007ae900000,0x00000007aeb80000)
 ParOldGen       total 125440K, used 39092K [0x0000000780000000, 0x0000000787a80000, 0x00000007aab00000)
  object space 125440K, 31% used [0x0000000780000000,0x000000078262d1e0,0x0000000787a80000)
 Metaspace       used 9504K, capacity 9697K, committed 9856K, reserved 1058816K
  class space    used 1004K, capacity 1087K, committed 1152K, reserved 1048576K
Event: 8.422 GC heap after
Heap after GC invocations=7 (full 2):
 PSYoungGen      total 66048K, used 96K [0x00000007aab00000, 0x00000007b4200000, 0x00000007c0000000)
  eden space 63488K, 0% used [0x00000007aab00000,0x00000007aab00000,0x00000007ae900000)
  from space 2560K, 3% used [0x00000007ae900000,0x00000007ae918000,0x00000007aeb80000)
  to   space 30720K, 0% used [0x00000007b2400000,0x00000007b2400000,0x00000007b4200000)
 ParOldGen       total 125440K, used 39092K [0x0000000780000000, 0x0000000787a80000, 0x00000007aab00000)
  object space 125440K, 31% used [0x0000000780000000,0x000000078262d1e0,0x0000000787a80000)
 Metaspace       used 9504K, capacity 9697K, committed 9856K, reserved 1058816K
  class space    used 1004K, capacity 1087K, committed 1152K, reserved 1048576K
}

Deoptimization events (10 events):
Event: 1.342 Thread 0x00007fcac5800800 Uncommon trap: reason=class_check action=maybe_recompile pc=0x000000010efda2b0 method=java.util.HashMap.putVal(ILjava/lang/Object;Ljava/lang/Object;ZZ)Ljava/lang/Object; @ 253
Event: 1.342 Thread 0x00007fcac5800800 Uncommon trap: reason=class_check action=maybe_recompile pc=0x000000010efda2b0 method=java.util.HashMap.putVal(ILjava/lang/Object;Ljava/lang/Object;ZZ)Ljava/lang/Object; @ 253
Event: 1.342 Thread 0x00007fcac5800800 Uncommon trap: reason=class_check action=maybe_recompile pc=0x000000010efda2b0 method=java.util.HashMap.putVal(ILjava/lang/Object;Ljava/lang/Object;ZZ)Ljava/lang/Object; @ 253
Event: 1.607 Thread 0x00007fcac5800800 Uncommon trap: reason=unstable_if action=reinterpret pc=0x000000010f07160c method=java.awt.image.ComponentColorModel.getDataElements(ILjava/lang/Object;)Ljava/lang/Object; @ 2993
Event: 1.608 Thread 0x00007fcac5800800 Uncommon trap: reason=unstable_if action=reinterpret pc=0x000000010f04c8ac method=sun.awt.image.ByteInterleavedRaster.getDataElements(IILjava/lang/Object;)Ljava/lang/Object; @ 43
Event: 5.477 Thread 0x00007fcac5800800 Uncommon trap: reason=unstable_if action=reinterpret pc=0x000000010f12a720 method=java.util.HashMap$HashIterator.nextNode()Ljava/util/HashMap$Node; @ 95
Event: 20.438 Thread 0x00007fcac5800800 Uncommon trap: reason=unstable_if action=reinterpret pc=0x000000010f16bda4 method=org.lwjgl.input.Mouse.next()Z @ 28
Event: 20.455 Thread 0x00007fcac5800800 Uncommon trap: reason=unstable_if action=reinterpret pc=0x000000010f14b88c method=org.lwjgl.input.Mouse.next()Z @ 28
Event: 21.482 Thread 0x00007fcac5800800 Uncommon trap: reason=unstable_if action=reinterpret pc=0x000000010f165e60 method=org.lwjgl.opengl.MacOSXDisplay.update()V @ 86
Event: 22.614 Thread 0x00007fcac5800800 Uncommon trap: reason=unstable_if action=reinterpret pc=0x000000010f154ae0 method=org.newdawn.slick.AppGameContainer.gameLoop()V @ 60

Internal exceptions (10 events):
Event: 0.173 Thread 0x00007fcac5800800 Exception <a 'java/security/PrivilegedActionException'> (0x00000007aad4c548) thrown at [/HUDSON3/workspace/8-2-build-macosx-x86_64/jdk8u101/7261/hotspot/src/share/vm/prims/jvm.cpp, line 1386]
Event: 0.173 Thread 0x00007fcac5800800 Exception <a 'java/security/PrivilegedActionException'> (0x00000007aad4c758) thrown at [/HUDSON3/workspace/8-2-build-macosx-x86_64/jdk8u101/7261/hotspot/src/share/vm/prims/jvm.cpp, line 1386]
Event: 0.174 Thread 0x00007fcac5800800 Exception <a 'java/security/PrivilegedActionException'> (0x00000007aad4fcd8) thrown at [/HUDSON3/workspace/8-2-build-macosx-x86_64/jdk8u101/7261/hotspot/src/share/vm/prims/jvm.cpp, line 1386]
Event: 0.174 Thread 0x00007fcac5800800 Exception <a 'java/security/PrivilegedActionException'> (0x00000007aad4fee8) thrown at [/HUDSON3/workspace/8-2-build-macosx-x86_64/jdk8u101/7261/hotspot/src/share/vm/prims/jvm.cpp, line 1386]
Event: 0.225 Thread 0x00007fcac5800800 Exception <a 'java/lang/NoSuchFieldError': method resolution failed> (0x00000007aae1e228) thrown at [/HUDSON3/workspace/8-2-build-macosx-x86_64/jdk8u101/7261/hotspot/src/share/vm/prims/methodHandles.cpp, line 1146]
Event: 0.227 Thread 0x00007fcac5800800 Exception <a 'java/lang/NoSuchFieldError': method resolution failed> (0x00000007aae2b978) thrown at [/HUDSON3/workspace/8-2-build-macosx-x86_64/jdk8u101/7261/hotspot/src/share/vm/prims/methodHandles.cpp, line 1146]
Event: 0.410 Thread 0x00007fcac5800800 Exception <a 'java/io/FileNotFoundException'> (0x00000007aaea65b8) thrown at [/HUDSON3/workspace/8-2-build-macosx-x86_64/jdk8u101/7261/hotspot/src/share/vm/prims/jni.cpp, line 709]
Event: 0.410 Thread 0x00007fcac5800800 Exception <a 'java/io/FileNotFoundException'> (0x00000007aaea7120) thrown at [/HUDSON3/workspace/8-2-build-macosx-x86_64/jdk8u101/7261/hotspot/src/share/vm/prims/jni.cpp, line 709]
Event: 1.607 Thread 0x00007fcac5800800 Implicit null exception at 0x000000010f070ff6 to 0x000000010f0715f1
Event: 1.608 Thread 0x00007fcac5800800 Implicit null exception at 0x000000010f04c664 to 0x000000010f04c891

Events (10 events):
Event: 20.438 Thread 0x00007fcac5800800 DEOPT UNPACKING pc=0x000000010eda2229 sp=0x00007000002195b8 mode 2
Event: 20.455 Thread 0x00007fcac5800800 Uncommon trap: trap_request=0xffffff65 fr.pc=0x000000010f14b88c
Event: 20.455 Thread 0x00007fcac5800800 DEOPT PACKING pc=0x000000010f14b88c sp=0x0000700000219620
Event: 20.455 Thread 0x00007fcac5800800 DEOPT UNPACKING pc=0x000000010eda2229 sp=0x00007000002195a8 mode 2
Event: 21.482 Thread 0x00007fcac5800800 Uncommon trap: trap_request=0xffffff65 fr.pc=0x000000010f165e60
Event: 21.482 Thread 0x00007fcac5800800 DEOPT PACKING pc=0x000000010f165e60 sp=0x00007000002197e0
Event: 21.482 Thread 0x00007fcac5800800 DEOPT UNPACKING pc=0x000000010eda2229 sp=0x00007000002196c8 mode 2
Event: 22.614 Thread 0x00007fcac5800800 Uncommon trap: trap_request=0xffffff65 fr.pc=0x000000010f154ae0
Event: 22.614 Thread 0x00007fcac5800800 DEOPT PACKING pc=0x000000010f154ae0 sp=0x0000700000219840
Event: 22.614 Thread 0x00007fcac5800800 DEOPT UNPACKING pc=0x000000010eda2229 sp=0x0000700000219808 mode 2


Dynamic libraries:
0x00000000059f6000 	/System/Library/Frameworks/Cocoa.framework/Versions/A/Cocoa
0x00000000059f6000 	/System/Library/Frameworks/Security.framework/Versions/A/Security
0x00000000059f6000 	/System/Library/Frameworks/ApplicationServices.framework/Versions/A/ApplicationServices
0x00000000059f6000 	/usr/lib/libz.1.dylib
0x00000000059f6000 	/usr/lib/libSystem.B.dylib
0x00000000059f6000 	/usr/lib/libobjc.A.dylib
0x00000000059f6000 	/System/Library/Frameworks/CoreFoundation.framework/Versions/A/CoreFoundation
0x00000000059f6000 	/System/Library/Frameworks/Foundation.framework/Versions/C/Foundation
0x00000000059f6000 	/System/Library/Frameworks/AppKit.framework/Versions/C/AppKit
0x00000000059f6000 	/System/Library/Frameworks/CoreData.framework/Versions/A/CoreData
0x00000000059f6000 	/System/Library/PrivateFrameworks/RemoteViewServices.framework/Versions/A/RemoteViewServices
0x00000000059f6000 	/System/Library/PrivateFrameworks/UIFoundation.framework/Versions/A/UIFoundation
0x00000000059f6000 	/usr/lib/libScreenReader.dylib
0x00000000059f6000 	/System/Library/Frameworks/Accelerate.framework/Versions/A/Accelerate
0x00000000059f6000 	/System/Library/Frameworks/IOSurface.framework/Versions/A/IOSurface
0x00000000059f6000 	/System/Library/Frameworks/AudioToolbox.framework/Versions/A/AudioToolbox
0x00000000059f6000 	/System/Library/Frameworks/AudioUnit.framework/Versions/A/AudioUnit
0x00000000059f6000 	/System/Library/PrivateFrameworks/DataDetectorsCore.framework/Versions/A/DataDetectorsCore
0x00000000059f6000 	/System/Library/PrivateFrameworks/DesktopServicesPriv.framework/Versions/A/DesktopServicesPriv
0x00000000059f6000 	/System/Library/Frameworks/Carbon.framework/Versions/A/Frameworks/HIToolbox.framework/Versions/A/HIToolbox
0x00000000059f6000 	/System/Library/Frameworks/QuartzCore.framework/Versions/A/QuartzCore
0x00000000059f6000 	/System/Library/Frameworks/Carbon.framework/Versions/A/Frameworks/SpeechRecognition.framework/Versions/A/SpeechRecognition
0x00000000059f6000 	/usr/lib/libauto.dylib
0x00000000059f6000 	/usr/lib/libicucore.A.dylib
0x00000000059f6000 	/usr/lib/libxml2.2.dylib
0x00000000059f6000 	/System/Library/PrivateFrameworks/CoreUI.framework/Versions/A/CoreUI
0x00000000059f6000 	/System/Library/Frameworks/CoreAudio.framework/Versions/A/CoreAudio
0x00000000059f6000 	/System/Library/Frameworks/DiskArbitration.framework/Versions/A/DiskArbitration
0x00000000059f6000 	/usr/lib/liblangid.dylib
0x00000000059f6000 	/System/Library/PrivateFrameworks/MultitouchSupport.framework/Versions/A/MultitouchSupport
0x00000000059f6000 	/System/Library/Frameworks/IOKit.framework/Versions/A/IOKit
0x00000000059f6000 	/usr/lib/libDiagnosticMessagesClient.dylib
0x00000000059f6000 	/System/Library/Frameworks/CoreServices.framework/Versions/A/CoreServices
0x00000000059f6000 	/System/Library/PrivateFrameworks/PerformanceAnalysis.framework/Versions/A/PerformanceAnalysis
0x00000000059f6000 	/System/Library/PrivateFrameworks/GenerationalStorage.framework/Versions/A/GenerationalStorage
0x00000000059f6000 	/System/Library/Frameworks/OpenGL.framework/Versions/A/OpenGL
0x00000000059f6000 	/System/Library/PrivateFrameworks/Sharing.framework/Versions/A/Sharing
0x00000000059f6000 	/System/Library/Frameworks/CoreGraphics.framework/Versions/A/CoreGraphics
0x00000000059f6000 	/System/Library/Frameworks/CoreImage.framework/Versions/A/CoreImage
0x00000000059f6000 	/System/Library/Frameworks/CoreText.framework/Versions/A/CoreText
0x00000000059f6000 	/System/Library/Frameworks/ImageIO.framework/Versions/A/ImageIO
0x00000000059f6000 	/System/Library/PrivateFrameworks/Backup.framework/Versions/A/Backup
0x00000000059f6000 	/usr/lib/libextension.dylib
0x00000000059f6000 	/usr/lib/libarchive.2.dylib
0x00000000059f6000 	/System/Library/Frameworks/CFNetwork.framework/Versions/A/CFNetwork
0x00000000059f6000 	/System/Library/Frameworks/SystemConfiguration.framework/Versions/A/SystemConfiguration
0x00000000059f6000 	/usr/lib/libCRFSuite.dylib
0x00000000059f6000 	/usr/lib/libc++.1.dylib
0x00000000059f6000 	/usr/lib/libc++abi.dylib
0x00000000059f6000 	/usr/lib/system/libcache.dylib
0x00000000059f6000 	/usr/lib/system/libcommonCrypto.dylib
0x00000000059f6000 	/usr/lib/system/libcompiler_rt.dylib
0x00000000059f6000 	/usr/lib/system/libcopyfile.dylib
0x00000000059f6000 	/usr/lib/system/libcorecrypto.dylib
0x00000000059f6000 	/usr/lib/system/libdispatch.dylib
0x00000000059f6000 	/usr/lib/system/libdyld.dylib
0x00000000059f6000 	/usr/lib/system/libkeymgr.dylib
0x00000000059f6000 	/usr/lib/system/liblaunch.dylib
0x00000000059f6000 	/usr/lib/system/libmacho.dylib
0x00000000059f6000 	/usr/lib/system/libquarantine.dylib
0x00000000059f6000 	/usr/lib/system/libremovefile.dylib
0x00000000059f6000 	/usr/lib/system/libsystem_asl.dylib
0x00000000059f6000 	/usr/lib/system/libsystem_blocks.dylib
0x00000000059f6000 	/usr/lib/system/libsystem_c.dylib
0x00000000059f6000 	/usr/lib/system/libsystem_configuration.dylib
0x00000000059f6000 	/usr/lib/system/libsystem_coreservices.dylib
0x00000000059f6000 	/usr/lib/system/libsystem_coretls.dylib
0x00000000059f6000 	/usr/lib/system/libsystem_dnssd.dylib
0x00000000059f6000 	/usr/lib/system/libsystem_info.dylib
0x00000000059f6000 	/usr/lib/system/libsystem_kernel.dylib
0x00000000059f6000 	/usr/lib/system/libsystem_m.dylib
0x00000000059f6000 	/usr/lib/system/libsystem_malloc.dylib
0x00000000059f6000 	/usr/lib/system/libsystem_network.dylib
0x00000000059f6000 	/usr/lib/system/libsystem_networkextension.dylib
0x00000000059f6000 	/usr/lib/system/libsystem_notify.dylib
0x00000000059f6000 	/usr/lib/system/libsystem_platform.dylib
0x00000000059f6000 	/usr/lib/system/libsystem_pthread.dylib
0x00000000059f6000 	/usr/lib/system/libsystem_sandbox.dylib
0x00000000059f6000 	/usr/lib/system/libsystem_secinit.dylib
0x00000000059f6000 	/usr/lib/system/libsystem_trace.dylib
0x00000000059f6000 	/usr/lib/system/libunc.dylib
0x00000000059f6000 	/usr/lib/system/libunwind.dylib
0x00000000059f6000 	/usr/lib/system/libxpc.dylib
0x00000000059f6000 	/usr/lib/libenergytrace.dylib
0x00000000059f6000 	/usr/lib/libbsm.0.dylib
0x00000000059f6000 	/usr/lib/system/libkxld.dylib
0x00000000059f6000 	/usr/lib/libxar.1.dylib
0x00000000059f6000 	/usr/lib/libsqlite3.dylib
0x00000000059f6000 	/usr/lib/libpam.2.dylib
0x00000000059f6000 	/usr/lib/libOpenScriptingUtil.dylib
0x00000000059f6000 	/usr/lib/libbz2.1.0.dylib
0x00000000059f6000 	/usr/lib/liblzma.5.dylib
0x00000000059f6000 	/System/Library/Frameworks/CoreServices.framework/Versions/A/Frameworks/FSEvents.framework/Versions/A/FSEvents
0x00000000059f6000 	/System/Library/Frameworks/CoreServices.framework/Versions/A/Frameworks/CarbonCore.framework/Versions/A/CarbonCore
0x00000000059f6000 	/System/Library/Frameworks/CoreServices.framework/Versions/A/Frameworks/Metadata.framework/Versions/A/Metadata
0x00000000059f6000 	/System/Library/Frameworks/CoreServices.framework/Versions/A/Frameworks/OSServices.framework/Versions/A/OSServices
0x00000000059f6000 	/System/Library/Frameworks/CoreServices.framework/Versions/A/Frameworks/SearchKit.framework/Versions/A/SearchKit
0x00000000059f6000 	/System/Library/Frameworks/CoreServices.framework/Versions/A/Frameworks/AE.framework/Versions/A/AE
0x00000000059f6000 	/System/Library/Frameworks/CoreServices.framework/Versions/A/Frameworks/LaunchServices.framework/Versions/A/LaunchServices
0x00000000059f6000 	/System/Library/Frameworks/CoreServices.framework/Versions/A/Frameworks/DictionaryServices.framework/Versions/A/DictionaryServices
0x00000000059f6000 	/System/Library/Frameworks/CoreServices.framework/Versions/A/Frameworks/SharedFileList.framework/Versions/A/SharedFileList
0x00000000059f6000 	/System/Library/Frameworks/NetFS.framework/Versions/A/NetFS
0x00000000059f6000 	/System/Library/PrivateFrameworks/NetAuth.framework/Versions/A/NetAuth
0x00000000059f6000 	/System/Library/PrivateFrameworks/login.framework/Versions/A/Frameworks/loginsupport.framework/Versions/A/loginsupport
0x00000000059f6000 	/System/Library/PrivateFrameworks/TCC.framework/Versions/A/TCC
0x00000000059f6000 	/usr/lib/libmecabra.dylib
0x00000000059f6000 	/System/Library/Frameworks/ApplicationServices.framework/Versions/A/Frameworks/ATS.framework/Versions/A/ATS
0x00000000059f6000 	/System/Library/Frameworks/ApplicationServices.framework/Versions/A/Frameworks/ColorSync.framework/Versions/A/ColorSync
0x00000000059f6000 	/System/Library/Frameworks/ApplicationServices.framework/Versions/A/Frameworks/HIServices.framework/Versions/A/HIServices
0x00000000059f6000 	/System/Library/Frameworks/ApplicationServices.framework/Versions/A/Frameworks/LangAnalysis.framework/Versions/A/LangAnalysis
0x00000000059f6000 	/System/Library/Frameworks/ApplicationServices.framework/Versions/A/Frameworks/PrintCore.framework/Versions/A/PrintCore
0x00000000059f6000 	/System/Library/Frameworks/ApplicationServices.framework/Versions/A/Frameworks/QD.framework/Versions/A/QD
0x00000000059f6000 	/System/Library/Frameworks/ApplicationServices.framework/Versions/A/Frameworks/SpeechSynthesis.framework/Versions/A/SpeechSynthesis
0x00000000059f6000 	/System/Library/Frameworks/Metal.framework/Versions/A/Metal
0x00000000059f6000 	/System/Library/Frameworks/Accelerate.framework/Versions/A/Frameworks/vImage.framework/Versions/A/vImage
0x00000000059f6000 	/System/Library/Frameworks/Accelerate.framework/Versions/A/Frameworks/vecLib.framework/Versions/A/vecLib
0x00000000059f6000 	/System/Library/Frameworks/Accelerate.framework/Versions/A/Frameworks/vecLib.framework/Versions/A/libvDSP.dylib
0x00000000059f6000 	/System/Library/Frameworks/Accelerate.framework/Versions/A/Frameworks/vecLib.framework/Versions/A/libvMisc.dylib
0x00000000059f6000 	/System/Library/Frameworks/Accelerate.framework/Versions/A/Frameworks/vecLib.framework/Versions/A/libLAPACK.dylib
0x00000000059f6000 	/System/Library/Frameworks/Accelerate.framework/Versions/A/Frameworks/vecLib.framework/Versions/A/libBLAS.dylib
0x00000000059f6000 	/System/Library/Frameworks/Accelerate.framework/Versions/A/Frameworks/vecLib.framework/Versions/A/libLinearAlgebra.dylib
0x00000000059f6000 	/System/Library/Frameworks/Accelerate.framework/Versions/A/Frameworks/vecLib.framework/Versions/A/libSparseBLAS.dylib
0x00000000059f6000 	/System/Library/PrivateFrameworks/GPUCompiler.framework/libmetal_timestamp.dylib
0x00000000059f6000 	/System/Library/Frameworks/OpenGL.framework/Versions/A/Libraries/libCoreFSCache.dylib
0x00000000059f6000 	/System/Library/PrivateFrameworks/IOAccelerator.framework/Versions/A/IOAccelerator
0x00000000059f6000 	/System/Library/Frameworks/ApplicationServices.framework/Versions/A/Frameworks/ATS.framework/Versions/A/Resources/libFontParser.dylib
0x00000000059f6000 	/System/Library/Frameworks/ApplicationServices.framework/Versions/A/Frameworks/ATS.framework/Versions/A/Resources/libFontRegistry.dylib
0x00000000059f6000 	/System/Library/PrivateFrameworks/AppleVPA.framework/Versions/A/AppleVPA
0x00000000059f6000 	/System/Library/PrivateFrameworks/AppleJPEG.framework/Versions/A/AppleJPEG
0x00000000059f6000 	/System/Library/Frameworks/ImageIO.framework/Versions/A/Resources/libJPEG.dylib
0x00000000059f6000 	/System/Library/Frameworks/ImageIO.framework/Versions/A/Resources/libTIFF.dylib
0x00000000059f6000 	/System/Library/Frameworks/ImageIO.framework/Versions/A/Resources/libPng.dylib
0x00000000059f6000 	/System/Library/Frameworks/ImageIO.framework/Versions/A/Resources/libGIF.dylib
0x00000000059f6000 	/System/Library/Frameworks/ImageIO.framework/Versions/A/Resources/libJP2.dylib
0x00000000059f6000 	/System/Library/Frameworks/ImageIO.framework/Versions/A/Resources/libRadiance.dylib
0x00000000059f6000 	/System/Library/Frameworks/CoreVideo.framework/Versions/A/CoreVideo
0x00000000059f6000 	/System/Library/Frameworks/OpenGL.framework/Versions/A/Libraries/libGLU.dylib
0x00000000059f6000 	/System/Library/Frameworks/OpenGL.framework/Versions/A/Libraries/libGFXShared.dylib
0x00000000059f6000 	/System/Library/Frameworks/OpenGL.framework/Versions/A/Libraries/libGL.dylib
0x00000000059f6000 	/System/Library/Frameworks/OpenGL.framework/Versions/A/Libraries/libGLImage.dylib
0x00000000059f6000 	/System/Library/Frameworks/OpenGL.framework/Versions/A/Libraries/libCVMSPluginSupport.dylib
0x00000000059f6000 	/System/Library/Frameworks/OpenGL.framework/Versions/A/Libraries/libCoreVMClient.dylib
0x00000000059f6000 	/usr/lib/libcompression.dylib
0x00000000059f6000 	/usr/lib/libcups.2.dylib
0x00000000059f6000 	/System/Library/Frameworks/Kerberos.framework/Versions/A/Kerberos
0x00000000059f6000 	/System/Library/Frameworks/GSS.framework/Versions/A/GSS
0x00000000059f6000 	/usr/lib/libresolv.9.dylib
0x00000000059f6000 	/usr/lib/libiconv.2.dylib
0x00000000059f6000 	/System/Library/PrivateFrameworks/Heimdal.framework/Versions/A/Heimdal
0x00000000059f6000 	/usr/lib/libheimdal-asn1.dylib
0x00000000059f6000 	/System/Library/Frameworks/OpenDirectory.framework/Versions/A/OpenDirectory
0x00000000059f6000 	/System/Library/PrivateFrameworks/CommonAuth.framework/Versions/A/CommonAuth
0x00000000059f6000 	/System/Library/Frameworks/OpenDirectory.framework/Versions/A/Frameworks/CFOpenDirectory.framework/Versions/A/CFOpenDirectory
0x00000000059f6000 	/System/Library/Frameworks/SecurityFoundation.framework/Versions/A/SecurityFoundation
0x00000000059f6000 	/System/Library/PrivateFrameworks/LanguageModeling.framework/Versions/A/LanguageModeling
0x00000000059f6000 	/usr/lib/libmarisa.dylib
0x00000000059f6000 	/usr/lib/libChineseTokenizer.dylib
0x00000000059f6000 	/usr/lib/libcmph.dylib
0x00000000059f6000 	/System/Library/Frameworks/ServiceManagement.framework/Versions/A/ServiceManagement
0x00000000059f6000 	/usr/lib/libxslt.1.dylib
0x00000000059f6000 	/System/Library/Frameworks/Carbon.framework/Versions/A/Frameworks/Ink.framework/Versions/A/Ink
0x00000000059f6000 	/usr/lib/libFosl_dynamic.dylib
0x00000000059f6000 	/System/Library/PrivateFrameworks/FaceCore.framework/Versions/A/FaceCore
0x00000000059f6000 	/System/Library/Frameworks/OpenCL.framework/Versions/A/OpenCL
0x00000000059f6000 	/System/Library/PrivateFrameworks/CrashReporterSupport.framework/Versions/A/CrashReporterSupport
0x00000000059f6000 	/System/Library/PrivateFrameworks/IconServices.framework/Versions/A/IconServices
0x00000000059f6000 	/System/Library/PrivateFrameworks/Apple80211.framework/Versions/A/Apple80211
0x00000000059f6000 	/System/Library/Frameworks/CoreWLAN.framework/Versions/A/CoreWLAN
0x00000000059f6000 	/System/Library/Frameworks/IOBluetooth.framework/Versions/A/IOBluetooth
0x00000000059f6000 	/System/Library/PrivateFrameworks/CoreWiFi.framework/Versions/A/CoreWiFi
0x00000000059f6000 	/System/Library/Frameworks/CoreBluetooth.framework/Versions/A/CoreBluetooth
0x00000000059f6000 	/System/Library/PrivateFrameworks/ChunkingLibrary.framework/Versions/A/ChunkingLibrary
0x00000000059f6000 	/System/Library/PrivateFrameworks/DebugSymbols.framework/Versions/A/DebugSymbols
0x00000000059f6000 	/System/Library/PrivateFrameworks/CoreSymbolication.framework/Versions/A/CoreSymbolication
0x00000000059f6000 	/System/Library/PrivateFrameworks/Symbolication.framework/Versions/A/Symbolication
0x00000000059f6000 	/System/Library/PrivateFrameworks/SpeechRecognitionCore.framework/Versions/A/SpeechRecognitionCore
0x000000010de00000 	/Library/Java/JavaVirtualMachines/jdk1.8.0_101.jdk/Contents/Home/jre/lib/server/libjvm.dylib
0x00000000059f6000 	/usr/lib/libstdc++.6.dylib
0x000000010d568000 	/Library/Java/JavaVirtualMachines/jdk1.8.0_101.jdk/Contents/Home/jre/lib/libverify.dylib
0x000000010d576000 	/Library/Java/JavaVirtualMachines/jdk1.8.0_101.jdk/Contents/Home/jre/lib/libjava.dylib
0x000000010d5b5000 	/Library/Java/JavaVirtualMachines/jdk1.8.0_101.jdk/Contents/Home/jre/lib/libzip.dylib
0x000000012215b000 	/System/Library/Frameworks/JavaVM.framework/Frameworks/JavaRuntimeSupport.framework/JavaRuntimeSupport
0x0000000122176000 	/System/Library/Frameworks/JavaVM.framework/Versions/A/Frameworks/JavaNativeFoundation.framework/Versions/A/JavaNativeFoundation
0x000000012218b000 	/System/Library/Frameworks/JavaVM.framework/Versions/A/JavaVM
0x00000000059f6000 	/System/Library/Frameworks/Carbon.framework/Versions/A/Carbon
0x0000000122198000 	/System/Library/PrivateFrameworks/JavaLaunching.framework/Versions/A/JavaLaunching
0x00000000059f6000 	/System/Library/Frameworks/Carbon.framework/Versions/A/Frameworks/CommonPanels.framework/Versions/A/CommonPanels
0x00000000059f6000 	/System/Library/Frameworks/Carbon.framework/Versions/A/Frameworks/Help.framework/Versions/A/Help
0x00000000059f6000 	/System/Library/Frameworks/Carbon.framework/Versions/A/Frameworks/ImageCapture.framework/Versions/A/ImageCapture
0x00000000059f6000 	/System/Library/Frameworks/Carbon.framework/Versions/A/Frameworks/OpenScripting.framework/Versions/A/OpenScripting
0x00000000059f6000 	/System/Library/Frameworks/Carbon.framework/Versions/A/Frameworks/Print.framework/Versions/A/Print
0x00000000059f6000 	/System/Library/Frameworks/Carbon.framework/Versions/A/Frameworks/SecurityHI.framework/Versions/A/SecurityHI
0x0000000123b10000 	/Library/Java/JavaVirtualMachines/jdk1.8.0_101.jdk/Contents/Home/jre/lib/libawt.dylib
0x0000000123bb8000 	/Library/Java/JavaVirtualMachines/jdk1.8.0_101.jdk/Contents/Home/jre/lib/./libmlib_image.dylib
0x0000000123c84000 	/Library/Java/JavaVirtualMachines/jdk1.8.0_101.jdk/Contents/Home/jre/lib/libawt_lwawt.dylib
0x0000000123d39000 	/Library/Java/JavaVirtualMachines/jdk1.8.0_101.jdk/Contents/Home/jre/lib/./libosxapp.dylib
0x00000000059f6000 	/System/Library/Frameworks/ExceptionHandling.framework/Versions/A/ExceptionHandling
0x00000000059f6000 	/System/Library/PrivateFrameworks/CoreServicesInternal.framework/Versions/A/CoreServicesInternal
0x00000000059f6000 	/System/Library/Frameworks/CoreGraphics.framework/Versions/A/Resources/libRIP.A.dylib
0x00000000059f6000 	/System/Library/Frameworks/Accelerate.framework/Versions/A/Frameworks/vImage.framework/Versions/A/Libraries/libCGInterfaces.dylib
0x00000000059f6000 	/System/Library/Frameworks/CoreGraphics.framework/Versions/A/Resources/libCGXType.A.dylib
0x00000000059f6000 	/System/Library/Frameworks/OpenCL.framework/Versions/A/Libraries/libcldcpuengine.dylib
0x00000000059f6000 	/System/Library/PrivateFrameworks/DiskImages.framework/Versions/A/DiskImages
0x00000000059f6000 	/System/Library/Frameworks/DiscRecording.framework/Versions/A/DiscRecording
0x00000000059f6000 	/usr/lib/libcsfde.dylib
0x00000000059f6000 	/usr/lib/libcurl.4.dylib
0x00000000059f6000 	/System/Library/PrivateFrameworks/MediaKit.framework/Versions/A/MediaKit
0x00000000059f6000 	/System/Library/PrivateFrameworks/ProtectedCloudStorage.framework/Versions/A/ProtectedCloudStorage
0x00000000059f6000 	/usr/lib/libCoreStorage.dylib
0x00000000059f6000 	/System/Library/PrivateFrameworks/EFILogin.framework/Versions/A/EFILogin
0x00000000059f6000 	/usr/lib/libutil.dylib
0x00000000059f6000 	/System/Library/PrivateFrameworks/FindMyDevice.framework/Versions/A/FindMyDevice
0x00000000059f6000 	/System/Library/Frameworks/LDAP.framework/Versions/A/LDAP
0x00000000059f6000 	/usr/lib/libsasl2.2.dylib
0x00000000059f6000 	/System/Library/PrivateFrameworks/CoreDaemon.framework/Versions/B/CoreDaemon
0x00000000059f6000 	/usr/lib/libcrypto.0.9.8.dylib
0x00000000059f6000 	/System/Library/PrivateFrameworks/AppleSRP.framework/Versions/A/AppleSRP
0x00000000059f6000 	/System/Library/PrivateFrameworks/TrustEvaluationAgent.framework/Versions/A/TrustEvaluationAgent
0x0000000125553000 	cl_kernels
0x00000000059f6000 	/System/Library/Frameworks/OpenCL.framework/Versions/A/Libraries/ImageFormats/unorm8_bgra.dylib
0x00000000059f6000 	/System/Library/Frameworks/OpenCL.framework/Versions/A/Libraries/ImageFormats/unorm8_rgba.dylib
0x00000000059f6000 	/System/Library/PrivateFrameworks/FamilyControls.framework/Versions/A/FamilyControls
0x00000000059f6000 	/System/Library/PrivateFrameworks/CommerceKit.framework/Versions/A/Frameworks/CommerceCore.framework/Versions/A/CommerceCore
0x00000000059f6000 	/System/Library/PrivateFrameworks/SystemAdministration.framework/Versions/A/SystemAdministration
0x00000000059f6000 	/System/Library/PrivateFrameworks/AppContainer.framework/Versions/A/AppContainer
0x00000000059f6000 	/System/Library/PrivateFrameworks/SecCodeWrapper.framework/Versions/A/SecCodeWrapper
0x00000000059f6000 	/System/Library/Frameworks/DirectoryService.framework/Versions/A/DirectoryService
0x00000000059f6000 	/System/Library/PrivateFrameworks/LoginUIKit.framework/Versions/A/Frameworks/LoginUICore.framework/Versions/A/LoginUICore
0x00000000059f6000 	/usr/lib/libodfde.dylib
0x0000000126570000 	/Library/Java/JavaVirtualMachines/jdk1.8.0_101.jdk/Contents/Home/jre/lib/libfontmanager.dylib
0x00000001265d7000 	/Users/justin/Documents/SWEN/SLICK_HOME/liblwjgl.dylib
0x0000000124a29000 	/Library/Java/JavaVirtualMachines/jdk1.8.0_101.jdk/Contents/Home/jre/lib/libjawt.dylib
0x00000000059f6000 	/System/Library/Frameworks/OpenGL.framework/Versions/A/Resources/GLEngine.bundle/GLEngine
0x00000000059f6000 	/System/Library/Frameworks/OpenGL.framework/Versions/A/Libraries/libGLProgrammability.dylib
0x0000000126659000 	/System/Library/Extensions/AppleIntelHD5000GraphicsGLDriver.bundle/Contents/MacOS/AppleIntelHD5000GraphicsGLDriver
0x00000000059f6000 	/System/Library/PrivateFrameworks/GPUSupport.framework/Versions/A/Libraries/libGPUSupportMercury.dylib
0x00000000059f6000 	/System/Library/Frameworks/OpenGL.framework/Versions/A/Resources/GLRendererFloat.bundle/GLRendererFloat
0x0000000124a3f000 	/Users/justin/Documents/SWEN/SLICK_HOME/libjinput-osx.dylib
0x0000000127adc000 	/System/Library/Extensions/IOHIDFamily.kext/Contents/PlugIns/IOHIDLib.plugin/Contents/MacOS/IOHIDLib
0x0000000127b1b000 	/Library/Java/JavaVirtualMachines/jdk1.8.0_101.jdk/Contents/Home/jre/lib/libnio.dylib
0x0000000127b2b000 	/Library/Java/JavaVirtualMachines/jdk1.8.0_101.jdk/Contents/Home/jre/lib/./libnet.dylib
0x0000000127b42000 	/Library/Java/JavaVirtualMachines/jdk1.8.0_101.jdk/Contents/Home/jre/lib/libjpeg.dylib

VM Arguments:
jvm_args: -Djava.library.path=/Users/justin/Documents/SWEN/SLICK_HOME -Dfile.encoding=UTF-8 
java_command: SimpleSlickGame
java_class_path (initial): /Users/justin/Documents/SWEN/workspace/Workshop4/bin:/Users/justin/Documents/SWEN/workspace/Workshop4/lib/jinput.jar:/Users/justin/Documents/SWEN/workspace/Workshop4/lib/lwjgl.jar:/Users/justin/Documents/SWEN/workspace/Workshop4/lib/slick.jar
Launcher Type: SUN_STANDARD

Environment Variables:
PATH=/usr/bin:/bin:/usr/sbin:/sbin
SHELL=/bin/bash

Signal Handlers:
SIGSEGV: [libjvm.dylib+0x5af145], sa_mask[0]=11111111011111110111111111111111, sa_flags=SA_ONSTACK|SA_RESTART|SA_SIGINFO
SIGBUS: [libjvm.dylib+0x5af145], sa_mask[0]=11111111011111110111111111111111, sa_flags=SA_RESTART|SA_SIGINFO
SIGFPE: [libjvm.dylib+0x48694c], sa_mask[0]=11111111011111110111111111111111, sa_flags=SA_RESTART|SA_SIGINFO
SIGPIPE: [libjvm.dylib+0x48694c], sa_mask[0]=11111111011111110111111111111111, sa_flags=SA_RESTART|SA_SIGINFO
SIGXFSZ: [libjvm.dylib+0x48694c], sa_mask[0]=11111111011111110111111111111111, sa_flags=SA_RESTART|SA_SIGINFO
SIGILL: [libjvm.dylib+0x48694c], sa_mask[0]=11111111011111110111111111111111, sa_flags=SA_RESTART|SA_SIGINFO
SIGUSR1: SIG_DFL, sa_mask[0]=00000000000000000000000000000000, sa_flags=none
SIGUSR2: [libjvm.dylib+0x48646a], sa_mask[0]=00100000000000000000000000000000, sa_flags=SA_RESTART|SA_SIGINFO
SIGHUP: [libjvm.dylib+0x484a41], sa_mask[0]=11111111011111110111111111111111, sa_flags=SA_RESTART|SA_SIGINFO
SIGINT: [libjvm.dylib+0x484a41], sa_mask[0]=11111111011111110111111111111111, sa_flags=SA_RESTART|SA_SIGINFO
SIGTERM: [libjvm.dylib+0x484a41], sa_mask[0]=11111111011111110111111111111111, sa_flags=SA_RESTART|SA_SIGINFO
SIGQUIT: [libjvm.dylib+0x484a41], sa_mask[0]=11111111011111110111111111111111, sa_flags=SA_RESTART|SA_SIGINFO


---------------  S Y S T E M  ---------------

OS:Bsduname:Darwin 15.6.0 Darwin Kernel Version 15.6.0: Thu Jun 23 18:25:34 PDT 2016; root:xnu-3248.60.10~1/RELEASE_X86_64 x86_64
rlimit: STACK 8192k, CORE 0k, NPROC 709, NOFILE 10240, AS infinity
load average:1.54 1.44 1.53

CPU:total 4 (2 cores per cpu, 2 threads per core) family 6 model 69 stepping 1, cmov, cx8, fxsr, mmx, sse, sse2, sse3, ssse3, sse4.1, sse4.2, popcnt, avx, avx2, aes, clmul, erms, lzcnt, ht, tsc, tscinvbit, bmi1, bmi2

Memory: 4k page, physical 4194304k(18428k free)

/proc/meminfo:


vm_info: Java HotSpot(TM) 64-Bit Server VM (25.101-b13) for bsd-amd64 JRE (1.8.0_101-b13), built on Jun 22 2016 02:42:15 by "java_re" with gcc 4.2.1 (Based on Apple Inc. build 5658) (LLVM build 2336.11.00)

time: Thu Aug 25 16:02:01 2016
elapsed time: 22 seconds (0d 0h 0m 22s)

