#
# A fatal error has been detected by the Java Runtime Environment:
#
#  SIGSEGV (0xb) at pc=0x00007fff8ccb54dd, pid=2737, tid=0x0000000000000a0b
#
# JRE version: Java(TM) SE Runtime Environment (8.0_101-b13) (build 1.8.0_101-b13)
# Java VM: Java HotSpot(TM) 64-Bit Server VM (25.101-b13 mixed mode bsd-amd64 compressed oops)
# Problematic frame:
# C  [libobjc.A.dylib+0x14dd]  objc_msgSend+0x1d
#
# Failed to write core dump. Core dumps have been disabled. To enable core dumping, try "ulimit -c unlimited" before starting Java again
#
# If you would like to submit a bug report, please visit:
#   http://bugreport.java.com/bugreport/crash.jsp
# The crash happened outside the Java Virtual Machine in native code.
# See problematic frame for where to report the bug.
#

---------------  T H R E A D  ---------------

Current thread (0x00007ff62a070800):  JavaThread "AppKit Thread" daemon [_thread_in_native, id=2571, stack(0x00007fff57b3b000,0x00007fff5833b000)]

siginfo: si_signo: 11 (SIGSEGV), si_code: 1 (SEGV_MAPERR), si_addr: 0x00000bca00010028

Registers:
RAX=0x00007ff629d7a000, RBX=0x00007fff583360c8, RCX=0x00007ff629e32c48, RDX=0x00007ff629e46ad0
RSP=0x00007fff58336088, RBP=0x00007fff58336090, RSI=0x00007fff8dcb484a, RDI=0x00007ff629d7a000
R8 =0x000000000000001f, R9 =0x00007ff629e84380, R10=0x00007fff8dcb484a, R11=0x00000bca00010010
R12=0x00007ff629e46ad0, R13=0x00007ff629e84380, R14=0x00007ff629e32c40, R15=0x0000000000000000
RIP=0x00007fff8ccb54dd, EFLAGS=0x0000000000010202, ERR=0x0000000000000004
  TRAPNO=0x000000000000000e

Top of Stack: (sp=0x00007fff58336088)
0x00007fff58336088:   00007fff9ac06bbc 00007fff583360b0
0x00007fff58336098:   00007fff9ac06b4f 0000000000000000
0x00007fff583360a8:   0000000000000000 00007fff58336120
0x00007fff583360b8:   00007fff9ac06ac7 00007fff583360f0
0x00007fff583360c8:   00007fff7d12c0a0 0000000042000000
0x00007fff583360d8:   00007fff9ac06b10 00007fff7ce16720
0x00007fff583360e8:   00007ff629e84380 00007ff629e46ad0
0x00007fff583360f8:   00007fff583368c8 00007fff7cf43780
0x00007fff58336108:   00007fff583368c8 00007ff629e84380
0x00007fff58336118:   00007fff9afc69e2 00007fff58336160
0x00007fff58336128:   00007fff9ac06832 00007fff58336740
0x00007fff58336138:   0000000000000001 00007fff7cf43780
0x00007fff58336148:   00007fff583368c8 00007fff8ccb54c0
0x00007fff58336158:   00007fff9afc69e2 00007fff58336870
0x00007fff58336168:   00007fff9abc35e2 00007ff629f7c6c0
0x00007fff58336178:   ffff8009d6083940 00007fff7a709d00
0x00007fff58336188:   00007ff629f0ce30 00007ff62a00a0b8
0x00007fff58336198:   00007ff629f846c0 0000000000000000
0x00007fff583361a8:   0000000000000000 0000000000000000
0x00007fff583361b8:   00007ff629f85420 00007fff7ce53bc0
0x00007fff583361c8:   00007fff58336740 0000000000000002
0x00007fff583361d8:   0000000000000100 00007fff58336200
0x00007fff583361e8:   00007fff58336640 0000000000000000
0x00007fff583361f8:   0000000000000100 00007fff58336200
0x00007fff58336208:   00007fff7cf43780 0000000000000000
0x00007fff58336218:   00007fff7ce17500 00007fff7cf43780
0x00007fff58336228:   0000000000000000 00007fff7ce17500
0x00007fff58336238:   00007fff7a709d00 00007fff583362b0
0x00007fff58336248:   00007fff8ccbc2a4 0000000000000000
0x00007fff58336258:   00007fff7a70b590 0000000100000000
0x00007fff58336268:   0000000000000000 ffff8009d62d1ff0
0x00007fff58336278:   00007ff629f74f70 00007ff629f750b0 

Instructions: (pc=0x00007fff8ccb54dd)
0x00007fff8ccb54bd:   44 00 00 48 85 ff 2e 74 62 40 f6 c7 01 2e 75 66
0x00007fff8ccb54cd:   49 bb f8 ff ff ff ff 7f 00 00 4c 23 1f 49 89 f2
0x00007fff8ccb54dd:   45 23 53 18 49 c1 e2 04 4d 03 53 10 49 3b 32 75
0x00007fff8ccb54ed:   04 41 ff 62 08 49 83 3a 01 76 0d 49 83 c2 10 49 

Register to memory mapping:

RAX=0x00007ff629d7a000 is an unknown value
RBX=0x00007fff583360c8 is pointing into the stack for thread: 0x00007ff62a070800
RCX=0x00007ff629e32c48 is an unknown value
RDX=0x00007ff629e46ad0 is an unknown value
RSP=0x00007fff58336088 is pointing into the stack for thread: 0x00007ff62a070800
RBP=0x00007fff58336090 is pointing into the stack for thread: 0x00007ff62a070800
RSI=0x00007fff8dcb484a: -[NSTitlebarContainerView transparent]+0x63088 in /System/Library/Frameworks/AppKit.framework/Versions/C/AppKit at 0x00007fff8d227000
RDI=0x00007ff629d7a000 is an unknown value
R8 =0x000000000000001f is an unknown value
R9 =0x00007ff629e84380 is an unknown value
R10=0x00007fff8dcb484a: -[NSTitlebarContainerView transparent]+0x63088 in /System/Library/Frameworks/AppKit.framework/Versions/C/AppKit at 0x00007fff8d227000
R11=0x00000bca00010010 is an unknown value
R12=0x00007ff629e46ad0 is an unknown value
R13=0x00007ff629e84380 is an unknown value
R14=0x00007ff629e32c40 is an unknown value
R15=0x0000000000000000 is an unknown value


Stack: [0x00007fff57b3b000,0x00007fff5833b000],  sp=0x00007fff58336088,  free space=8172k
Native frames: (J=compiled Java code, j=interpreted, Vv=VM code, C=native code)
C  [libobjc.A.dylib+0x14dd]  objc_msgSend+0x1d
C  [CoreFoundation+0xa0b4f]  ___CFXRegistrationPost_block_invoke+0x3f
C  [CoreFoundation+0xa0ac7]  _CFXRegistrationPost+0x197
C  [CoreFoundation+0xa0832]  ___CFXNotificationPost_block_invoke+0x32
C  [CoreFoundation+0x5d5e2]  -[_CFXNotificationRegistrar find:object:observer:enumerator:]+0x782
C  [CoreFoundation+0x5c835]  _CFXNotificationPost+0x2b5
C  [Foundation+0x717a]  -[NSNotificationCenter postNotificationName:object:userInfo:]+0x42
C  [AppKit+0x26526e]  -[NSSurface _disposeSurface]+0xa9
C  [AppKit+0x264cc7]  -[NSSurface setWindow:]+0x42
C  [AppKit+0x28ba7]  -[NSView _setWindow:]+0x9be
C  [AppKit+0x2b993]  -[NSView removeFromSuperview]+0x1d7
C  [AppKit+0x155c7b]  -[NSView removeFromSuperviewWithoutNeedingDisplay]+0x26
C  [liblwjgl.dylib+0xa205]  +[MacOSXKeyableWindow destroyWindow]+0xb5
C  [Foundation+0x76fde]  __NSThreadPerformPerform+0x117
C  [CoreFoundation+0xaa881]  __CFRUNLOOP_IS_CALLING_OUT_TO_A_SOURCE0_PERFORM_FUNCTION__+0x11
C  [CoreFoundation+0x89fbc]  __CFRunLoopDoSources0+0x22c
C  [CoreFoundation+0x894df]  __CFRunLoopRun+0x39f
C  [CoreFoundation+0x88ed8]  CFRunLoopRunSpecific+0x128
C  [HIToolbox+0x30935]  RunCurrentEventLoopInMode+0xeb
C  [HIToolbox+0x3076f]  ReceiveNextEventCommon+0x1b0
C  [HIToolbox+0x305af]  _BlockUntilNextEventMatchingListInModeWithFilter+0x47
C  [AppKit+0x48df6]  _DPSNextEvent+0x42b
C  [AppKit+0x48226]  -[NSApplication _nextEventMatchingEventMask:untilDate:inMode:dequeue:]+0x1c6
C  [libosxapp.dylib+0x23aa]  -[NSApplicationAWT nextEventMatchingMask:untilDate:inMode:dequeue:]+0x7c
C  [AppKit+0x3cd80]  -[NSApplication run]+0x2aa
C  [libosxapp.dylib+0x214d]  +[NSApplicationAWT runAWTLoopWithApp:]+0x9c
C  [libawt_lwawt.dylib+0x444b3]  -[AWTStarter starter:]+0x389
C  [Foundation+0x76fde]  __NSThreadPerformPerform+0x117
C  [CoreFoundation+0xaa881]  __CFRUNLOOP_IS_CALLING_OUT_TO_A_SOURCE0_PERFORM_FUNCTION__+0x11
C  [CoreFoundation+0x89fbc]  __CFRunLoopDoSources0+0x22c
C  [CoreFoundation+0x894df]  __CFRunLoopRun+0x39f
C  [CoreFoundation+0x88ed8]  CFRunLoopRunSpecific+0x128
C  [java+0x6465]  CreateExecutionEnvironment+0x367
C  [java+0x218c]  JLI_Launch+0x7a0
C  [java+0x84c2]  main+0x65
C  [java+0x19e4]  start+0x34
C  0x0000000000000006


---------------  P R O C E S S  ---------------

Java Threads: ( => current thread )
  0x00007ff62b163000 JavaThread "AWT-Shutdown" [_thread_blocked, id=57175, stack(0x0000700000fc7000,0x00007000010c7000)]
  0x00007ff62b260000 JavaThread "Java2D Queue Flusher" daemon [_thread_blocked, id=55303, stack(0x00007000013d9000,0x00007000014d9000)]
  0x00007ff62a9a1000 JavaThread "Java2D Disposer" daemon [_thread_blocked, id=52247, stack(0x00007000012d6000,0x00007000013d6000)]
=>0x00007ff62a070800 JavaThread "AppKit Thread" daemon [_thread_in_native, id=2571, stack(0x00007fff57b3b000,0x00007fff5833b000)]
  0x00007ff62a019000 JavaThread "Service Thread" daemon [_thread_blocked, id=18435, stack(0x0000700000dc1000,0x0000700000ec1000)]
  0x00007ff62b044000 JavaThread "C1 CompilerThread2" daemon [_thread_blocked, id=17923, stack(0x0000700000cbe000,0x0000700000dbe000)]
  0x00007ff62b043000 JavaThread "C2 CompilerThread1" daemon [_thread_blocked, id=17411, stack(0x0000700000bbb000,0x0000700000cbb000)]
  0x00007ff62b05a000 JavaThread "C2 CompilerThread0" daemon [_thread_blocked, id=16899, stack(0x0000700000ab8000,0x0000700000bb8000)]
  0x00007ff62b800800 JavaThread "Signal Dispatcher" daemon [_thread_blocked, id=16143, stack(0x00007000009b5000,0x0000700000ab5000)]
  0x00007ff62a837000 JavaThread "Finalizer" daemon [_thread_blocked, id=12291, stack(0x000070000082f000,0x000070000092f000)]
  0x00007ff62b030800 JavaThread "Reference Handler" daemon [_thread_blocked, id=11779, stack(0x000070000072c000,0x000070000082c000)]
  0x00007ff62b006800 JavaThread "main" [_thread_in_native, id=5891, stack(0x000070000011a000,0x000070000021a000)]

Other Threads:
  0x00007ff62a802000 VMThread [stack: 0x0000700000629000,0x0000700000729000] [id=11267]
  0x00007ff62a05f000 WatcherThread [stack: 0x0000700000ec4000,0x0000700000fc4000] [id=18947]

VM state:not at safepoint (normal execution)

VM Mutex/Monitor currently owned by a thread: None

Heap:
 PSYoungGen      total 18944K, used 3815K [0x00000007aab00000, 0x00000007ac600000, 0x00000007c0000000)
  eden space 16384K, 7% used [0x00000007aab00000,0x00000007aac41418,0x00000007abb00000)
  from space 2560K, 98% used [0x00000007abb00000,0x00000007abd78920,0x00000007abd80000)
  to   space 5632K, 0% used [0x00000007ac080000,0x00000007ac080000,0x00000007ac600000)
 ParOldGen       total 44032K, used 3607K [0x0000000780000000, 0x0000000782b00000, 0x00000007aab00000)
  object space 44032K, 8% used [0x0000000780000000,0x0000000780385db0,0x0000000782b00000)
 Metaspace       used 11485K, capacity 11665K, committed 11776K, reserved 1060864K
  class space    used 1209K, capacity 1279K, committed 1280K, reserved 1048576K

Card table byte_map: [0x0000000118fc0000,0x00000001191c1000] byte_map_base: 0x00000001153c0000

Marking Bits: (ParMarkBitMap*) 0x0000000108cbcd20
 Begin Bits: [0x0000000119317000, 0x000000011a317000)
 End Bits:   [0x000000011a317000, 0x000000011b317000)

Polling page: 0x0000000107cff000

CodeCache: size=245760Kb used=4688Kb max_used=4699Kb free=241071Kb
 bounds [0x0000000109c00000, 0x000000010a0a0000, 0x0000000118c00000]
 total_blobs=1793 nmethods=1263 adapters=444
 compilation: enabled

Compilation events (10 events):
Event: 41.711 Thread 0x00007ff62b044000 1259       3       java.nio.HeapByteBuffer::get (14 bytes)
Event: 41.712 Thread 0x00007ff62b044000 nmethod 1259 0x000000010a095c90 code [0x000000010a095e20, 0x000000010a0961c8]
Event: 41.813 Thread 0x00007ff62b043000 1260       4       java.lang.ThreadLocal::get (38 bytes)
Event: 41.818 Thread 0x00007ff62b043000 nmethod 1260 0x000000010a099150 code [0x000000010a0992c0, 0x000000010a099458]
Event: 42.597 Thread 0x00007ff62b044000 1261       3       sun.awt.AWTAutoShutdown::notifyToolkitThreadBusy (8 bytes)
Event: 42.598 Thread 0x00007ff62b044000 nmethod 1261 0x000000010a098d50 code [0x000000010a098ec0, 0x000000010a099088]
Event: 42.598 Thread 0x00007ff62b044000 1262       3       sun.awt.AWTAutoShutdown::notifyToolkitThreadFree (8 bytes)
Event: 42.598 Thread 0x00007ff62b044000 nmethod 1262 0x000000010a098950 code [0x000000010a098ac0, 0x000000010a098c88]
Event: 43.452 Thread 0x00007ff62b05a000 1263       4       java.lang.ThreadLocal$ThreadLocalMap::access$000 (6 bytes)
Event: 43.454 Thread 0x00007ff62b05a000 nmethod 1263 0x000000010a096c90 code [0x000000010a096e00, 0x000000010a096f28]

GC Heap History (10 events):
Event: 1.969 GC heap before
{Heap before GC invocations=1 (full 0):
 PSYoungGen      total 18944K, used 16384K [0x00000007aab00000, 0x00000007ac000000, 0x00000007c0000000)
  eden space 16384K, 100% used [0x00000007aab00000,0x00000007abb00000,0x00000007abb00000)
  from space 2560K, 0% used [0x00000007abd80000,0x00000007abd80000,0x00000007ac000000)
  to   space 2560K, 0% used [0x00000007abb00000,0x00000007abb00000,0x00000007abd80000)
 ParOldGen       total 44032K, used 0K [0x0000000780000000, 0x0000000782b00000, 0x00000007aab00000)
  object space 44032K, 0% used [0x0000000780000000,0x0000000780000000,0x0000000782b00000)
 Metaspace       used 7654K, capacity 7775K, committed 8064K, reserved 1056768K
  class space    used 788K, capacity 858K, committed 896K, reserved 1048576K
Event: 1.981 GC heap after
Heap after GC invocations=1 (full 0):
 PSYoungGen      total 18944K, used 2536K [0x00000007aab00000, 0x00000007ac000000, 0x00000007c0000000)
  eden space 16384K, 0% used [0x00000007aab00000,0x00000007aab00000,0x00000007abb00000)
  from space 2560K, 99% used [0x00000007abb00000,0x00000007abd7a148,0x00000007abd80000)
  to   space 2560K, 0% used [0x00000007abd80000,0x00000007abd80000,0x00000007ac000000)
 ParOldGen       total 44032K, used 2737K [0x0000000780000000, 0x0000000782b00000, 0x00000007aab00000)
  object space 44032K, 6% used [0x0000000780000000,0x00000007802ac678,0x0000000782b00000)
 Metaspace       used 7654K, capacity 7775K, committed 8064K, reserved 1056768K
  class space    used 788K, capacity 858K, committed 896K, reserved 1048576K
}
Event: 11.044 GC heap before
{Heap before GC invocations=2 (full 0):
 PSYoungGen      total 18944K, used 18920K [0x00000007aab00000, 0x00000007ac000000, 0x00000007c0000000)
  eden space 16384K, 100% used [0x00000007aab00000,0x00000007abb00000,0x00000007abb00000)
  from space 2560K, 99% used [0x00000007abb00000,0x00000007abd7a148,0x00000007abd80000)
  to   space 2560K, 0% used [0x00000007abd80000,0x00000007abd80000,0x00000007ac000000)
 ParOldGen       total 44032K, used 2737K [0x0000000780000000, 0x0000000782b00000, 0x00000007aab00000)
  object space 44032K, 6% used [0x0000000780000000,0x00000007802ac678,0x0000000782b00000)
 Metaspace       used 11449K, capacity 11601K, committed 11776K, reserved 1060864K
  class space    used 1208K, capacity 1279K, committed 1280K, reserved 1048576K
Event: 11.052 GC heap after
Heap after GC invocations=2 (full 0):
 PSYoungGen      total 18944K, used 2530K [0x00000007aab00000, 0x00000007ac000000, 0x00000007c0000000)
  eden space 16384K, 0% used [0x00000007aab00000,0x00000007aab00000,0x00000007abb00000)
  from space 2560K, 98% used [0x00000007abd80000,0x00000007abff8920,0x00000007ac000000)
  to   space 2560K, 0% used [0x00000007abb00000,0x00000007abb00000,0x00000007abd80000)
 ParOldGen       total 44032K, used 3511K [0x0000000780000000, 0x0000000782b00000, 0x00000007aab00000)
  object space 44032K, 7% used [0x0000000780000000,0x000000078036ddb0,0x0000000782b00000)
 Metaspace       used 11449K, capacity 11601K, committed 11776K, reserved 1060864K
  class space    used 1208K, capacity 1279K, committed 1280K, reserved 1048576K
}
Event: 21.495 GC heap before
{Heap before GC invocations=3 (full 0):
 PSYoungGen      total 18944K, used 18914K [0x00000007aab00000, 0x00000007ac000000, 0x00000007c0000000)
  eden space 16384K, 100% used [0x00000007aab00000,0x00000007abb00000,0x00000007abb00000)
  from space 2560K, 98% used [0x00000007abd80000,0x00000007abff8920,0x00000007ac000000)
  to   space 2560K, 0% used [0x00000007abb00000,0x00000007abb00000,0x00000007abd80000)
 ParOldGen       total 44032K, used 3511K [0x0000000780000000, 0x0000000782b00000, 0x00000007aab00000)
  object space 44032K, 7% used [0x0000000780000000,0x000000078036ddb0,0x0000000782b00000)
 Metaspace       used 11452K, capacity 11601K, committed 11776K, reserved 1060864K
  class space    used 1208K, capacity 1279K, committed 1280K, reserved 1048576K
Event: 21.501 GC heap after
Heap after GC invocations=3 (full 0):
 PSYoungGen      total 18944K, used 2546K [0x00000007aab00000, 0x00000007ac000000, 0x00000007c0000000)
  eden space 16384K, 0% used [0x00000007aab00000,0x00000007aab00000,0x00000007abb00000)
  from space 2560K, 99% used [0x00000007abb00000,0x00000007abd7c8f0,0x00000007abd80000)
  to   space 2560K, 0% used [0x00000007abd80000,0x00000007abd80000,0x00000007ac000000)
 ParOldGen       total 44032K, used 3543K [0x0000000780000000, 0x0000000782b00000, 0x00000007aab00000)
  object space 44032K, 8% used [0x0000000780000000,0x0000000780375db0,0x0000000782b00000)
 Metaspace       used 11452K, capacity 11601K, committed 11776K, reserved 1060864K
  class space    used 1208K, capacity 1279K, committed 1280K, reserved 1048576K
}
Event: 31.902 GC heap before
{Heap before GC invocations=4 (full 0):
 PSYoungGen      total 18944K, used 18930K [0x00000007aab00000, 0x00000007ac000000, 0x00000007c0000000)
  eden space 16384K, 100% used [0x00000007aab00000,0x00000007abb00000,0x00000007abb00000)
  from space 2560K, 99% used [0x00000007abb00000,0x00000007abd7c8f0,0x00000007abd80000)
  to   space 2560K, 0% used [0x00000007abd80000,0x00000007abd80000,0x00000007ac000000)
 ParOldGen       total 44032K, used 3543K [0x0000000780000000, 0x0000000782b00000, 0x00000007aab00000)
  object space 44032K, 8% used [0x0000000780000000,0x0000000780375db0,0x0000000782b00000)
 Metaspace       used 11465K, capacity 11665K, committed 11776K, reserved 1060864K
  class space    used 1208K, capacity 1279K, committed 1280K, reserved 1048576K
Event: 31.907 GC heap after
Heap after GC invocations=4 (full 0):
 PSYoungGen      total 18944K, used 2530K [0x00000007aab00000, 0x00000007ac000000, 0x00000007c0000000)
  eden space 16384K, 0% used [0x00000007aab00000,0x00000007aab00000,0x00000007abb00000)
  from space 2560K, 98% used [0x00000007abd80000,0x00000007abff8920,0x00000007ac000000)
  to   space 2560K, 0% used [0x00000007abb00000,0x00000007abb00000,0x00000007abd80000)
 ParOldGen       total 44032K, used 3575K [0x0000000780000000, 0x0000000782b00000, 0x00000007aab00000)
  object space 44032K, 8% used [0x0000000780000000,0x000000078037ddb0,0x0000000782b00000)
 Metaspace       used 11465K, capacity 11665K, committed 11776K, reserved 1060864K
  class space    used 1208K, capacity 1279K, committed 1280K, reserved 1048576K
}
Event: 42.794 GC heap before
{Heap before GC invocations=5 (full 0):
 PSYoungGen      total 18944K, used 18914K [0x00000007aab00000, 0x00000007ac000000, 0x00000007c0000000)
  eden space 16384K, 100% used [0x00000007aab00000,0x00000007abb00000,0x00000007abb00000)
  from space 2560K, 98% used [0x00000007abd80000,0x00000007abff8920,0x00000007ac000000)
  to   space 2560K, 0% used [0x00000007abb00000,0x00000007abb00000,0x00000007abd80000)
 ParOldGen       total 44032K, used 3575K [0x0000000780000000, 0x0000000782b00000, 0x00000007aab00000)
  object space 44032K, 8% used [0x0000000780000000,0x000000078037ddb0,0x0000000782b00000)
 Metaspace       used 11479K, capacity 11665K, committed 11776K, reserved 1060864K
  class space    used 1208K, capacity 1279K, committed 1280K, reserved 1048576K
Event: 42.801 GC heap after
Heap after GC invocations=5 (full 0):
 PSYoungGen      total 18944K, used 2530K [0x00000007aab00000, 0x00000007ac600000, 0x00000007c0000000)
  eden space 16384K, 0% used [0x00000007aab00000,0x00000007aab00000,0x00000007abb00000)
  from space 2560K, 98% used [0x00000007abb00000,0x00000007abd78920,0x00000007abd80000)
  to   space 5632K, 0% used [0x00000007ac080000,0x00000007ac080000,0x00000007ac600000)
 ParOldGen       total 44032K, used 3607K [0x0000000780000000, 0x0000000782b00000, 0x00000007aab00000)
  object space 44032K, 8% used [0x0000000780000000,0x0000000780385db0,0x0000000782b00000)
 Metaspace       used 11479K, capacity 11665K, committed 11776K, reserved 1060864K
  class space    used 1208K, capacity 1279K, committed 1280K, reserved 1048576K
}

Deoptimization events (10 events):
Event: 2.345 Thread 0x00007ff62b006800 Uncommon trap: reason=class_check action=maybe_recompile pc=0x0000000109f16c58 method=sun.java2d.loops.OpaqueCopyAnyToArgb.Blit(Lsun/java2d/SurfaceData;Lsun/java2d/SurfaceData;Ljava/awt/Composite;Lsun/java2d/pipe/Region;IIIIII)V @ 186
Event: 2.345 Thread 0x00007ff62b006800 Uncommon trap: reason=class_check action=maybe_recompile pc=0x0000000109f16c58 method=sun.java2d.loops.OpaqueCopyAnyToArgb.Blit(Lsun/java2d/SurfaceData;Lsun/java2d/SurfaceData;Ljava/awt/Composite;Lsun/java2d/pipe/Region;IIIIII)V @ 186
Event: 2.390 Thread 0x00007ff62b006800 Uncommon trap: reason=unstable_if action=reinterpret pc=0x0000000109f25928 method=sun.awt.image.ByteInterleavedRaster.getDataElements(IILjava/lang/Object;)Ljava/lang/Object; @ 43
Event: 3.512 Thread 0x00007ff62b006800 Uncommon trap: reason=null_check action=make_not_entrant pc=0x0000000109faab24 method=org.newdawn.slick.AngelCodeFont.drawString(FFLjava/lang/String;Lorg/newdawn/slick/Color;II)V @ 54
Event: 3.525 Thread 0x00007ff62b006800 Uncommon trap: reason=unstable_if action=reinterpret pc=0x0000000109fa4b7c method=java.util.LinkedHashMap.afterNodeAccess(Ljava/util/HashMap$Node;)V @ 41
Event: 4.025 Thread 0x00007ff62b006800 Uncommon trap: reason=unstable_if action=reinterpret pc=0x0000000109f9b36c method=Units.within50(LPlayer;)Z @ 52
Event: 5.508 Thread 0x00007ff62b006800 Uncommon trap: reason=unstable_if action=reinterpret pc=0x0000000109fdb03c method=PassiveMonsters.update(LPlayer;)V @ 117
Event: 8.092 Thread 0x00007ff62b006800 Uncommon trap: reason=unstable_if action=reinterpret pc=0x0000000109fa81d0 method=AggressiveMonsters.update(LPlayer;)V @ 54
Event: 24.158 Thread 0x00007ff62b006800 Uncommon trap: reason=unstable_if action=reinterpret pc=0x000000010a025e38 method=World.update(DDIZZ)V @ 58
Event: 24.216 Thread 0x00007ff62b006800 Uncommon trap: reason=unstable_if action=reinterpret pc=0x000000010a0214d0 method=World.update(DDIZZ)V @ 97

Internal exceptions (10 events):
Event: 0.195 Thread 0x00007ff62b006800 Exception <a 'java/security/PrivilegedActionException'> (0x00000007aac0bd90) thrown at [/HUDSON3/workspace/8-2-build-macosx-x86_64/jdk8u101/7261/hotspot/src/share/vm/prims/jvm.cpp, line 1386]
Event: 0.278 Thread 0x00007ff62b006800 Exception <a 'java/security/PrivilegedActionException'> (0x00000007aad4b3b8) thrown at [/HUDSON3/workspace/8-2-build-macosx-x86_64/jdk8u101/7261/hotspot/src/share/vm/prims/jvm.cpp, line 1386]
Event: 0.278 Thread 0x00007ff62b006800 Exception <a 'java/security/PrivilegedActionException'> (0x00000007aad4b5c8) thrown at [/HUDSON3/workspace/8-2-build-macosx-x86_64/jdk8u101/7261/hotspot/src/share/vm/prims/jvm.cpp, line 1386]
Event: 0.278 Thread 0x00007ff62b006800 Exception <a 'java/security/PrivilegedActionException'> (0x00000007aad4eb48) thrown at [/HUDSON3/workspace/8-2-build-macosx-x86_64/jdk8u101/7261/hotspot/src/share/vm/prims/jvm.cpp, line 1386]
Event: 0.279 Thread 0x00007ff62b006800 Exception <a 'java/security/PrivilegedActionException'> (0x00000007aad4ed58) thrown at [/HUDSON3/workspace/8-2-build-macosx-x86_64/jdk8u101/7261/hotspot/src/share/vm/prims/jvm.cpp, line 1386]
Event: 0.388 Thread 0x00007ff62b006800 Exception <a 'java/lang/NoSuchFieldError': method resolution failed> (0x00000007aae1d080) thrown at [/HUDSON3/workspace/8-2-build-macosx-x86_64/jdk8u101/7261/hotspot/src/share/vm/prims/methodHandles.cpp, line 1146]
Event: 0.400 Thread 0x00007ff62b006800 Exception <a 'java/lang/NoSuchFieldError': method resolution failed> (0x00000007aae2a7d0) thrown at [/HUDSON3/workspace/8-2-build-macosx-x86_64/jdk8u101/7261/hotspot/src/share/vm/prims/methodHandles.cpp, line 1146]
Event: 0.653 Thread 0x00007ff62b006800 Exception <a 'java/io/FileNotFoundException'> (0x00000007aaea51e0) thrown at [/HUDSON3/workspace/8-2-build-macosx-x86_64/jdk8u101/7261/hotspot/src/share/vm/prims/jni.cpp, line 709]
Event: 0.653 Thread 0x00007ff62b006800 Exception <a 'java/io/FileNotFoundException'> (0x00000007aaea5d48) thrown at [/HUDSON3/workspace/8-2-build-macosx-x86_64/jdk8u101/7261/hotspot/src/share/vm/prims/jni.cpp, line 709]
Event: 3.512 Thread 0x00007ff62b006800 Implicit null exception at 0x0000000109faa4b2 to 0x0000000109faaae8

Events (10 events):
Event: 28.525 Executing VM operation: RevokeBias
Event: 28.525 Executing VM operation: RevokeBias done
Event: 28.525 Thread 0x00007ff62b163000 Thread exited: 0x00007ff62b163000
Event: 28.583 Thread 0x00007ff62b163000 Thread added: 0x00007ff62b163000
Event: 31.902 Executing VM operation: ParallelGCFailedAllocation
Event: 31.907 Executing VM operation: ParallelGCFailedAllocation done
Event: 42.794 Executing VM operation: ParallelGCFailedAllocation
Event: 42.801 Executing VM operation: ParallelGCFailedAllocation done
Event: 43.451 loading class org/lwjgl/opengl/CallbackUtil
Event: 43.451 loading class org/lwjgl/opengl/CallbackUtil done


Dynamic libraries:
0x0000000009fda000 	/System/Library/Frameworks/Cocoa.framework/Versions/A/Cocoa
0x00000001078e1000 	/System/Library/Frameworks/Security.framework/Versions/A/Security
0x0000000009fda000 	/System/Library/Frameworks/ApplicationServices.framework/Versions/A/ApplicationServices
0x0000000009fda000 	/usr/lib/libz.1.dylib
0x0000000009fda000 	/usr/lib/libSystem.B.dylib
0x0000000009fda000 	/usr/lib/libobjc.A.dylib
0x0000000009fda000 	/System/Library/Frameworks/CoreFoundation.framework/Versions/A/CoreFoundation
0x0000000009fda000 	/System/Library/Frameworks/Foundation.framework/Versions/C/Foundation
0x0000000009fda000 	/System/Library/Frameworks/AppKit.framework/Versions/C/AppKit
0x0000000009fda000 	/System/Library/Frameworks/CoreData.framework/Versions/A/CoreData
0x0000000009fda000 	/System/Library/PrivateFrameworks/RemoteViewServices.framework/Versions/A/RemoteViewServices
0x0000000009fda000 	/System/Library/PrivateFrameworks/UIFoundation.framework/Versions/A/UIFoundation
0x0000000009fda000 	/usr/lib/libScreenReader.dylib
0x0000000009fda000 	/System/Library/Frameworks/Accelerate.framework/Versions/A/Accelerate
0x0000000009fda000 	/System/Library/Frameworks/IOSurface.framework/Versions/A/IOSurface
0x0000000009fda000 	/System/Library/Frameworks/AudioToolbox.framework/Versions/A/AudioToolbox
0x0000000009fda000 	/System/Library/Frameworks/AudioUnit.framework/Versions/A/AudioUnit
0x0000000009fda000 	/System/Library/PrivateFrameworks/DataDetectorsCore.framework/Versions/A/DataDetectorsCore
0x0000000009fda000 	/System/Library/PrivateFrameworks/DesktopServicesPriv.framework/Versions/A/DesktopServicesPriv
0x0000000009fda000 	/System/Library/Frameworks/Carbon.framework/Versions/A/Frameworks/HIToolbox.framework/Versions/A/HIToolbox
0x0000000009fda000 	/System/Library/Frameworks/QuartzCore.framework/Versions/A/QuartzCore
0x0000000009fda000 	/System/Library/Frameworks/Carbon.framework/Versions/A/Frameworks/SpeechRecognition.framework/Versions/A/SpeechRecognition
0x0000000009fda000 	/usr/lib/libauto.dylib
0x0000000009fda000 	/usr/lib/libicucore.A.dylib
0x0000000009fda000 	/usr/lib/libxml2.2.dylib
0x0000000009fda000 	/System/Library/PrivateFrameworks/CoreUI.framework/Versions/A/CoreUI
0x0000000009fda000 	/System/Library/Frameworks/CoreAudio.framework/Versions/A/CoreAudio
0x0000000009fda000 	/System/Library/Frameworks/DiskArbitration.framework/Versions/A/DiskArbitration
0x0000000009fda000 	/usr/lib/liblangid.dylib
0x0000000009fda000 	/System/Library/PrivateFrameworks/MultitouchSupport.framework/Versions/A/MultitouchSupport
0x0000000009fda000 	/System/Library/Frameworks/IOKit.framework/Versions/A/IOKit
0x0000000009fda000 	/usr/lib/libDiagnosticMessagesClient.dylib
0x0000000009fda000 	/System/Library/Frameworks/CoreServices.framework/Versions/A/CoreServices
0x0000000009fda000 	/System/Library/PrivateFrameworks/PerformanceAnalysis.framework/Versions/A/PerformanceAnalysis
0x0000000009fda000 	/System/Library/PrivateFrameworks/GenerationalStorage.framework/Versions/A/GenerationalStorage
0x0000000009fda000 	/System/Library/Frameworks/OpenGL.framework/Versions/A/OpenGL
0x0000000009fda000 	/System/Library/PrivateFrameworks/Sharing.framework/Versions/A/Sharing
0x0000000009fda000 	/System/Library/Frameworks/CoreGraphics.framework/Versions/A/CoreGraphics
0x0000000009fda000 	/System/Library/Frameworks/CoreImage.framework/Versions/A/CoreImage
0x0000000009fda000 	/System/Library/Frameworks/CoreText.framework/Versions/A/CoreText
0x0000000009fda000 	/System/Library/Frameworks/ImageIO.framework/Versions/A/ImageIO
0x0000000009fda000 	/System/Library/PrivateFrameworks/Backup.framework/Versions/A/Backup
0x0000000009fda000 	/usr/lib/libextension.dylib
0x0000000009fda000 	/usr/lib/libarchive.2.dylib
0x0000000107d01000 	/System/Library/Frameworks/CFNetwork.framework/Versions/A/CFNetwork
0x0000000009fda000 	/System/Library/Frameworks/SystemConfiguration.framework/Versions/A/SystemConfiguration
0x0000000009fda000 	/usr/lib/libCRFSuite.dylib
0x0000000009fda000 	/usr/lib/libc++.1.dylib
0x0000000009fda000 	/usr/lib/libc++abi.dylib
0x0000000009fda000 	/usr/lib/system/libcache.dylib
0x0000000009fda000 	/usr/lib/system/libcommonCrypto.dylib
0x0000000009fda000 	/usr/lib/system/libcompiler_rt.dylib
0x0000000009fda000 	/usr/lib/system/libcopyfile.dylib
0x0000000009fda000 	/usr/lib/system/libcorecrypto.dylib
0x0000000009fda000 	/usr/lib/system/libdispatch.dylib
0x0000000009fda000 	/usr/lib/system/libdyld.dylib
0x0000000009fda000 	/usr/lib/system/libkeymgr.dylib
0x0000000009fda000 	/usr/lib/system/liblaunch.dylib
0x0000000009fda000 	/usr/lib/system/libmacho.dylib
0x0000000009fda000 	/usr/lib/system/libquarantine.dylib
0x0000000009fda000 	/usr/lib/system/libremovefile.dylib
0x0000000009fda000 	/usr/lib/system/libsystem_asl.dylib
0x0000000009fda000 	/usr/lib/system/libsystem_blocks.dylib
0x0000000009fda000 	/usr/lib/system/libsystem_c.dylib
0x0000000009fda000 	/usr/lib/system/libsystem_configuration.dylib
0x0000000009fda000 	/usr/lib/system/libsystem_coreservices.dylib
0x0000000009fda000 	/usr/lib/system/libsystem_coretls.dylib
0x0000000009fda000 	/usr/lib/system/libsystem_dnssd.dylib
0x0000000009fda000 	/usr/lib/system/libsystem_info.dylib
0x0000000009fda000 	/usr/lib/system/libsystem_kernel.dylib
0x0000000009fda000 	/usr/lib/system/libsystem_m.dylib
0x0000000009fda000 	/usr/lib/system/libsystem_malloc.dylib
0x0000000009fda000 	/usr/lib/system/libsystem_network.dylib
0x0000000009fda000 	/usr/lib/system/libsystem_networkextension.dylib
0x0000000009fda000 	/usr/lib/system/libsystem_notify.dylib
0x0000000009fda000 	/usr/lib/system/libsystem_platform.dylib
0x0000000009fda000 	/usr/lib/system/libsystem_pthread.dylib
0x0000000009fda000 	/usr/lib/system/libsystem_sandbox.dylib
0x0000000009fda000 	/usr/lib/system/libsystem_secinit.dylib
0x0000000009fda000 	/usr/lib/system/libsystem_trace.dylib
0x0000000009fda000 	/usr/lib/system/libunc.dylib
0x0000000009fda000 	/usr/lib/system/libunwind.dylib
0x0000000009fda000 	/usr/lib/system/libxpc.dylib
0x0000000009fda000 	/usr/lib/libenergytrace.dylib
0x0000000009fda000 	/usr/lib/libbsm.0.dylib
0x0000000009fda000 	/usr/lib/system/libkxld.dylib
0x0000000009fda000 	/usr/lib/libxar.1.dylib
0x0000000009fda000 	/usr/lib/libsqlite3.dylib
0x0000000009fda000 	/usr/lib/libpam.2.dylib
0x0000000009fda000 	/usr/lib/libOpenScriptingUtil.dylib
0x0000000009fda000 	/usr/lib/libbz2.1.0.dylib
0x0000000009fda000 	/usr/lib/liblzma.5.dylib
0x0000000009fda000 	/System/Library/Frameworks/CoreServices.framework/Versions/A/Frameworks/FSEvents.framework/Versions/A/FSEvents
0x0000000009fda000 	/System/Library/Frameworks/CoreServices.framework/Versions/A/Frameworks/CarbonCore.framework/Versions/A/CarbonCore
0x0000000009fda000 	/System/Library/Frameworks/CoreServices.framework/Versions/A/Frameworks/Metadata.framework/Versions/A/Metadata
0x0000000009fda000 	/System/Library/Frameworks/CoreServices.framework/Versions/A/Frameworks/OSServices.framework/Versions/A/OSServices
0x0000000009fda000 	/System/Library/Frameworks/CoreServices.framework/Versions/A/Frameworks/SearchKit.framework/Versions/A/SearchKit
0x0000000009fda000 	/System/Library/Frameworks/CoreServices.framework/Versions/A/Frameworks/AE.framework/Versions/A/AE
0x0000000009fda000 	/System/Library/Frameworks/CoreServices.framework/Versions/A/Frameworks/LaunchServices.framework/Versions/A/LaunchServices
0x0000000009fda000 	/System/Library/Frameworks/CoreServices.framework/Versions/A/Frameworks/DictionaryServices.framework/Versions/A/DictionaryServices
0x0000000009fda000 	/System/Library/Frameworks/CoreServices.framework/Versions/A/Frameworks/SharedFileList.framework/Versions/A/SharedFileList
0x0000000009fda000 	/System/Library/Frameworks/NetFS.framework/Versions/A/NetFS
0x0000000009fda000 	/System/Library/PrivateFrameworks/NetAuth.framework/Versions/A/NetAuth
0x0000000009fda000 	/System/Library/PrivateFrameworks/login.framework/Versions/A/Frameworks/loginsupport.framework/Versions/A/loginsupport
0x0000000009fda000 	/System/Library/PrivateFrameworks/TCC.framework/Versions/A/TCC
0x0000000009fda000 	/usr/lib/libmecabra.dylib
0x0000000009fda000 	/System/Library/Frameworks/ApplicationServices.framework/Versions/A/Frameworks/ATS.framework/Versions/A/ATS
0x0000000009fda000 	/System/Library/Frameworks/ApplicationServices.framework/Versions/A/Frameworks/ColorSync.framework/Versions/A/ColorSync
0x0000000009fda000 	/System/Library/Frameworks/ApplicationServices.framework/Versions/A/Frameworks/HIServices.framework/Versions/A/HIServices
0x0000000009fda000 	/System/Library/Frameworks/ApplicationServices.framework/Versions/A/Frameworks/LangAnalysis.framework/Versions/A/LangAnalysis
0x0000000009fda000 	/System/Library/Frameworks/ApplicationServices.framework/Versions/A/Frameworks/PrintCore.framework/Versions/A/PrintCore
0x0000000009fda000 	/System/Library/Frameworks/ApplicationServices.framework/Versions/A/Frameworks/QD.framework/Versions/A/QD
0x0000000009fda000 	/System/Library/Frameworks/ApplicationServices.framework/Versions/A/Frameworks/SpeechSynthesis.framework/Versions/A/SpeechSynthesis
0x0000000009fda000 	/System/Library/Frameworks/Metal.framework/Versions/A/Metal
0x0000000009fda000 	/System/Library/Frameworks/Accelerate.framework/Versions/A/Frameworks/vImage.framework/Versions/A/vImage
0x0000000009fda000 	/System/Library/Frameworks/Accelerate.framework/Versions/A/Frameworks/vecLib.framework/Versions/A/vecLib
0x0000000009fda000 	/System/Library/Frameworks/Accelerate.framework/Versions/A/Frameworks/vecLib.framework/Versions/A/libvDSP.dylib
0x0000000009fda000 	/System/Library/Frameworks/Accelerate.framework/Versions/A/Frameworks/vecLib.framework/Versions/A/libvMisc.dylib
0x0000000009fda000 	/System/Library/Frameworks/Accelerate.framework/Versions/A/Frameworks/vecLib.framework/Versions/A/libLAPACK.dylib
0x0000000009fda000 	/System/Library/Frameworks/Accelerate.framework/Versions/A/Frameworks/vecLib.framework/Versions/A/libBLAS.dylib
0x0000000009fda000 	/System/Library/Frameworks/Accelerate.framework/Versions/A/Frameworks/vecLib.framework/Versions/A/libLinearAlgebra.dylib
0x0000000009fda000 	/System/Library/Frameworks/Accelerate.framework/Versions/A/Frameworks/vecLib.framework/Versions/A/libSparseBLAS.dylib
0x0000000009fda000 	/System/Library/PrivateFrameworks/GPUCompiler.framework/libmetal_timestamp.dylib
0x0000000009fda000 	/System/Library/Frameworks/OpenGL.framework/Versions/A/Libraries/libCoreFSCache.dylib
0x0000000009fda000 	/System/Library/PrivateFrameworks/IOAccelerator.framework/Versions/A/IOAccelerator
0x0000000009fda000 	/System/Library/Frameworks/ApplicationServices.framework/Versions/A/Frameworks/ATS.framework/Versions/A/Resources/libFontParser.dylib
0x0000000009fda000 	/System/Library/Frameworks/ApplicationServices.framework/Versions/A/Frameworks/ATS.framework/Versions/A/Resources/libFontRegistry.dylib
0x0000000009fda000 	/System/Library/PrivateFrameworks/AppleVPA.framework/Versions/A/AppleVPA
0x0000000009fda000 	/System/Library/PrivateFrameworks/AppleJPEG.framework/Versions/A/AppleJPEG
0x0000000009fda000 	/System/Library/Frameworks/ImageIO.framework/Versions/A/Resources/libJPEG.dylib
0x0000000009fda000 	/System/Library/Frameworks/ImageIO.framework/Versions/A/Resources/libTIFF.dylib
0x0000000009fda000 	/System/Library/Frameworks/ImageIO.framework/Versions/A/Resources/libPng.dylib
0x0000000009fda000 	/System/Library/Frameworks/ImageIO.framework/Versions/A/Resources/libGIF.dylib
0x0000000009fda000 	/System/Library/Frameworks/ImageIO.framework/Versions/A/Resources/libJP2.dylib
0x0000000009fda000 	/System/Library/Frameworks/ImageIO.framework/Versions/A/Resources/libRadiance.dylib
0x0000000009fda000 	/System/Library/Frameworks/CoreVideo.framework/Versions/A/CoreVideo
0x0000000009fda000 	/System/Library/Frameworks/OpenGL.framework/Versions/A/Libraries/libGLU.dylib
0x0000000009fda000 	/System/Library/Frameworks/OpenGL.framework/Versions/A/Libraries/libGFXShared.dylib
0x0000000009fda000 	/System/Library/Frameworks/OpenGL.framework/Versions/A/Libraries/libGL.dylib
0x0000000009fda000 	/System/Library/Frameworks/OpenGL.framework/Versions/A/Libraries/libGLImage.dylib
0x0000000009fda000 	/System/Library/Frameworks/OpenGL.framework/Versions/A/Libraries/libCVMSPluginSupport.dylib
0x0000000009fda000 	/System/Library/Frameworks/OpenGL.framework/Versions/A/Libraries/libCoreVMClient.dylib
0x0000000009fda000 	/usr/lib/libcompression.dylib
0x0000000009fda000 	/usr/lib/libcups.2.dylib
0x0000000009fda000 	/System/Library/Frameworks/Kerberos.framework/Versions/A/Kerberos
0x0000000009fda000 	/System/Library/Frameworks/GSS.framework/Versions/A/GSS
0x0000000009fda000 	/usr/lib/libresolv.9.dylib
0x0000000009fda000 	/usr/lib/libiconv.2.dylib
0x0000000009fda000 	/System/Library/PrivateFrameworks/Heimdal.framework/Versions/A/Heimdal
0x0000000009fda000 	/usr/lib/libheimdal-asn1.dylib
0x0000000009fda000 	/System/Library/Frameworks/OpenDirectory.framework/Versions/A/OpenDirectory
0x0000000009fda000 	/System/Library/PrivateFrameworks/CommonAuth.framework/Versions/A/CommonAuth
0x0000000009fda000 	/System/Library/Frameworks/OpenDirectory.framework/Versions/A/Frameworks/CFOpenDirectory.framework/Versions/A/CFOpenDirectory
0x0000000009fda000 	/System/Library/Frameworks/SecurityFoundation.framework/Versions/A/SecurityFoundation
0x0000000009fda000 	/System/Library/PrivateFrameworks/LanguageModeling.framework/Versions/A/LanguageModeling
0x0000000009fda000 	/usr/lib/libmarisa.dylib
0x0000000009fda000 	/usr/lib/libChineseTokenizer.dylib
0x0000000009fda000 	/usr/lib/libcmph.dylib
0x0000000009fda000 	/System/Library/Frameworks/ServiceManagement.framework/Versions/A/ServiceManagement
0x0000000009fda000 	/usr/lib/libxslt.1.dylib
0x0000000009fda000 	/System/Library/Frameworks/Carbon.framework/Versions/A/Frameworks/Ink.framework/Versions/A/Ink
0x0000000009fda000 	/usr/lib/libFosl_dynamic.dylib
0x0000000009fda000 	/System/Library/PrivateFrameworks/FaceCore.framework/Versions/A/FaceCore
0x0000000009fda000 	/System/Library/Frameworks/OpenCL.framework/Versions/A/OpenCL
0x0000000009fda000 	/System/Library/PrivateFrameworks/CrashReporterSupport.framework/Versions/A/CrashReporterSupport
0x0000000009fda000 	/System/Library/PrivateFrameworks/IconServices.framework/Versions/A/IconServices
0x0000000009fda000 	/System/Library/PrivateFrameworks/Apple80211.framework/Versions/A/Apple80211
0x0000000009fda000 	/System/Library/Frameworks/CoreWLAN.framework/Versions/A/CoreWLAN
0x0000000009fda000 	/System/Library/Frameworks/IOBluetooth.framework/Versions/A/IOBluetooth
0x0000000009fda000 	/System/Library/PrivateFrameworks/CoreWiFi.framework/Versions/A/CoreWiFi
0x0000000009fda000 	/System/Library/Frameworks/CoreBluetooth.framework/Versions/A/CoreBluetooth
0x0000000009fda000 	/System/Library/PrivateFrameworks/ChunkingLibrary.framework/Versions/A/ChunkingLibrary
0x0000000009fda000 	/System/Library/PrivateFrameworks/DebugSymbols.framework/Versions/A/DebugSymbols
0x0000000009fda000 	/System/Library/PrivateFrameworks/CoreSymbolication.framework/Versions/A/CoreSymbolication
0x0000000009fda000 	/System/Library/PrivateFrameworks/Symbolication.framework/Versions/A/Symbolication
0x0000000009fda000 	/System/Library/PrivateFrameworks/SpeechRecognitionCore.framework/Versions/A/SpeechRecognitionCore
0x00000001083cf000 	/Library/Java/JavaVirtualMachines/jdk1.8.0_101.jdk/Contents/Home/jre/lib/server/libjvm.dylib
0x0000000009fda000 	/usr/lib/libstdc++.6.dylib
0x0000000109370000 	/Library/Java/JavaVirtualMachines/jdk1.8.0_101.jdk/Contents/Home/jre/lib/libverify.dylib
0x000000010937e000 	/Library/Java/JavaVirtualMachines/jdk1.8.0_101.jdk/Contents/Home/jre/lib/libjava.dylib
0x00000001093bb000 	/Library/Java/JavaVirtualMachines/jdk1.8.0_101.jdk/Contents/Home/jre/lib/libzip.dylib
0x000000011cfbf000 	/System/Library/Frameworks/JavaVM.framework/Frameworks/JavaRuntimeSupport.framework/JavaRuntimeSupport
0x000000011cfda000 	/System/Library/Frameworks/JavaVM.framework/Versions/A/Frameworks/JavaNativeFoundation.framework/Versions/A/JavaNativeFoundation
0x000000011cfef000 	/System/Library/Frameworks/JavaVM.framework/Versions/A/JavaVM
0x0000000009fda000 	/System/Library/Frameworks/Carbon.framework/Versions/A/Carbon
0x000000011cffc000 	/System/Library/PrivateFrameworks/JavaLaunching.framework/Versions/A/JavaLaunching
0x0000000009fda000 	/System/Library/Frameworks/Carbon.framework/Versions/A/Frameworks/CommonPanels.framework/Versions/A/CommonPanels
0x0000000009fda000 	/System/Library/Frameworks/Carbon.framework/Versions/A/Frameworks/Help.framework/Versions/A/Help
0x0000000009fda000 	/System/Library/Frameworks/Carbon.framework/Versions/A/Frameworks/ImageCapture.framework/Versions/A/ImageCapture
0x0000000009fda000 	/System/Library/Frameworks/Carbon.framework/Versions/A/Frameworks/OpenScripting.framework/Versions/A/OpenScripting
0x0000000009fda000 	/System/Library/Frameworks/Carbon.framework/Versions/A/Frameworks/Print.framework/Versions/A/Print
0x0000000009fda000 	/System/Library/Frameworks/Carbon.framework/Versions/A/Frameworks/SecurityHI.framework/Versions/A/SecurityHI
0x000000011e979000 	/Library/Java/JavaVirtualMachines/jdk1.8.0_101.jdk/Contents/Home/jre/lib/libawt.dylib
0x000000011ea21000 	/Library/Java/JavaVirtualMachines/jdk1.8.0_101.jdk/Contents/Home/jre/lib/./libmlib_image.dylib
0x000000011eaed000 	/Library/Java/JavaVirtualMachines/jdk1.8.0_101.jdk/Contents/Home/jre/lib/libawt_lwawt.dylib
0x000000011eba2000 	/Library/Java/JavaVirtualMachines/jdk1.8.0_101.jdk/Contents/Home/jre/lib/./libosxapp.dylib
0x0000000009fda000 	/System/Library/Frameworks/ExceptionHandling.framework/Versions/A/ExceptionHandling
0x0000000009fda000 	/System/Library/PrivateFrameworks/CoreServicesInternal.framework/Versions/A/CoreServicesInternal
0x000000011f711000 	/System/Library/Frameworks/CoreGraphics.framework/Versions/A/Resources/libRIP.A.dylib
0x0000000009fda000 	/System/Library/Frameworks/Accelerate.framework/Versions/A/Frameworks/vImage.framework/Versions/A/Libraries/libCGInterfaces.dylib
0x000000011f9ad000 	/System/Library/Frameworks/CoreGraphics.framework/Versions/A/Resources/libCGXType.A.dylib
0x0000000009fda000 	/System/Library/Frameworks/OpenCL.framework/Versions/A/Libraries/libcldcpuengine.dylib
0x0000000009fda000 	/System/Library/PrivateFrameworks/DiskImages.framework/Versions/A/DiskImages
0x0000000009fda000 	/System/Library/Frameworks/DiscRecording.framework/Versions/A/DiscRecording
0x0000000009fda000 	/usr/lib/libcsfde.dylib
0x0000000009fda000 	/usr/lib/libcurl.4.dylib
0x0000000009fda000 	/System/Library/PrivateFrameworks/MediaKit.framework/Versions/A/MediaKit
0x0000000009fda000 	/System/Library/PrivateFrameworks/ProtectedCloudStorage.framework/Versions/A/ProtectedCloudStorage
0x0000000009fda000 	/usr/lib/libCoreStorage.dylib
0x0000000009fda000 	/System/Library/PrivateFrameworks/EFILogin.framework/Versions/A/EFILogin
0x0000000009fda000 	/usr/lib/libutil.dylib
0x0000000009fda000 	/System/Library/PrivateFrameworks/FindMyDevice.framework/Versions/A/FindMyDevice
0x0000000009fda000 	/System/Library/Frameworks/LDAP.framework/Versions/A/LDAP
0x0000000009fda000 	/usr/lib/libsasl2.2.dylib
0x0000000009fda000 	/System/Library/PrivateFrameworks/CoreDaemon.framework/Versions/B/CoreDaemon
0x0000000009fda000 	/usr/lib/libcrypto.0.9.8.dylib
0x0000000009fda000 	/System/Library/PrivateFrameworks/AppleSRP.framework/Versions/A/AppleSRP
0x0000000009fda000 	/System/Library/PrivateFrameworks/TrustEvaluationAgent.framework/Versions/A/TrustEvaluationAgent
0x0000000120462000 	cl_kernels
0x0000000009fda000 	/System/Library/Frameworks/OpenCL.framework/Versions/A/Libraries/ImageFormats/unorm8_bgra.dylib
0x0000000009fda000 	/System/Library/Frameworks/OpenCL.framework/Versions/A/Libraries/ImageFormats/unorm8_rgba.dylib
0x0000000009fda000 	/System/Library/PrivateFrameworks/FamilyControls.framework/Versions/A/FamilyControls
0x0000000009fda000 	/System/Library/PrivateFrameworks/CommerceKit.framework/Versions/A/Frameworks/CommerceCore.framework/Versions/A/CommerceCore
0x0000000009fda000 	/System/Library/PrivateFrameworks/SystemAdministration.framework/Versions/A/SystemAdministration
0x0000000009fda000 	/System/Library/PrivateFrameworks/AppContainer.framework/Versions/A/AppContainer
0x0000000009fda000 	/System/Library/PrivateFrameworks/SecCodeWrapper.framework/Versions/A/SecCodeWrapper
0x0000000009fda000 	/System/Library/Frameworks/DirectoryService.framework/Versions/A/DirectoryService
0x0000000009fda000 	/System/Library/PrivateFrameworks/LoginUIKit.framework/Versions/A/Frameworks/LoginUICore.framework/Versions/A/LoginUICore
0x0000000009fda000 	/usr/lib/libodfde.dylib
0x000000012147f000 	/Library/Java/JavaVirtualMachines/jdk1.8.0_101.jdk/Contents/Home/jre/lib/libfontmanager.dylib
0x00000001214e6000 	/Users/justin/Documents/SWEN/SLICK_HOME/liblwjgl.dylib
0x000000011f930000 	/Library/Java/JavaVirtualMachines/jdk1.8.0_101.jdk/Contents/Home/jre/lib/libjawt.dylib
0x0000000009fda000 	/System/Library/Frameworks/OpenGL.framework/Versions/A/Resources/GLEngine.bundle/GLEngine
0x0000000009fda000 	/System/Library/Frameworks/OpenGL.framework/Versions/A/Libraries/libGLProgrammability.dylib
0x0000000121568000 	/System/Library/Extensions/AppleIntelHD5000GraphicsGLDriver.bundle/Contents/MacOS/AppleIntelHD5000GraphicsGLDriver
0x0000000009fda000 	/System/Library/PrivateFrameworks/GPUSupport.framework/Versions/A/Libraries/libGPUSupportMercury.dylib
0x0000000009fda000 	/System/Library/Frameworks/OpenGL.framework/Versions/A/Resources/GLRendererFloat.bundle/GLRendererFloat
0x000000011f946000 	/Users/justin/Documents/SWEN/SLICK_HOME/libjinput-osx.dylib
0x00000001229eb000 	/System/Library/Extensions/IOHIDFamily.kext/Contents/PlugIns/IOHIDLib.plugin/Contents/MacOS/IOHIDLib
0x0000000122a6a000 	/Library/Java/JavaVirtualMachines/jdk1.8.0_101.jdk/Contents/Home/jre/lib/libnet.dylib
0x0000000122a81000 	/Library/Java/JavaVirtualMachines/jdk1.8.0_101.jdk/Contents/Home/jre/lib/libnio.dylib

VM Arguments:
jvm_args: -Djava.library.path=/Users/justin/Documents/SWEN/SLICK_HOME -Dfile.encoding=UTF-8 
java_command: RPG
java_class_path (initial): /Users/justin/Documents/SWEN/workspace/Project2/bin:/Users/justin/Documents/SWEN/workspace/Project2/lib/jinput.jar:/Users/justin/Documents/SWEN/workspace/Project2/lib/lwjgl.jar:/Users/justin/Documents/SWEN/workspace/Project2/lib/slick.jar
Launcher Type: SUN_STANDARD

Environment Variables:
PATH=/usr/bin:/bin:/usr/sbin:/sbin
SHELL=/bin/bash

Signal Handlers:
SIGSEGV: [libjvm.dylib+0x5af145], sa_mask[0]=11111111011111110111111111111111, sa_flags=SA_ONSTACK|SA_RESTART|SA_SIGINFO
SIGBUS: [libjvm.dylib+0x5af145], sa_mask[0]=11111111011111110111111111111111, sa_flags=SA_RESTART|SA_SIGINFO
SIGFPE: [libjvm.dylib+0x48694c], sa_mask[0]=11111111011111110111111111111111, sa_flags=SA_RESTART|SA_SIGINFO
SIGPIPE: [libjvm.dylib+0x48694c], sa_mask[0]=11111111011111110111111111111111, sa_flags=SA_RESTART|SA_SIGINFO
SIGXFSZ: [libjvm.dylib+0x48694c], sa_mask[0]=11111111011111110111111111111111, sa_flags=SA_RESTART|SA_SIGINFO
SIGILL: [libjvm.dylib+0x48694c], sa_mask[0]=11111111011111110111111111111111, sa_flags=SA_RESTART|SA_SIGINFO
SIGUSR1: SIG_DFL, sa_mask[0]=00000000000000000000000000000000, sa_flags=none
SIGUSR2: [libjvm.dylib+0x48646a], sa_mask[0]=00100000000000000000000000000000, sa_flags=SA_RESTART|SA_SIGINFO
SIGHUP: [libjvm.dylib+0x484a41], sa_mask[0]=11111111011111110111111111111111, sa_flags=SA_RESTART|SA_SIGINFO
SIGINT: [libjvm.dylib+0x484a41], sa_mask[0]=11111111011111110111111111111111, sa_flags=SA_RESTART|SA_SIGINFO
SIGTERM: [libjvm.dylib+0x484a41], sa_mask[0]=11111111011111110111111111111111, sa_flags=SA_RESTART|SA_SIGINFO
SIGQUIT: [libjvm.dylib+0x484a41], sa_mask[0]=11111111011111110111111111111111, sa_flags=SA_RESTART|SA_SIGINFO


---------------  S Y S T E M  ---------------

OS:Bsduname:Darwin 15.6.0 Darwin Kernel Version 15.6.0: Mon Aug 29 20:21:34 PDT 2016; root:xnu-3248.60.11~1/RELEASE_X86_64 x86_64
rlimit: STACK 8192k, CORE 0k, NPROC 709, NOFILE 10240, AS infinity
load average:2.02 2.14 2.09

CPU:total 4 (2 cores per cpu, 2 threads per core) family 6 model 69 stepping 1, cmov, cx8, fxsr, mmx, sse, sse2, sse3, ssse3, sse4.1, sse4.2, popcnt, avx, avx2, aes, clmul, erms, lzcnt, ht, tsc, tscinvbit, bmi1, bmi2

Memory: 4k page, physical 4194304k(63232k free)

/proc/meminfo:


vm_info: Java HotSpot(TM) 64-Bit Server VM (25.101-b13) for bsd-amd64 JRE (1.8.0_101-b13), built on Jun 22 2016 02:42:15 by "java_re" with gcc 4.2.1 (Based on Apple Inc. build 5658) (LLVM build 2336.11.00)

time: Sat Oct  8 23:05:36 2016
elapsed time: 43 seconds (0d 0h 0m 43s)

