#
# A fatal error has been detected by the Java Runtime Environment:
#
#  SIGSEGV (0xb) at pc=0x00007fff8ccbf330, pid=92150, tid=0x0000000000000a0b
#
# JRE version: Java(TM) SE Runtime Environment (8.0_101-b13) (build 1.8.0_101-b13)
# Java VM: Java HotSpot(TM) 64-Bit Server VM (25.101-b13 mixed mode bsd-amd64 compressed oops)
# Problematic frame:
# C  [libobjc.A.dylib+0xb330]  objc_storeWeak+0x112
#
# Failed to write core dump. Core dumps have been disabled. To enable core dumping, try "ulimit -c unlimited" before starting Java again
#
# If you would like to submit a bug report, please visit:
#   http://bugreport.java.com/bugreport/crash.jsp
# The crash happened outside the Java Virtual Machine in native code.
# See problematic frame for where to report the bug.
#

---------------  T H R E A D  ---------------

Current thread (0x00007f8e998e1800):  JavaThread "AppKit Thread" daemon [_thread_in_native, id=2571, stack(0x00007fff566da000,0x00007fff56eda000)]

siginfo: si_signo: 11 (SIGSEGV), si_code: 1 (SEGV_MAPERR), si_addr: 0x0000000000000000

Registers:
RAX=0x00007f8e99807e00, RBX=0x00007fff7a709d00, RCX=0x0000000000000000, RDX=0x00007ffffffffff8
RSP=0x00007fff56ed54f0, RBP=0x00007fff56ed5560, RSI=0x00007f8e99808000, RDI=0x00007fff7a709d00
R8 =0x00007fff99082a67, R9 =0x00007f8e98777990, R10=0x000000000000013b, R11=0x000000000000001f
R12=0x00007f8e98673800, R13=0x0000000000000000, R14=0x00007fff7a70b180, R15=0x0000000000000000
RIP=0x00007fff8ccbf330, EFLAGS=0x0000000000010206, ERR=0x0000000000000004
  TRAPNO=0x000000000000000e

Top of Stack: (sp=0x00007fff56ed54f0)
0x00007fff56ed54f0:   ffff807167888670 00007f8e98557560
0x00007fff56ed5500:   0000000000001480 0000000000000000
0x00007fff56ed5510:   0000000000000000 0000000000000000
0x00007fff56ed5520:   00007f8e984306a0 0000000000000029
0x00007fff56ed5530:   0000000000000006 00007f8e98777990
0x00007fff56ed5540:   0000000000000000 00007f8e9864a0a0
0x00007fff56ed5550:   00007f8e98557560 00007f8e984306a0
0x00007fff56ed5560:   00007fff56ed55a0 00007fff9907c973
0x00007fff56ed5570:   00007f8e98777990 0000000000000000
0x00007fff56ed5580:   00007f8e984306a0 00007fff8ccb54c0
0x00007fff56ed5590:   00007f8e98777990 00007fff7a9e9388
0x00007fff56ed55a0:   00007fff56ed55d0 00007fff8d56cf6a
0x00007fff56ed55b0:   00007fff56ed5648 00007fff8ccb54c0
0x00007fff56ed55c0:   00007f8e984306a0 00007f8e98777990
0x00007fff56ed55d0:   00007fff56ed5600 00007fff8d8ac6dd
0x00007fff56ed55e0:   0000000000000000 0000000000000094
0x00007fff56ed55f0:   00007fff56ed5648 0000000000000001
0x00007fff56ed5600:   00007fff56ed5630 00007fff8d3aa325
0x00007fff56ed5610:   00007f8e98777990 00007f8e984306a0
0x00007fff56ed5620:   00007f8e98777990 0000000000000000
0x00007fff56ed5630:   00007fff56ed5690 00007fff8d56cc0d
0x00007fff56ed5640:   0000000000000000 00007fff7d12c0a0
0x00007fff56ed5650:   0000000042000000 00007fff8d8ac607
0x00007fff56ed5660:   00007fff7a7559e0 0000000000000000
0x00007fff56ed5670:   00007f8e984306a0 00007f8e98777990
0x00007fff56ed5680:   00007f8e98777990 00007f8e984306a0
0x00007fff56ed5690:   00007fff56ed56c0 0000000122951586
0x00007fff56ed56a0:   00007f8e98777990 0000000122985c60
0x00007fff56ed56b0:   00007f8e9864a0a0 00007f8e98777990
0x00007fff56ed56c0:   00007fff56ed5ba0 00007fff8d3cf797
0x00007fff56ed56d0:   0000000000000000 0000000000000000
0x00007fff56ed56e0:   4089000000000000 4082c00000000000 

Instructions: (pc=0x00007fff8ccbf330)
0x00007fff8ccbf310:   0d 8b e2 98 ed 48 8b 34 c1 48 8b 45 b8 48 39 c6
0x00007fff8ccbf320:   74 48 48 8b 46 20 48 89 c1 48 21 d1 48 8b 49 08
0x00007fff8ccbf330:   f6 01 01 75 0a 48 8b 06 48 21 d0 48 8b 40 20 48
0x00007fff8ccbf340:   21 d0 f6 40 03 20 75 22 49 89 f7 48 89 df e8 6d 

Register to memory mapping:

RAX=0x00007f8e99807e00 is an unknown value
RBX=0x00007fff7a709d00: _ZN12_GLOBAL__N_1L12SideTableBufE+0 in /usr/lib/libobjc.A.dylib at 0x00007fff8ccb4000
RCX=0x0000000000000000 is an unknown value
RDX=0x00007ffffffffff8 is an unknown value
RSP=0x00007fff56ed54f0 is pointing into the stack for thread: 0x00007f8e998e1800
RBP=0x00007fff56ed5560 is pointing into the stack for thread: 0x00007f8e998e1800
RSI=0x00007f8e99808000 is a thread
RDI=0x00007fff7a709d00: _ZN12_GLOBAL__N_1L12SideTableBufE+0 in /usr/lib/libobjc.A.dylib at 0x00007fff8ccb4000
R8 =0x00007fff99082a67: storeARCWeakAt+0 in /System/Library/Frameworks/Foundation.framework/Versions/C/Foundation at 0x00007fff99063000
R9 =0x00007f8e98777990 is an unknown value
R10=0x000000000000013b is an unknown value
R11=0x000000000000001f is an unknown value
R12=0x00007f8e98673800 is an unknown value
R13=0x0000000000000000 is an unknown value
R14=0x00007fff7a70b180: _ZN12_GLOBAL__N_1L12SideTableBufE+0x1480 in /usr/lib/libobjc.A.dylib at 0x00007fff8ccb4000
R15=0x0000000000000000 is an unknown value


Stack: [0x00007fff566da000,0x00007fff56eda000],  sp=0x00007fff56ed54f0,  free space=8173k
Native frames: (J=compiled Java code, j=interpreted, Vv=VM code, C=native code)
C  [libobjc.A.dylib+0xb330]  objc_storeWeak+0x112
C  [Foundation+0x19973]  -[NSConcreteMapTable setObject:forKey:]+0x6e
C  [AppKit+0x345f6a]  -[NSView(NSOpenGLContextAssociation) _setOpenGLContext:]+0xf2
C  [AppKit+0x6856dd]  __27-[NSOpenGLContext setView:]_block_invoke+0xd6
C  [AppKit+0x183325]  NSPerformVisuallyAtomicChange+0x93
C  [AppKit+0x345c0d]  -[NSOpenGLContext setView:]+0x77
C  [liblwjgl.dylib+0xa586]  -[MacOSXOpenGLView lockFocus]+0x76
C  [AppKit+0x1a8797]  -[NSView _recursiveDisplayRectIfNeededIgnoringOpacity:isVisibleRect:rectIsVisibleRectForView:topView:]+0x6e2
C  [AppKit+0x1a9785]  -[NSView _recursiveDisplayRectIfNeededIgnoringOpacity:isVisibleRect:rectIsVisibleRectForView:topView:]+0x16d0
C  [AppKit+0x1a7be0]  -[NSThemeFrame _recursiveDisplayRectIfNeededIgnoringOpacity:isVisibleRect:rectIsVisibleRectForView:topView:]+0x14e
C  [AppKit+0x1a5feb]  -[NSView _displayRectIgnoringOpacity:isVisibleRect:rectIsVisibleRectForView:]+0x991
C  [AppKit+0x1a13f5]  -[NSView displayIfNeeded]+0x79e
C  [AppKit+0x1a0c3c]  -[NSWindow displayIfNeeded]+0xe8
C  [AppKit+0x82541b]  ___NSWindowGetDisplayCycleObserver_block_invoke6365+0x1dc
C  [AppKit+0x1a05d6]  __37+[NSDisplayCycle currentDisplayCycle]_block_invoke+0x3ad
C  [QuartzCore+0x10f71]  CA::Transaction::run_commit_handlers(CATransactionPhase)+0x55
C  [QuartzCore+0x1042c]  CA::Context::commit_transaction(CA::Transaction*)+0xa0
C  [QuartzCore+0x100ec]  CA::Transaction::commit()+0x1fc
C  [QuartzCore+0x1b977]  CA::Transaction::observer_callback(__CFRunLoopObserver*, unsigned long, void*)+0x47
C  [CoreFoundation+0xaa067]  __CFRUNLOOP_IS_CALLING_OUT_TO_AN_OBSERVER_CALLBACK_FUNCTION__+0x17
C  [CoreFoundation+0xa9fd7]  __CFRunLoopDoObservers+0x187
C  [CoreFoundation+0x88ef8]  CFRunLoopRunSpecific+0x148
C  [HIToolbox+0x30935]  RunCurrentEventLoopInMode+0xeb
C  [HIToolbox+0x30677]  ReceiveNextEventCommon+0xb8
C  [HIToolbox+0x305af]  _BlockUntilNextEventMatchingListInModeWithFilter+0x47
C  [AppKit+0x48df6]  _DPSNextEvent+0x42b
C  [AppKit+0x48226]  -[NSApplication _nextEventMatchingEventMask:untilDate:inMode:dequeue:]+0x1c6
C  [libosxapp.dylib+0x23aa]  -[NSApplicationAWT nextEventMatchingMask:untilDate:inMode:dequeue:]+0x7c
C  [AppKit+0x3cd80]  -[NSApplication run]+0x2aa
C  [libosxapp.dylib+0x214d]  +[NSApplicationAWT runAWTLoopWithApp:]+0x9c
C  [libawt_lwawt.dylib+0x444b3]  -[AWTStarter starter:]+0x389
C  [Foundation+0x76fde]  __NSThreadPerformPerform+0x117
C  [CoreFoundation+0xaa881]  __CFRUNLOOP_IS_CALLING_OUT_TO_A_SOURCE0_PERFORM_FUNCTION__+0x11
C  [CoreFoundation+0x89fbc]  __CFRunLoopDoSources0+0x22c
C  [CoreFoundation+0x894df]  __CFRunLoopRun+0x39f
C  [CoreFoundation+0x88ed8]  CFRunLoopRunSpecific+0x128
C  [java+0x6465]  CreateExecutionEnvironment+0x367
C  [java+0x218c]  JLI_Launch+0x7a0
C  [java+0x84c2]  main+0x65
C  [java+0x19e4]  start+0x34
C  0x0000000000000006


---------------  P R O C E S S  ---------------

Java Threads: ( => current thread )
  0x00007f8e9a102800 JavaThread "AWT-Shutdown" [_thread_blocked, id=29715, stack(0x0000700001150000,0x0000700001250000)]
  0x00007f8e99954800 JavaThread "Java2D Queue Flusher" daemon [_thread_blocked, id=56583, stack(0x00007000013d9000,0x00007000014d9000)]
  0x00007f8e99969000 JavaThread "Java2D Disposer" daemon [_thread_blocked, id=52515, stack(0x00007000012d6000,0x00007000013d6000)]
=>0x00007f8e998e1800 JavaThread "AppKit Thread" daemon [_thread_in_native, id=2571, stack(0x00007fff566da000,0x00007fff56eda000)]
  0x00007f8e99011800 JavaThread "Service Thread" daemon [_thread_blocked, id=18435, stack(0x0000700000dc1000,0x0000700000ec1000)]
  0x00007f8e9a028000 JavaThread "C1 CompilerThread2" daemon [_thread_blocked, id=17923, stack(0x0000700000cbe000,0x0000700000dbe000)]
  0x00007f8e9a01f800 JavaThread "C2 CompilerThread1" daemon [_thread_blocked, id=17411, stack(0x0000700000bbb000,0x0000700000cbb000)]
  0x00007f8e9a01c800 JavaThread "C2 CompilerThread0" daemon [_thread_blocked, id=16899, stack(0x0000700000ab8000,0x0000700000bb8000)]
  0x00007f8e9a017000 JavaThread "Signal Dispatcher" daemon [_thread_blocked, id=12811, stack(0x00007000009b5000,0x0000700000ab5000)]
  0x00007f8e99827000 JavaThread "Finalizer" daemon [_thread_blocked, id=12291, stack(0x000070000082f000,0x000070000092f000)]
  0x00007f8e9981e800 JavaThread "Reference Handler" daemon [_thread_blocked, id=11779, stack(0x000070000072c000,0x000070000082c000)]
  0x00007f8e99808000 JavaThread "main" [_thread_in_native, id=5891, stack(0x000070000011a000,0x000070000021a000)]

Other Threads:
  0x00007f8e99004800 VMThread [stack: 0x0000700000629000,0x0000700000729000] [id=11267]
  0x00007f8e99023000 WatcherThread [stack: 0x0000700000ec4000,0x0000700000fc4000] [id=18947]

VM state:not at safepoint (normal execution)

VM Mutex/Monitor currently owned by a thread: None

Heap:
 PSYoungGen      total 18944K, used 14554K [0x00000007aab00000, 0x00000007ac000000, 0x00000007c0000000)
  eden space 16384K, 73% used [0x00000007aab00000,0x00000007ab6b8868,0x00000007abb00000)
  from space 2560K, 99% used [0x00000007abb00000,0x00000007abd7e158,0x00000007abd80000)
  to   space 2560K, 0% used [0x00000007abd80000,0x00000007abd80000,0x00000007ac000000)
 ParOldGen       total 44032K, used 2746K [0x0000000780000000, 0x0000000782b00000, 0x00000007aab00000)
  object space 44032K, 6% used [0x0000000780000000,0x00000007802aeaa0,0x0000000782b00000)
 Metaspace       used 11429K, capacity 11553K, committed 11776K, reserved 1060864K
  class space    used 1207K, capacity 1279K, committed 1280K, reserved 1048576K

Card table byte_map: [0x000000011a3f5000,0x000000011a5f6000] byte_map_base: 0x00000001167f5000

Marking Bits: (ParMarkBitMap*) 0x000000010a11bd20
 Begin Bits: [0x000000011a74c000, 0x000000011b74c000)
 End Bits:   [0x000000011b74c000, 0x000000011c74c000)

Polling page: 0x000000010a7dd000

CodeCache: size=245760Kb used=4884Kb max_used=4899Kb free=240875Kb
 bounds [0x000000010b035000, 0x000000010b515000, 0x000000011a035000]
 total_blobs=1733 nmethods=1203 adapters=444
 compilation: enabled

Compilation events (10 events):
Event: 33.929 Thread 0x00007f8e9a028000 1200       3       java.nio.HeapByteBuffer::getLong (19 bytes)
Event: 33.930 Thread 0x00007f8e9a028000 nmethod 1200 0x000000010b4d8b50 code [0x000000010b4d8d00, 0x000000010b4d90a8]
Event: 33.930 Thread 0x00007f8e9a028000 1201       3       java.nio.Bits::getLong (18 bytes)
Event: 33.931 Thread 0x00007f8e9a028000 nmethod 1201 0x000000010b4d8710 code [0x000000010b4d8880, 0x000000010b4d8a78]
Event: 33.953 Thread 0x00007f8e9a028000 1202   !   3       org.lwjgl.opengl.Display::processMessages (44 bytes)
Event: 33.955 Thread 0x00007f8e9a028000 nmethod 1202 0x000000010b4df390 code [0x000000010b4df620, 0x000000010b4e0628]
Event: 34.605 Thread 0x00007f8e9a028000 1203       3       java.lang.Object::wait (6 bytes)
Event: 34.605 Thread 0x00007f8e9a028000 nmethod 1203 0x000000010b4d8310 code [0x000000010b4d8480, 0x000000010b4d8688]
Event: 35.902 Thread 0x00007f8e9a01c800 1204   !   4       org.lwjgl.input.Keyboard::poll (47 bytes)
Event: 35.934 Thread 0x00007f8e9a01c800 nmethod 1204 0x000000010b5030d0 code [0x000000010b503300, 0x000000010b504388]

GC Heap History (2 events):
Event: 2.589 GC heap before
{Heap before GC invocations=1 (full 0):
 PSYoungGen      total 18944K, used 16384K [0x00000007aab00000, 0x00000007ac000000, 0x00000007c0000000)
  eden space 16384K, 100% used [0x00000007aab00000,0x00000007abb00000,0x00000007abb00000)
  from space 2560K, 0% used [0x00000007abd80000,0x00000007abd80000,0x00000007ac000000)
  to   space 2560K, 0% used [0x00000007abb00000,0x00000007abb00000,0x00000007abd80000)
 ParOldGen       total 44032K, used 0K [0x0000000780000000, 0x0000000782b00000, 0x00000007aab00000)
  object space 44032K, 0% used [0x0000000780000000,0x0000000780000000,0x0000000782b00000)
 Metaspace       used 8384K, capacity 8495K, committed 8704K, reserved 1056768K
  class space    used 864K, capacity 922K, committed 1024K, reserved 1048576K
Event: 2.606 GC heap after
Heap after GC invocations=1 (full 0):
 PSYoungGen      total 18944K, used 2552K [0x00000007aab00000, 0x00000007ac000000, 0x00000007c0000000)
  eden space 16384K, 0% used [0x00000007aab00000,0x00000007aab00000,0x00000007abb00000)
  from space 2560K, 99% used [0x00000007abb00000,0x00000007abd7e158,0x00000007abd80000)
  to   space 2560K, 0% used [0x00000007abd80000,0x00000007abd80000,0x00000007ac000000)
 ParOldGen       total 44032K, used 2746K [0x0000000780000000, 0x0000000782b00000, 0x00000007aab00000)
  object space 44032K, 6% used [0x0000000780000000,0x00000007802aeaa0,0x0000000782b00000)
 Metaspace       used 8384K, capacity 8495K, committed 8704K, reserved 1056768K
  class space    used 864K, capacity 922K, committed 1024K, reserved 1048576K
}

Deoptimization events (10 events):
Event: 11.361 Thread 0x00007f8e99808000 Uncommon trap: reason=unstable_if action=reinterpret pc=0x000000010b46e0d8 method=World.update(DDIZZ)V @ 141
Event: 14.126 Thread 0x00007f8e99808000 Uncommon trap: reason=unstable_if action=reinterpret pc=0x000000010b477e9c method=Player.update(DD)V @ 93
Event: 17.484 Thread 0x00007f8e99808000 Uncommon trap: reason=unstable_if action=reinterpret pc=0x000000010b4a6b24 method=org.lwjgl.input.Mouse.next()Z @ 28
Event: 17.499 Thread 0x00007f8e99808000 Uncommon trap: reason=unstable_if action=reinterpret pc=0x000000010b473ccc method=org.lwjgl.input.Mouse.next()Z @ 28
Event: 17.601 Thread 0x00007f8e99808000 Uncommon trap: reason=unstable_if action=reinterpret pc=0x000000010b49b9fc method=org.lwjgl.opengl.MacOSXDisplay.update()V @ 86
Event: 20.514 Thread 0x00007f8e99808000 Uncommon trap: reason=unstable_if action=reinterpret pc=0x000000010b4c5370 method=java.util.LinkedHashMap.afterNodeAccess(Ljava/util/HashMap$Node;)V @ 14
Event: 22.518 Thread 0x00007f8e99808000 Uncommon trap: reason=unstable_if action=reinterpret pc=0x000000010b46a004 method=java.util.LinkedHashMap.afterNodeAccess(Ljava/util/HashMap$Node;)V @ 14
Event: 31.368 Thread 0x00007f8e99808000 Uncommon trap: reason=unstable_if action=reinterpret pc=0x000000010b4883b8 method=LifeItem.withinRange(LPlayer;)Z @ 46
Event: 33.727 Thread 0x00007f8e99808000 Uncommon trap: reason=unstable_if action=reinterpret pc=0x000000010b49488c method=org.lwjgl.opengl.MacOSXDisplay.update()V @ 86
Event: 36.082 Thread 0x00007f8e99808000 Uncommon trap: reason=unstable_if action=reinterpret pc=0x000000010b48a3e0 method=org.newdawn.slick.AppGameContainer.gameLoop()V @ 60

Internal exceptions (10 events):
Event: 0.308 Thread 0x00007f8e99808000 Exception <a 'java/security/PrivilegedActionException'> (0x00000007aad4b3a0) thrown at [/HUDSON3/workspace/8-2-build-macosx-x86_64/jdk8u101/7261/hotspot/src/share/vm/prims/jvm.cpp, line 1386]
Event: 0.308 Thread 0x00007f8e99808000 Exception <a 'java/security/PrivilegedActionException'> (0x00000007aad4b5b0) thrown at [/HUDSON3/workspace/8-2-build-macosx-x86_64/jdk8u101/7261/hotspot/src/share/vm/prims/jvm.cpp, line 1386]
Event: 0.309 Thread 0x00007f8e99808000 Exception <a 'java/security/PrivilegedActionException'> (0x00000007aad4eb30) thrown at [/HUDSON3/workspace/8-2-build-macosx-x86_64/jdk8u101/7261/hotspot/src/share/vm/prims/jvm.cpp, line 1386]
Event: 0.309 Thread 0x00007f8e99808000 Exception <a 'java/security/PrivilegedActionException'> (0x00000007aad4ed40) thrown at [/HUDSON3/workspace/8-2-build-macosx-x86_64/jdk8u101/7261/hotspot/src/share/vm/prims/jvm.cpp, line 1386]
Event: 0.385 Thread 0x00007f8e99808000 Exception <a 'java/lang/NoSuchFieldError': method resolution failed> (0x00000007aae1d068) thrown at [/HUDSON3/workspace/8-2-build-macosx-x86_64/jdk8u101/7261/hotspot/src/share/vm/prims/methodHandles.cpp, line 1146]
Event: 0.388 Thread 0x00007f8e99808000 Exception <a 'java/lang/NoSuchFieldError': method resolution failed> (0x00000007aae2a7b8) thrown at [/HUDSON3/workspace/8-2-build-macosx-x86_64/jdk8u101/7261/hotspot/src/share/vm/prims/methodHandles.cpp, line 1146]
Event: 0.653 Thread 0x00007f8e99808000 Exception <a 'java/io/FileNotFoundException'> (0x00000007aaea51d0) thrown at [/HUDSON3/workspace/8-2-build-macosx-x86_64/jdk8u101/7261/hotspot/src/share/vm/prims/jni.cpp, line 709]
Event: 0.653 Thread 0x00007f8e99808000 Exception <a 'java/io/FileNotFoundException'> (0x00000007aaea5d38) thrown at [/HUDSON3/workspace/8-2-build-macosx-x86_64/jdk8u101/7261/hotspot/src/share/vm/prims/jni.cpp, line 709]
Event: 3.309 Thread 0x00007f8e99808000 Implicit null exception at 0x000000010b34f1b6 to 0x000000010b34f7b1
Event: 3.311 Thread 0x00007f8e99808000 Implicit null exception at 0x000000010b3330a4 to 0x000000010b3332d1

Events (10 events):
Event: 22.518 Thread 0x00007f8e99808000 DEOPT UNPACKING pc=0x000000010b03a229 sp=0x0000700000219480 mode 2
Event: 31.368 Thread 0x00007f8e99808000 Uncommon trap: trap_request=0xffffff65 fr.pc=0x000000010b4883b8
Event: 31.368 Thread 0x00007f8e99808000 DEOPT PACKING pc=0x000000010b4883b8 sp=0x0000700000219740
Event: 31.368 Thread 0x00007f8e99808000 DEOPT UNPACKING pc=0x000000010b03a229 sp=0x00007000002196e8 mode 2
Event: 33.727 Thread 0x00007f8e99808000 Uncommon trap: trap_request=0xffffff65 fr.pc=0x000000010b49488c
Event: 33.727 Thread 0x00007f8e99808000 DEOPT PACKING pc=0x000000010b49488c sp=0x0000700000219790
Event: 33.727 Thread 0x00007f8e99808000 DEOPT UNPACKING pc=0x000000010b03a229 sp=0x00007000002196f8 mode 2
Event: 36.082 Thread 0x00007f8e99808000 Uncommon trap: trap_request=0xffffff65 fr.pc=0x000000010b48a3e0
Event: 36.082 Thread 0x00007f8e99808000 DEOPT PACKING pc=0x000000010b48a3e0 sp=0x0000700000219840
Event: 36.082 Thread 0x00007f8e99808000 DEOPT UNPACKING pc=0x000000010b03a229 sp=0x0000700000219808 mode 2


Dynamic libraries:
0x0000000009fda000 	/System/Library/Frameworks/Cocoa.framework/Versions/A/Cocoa
0x0000000108d42000 	/System/Library/Frameworks/Security.framework/Versions/A/Security
0x0000000009fda000 	/System/Library/Frameworks/ApplicationServices.framework/Versions/A/ApplicationServices
0x0000000009fda000 	/usr/lib/libz.1.dylib
0x0000000009fda000 	/usr/lib/libSystem.B.dylib
0x0000000009fda000 	/usr/lib/libobjc.A.dylib
0x0000000009fda000 	/System/Library/Frameworks/CoreFoundation.framework/Versions/A/CoreFoundation
0x0000000009fda000 	/System/Library/Frameworks/Foundation.framework/Versions/C/Foundation
0x0000000009fda000 	/System/Library/Frameworks/AppKit.framework/Versions/C/AppKit
0x0000000009fda000 	/System/Library/Frameworks/CoreData.framework/Versions/A/CoreData
0x0000000009fda000 	/System/Library/PrivateFrameworks/RemoteViewServices.framework/Versions/A/RemoteViewServices
0x0000000009fda000 	/System/Library/PrivateFrameworks/UIFoundation.framework/Versions/A/UIFoundation
0x0000000009fda000 	/usr/lib/libScreenReader.dylib
0x0000000009fda000 	/System/Library/Frameworks/Accelerate.framework/Versions/A/Accelerate
0x0000000009fda000 	/System/Library/Frameworks/IOSurface.framework/Versions/A/IOSurface
0x0000000009fda000 	/System/Library/Frameworks/AudioToolbox.framework/Versions/A/AudioToolbox
0x0000000009fda000 	/System/Library/Frameworks/AudioUnit.framework/Versions/A/AudioUnit
0x0000000009fda000 	/System/Library/PrivateFrameworks/DataDetectorsCore.framework/Versions/A/DataDetectorsCore
0x0000000009fda000 	/System/Library/PrivateFrameworks/DesktopServicesPriv.framework/Versions/A/DesktopServicesPriv
0x0000000009fda000 	/System/Library/Frameworks/Carbon.framework/Versions/A/Frameworks/HIToolbox.framework/Versions/A/HIToolbox
0x0000000009fda000 	/System/Library/Frameworks/QuartzCore.framework/Versions/A/QuartzCore
0x0000000009fda000 	/System/Library/Frameworks/Carbon.framework/Versions/A/Frameworks/SpeechRecognition.framework/Versions/A/SpeechRecognition
0x0000000009fda000 	/usr/lib/libauto.dylib
0x0000000009fda000 	/usr/lib/libicucore.A.dylib
0x0000000009fda000 	/usr/lib/libxml2.2.dylib
0x0000000009fda000 	/System/Library/PrivateFrameworks/CoreUI.framework/Versions/A/CoreUI
0x0000000009fda000 	/System/Library/Frameworks/CoreAudio.framework/Versions/A/CoreAudio
0x0000000009fda000 	/System/Library/Frameworks/DiskArbitration.framework/Versions/A/DiskArbitration
0x0000000009fda000 	/usr/lib/liblangid.dylib
0x0000000009fda000 	/System/Library/PrivateFrameworks/MultitouchSupport.framework/Versions/A/MultitouchSupport
0x0000000009fda000 	/System/Library/Frameworks/IOKit.framework/Versions/A/IOKit
0x0000000009fda000 	/usr/lib/libDiagnosticMessagesClient.dylib
0x0000000009fda000 	/System/Library/Frameworks/CoreServices.framework/Versions/A/CoreServices
0x0000000009fda000 	/System/Library/PrivateFrameworks/PerformanceAnalysis.framework/Versions/A/PerformanceAnalysis
0x0000000009fda000 	/System/Library/PrivateFrameworks/GenerationalStorage.framework/Versions/A/GenerationalStorage
0x0000000009fda000 	/System/Library/Frameworks/OpenGL.framework/Versions/A/OpenGL
0x0000000009fda000 	/System/Library/PrivateFrameworks/Sharing.framework/Versions/A/Sharing
0x0000000009fda000 	/System/Library/Frameworks/CoreGraphics.framework/Versions/A/CoreGraphics
0x0000000009fda000 	/System/Library/Frameworks/CoreImage.framework/Versions/A/CoreImage
0x0000000009fda000 	/System/Library/Frameworks/CoreText.framework/Versions/A/CoreText
0x0000000009fda000 	/System/Library/Frameworks/ImageIO.framework/Versions/A/ImageIO
0x0000000009fda000 	/System/Library/PrivateFrameworks/Backup.framework/Versions/A/Backup
0x0000000009fda000 	/usr/lib/libextension.dylib
0x0000000009fda000 	/usr/lib/libarchive.2.dylib
0x000000010915e000 	/System/Library/Frameworks/CFNetwork.framework/Versions/A/CFNetwork
0x0000000009fda000 	/System/Library/Frameworks/SystemConfiguration.framework/Versions/A/SystemConfiguration
0x0000000009fda000 	/usr/lib/libCRFSuite.dylib
0x0000000009fda000 	/usr/lib/libc++.1.dylib
0x0000000009fda000 	/usr/lib/libc++abi.dylib
0x0000000009fda000 	/usr/lib/system/libcache.dylib
0x0000000009fda000 	/usr/lib/system/libcommonCrypto.dylib
0x0000000009fda000 	/usr/lib/system/libcompiler_rt.dylib
0x0000000009fda000 	/usr/lib/system/libcopyfile.dylib
0x0000000009fda000 	/usr/lib/system/libcorecrypto.dylib
0x0000000009fda000 	/usr/lib/system/libdispatch.dylib
0x0000000009fda000 	/usr/lib/system/libdyld.dylib
0x0000000009fda000 	/usr/lib/system/libkeymgr.dylib
0x0000000009fda000 	/usr/lib/system/liblaunch.dylib
0x0000000009fda000 	/usr/lib/system/libmacho.dylib
0x0000000009fda000 	/usr/lib/system/libquarantine.dylib
0x0000000009fda000 	/usr/lib/system/libremovefile.dylib
0x0000000009fda000 	/usr/lib/system/libsystem_asl.dylib
0x0000000009fda000 	/usr/lib/system/libsystem_blocks.dylib
0x0000000009fda000 	/usr/lib/system/libsystem_c.dylib
0x0000000009fda000 	/usr/lib/system/libsystem_configuration.dylib
0x0000000009fda000 	/usr/lib/system/libsystem_coreservices.dylib
0x0000000009fda000 	/usr/lib/system/libsystem_coretls.dylib
0x0000000009fda000 	/usr/lib/system/libsystem_dnssd.dylib
0x0000000009fda000 	/usr/lib/system/libsystem_info.dylib
0x0000000009fda000 	/usr/lib/system/libsystem_kernel.dylib
0x0000000009fda000 	/usr/lib/system/libsystem_m.dylib
0x0000000009fda000 	/usr/lib/system/libsystem_malloc.dylib
0x0000000009fda000 	/usr/lib/system/libsystem_network.dylib
0x0000000009fda000 	/usr/lib/system/libsystem_networkextension.dylib
0x0000000009fda000 	/usr/lib/system/libsystem_notify.dylib
0x0000000009fda000 	/usr/lib/system/libsystem_platform.dylib
0x0000000009fda000 	/usr/lib/system/libsystem_pthread.dylib
0x0000000009fda000 	/usr/lib/system/libsystem_sandbox.dylib
0x0000000009fda000 	/usr/lib/system/libsystem_secinit.dylib
0x0000000009fda000 	/usr/lib/system/libsystem_trace.dylib
0x0000000009fda000 	/usr/lib/system/libunc.dylib
0x0000000009fda000 	/usr/lib/system/libunwind.dylib
0x0000000009fda000 	/usr/lib/system/libxpc.dylib
0x0000000009fda000 	/usr/lib/libenergytrace.dylib
0x0000000009fda000 	/usr/lib/libbsm.0.dylib
0x0000000009fda000 	/usr/lib/system/libkxld.dylib
0x0000000009fda000 	/usr/lib/libxar.1.dylib
0x0000000009fda000 	/usr/lib/libsqlite3.dylib
0x0000000009fda000 	/usr/lib/libpam.2.dylib
0x0000000009fda000 	/usr/lib/libOpenScriptingUtil.dylib
0x0000000009fda000 	/usr/lib/libbz2.1.0.dylib
0x0000000009fda000 	/usr/lib/liblzma.5.dylib
0x0000000009fda000 	/System/Library/Frameworks/CoreServices.framework/Versions/A/Frameworks/FSEvents.framework/Versions/A/FSEvents
0x0000000009fda000 	/System/Library/Frameworks/CoreServices.framework/Versions/A/Frameworks/CarbonCore.framework/Versions/A/CarbonCore
0x0000000009fda000 	/System/Library/Frameworks/CoreServices.framework/Versions/A/Frameworks/Metadata.framework/Versions/A/Metadata
0x0000000009fda000 	/System/Library/Frameworks/CoreServices.framework/Versions/A/Frameworks/OSServices.framework/Versions/A/OSServices
0x0000000009fda000 	/System/Library/Frameworks/CoreServices.framework/Versions/A/Frameworks/SearchKit.framework/Versions/A/SearchKit
0x0000000009fda000 	/System/Library/Frameworks/CoreServices.framework/Versions/A/Frameworks/AE.framework/Versions/A/AE
0x0000000009fda000 	/System/Library/Frameworks/CoreServices.framework/Versions/A/Frameworks/LaunchServices.framework/Versions/A/LaunchServices
0x0000000009fda000 	/System/Library/Frameworks/CoreServices.framework/Versions/A/Frameworks/DictionaryServices.framework/Versions/A/DictionaryServices
0x0000000009fda000 	/System/Library/Frameworks/CoreServices.framework/Versions/A/Frameworks/SharedFileList.framework/Versions/A/SharedFileList
0x0000000009fda000 	/System/Library/Frameworks/NetFS.framework/Versions/A/NetFS
0x0000000009fda000 	/System/Library/PrivateFrameworks/NetAuth.framework/Versions/A/NetAuth
0x0000000009fda000 	/System/Library/PrivateFrameworks/login.framework/Versions/A/Frameworks/loginsupport.framework/Versions/A/loginsupport
0x0000000009fda000 	/System/Library/PrivateFrameworks/TCC.framework/Versions/A/TCC
0x0000000009fda000 	/usr/lib/libmecabra.dylib
0x0000000009fda000 	/System/Library/Frameworks/ApplicationServices.framework/Versions/A/Frameworks/ATS.framework/Versions/A/ATS
0x0000000009fda000 	/System/Library/Frameworks/ApplicationServices.framework/Versions/A/Frameworks/ColorSync.framework/Versions/A/ColorSync
0x0000000009fda000 	/System/Library/Frameworks/ApplicationServices.framework/Versions/A/Frameworks/HIServices.framework/Versions/A/HIServices
0x0000000009fda000 	/System/Library/Frameworks/ApplicationServices.framework/Versions/A/Frameworks/LangAnalysis.framework/Versions/A/LangAnalysis
0x0000000009fda000 	/System/Library/Frameworks/ApplicationServices.framework/Versions/A/Frameworks/PrintCore.framework/Versions/A/PrintCore
0x0000000009fda000 	/System/Library/Frameworks/ApplicationServices.framework/Versions/A/Frameworks/QD.framework/Versions/A/QD
0x0000000009fda000 	/System/Library/Frameworks/ApplicationServices.framework/Versions/A/Frameworks/SpeechSynthesis.framework/Versions/A/SpeechSynthesis
0x0000000009fda000 	/System/Library/Frameworks/Metal.framework/Versions/A/Metal
0x0000000009fda000 	/System/Library/Frameworks/Accelerate.framework/Versions/A/Frameworks/vImage.framework/Versions/A/vImage
0x0000000009fda000 	/System/Library/Frameworks/Accelerate.framework/Versions/A/Frameworks/vecLib.framework/Versions/A/vecLib
0x0000000009fda000 	/System/Library/Frameworks/Accelerate.framework/Versions/A/Frameworks/vecLib.framework/Versions/A/libvDSP.dylib
0x0000000009fda000 	/System/Library/Frameworks/Accelerate.framework/Versions/A/Frameworks/vecLib.framework/Versions/A/libvMisc.dylib
0x0000000009fda000 	/System/Library/Frameworks/Accelerate.framework/Versions/A/Frameworks/vecLib.framework/Versions/A/libLAPACK.dylib
0x0000000009fda000 	/System/Library/Frameworks/Accelerate.framework/Versions/A/Frameworks/vecLib.framework/Versions/A/libBLAS.dylib
0x0000000009fda000 	/System/Library/Frameworks/Accelerate.framework/Versions/A/Frameworks/vecLib.framework/Versions/A/libLinearAlgebra.dylib
0x0000000009fda000 	/System/Library/Frameworks/Accelerate.framework/Versions/A/Frameworks/vecLib.framework/Versions/A/libSparseBLAS.dylib
0x0000000009fda000 	/System/Library/PrivateFrameworks/GPUCompiler.framework/libmetal_timestamp.dylib
0x0000000009fda000 	/System/Library/Frameworks/OpenGL.framework/Versions/A/Libraries/libCoreFSCache.dylib
0x0000000009fda000 	/System/Library/PrivateFrameworks/IOAccelerator.framework/Versions/A/IOAccelerator
0x0000000009fda000 	/System/Library/Frameworks/ApplicationServices.framework/Versions/A/Frameworks/ATS.framework/Versions/A/Resources/libFontParser.dylib
0x0000000009fda000 	/System/Library/Frameworks/ApplicationServices.framework/Versions/A/Frameworks/ATS.framework/Versions/A/Resources/libFontRegistry.dylib
0x0000000009fda000 	/System/Library/PrivateFrameworks/AppleVPA.framework/Versions/A/AppleVPA
0x0000000009fda000 	/System/Library/PrivateFrameworks/AppleJPEG.framework/Versions/A/AppleJPEG
0x0000000009fda000 	/System/Library/Frameworks/ImageIO.framework/Versions/A/Resources/libJPEG.dylib
0x0000000009fda000 	/System/Library/Frameworks/ImageIO.framework/Versions/A/Resources/libTIFF.dylib
0x0000000009fda000 	/System/Library/Frameworks/ImageIO.framework/Versions/A/Resources/libPng.dylib
0x0000000009fda000 	/System/Library/Frameworks/ImageIO.framework/Versions/A/Resources/libGIF.dylib
0x0000000009fda000 	/System/Library/Frameworks/ImageIO.framework/Versions/A/Resources/libJP2.dylib
0x0000000009fda000 	/System/Library/Frameworks/ImageIO.framework/Versions/A/Resources/libRadiance.dylib
0x0000000009fda000 	/System/Library/Frameworks/CoreVideo.framework/Versions/A/CoreVideo
0x0000000009fda000 	/System/Library/Frameworks/OpenGL.framework/Versions/A/Libraries/libGLU.dylib
0x0000000009fda000 	/System/Library/Frameworks/OpenGL.framework/Versions/A/Libraries/libGFXShared.dylib
0x0000000009fda000 	/System/Library/Frameworks/OpenGL.framework/Versions/A/Libraries/libGL.dylib
0x0000000009fda000 	/System/Library/Frameworks/OpenGL.framework/Versions/A/Libraries/libGLImage.dylib
0x0000000009fda000 	/System/Library/Frameworks/OpenGL.framework/Versions/A/Libraries/libCVMSPluginSupport.dylib
0x0000000009fda000 	/System/Library/Frameworks/OpenGL.framework/Versions/A/Libraries/libCoreVMClient.dylib
0x0000000009fda000 	/usr/lib/libcompression.dylib
0x0000000009fda000 	/usr/lib/libcups.2.dylib
0x0000000009fda000 	/System/Library/Frameworks/Kerberos.framework/Versions/A/Kerberos
0x0000000009fda000 	/System/Library/Frameworks/GSS.framework/Versions/A/GSS
0x0000000009fda000 	/usr/lib/libresolv.9.dylib
0x0000000009fda000 	/usr/lib/libiconv.2.dylib
0x0000000009fda000 	/System/Library/PrivateFrameworks/Heimdal.framework/Versions/A/Heimdal
0x0000000009fda000 	/usr/lib/libheimdal-asn1.dylib
0x0000000009fda000 	/System/Library/Frameworks/OpenDirectory.framework/Versions/A/OpenDirectory
0x0000000009fda000 	/System/Library/PrivateFrameworks/CommonAuth.framework/Versions/A/CommonAuth
0x0000000009fda000 	/System/Library/Frameworks/OpenDirectory.framework/Versions/A/Frameworks/CFOpenDirectory.framework/Versions/A/CFOpenDirectory
0x0000000009fda000 	/System/Library/Frameworks/SecurityFoundation.framework/Versions/A/SecurityFoundation
0x0000000009fda000 	/System/Library/PrivateFrameworks/LanguageModeling.framework/Versions/A/LanguageModeling
0x0000000009fda000 	/usr/lib/libmarisa.dylib
0x0000000009fda000 	/usr/lib/libChineseTokenizer.dylib
0x0000000009fda000 	/usr/lib/libcmph.dylib
0x0000000009fda000 	/System/Library/Frameworks/ServiceManagement.framework/Versions/A/ServiceManagement
0x0000000009fda000 	/usr/lib/libxslt.1.dylib
0x0000000009fda000 	/System/Library/Frameworks/Carbon.framework/Versions/A/Frameworks/Ink.framework/Versions/A/Ink
0x0000000009fda000 	/usr/lib/libFosl_dynamic.dylib
0x0000000009fda000 	/System/Library/PrivateFrameworks/FaceCore.framework/Versions/A/FaceCore
0x0000000009fda000 	/System/Library/Frameworks/OpenCL.framework/Versions/A/OpenCL
0x0000000009fda000 	/System/Library/PrivateFrameworks/CrashReporterSupport.framework/Versions/A/CrashReporterSupport
0x0000000009fda000 	/System/Library/PrivateFrameworks/IconServices.framework/Versions/A/IconServices
0x0000000009fda000 	/System/Library/PrivateFrameworks/Apple80211.framework/Versions/A/Apple80211
0x0000000009fda000 	/System/Library/Frameworks/CoreWLAN.framework/Versions/A/CoreWLAN
0x0000000009fda000 	/System/Library/Frameworks/IOBluetooth.framework/Versions/A/IOBluetooth
0x0000000009fda000 	/System/Library/PrivateFrameworks/CoreWiFi.framework/Versions/A/CoreWiFi
0x0000000009fda000 	/System/Library/Frameworks/CoreBluetooth.framework/Versions/A/CoreBluetooth
0x0000000009fda000 	/System/Library/PrivateFrameworks/ChunkingLibrary.framework/Versions/A/ChunkingLibrary
0x0000000009fda000 	/System/Library/PrivateFrameworks/DebugSymbols.framework/Versions/A/DebugSymbols
0x0000000009fda000 	/System/Library/PrivateFrameworks/CoreSymbolication.framework/Versions/A/CoreSymbolication
0x0000000009fda000 	/System/Library/PrivateFrameworks/Symbolication.framework/Versions/A/Symbolication
0x0000000009fda000 	/System/Library/PrivateFrameworks/SpeechRecognitionCore.framework/Versions/A/SpeechRecognitionCore
0x000000010982e000 	/Library/Java/JavaVirtualMachines/jdk1.8.0_101.jdk/Contents/Home/jre/lib/server/libjvm.dylib
0x0000000009fda000 	/usr/lib/libstdc++.6.dylib
0x000000010a7cf000 	/Library/Java/JavaVirtualMachines/jdk1.8.0_101.jdk/Contents/Home/jre/lib/libverify.dylib
0x000000010b000000 	/Library/Java/JavaVirtualMachines/jdk1.8.0_101.jdk/Contents/Home/jre/lib/libjava.dylib
0x000000010a7e7000 	/Library/Java/JavaVirtualMachines/jdk1.8.0_101.jdk/Contents/Home/jre/lib/libzip.dylib
0x000000011e42f000 	/System/Library/Frameworks/JavaVM.framework/Frameworks/JavaRuntimeSupport.framework/JavaRuntimeSupport
0x000000011e44a000 	/System/Library/Frameworks/JavaVM.framework/Versions/A/Frameworks/JavaNativeFoundation.framework/Versions/A/JavaNativeFoundation
0x000000010a7f1000 	/System/Library/Frameworks/JavaVM.framework/Versions/A/JavaVM
0x0000000009fda000 	/System/Library/Frameworks/Carbon.framework/Versions/A/Carbon
0x000000011e45f000 	/System/Library/PrivateFrameworks/JavaLaunching.framework/Versions/A/JavaLaunching
0x0000000009fda000 	/System/Library/Frameworks/Carbon.framework/Versions/A/Frameworks/CommonPanels.framework/Versions/A/CommonPanels
0x0000000009fda000 	/System/Library/Frameworks/Carbon.framework/Versions/A/Frameworks/Help.framework/Versions/A/Help
0x0000000009fda000 	/System/Library/Frameworks/Carbon.framework/Versions/A/Frameworks/ImageCapture.framework/Versions/A/ImageCapture
0x0000000009fda000 	/System/Library/Frameworks/Carbon.framework/Versions/A/Frameworks/OpenScripting.framework/Versions/A/OpenScripting
0x0000000009fda000 	/System/Library/Frameworks/Carbon.framework/Versions/A/Frameworks/Print.framework/Versions/A/Print
0x0000000009fda000 	/System/Library/Frameworks/Carbon.framework/Versions/A/Frameworks/SecurityHI.framework/Versions/A/SecurityHI
0x000000011fdda000 	/Library/Java/JavaVirtualMachines/jdk1.8.0_101.jdk/Contents/Home/jre/lib/libawt.dylib
0x000000011fe82000 	/Library/Java/JavaVirtualMachines/jdk1.8.0_101.jdk/Contents/Home/jre/lib/./libmlib_image.dylib
0x000000011ff4e000 	/Library/Java/JavaVirtualMachines/jdk1.8.0_101.jdk/Contents/Home/jre/lib/libawt_lwawt.dylib
0x0000000120003000 	/Library/Java/JavaVirtualMachines/jdk1.8.0_101.jdk/Contents/Home/jre/lib/./libosxapp.dylib
0x0000000009fda000 	/System/Library/Frameworks/ExceptionHandling.framework/Versions/A/ExceptionHandling
0x0000000009fda000 	/System/Library/PrivateFrameworks/CoreServicesInternal.framework/Versions/A/CoreServicesInternal
0x0000000120b72000 	/System/Library/Frameworks/CoreGraphics.framework/Versions/A/Resources/libRIP.A.dylib
0x0000000009fda000 	/System/Library/Frameworks/Accelerate.framework/Versions/A/Frameworks/vImage.framework/Versions/A/Libraries/libCGInterfaces.dylib
0x0000000120e0e000 	/System/Library/Frameworks/CoreGraphics.framework/Versions/A/Resources/libCGXType.A.dylib
0x0000000009fda000 	/System/Library/Frameworks/OpenCL.framework/Versions/A/Libraries/libcldcpuengine.dylib
0x0000000009fda000 	/System/Library/PrivateFrameworks/DiskImages.framework/Versions/A/DiskImages
0x0000000009fda000 	/System/Library/Frameworks/DiscRecording.framework/Versions/A/DiscRecording
0x0000000009fda000 	/usr/lib/libcsfde.dylib
0x0000000009fda000 	/usr/lib/libcurl.4.dylib
0x0000000009fda000 	/System/Library/PrivateFrameworks/MediaKit.framework/Versions/A/MediaKit
0x0000000009fda000 	/System/Library/PrivateFrameworks/ProtectedCloudStorage.framework/Versions/A/ProtectedCloudStorage
0x0000000009fda000 	/usr/lib/libCoreStorage.dylib
0x0000000009fda000 	/System/Library/PrivateFrameworks/EFILogin.framework/Versions/A/EFILogin
0x0000000009fda000 	/usr/lib/libutil.dylib
0x0000000009fda000 	/System/Library/PrivateFrameworks/FindMyDevice.framework/Versions/A/FindMyDevice
0x0000000009fda000 	/System/Library/Frameworks/LDAP.framework/Versions/A/LDAP
0x0000000009fda000 	/usr/lib/libsasl2.2.dylib
0x0000000009fda000 	/System/Library/PrivateFrameworks/CoreDaemon.framework/Versions/B/CoreDaemon
0x0000000009fda000 	/usr/lib/libcrypto.0.9.8.dylib
0x0000000009fda000 	/System/Library/PrivateFrameworks/AppleSRP.framework/Versions/A/AppleSRP
0x0000000009fda000 	/System/Library/PrivateFrameworks/TrustEvaluationAgent.framework/Versions/A/TrustEvaluationAgent
0x00000001218c3000 	cl_kernels
0x0000000009fda000 	/System/Library/Frameworks/OpenCL.framework/Versions/A/Libraries/ImageFormats/unorm8_bgra.dylib
0x0000000009fda000 	/System/Library/Frameworks/OpenCL.framework/Versions/A/Libraries/ImageFormats/unorm8_rgba.dylib
0x0000000009fda000 	/System/Library/PrivateFrameworks/FamilyControls.framework/Versions/A/FamilyControls
0x0000000009fda000 	/System/Library/PrivateFrameworks/CommerceKit.framework/Versions/A/Frameworks/CommerceCore.framework/Versions/A/CommerceCore
0x0000000009fda000 	/System/Library/PrivateFrameworks/SystemAdministration.framework/Versions/A/SystemAdministration
0x0000000009fda000 	/System/Library/PrivateFrameworks/AppContainer.framework/Versions/A/AppContainer
0x0000000009fda000 	/System/Library/PrivateFrameworks/SecCodeWrapper.framework/Versions/A/SecCodeWrapper
0x0000000009fda000 	/System/Library/Frameworks/DirectoryService.framework/Versions/A/DirectoryService
0x0000000009fda000 	/System/Library/PrivateFrameworks/LoginUIKit.framework/Versions/A/Frameworks/LoginUICore.framework/Versions/A/LoginUICore
0x0000000009fda000 	/usr/lib/libodfde.dylib
0x00000001228e0000 	/Library/Java/JavaVirtualMachines/jdk1.8.0_101.jdk/Contents/Home/jre/lib/libfontmanager.dylib
0x0000000122947000 	/Users/justin/Documents/SWEN/SLICK_HOME/liblwjgl.dylib
0x0000000120d91000 	/Library/Java/JavaVirtualMachines/jdk1.8.0_101.jdk/Contents/Home/jre/lib/libjawt.dylib
0x0000000009fda000 	/System/Library/Frameworks/OpenGL.framework/Versions/A/Resources/GLEngine.bundle/GLEngine
0x0000000009fda000 	/System/Library/Frameworks/OpenGL.framework/Versions/A/Libraries/libGLProgrammability.dylib
0x00000001229c9000 	/System/Library/Extensions/AppleIntelHD5000GraphicsGLDriver.bundle/Contents/MacOS/AppleIntelHD5000GraphicsGLDriver
0x0000000009fda000 	/System/Library/PrivateFrameworks/GPUSupport.framework/Versions/A/Libraries/libGPUSupportMercury.dylib
0x0000000009fda000 	/System/Library/Frameworks/OpenGL.framework/Versions/A/Resources/GLRendererFloat.bundle/GLRendererFloat
0x0000000120da7000 	/Users/justin/Documents/SWEN/SLICK_HOME/libjinput-osx.dylib
0x0000000123e1e000 	/System/Library/Extensions/IOHIDFamily.kext/Contents/PlugIns/IOHIDLib.plugin/Contents/MacOS/IOHIDLib
0x0000000123e8b000 	/Library/Java/JavaVirtualMachines/jdk1.8.0_101.jdk/Contents/Home/jre/lib/libnet.dylib
0x0000000123ea2000 	/Library/Java/JavaVirtualMachines/jdk1.8.0_101.jdk/Contents/Home/jre/lib/libnio.dylib

VM Arguments:
jvm_args: -Djava.library.path=/Users/justin/Documents/SWEN/SLICK_HOME -Dfile.encoding=UTF-8 
java_command: RPG
java_class_path (initial): /Users/justin/Documents/SWEN/workspace/Project2/bin:/Users/justin/Documents/SWEN/workspace/Project2/lib/jinput.jar:/Users/justin/Documents/SWEN/workspace/Project2/lib/lwjgl.jar:/Users/justin/Documents/SWEN/workspace/Project2/lib/slick.jar
Launcher Type: SUN_STANDARD

Environment Variables:
PATH=/usr/bin:/bin:/usr/sbin:/sbin
SHELL=/bin/bash

Signal Handlers:
SIGSEGV: [libjvm.dylib+0x5af145], sa_mask[0]=11111111011111110111111111111111, sa_flags=SA_ONSTACK|SA_RESTART|SA_SIGINFO
SIGBUS: [libjvm.dylib+0x5af145], sa_mask[0]=11111111011111110111111111111111, sa_flags=SA_RESTART|SA_SIGINFO
SIGFPE: [libjvm.dylib+0x48694c], sa_mask[0]=11111111011111110111111111111111, sa_flags=SA_RESTART|SA_SIGINFO
SIGPIPE: [libjvm.dylib+0x48694c], sa_mask[0]=11111111011111110111111111111111, sa_flags=SA_RESTART|SA_SIGINFO
SIGXFSZ: [libjvm.dylib+0x48694c], sa_mask[0]=11111111011111110111111111111111, sa_flags=SA_RESTART|SA_SIGINFO
SIGILL: [libjvm.dylib+0x48694c], sa_mask[0]=11111111011111110111111111111111, sa_flags=SA_RESTART|SA_SIGINFO
SIGUSR1: SIG_DFL, sa_mask[0]=00000000000000000000000000000000, sa_flags=none
SIGUSR2: [libjvm.dylib+0x48646a], sa_mask[0]=00100000000000000000000000000000, sa_flags=SA_RESTART|SA_SIGINFO
SIGHUP: [libjvm.dylib+0x484a41], sa_mask[0]=11111111011111110111111111111111, sa_flags=SA_RESTART|SA_SIGINFO
SIGINT: [libjvm.dylib+0x484a41], sa_mask[0]=11111111011111110111111111111111, sa_flags=SA_RESTART|SA_SIGINFO
SIGTERM: [libjvm.dylib+0x484a41], sa_mask[0]=11111111011111110111111111111111, sa_flags=SA_RESTART|SA_SIGINFO
SIGQUIT: [libjvm.dylib+0x484a41], sa_mask[0]=11111111011111110111111111111111, sa_flags=SA_RESTART|SA_SIGINFO


---------------  S Y S T E M  ---------------

OS:Bsduname:Darwin 15.6.0 Darwin Kernel Version 15.6.0: Mon Aug 29 20:21:34 PDT 2016; root:xnu-3248.60.11~1/RELEASE_X86_64 x86_64
rlimit: STACK 8192k, CORE 0k, NPROC 709, NOFILE 10240, AS infinity
load average:3.33 2.32 1.87

CPU:total 4 (2 cores per cpu, 2 threads per core) family 6 model 69 stepping 1, cmov, cx8, fxsr, mmx, sse, sse2, sse3, ssse3, sse4.1, sse4.2, popcnt, avx, avx2, aes, clmul, erms, lzcnt, ht, tsc, tscinvbit, bmi1, bmi2

Memory: 4k page, physical 4194304k(26652k free)

/proc/meminfo:


vm_info: Java HotSpot(TM) 64-Bit Server VM (25.101-b13) for bsd-amd64 JRE (1.8.0_101-b13), built on Jun 22 2016 02:42:15 by "java_re" with gcc 4.2.1 (Based on Apple Inc. build 5658) (LLVM build 2336.11.00)

time: Thu Oct  6 16:28:36 2016
elapsed time: 36 seconds (0d 0h 0m 36s)

